ARM GAS  C:\Users\rcaravac\AppData\Local\Temp\ccKLDinj.s 			page 1


   1              		.syntax unified
   2              		.cpu cortex-m3
   3              		.fpu softvfp
   4              		.eabi_attribute 20, 1
   5              		.eabi_attribute 21, 1
   6              		.eabi_attribute 23, 3
   7              		.eabi_attribute 24, 1
   8              		.eabi_attribute 25, 1
   9              		.eabi_attribute 26, 1
  10              		.eabi_attribute 30, 6
  11              		.eabi_attribute 34, 1
  12              		.eabi_attribute 18, 4
  13              		.thumb
  14              		.syntax unified
  15              		.file	"Filter_Coefficients.c"
  16              		.text
  17              	.Ltext0:
  18              		.cfi_sections	.debug_frame
  19              		.global	Filter_ChannelABiquadCoefficients
  20              		.section	.rodata
  21              		.align	2
  22              		.type	Filter_ChannelABiquadCoefficients, %object
  23              		.size	Filter_ChannelABiquadCoefficients, 80
  24              	Filter_ChannelABiquadCoefficients:
  25 0000 58       		.byte	88
  26 0001 C0       		.byte	-64
  27 0002 04       		.byte	4
  28 0003 00       		.byte	0
  29 0004 AF       		.byte	-81
  30 0005 80       		.byte	-128
  31 0006 09       		.byte	9
  32 0007 00       		.byte	0
  33 0008 58       		.byte	88
  34 0009 C0       		.byte	-64
  35 000a 04       		.byte	4
  36 000b 00       		.byte	0
  37 000c 00       		.byte	0
  38 000d 00       		.byte	0
  39 000e 00       		.byte	0
  40 000f 00       		.byte	0
  41 0010 0E       		.byte	14
  42 0011 B7       		.byte	-73
  43 0012 ED       		.byte	-19
  44 0013 00       		.byte	0
  45 0014 71       		.byte	113
  46 0015 E9       		.byte	-23
  47 0016 12       		.byte	18
  48 0017 00       		.byte	0
  49 0018 E2       		.byte	-30
  50 0019 D2       		.byte	-46
  51 001a 25       		.byte	37
  52 001b 00       		.byte	0
  53 001c 71       		.byte	113
  54 001d E9       		.byte	-23
  55 001e 12       		.byte	18
  56 001f 00       		.byte	0
  57 0020 00       		.byte	0
ARM GAS  C:\Users\rcaravac\AppData\Local\Temp\ccKLDinj.s 			page 2


  58 0021 00       		.byte	0
  59 0022 00       		.byte	0
  60 0023 00       		.byte	0
  61 0024 5B       		.byte	91
  62 0025 1C       		.byte	28
  63 0026 FA       		.byte	-6
  64 0027 00       		.byte	0
  65 0028 BE       		.byte	-66
  66 0029 27       		.byte	39
  67 002a 10       		.byte	16
  68 002b 00       		.byte	0
  69 002c 7C       		.byte	124
  70 002d 4F       		.byte	79
  71 002e 20       		.byte	32
  72 002f 00       		.byte	0
  73 0030 BE       		.byte	-66
  74 0031 27       		.byte	39
  75 0032 10       		.byte	16
  76 0033 00       		.byte	0
  77 0034 00       		.byte	0
  78 0035 00       		.byte	0
  79 0036 00       		.byte	0
  80 0037 00       		.byte	0
  81 0038 11       		.byte	17
  82 0039 61       		.byte	97
  83 003a FF       		.byte	-1
  84 003b 00       		.byte	0
  85 003c 82       		.byte	-126
  86 003d E9       		.byte	-23
  87 003e 25       		.byte	37
  88 003f 00       		.byte	0
  89 0040 04       		.byte	4
  90 0041 D3       		.byte	-45
  91 0042 4B       		.byte	75
  92 0043 00       		.byte	0
  93 0044 82       		.byte	-126
  94 0045 E9       		.byte	-23
  95 0046 25       		.byte	37
  96 0047 00       		.byte	0
  97 0048 00       		.byte	0
  98 0049 00       		.byte	0
  99 004a 00       		.byte	0
 100 004b 00       		.byte	0
 101 004c 26       		.byte	38
 102 004d E5       		.byte	-27
 103 004e D4       		.byte	-44
 104 004f 00       		.byte	0
 105              		.text
 106              	.Letext0:
 107              		.file 1 "Generated_Source\\PSoC5\\cytypes.h"
 108              		.file 2 "Generated_Source\\PSoC5\\Filter_Coefficients.c"
 109              		.section	.debug_info,"",%progbits
 110              	.Ldebug_info0:
 111 0000 BA000000 		.4byte	0xba
 112 0004 0400     		.2byte	0x4
 113 0006 00000000 		.4byte	.Ldebug_abbrev0
 114 000a 04       		.byte	0x4
ARM GAS  C:\Users\rcaravac\AppData\Local\Temp\ccKLDinj.s 			page 3


 115 000b 01       		.uleb128 0x1
 116 000c 9B000000 		.4byte	.LASF14
 117 0010 0C       		.byte	0xc
 118 0011 AC010000 		.4byte	.LASF15
 119 0015 1B000000 		.4byte	.LASF16
 120 0019 00000000 		.4byte	.Ldebug_line0
 121 001d 02       		.uleb128 0x2
 122 001e 04       		.byte	0x4
 123 001f 05       		.byte	0x5
 124 0020 696E7400 		.ascii	"int\000"
 125 0024 03       		.uleb128 0x3
 126 0025 04       		.byte	0x4
 127 0026 07       		.byte	0x7
 128 0027 0E000000 		.4byte	.LASF0
 129 002b 03       		.uleb128 0x3
 130 002c 08       		.byte	0x8
 131 002d 05       		.byte	0x5
 132 002e 00000000 		.4byte	.LASF1
 133 0032 03       		.uleb128 0x3
 134 0033 08       		.byte	0x8
 135 0034 04       		.byte	0x4
 136 0035 6B010000 		.4byte	.LASF2
 137 0039 03       		.uleb128 0x3
 138 003a 01       		.byte	0x1
 139 003b 06       		.byte	0x6
 140 003c 5F010000 		.4byte	.LASF3
 141 0040 03       		.uleb128 0x3
 142 0041 01       		.byte	0x1
 143 0042 08       		.byte	0x8
 144 0043 29010000 		.4byte	.LASF4
 145 0047 03       		.uleb128 0x3
 146 0048 02       		.byte	0x2
 147 0049 05       		.byte	0x5
 148 004a 77010000 		.4byte	.LASF5
 149 004e 03       		.uleb128 0x3
 150 004f 02       		.byte	0x2
 151 0050 07       		.byte	0x7
 152 0051 4C010000 		.4byte	.LASF6
 153 0055 03       		.uleb128 0x3
 154 0056 04       		.byte	0x4
 155 0057 05       		.byte	0x5
 156 0058 3C010000 		.4byte	.LASF7
 157 005c 03       		.uleb128 0x3
 158 005d 04       		.byte	0x4
 159 005e 07       		.byte	0x7
 160 005f 6C000000 		.4byte	.LASF8
 161 0063 03       		.uleb128 0x3
 162 0064 08       		.byte	0x8
 163 0065 07       		.byte	0x7
 164 0066 7E000000 		.4byte	.LASF9
 165 006a 03       		.uleb128 0x3
 166 006b 04       		.byte	0x4
 167 006c 07       		.byte	0x7
 168 006d A3010000 		.4byte	.LASF10
 169 0071 03       		.uleb128 0x3
 170 0072 01       		.byte	0x1
 171 0073 08       		.byte	0x8
ARM GAS  C:\Users\rcaravac\AppData\Local\Temp\ccKLDinj.s 			page 4


 172 0074 37010000 		.4byte	.LASF11
 173 0078 04       		.uleb128 0x4
 174 0079 66000000 		.4byte	.LASF17
 175 007d 01       		.byte	0x1
 176 007e 9201     		.2byte	0x192
 177 0080 40000000 		.4byte	0x40
 178 0084 03       		.uleb128 0x3
 179 0085 04       		.byte	0x4
 180 0086 04       		.byte	0x4
 181 0087 95000000 		.4byte	.LASF12
 182 008b 03       		.uleb128 0x3
 183 008c 08       		.byte	0x8
 184 008d 04       		.byte	0x4
 185 008e 45010000 		.4byte	.LASF13
 186 0092 05       		.uleb128 0x5
 187 0093 A2000000 		.4byte	0xa2
 188 0097 A2000000 		.4byte	0xa2
 189 009b 06       		.uleb128 0x6
 190 009c 6A000000 		.4byte	0x6a
 191 00a0 4F       		.byte	0x4f
 192 00a1 00       		.byte	0
 193 00a2 07       		.uleb128 0x7
 194 00a3 78000000 		.4byte	0x78
 195 00a7 08       		.uleb128 0x8
 196 00a8 81010000 		.4byte	.LASF18
 197 00ac 02       		.byte	0x2
 198 00ad 11       		.byte	0x11
 199 00ae B8000000 		.4byte	0xb8
 200 00b2 05       		.uleb128 0x5
 201 00b3 03       		.byte	0x3
 202 00b4 00000000 		.4byte	Filter_ChannelABiquadCoefficients
 203 00b8 07       		.uleb128 0x7
 204 00b9 92000000 		.4byte	0x92
 205 00bd 00       		.byte	0
 206              		.section	.debug_abbrev,"",%progbits
 207              	.Ldebug_abbrev0:
 208 0000 01       		.uleb128 0x1
 209 0001 11       		.uleb128 0x11
 210 0002 01       		.byte	0x1
 211 0003 25       		.uleb128 0x25
 212 0004 0E       		.uleb128 0xe
 213 0005 13       		.uleb128 0x13
 214 0006 0B       		.uleb128 0xb
 215 0007 03       		.uleb128 0x3
 216 0008 0E       		.uleb128 0xe
 217 0009 1B       		.uleb128 0x1b
 218 000a 0E       		.uleb128 0xe
 219 000b 10       		.uleb128 0x10
 220 000c 17       		.uleb128 0x17
 221 000d 00       		.byte	0
 222 000e 00       		.byte	0
 223 000f 02       		.uleb128 0x2
 224 0010 24       		.uleb128 0x24
 225 0011 00       		.byte	0
 226 0012 0B       		.uleb128 0xb
 227 0013 0B       		.uleb128 0xb
 228 0014 3E       		.uleb128 0x3e
ARM GAS  C:\Users\rcaravac\AppData\Local\Temp\ccKLDinj.s 			page 5


 229 0015 0B       		.uleb128 0xb
 230 0016 03       		.uleb128 0x3
 231 0017 08       		.uleb128 0x8
 232 0018 00       		.byte	0
 233 0019 00       		.byte	0
 234 001a 03       		.uleb128 0x3
 235 001b 24       		.uleb128 0x24
 236 001c 00       		.byte	0
 237 001d 0B       		.uleb128 0xb
 238 001e 0B       		.uleb128 0xb
 239 001f 3E       		.uleb128 0x3e
 240 0020 0B       		.uleb128 0xb
 241 0021 03       		.uleb128 0x3
 242 0022 0E       		.uleb128 0xe
 243 0023 00       		.byte	0
 244 0024 00       		.byte	0
 245 0025 04       		.uleb128 0x4
 246 0026 16       		.uleb128 0x16
 247 0027 00       		.byte	0
 248 0028 03       		.uleb128 0x3
 249 0029 0E       		.uleb128 0xe
 250 002a 3A       		.uleb128 0x3a
 251 002b 0B       		.uleb128 0xb
 252 002c 3B       		.uleb128 0x3b
 253 002d 05       		.uleb128 0x5
 254 002e 49       		.uleb128 0x49
 255 002f 13       		.uleb128 0x13
 256 0030 00       		.byte	0
 257 0031 00       		.byte	0
 258 0032 05       		.uleb128 0x5
 259 0033 01       		.uleb128 0x1
 260 0034 01       		.byte	0x1
 261 0035 49       		.uleb128 0x49
 262 0036 13       		.uleb128 0x13
 263 0037 01       		.uleb128 0x1
 264 0038 13       		.uleb128 0x13
 265 0039 00       		.byte	0
 266 003a 00       		.byte	0
 267 003b 06       		.uleb128 0x6
 268 003c 21       		.uleb128 0x21
 269 003d 00       		.byte	0
 270 003e 49       		.uleb128 0x49
 271 003f 13       		.uleb128 0x13
 272 0040 2F       		.uleb128 0x2f
 273 0041 0B       		.uleb128 0xb
 274 0042 00       		.byte	0
 275 0043 00       		.byte	0
 276 0044 07       		.uleb128 0x7
 277 0045 26       		.uleb128 0x26
 278 0046 00       		.byte	0
 279 0047 49       		.uleb128 0x49
 280 0048 13       		.uleb128 0x13
 281 0049 00       		.byte	0
 282 004a 00       		.byte	0
 283 004b 08       		.uleb128 0x8
 284 004c 34       		.uleb128 0x34
 285 004d 00       		.byte	0
ARM GAS  C:\Users\rcaravac\AppData\Local\Temp\ccKLDinj.s 			page 6


 286 004e 03       		.uleb128 0x3
 287 004f 0E       		.uleb128 0xe
 288 0050 3A       		.uleb128 0x3a
 289 0051 0B       		.uleb128 0xb
 290 0052 3B       		.uleb128 0x3b
 291 0053 0B       		.uleb128 0xb
 292 0054 49       		.uleb128 0x49
 293 0055 13       		.uleb128 0x13
 294 0056 3F       		.uleb128 0x3f
 295 0057 19       		.uleb128 0x19
 296 0058 02       		.uleb128 0x2
 297 0059 18       		.uleb128 0x18
 298 005a 00       		.byte	0
 299 005b 00       		.byte	0
 300 005c 00       		.byte	0
 301              		.section	.debug_aranges,"",%progbits
 302 0000 14000000 		.4byte	0x14
 303 0004 0200     		.2byte	0x2
 304 0006 00000000 		.4byte	.Ldebug_info0
 305 000a 04       		.byte	0x4
 306 000b 00       		.byte	0
 307 000c 0000     		.2byte	0
 308 000e 0000     		.2byte	0
 309 0010 00000000 		.4byte	0
 310 0014 00000000 		.4byte	0
 311              		.section	.debug_line,"",%progbits
 312              	.Ldebug_line0:
 313 0000 56000000 		.section	.debug_str,"MS",%progbits,1
 313      02005000 
 313      00000201 
 313      FB0E0D00 
 313      01010101 
 314              	.LASF1:
 315 0000 6C6F6E67 		.ascii	"long long int\000"
 315      206C6F6E 
 315      6720696E 
 315      7400
 316              	.LASF0:
 317 000e 756E7369 		.ascii	"unsigned int\000"
 317      676E6564 
 317      20696E74 
 317      00
 318              	.LASF16:
 319 001b 433A5C55 		.ascii	"C:\\Users\\rcaravac\\Documents\\Personales\\Maestri"
 319      73657273 
 319      5C726361 
 319      72617661 
 319      635C446F 
 320 0049 615C3635 		.ascii	"a\\65280069\\TareaClase4.cydsn\000"
 320      32383030 
 320      36395C54 
 320      61726561 
 320      436C6173 
 321              	.LASF17:
 322 0066 75696E74 		.ascii	"uint8\000"
 322      3800
 323              	.LASF8:
ARM GAS  C:\Users\rcaravac\AppData\Local\Temp\ccKLDinj.s 			page 7


 324 006c 6C6F6E67 		.ascii	"long unsigned int\000"
 324      20756E73 
 324      69676E65 
 324      6420696E 
 324      7400
 325              	.LASF9:
 326 007e 6C6F6E67 		.ascii	"long long unsigned int\000"
 326      206C6F6E 
 326      6720756E 
 326      7369676E 
 326      65642069 
 327              	.LASF12:
 328 0095 666C6F61 		.ascii	"float\000"
 328      7400
 329              	.LASF14:
 330 009b 474E5520 		.ascii	"GNU C11 5.4.1 20160609 (release) [ARM/embedded-5-br"
 330      43313120 
 330      352E342E 
 330      31203230 
 330      31363036 
 331 00ce 616E6368 		.ascii	"anch revision 237715] -mcpu=cortex-m3 -mthumb -g -O"
 331      20726576 
 331      6973696F 
 331      6E203233 
 331      37373135 
 332 0101 30202D66 		.ascii	"0 -ffunction-sections -ffat-lto-objects\000"
 332      66756E63 
 332      74696F6E 
 332      2D736563 
 332      74696F6E 
 333              	.LASF4:
 334 0129 756E7369 		.ascii	"unsigned char\000"
 334      676E6564 
 334      20636861 
 334      7200
 335              	.LASF11:
 336 0137 63686172 		.ascii	"char\000"
 336      00
 337              	.LASF7:
 338 013c 6C6F6E67 		.ascii	"long int\000"
 338      20696E74 
 338      00
 339              	.LASF13:
 340 0145 646F7562 		.ascii	"double\000"
 340      6C6500
 341              	.LASF6:
 342 014c 73686F72 		.ascii	"short unsigned int\000"
 342      7420756E 
 342      7369676E 
 342      65642069 
 342      6E7400
 343              	.LASF3:
 344 015f 7369676E 		.ascii	"signed char\000"
 344      65642063 
 344      68617200 
 345              	.LASF2:
 346 016b 6C6F6E67 		.ascii	"long double\000"
ARM GAS  C:\Users\rcaravac\AppData\Local\Temp\ccKLDinj.s 			page 8


 346      20646F75 
 346      626C6500 
 347              	.LASF5:
 348 0177 73686F72 		.ascii	"short int\000"
 348      7420696E 
 348      7400
 349              	.LASF18:
 350 0181 46696C74 		.ascii	"Filter_ChannelABiquadCoefficients\000"
 350      65725F43 
 350      68616E6E 
 350      656C4142 
 350      69717561 
 351              	.LASF10:
 352 01a3 73697A65 		.ascii	"sizetype\000"
 352      74797065 
 352      00
 353              	.LASF15:
 354 01ac 47656E65 		.ascii	"Generated_Source\\PSoC5\\Filter_Coefficients.c\000"
 354      72617465 
 354      645F536F 
 354      75726365 
 354      5C50536F 
 355              		.ident	"GCC: (GNU Tools for ARM Embedded Processors) 5.4.1 20160609 (release) [ARM/embedded-5-bran
