ARM GAS  C:\Users\jespinoz\AppData\Local\Temp\ccgq2Mst.s 			page 1


   1              		.syntax unified
   2              		.cpu cortex-m3
   3              		.fpu softvfp
   4              		.eabi_attribute 20, 1
   5              		.eabi_attribute 21, 1
   6              		.eabi_attribute 23, 3
   7              		.eabi_attribute 24, 1
   8              		.eabi_attribute 25, 1
   9              		.eabi_attribute 26, 1
  10              		.eabi_attribute 30, 6
  11              		.eabi_attribute 34, 1
  12              		.eabi_attribute 18, 4
  13              		.thumb
  14              		.syntax unified
  15              		.file	"Row_Tone.c"
  16              		.text
  17              	.Ltext0:
  18              		.cfi_sections	.debug_frame
  19              		.global	Row_Tone_initVar
  20              		.bss
  21              		.type	Row_Tone_initVar, %object
  22              		.size	Row_Tone_initVar, 1
  23              	Row_Tone_initVar:
  24 0000 00       		.space	1
  25              		.global	Row_Tone_wave1
  26              		.section	.rodata
  27              		.align	2
  28              		.type	Row_Tone_wave1, %object
  29              		.size	Row_Tone_wave1, 80
  30              	Row_Tone_wave1:
  31 0000 80       		.byte	-128
  32 0001 89       		.byte	-119
  33 0002 93       		.byte	-109
  34 0003 9D       		.byte	-99
  35 0004 A6       		.byte	-90
  36 0005 AF       		.byte	-81
  37 0006 B8       		.byte	-72
  38 0007 C1       		.byte	-63
  39 0008 C9       		.byte	-55
  40 0009 D1       		.byte	-47
  41 000a D8       		.byte	-40
  42 000b DF       		.byte	-33
  43 000c E5       		.byte	-27
  44 000d EA       		.byte	-22
  45 000e EF       		.byte	-17
  46 000f F3       		.byte	-13
  47 0010 F6       		.byte	-10
  48 0011 F9       		.byte	-7
  49 0012 FB       		.byte	-5
  50 0013 FC       		.byte	-4
  51 0014 FC       		.byte	-4
  52 0015 FC       		.byte	-4
  53 0016 FB       		.byte	-5
  54 0017 F9       		.byte	-7
  55 0018 F6       		.byte	-10
  56 0019 F3       		.byte	-13
  57 001a EF       		.byte	-17
ARM GAS  C:\Users\jespinoz\AppData\Local\Temp\ccgq2Mst.s 			page 2


  58 001b EA       		.byte	-22
  59 001c E5       		.byte	-27
  60 001d DF       		.byte	-33
  61 001e D8       		.byte	-40
  62 001f D1       		.byte	-47
  63 0020 C9       		.byte	-55
  64 0021 C1       		.byte	-63
  65 0022 B8       		.byte	-72
  66 0023 AF       		.byte	-81
  67 0024 A6       		.byte	-90
  68 0025 9D       		.byte	-99
  69 0026 93       		.byte	-109
  70 0027 89       		.byte	-119
  71 0028 80       		.byte	-128
  72 0029 76       		.byte	118
  73 002a 6C       		.byte	108
  74 002b 62       		.byte	98
  75 002c 59       		.byte	89
  76 002d 50       		.byte	80
  77 002e 47       		.byte	71
  78 002f 3E       		.byte	62
  79 0030 36       		.byte	54
  80 0031 2E       		.byte	46
  81 0032 27       		.byte	39
  82 0033 20       		.byte	32
  83 0034 1A       		.byte	26
  84 0035 15       		.byte	21
  85 0036 10       		.byte	16
  86 0037 0C       		.byte	12
  87 0038 09       		.byte	9
  88 0039 06       		.byte	6
  89 003a 04       		.byte	4
  90 003b 03       		.byte	3
  91 003c 03       		.byte	3
  92 003d 03       		.byte	3
  93 003e 04       		.byte	4
  94 003f 06       		.byte	6
  95 0040 09       		.byte	9
  96 0041 0C       		.byte	12
  97 0042 10       		.byte	16
  98 0043 15       		.byte	21
  99 0044 1A       		.byte	26
 100 0045 20       		.byte	32
 101 0046 27       		.byte	39
 102 0047 2E       		.byte	46
 103 0048 36       		.byte	54
 104 0049 3E       		.byte	62
 105 004a 47       		.byte	71
 106 004b 50       		.byte	80
 107 004c 59       		.byte	89
 108 004d 62       		.byte	98
 109 004e 6C       		.byte	108
 110 004f 76       		.byte	118
 111              		.global	Row_Tone_wave2
 112              		.align	2
 113              		.type	Row_Tone_wave2, %object
 114              		.size	Row_Tone_wave2, 100
ARM GAS  C:\Users\jespinoz\AppData\Local\Temp\ccgq2Mst.s 			page 3


 115              	Row_Tone_wave2:
 116 0050 80       		.byte	-128
 117 0051 87       		.byte	-121
 118 0052 8F       		.byte	-113
 119 0053 97       		.byte	-105
 120 0054 9F       		.byte	-97
 121 0055 A6       		.byte	-90
 122 0056 AE       		.byte	-82
 123 0057 B5       		.byte	-75
 124 0058 BC       		.byte	-68
 125 0059 C2       		.byte	-62
 126 005a C9       		.byte	-55
 127 005b CF       		.byte	-49
 128 005c D5       		.byte	-43
 129 005d DB       		.byte	-37
 130 005e E0       		.byte	-32
 131 005f E5       		.byte	-27
 132 0060 E9       		.byte	-23
 133 0061 ED       		.byte	-19
 134 0062 F1       		.byte	-15
 135 0063 F4       		.byte	-12
 136 0064 F6       		.byte	-10
 137 0065 F9       		.byte	-7
 138 0066 FA       		.byte	-6
 139 0067 FC       		.byte	-4
 140 0068 FC       		.byte	-4
 141 0069 FC       		.byte	-4
 142 006a FC       		.byte	-4
 143 006b FC       		.byte	-4
 144 006c FA       		.byte	-6
 145 006d F9       		.byte	-7
 146 006e F6       		.byte	-10
 147 006f F4       		.byte	-12
 148 0070 F1       		.byte	-15
 149 0071 ED       		.byte	-19
 150 0072 E9       		.byte	-23
 151 0073 E5       		.byte	-27
 152 0074 E0       		.byte	-32
 153 0075 DB       		.byte	-37
 154 0076 D5       		.byte	-43
 155 0077 CF       		.byte	-49
 156 0078 C9       		.byte	-55
 157 0079 C2       		.byte	-62
 158 007a BC       		.byte	-68
 159 007b B5       		.byte	-75
 160 007c AE       		.byte	-82
 161 007d A6       		.byte	-90
 162 007e 9F       		.byte	-97
 163 007f 97       		.byte	-105
 164 0080 8F       		.byte	-113
 165 0081 87       		.byte	-121
 166 0082 80       		.byte	-128
 167 0083 78       		.byte	120
 168 0084 70       		.byte	112
 169 0085 68       		.byte	104
 170 0086 60       		.byte	96
 171 0087 59       		.byte	89
ARM GAS  C:\Users\jespinoz\AppData\Local\Temp\ccgq2Mst.s 			page 4


 172 0088 51       		.byte	81
 173 0089 4A       		.byte	74
 174 008a 43       		.byte	67
 175 008b 3D       		.byte	61
 176 008c 36       		.byte	54
 177 008d 30       		.byte	48
 178 008e 2A       		.byte	42
 179 008f 24       		.byte	36
 180 0090 1F       		.byte	31
 181 0091 1A       		.byte	26
 182 0092 16       		.byte	22
 183 0093 12       		.byte	18
 184 0094 0E       		.byte	14
 185 0095 0B       		.byte	11
 186 0096 09       		.byte	9
 187 0097 06       		.byte	6
 188 0098 05       		.byte	5
 189 0099 03       		.byte	3
 190 009a 03       		.byte	3
 191 009b 03       		.byte	3
 192 009c 03       		.byte	3
 193 009d 03       		.byte	3
 194 009e 05       		.byte	5
 195 009f 06       		.byte	6
 196 00a0 09       		.byte	9
 197 00a1 0B       		.byte	11
 198 00a2 0E       		.byte	14
 199 00a3 12       		.byte	18
 200 00a4 16       		.byte	22
 201 00a5 1A       		.byte	26
 202 00a6 1F       		.byte	31
 203 00a7 24       		.byte	36
 204 00a8 2A       		.byte	42
 205 00a9 30       		.byte	48
 206 00aa 36       		.byte	54
 207 00ab 3D       		.byte	61
 208 00ac 43       		.byte	67
 209 00ad 4A       		.byte	74
 210 00ae 51       		.byte	81
 211 00af 59       		.byte	89
 212 00b0 60       		.byte	96
 213 00b1 68       		.byte	104
 214 00b2 70       		.byte	112
 215 00b3 78       		.byte	120
 216              		.bss
 217              	Row_Tone_Wave1Chan:
 218 0001 00       		.space	1
 219              	Row_Tone_Wave2Chan:
 220 0002 00       		.space	1
 221              	Row_Tone_Wave1TD:
 222 0003 00       		.space	1
 223              	Row_Tone_Wave2TD:
 224 0004 00       		.space	1
 225              		.section	.text.Row_Tone_Init,"ax",%progbits
 226              		.align	2
 227              		.global	Row_Tone_Init
 228              		.thumb
ARM GAS  C:\Users\jespinoz\AppData\Local\Temp\ccgq2Mst.s 			page 5


 229              		.thumb_func
 230              		.type	Row_Tone_Init, %function
 231              	Row_Tone_Init:
 232              	.LFB0:
 233              		.file 1 "Generated_Source\\PSoC5\\Row_Tone.c"
   1:Generated_Source\PSoC5/Row_Tone.c **** /*******************************************************************************
   2:Generated_Source\PSoC5/Row_Tone.c **** * File Name: Row_Tone.c
   3:Generated_Source\PSoC5/Row_Tone.c **** * Version 2.10
   4:Generated_Source\PSoC5/Row_Tone.c **** *
   5:Generated_Source\PSoC5/Row_Tone.c **** * Description:
   6:Generated_Source\PSoC5/Row_Tone.c **** *  This file provides the source code for the 8-bit Waveform DAC 
   7:Generated_Source\PSoC5/Row_Tone.c **** *  (WaveDAC8) Component.
   8:Generated_Source\PSoC5/Row_Tone.c **** *
   9:Generated_Source\PSoC5/Row_Tone.c **** ********************************************************************************
  10:Generated_Source\PSoC5/Row_Tone.c **** * Copyright 2013, Cypress Semiconductor Corporation.  All rights reserved.
  11:Generated_Source\PSoC5/Row_Tone.c **** * You may use this file only in accordance with the license, terms, conditions,
  12:Generated_Source\PSoC5/Row_Tone.c **** * disclaimers, and limitations in the end user license agreement accompanying
  13:Generated_Source\PSoC5/Row_Tone.c **** * the software package with which this file was provided.
  14:Generated_Source\PSoC5/Row_Tone.c **** *******************************************************************************/
  15:Generated_Source\PSoC5/Row_Tone.c **** 
  16:Generated_Source\PSoC5/Row_Tone.c **** #include "Row_Tone.h"
  17:Generated_Source\PSoC5/Row_Tone.c **** 
  18:Generated_Source\PSoC5/Row_Tone.c **** uint8  Row_Tone_initVar = 0u;
  19:Generated_Source\PSoC5/Row_Tone.c **** 
  20:Generated_Source\PSoC5/Row_Tone.c **** const uint8 CYCODE Row_Tone_wave1[Row_Tone_WAVE1_LENGTH] = { 128u,137u,147u,157u,166u,175u,184u,193
  21:Generated_Source\PSoC5/Row_Tone.c **** const uint8 CYCODE Row_Tone_wave2[Row_Tone_WAVE2_LENGTH] = { 128u,135u,143u,151u,159u,166u,174u,181
  22:Generated_Source\PSoC5/Row_Tone.c **** 
  23:Generated_Source\PSoC5/Row_Tone.c **** static uint8  Row_Tone_Wave1Chan;
  24:Generated_Source\PSoC5/Row_Tone.c **** static uint8  Row_Tone_Wave2Chan;
  25:Generated_Source\PSoC5/Row_Tone.c **** static uint8  Row_Tone_Wave1TD;
  26:Generated_Source\PSoC5/Row_Tone.c **** static uint8  Row_Tone_Wave2TD;
  27:Generated_Source\PSoC5/Row_Tone.c **** 
  28:Generated_Source\PSoC5/Row_Tone.c **** 
  29:Generated_Source\PSoC5/Row_Tone.c **** /*******************************************************************************
  30:Generated_Source\PSoC5/Row_Tone.c **** * Function Name: Row_Tone_Init
  31:Generated_Source\PSoC5/Row_Tone.c **** ********************************************************************************
  32:Generated_Source\PSoC5/Row_Tone.c **** *
  33:Generated_Source\PSoC5/Row_Tone.c **** * Summary:
  34:Generated_Source\PSoC5/Row_Tone.c **** *  Initializes component with parameters set in the customizer.
  35:Generated_Source\PSoC5/Row_Tone.c **** *
  36:Generated_Source\PSoC5/Row_Tone.c **** * Parameters:  
  37:Generated_Source\PSoC5/Row_Tone.c **** *  None
  38:Generated_Source\PSoC5/Row_Tone.c **** *
  39:Generated_Source\PSoC5/Row_Tone.c **** * Return: 
  40:Generated_Source\PSoC5/Row_Tone.c **** *  None
  41:Generated_Source\PSoC5/Row_Tone.c **** *
  42:Generated_Source\PSoC5/Row_Tone.c **** *******************************************************************************/
  43:Generated_Source\PSoC5/Row_Tone.c **** void Row_Tone_Init(void) 
  44:Generated_Source\PSoC5/Row_Tone.c **** {
 234              		.loc 1 44 0
 235              		.cfi_startproc
 236              		@ args = 0, pretend = 0, frame = 0
 237              		@ frame_needed = 1, uses_anonymous_args = 0
 238 0000 80B5     		push	{r7, lr}
 239              		.cfi_def_cfa_offset 8
 240              		.cfi_offset 7, -8
 241              		.cfi_offset 14, -4
ARM GAS  C:\Users\jespinoz\AppData\Local\Temp\ccgq2Mst.s 			page 6


 242 0002 00AF     		add	r7, sp, #0
 243              		.cfi_def_cfa_register 7
  45:Generated_Source\PSoC5/Row_Tone.c **** 	Row_Tone_VDAC8_Init();
 244              		.loc 1 45 0
 245 0004 FFF7FEFF 		bl	Row_Tone_VDAC8_Init
  46:Generated_Source\PSoC5/Row_Tone.c **** 	Row_Tone_VDAC8_SetSpeed(Row_Tone_HIGHSPEED);
 246              		.loc 1 46 0
 247 0008 0220     		movs	r0, #2
 248 000a FFF7FEFF 		bl	Row_Tone_VDAC8_SetSpeed
  47:Generated_Source\PSoC5/Row_Tone.c **** 	Row_Tone_VDAC8_SetRange(Row_Tone_DAC_RANGE);
 249              		.loc 1 47 0
 250 000e 0020     		movs	r0, #0
 251 0010 FFF7FEFF 		bl	Row_Tone_VDAC8_SetRange
  48:Generated_Source\PSoC5/Row_Tone.c **** 
  49:Generated_Source\PSoC5/Row_Tone.c **** 	#if(Row_Tone_DAC_MODE == Row_Tone_CURRENT_MODE)
  50:Generated_Source\PSoC5/Row_Tone.c **** 		Row_Tone_IDAC8_SetPolarity(Row_Tone_DAC_POL);
  51:Generated_Source\PSoC5/Row_Tone.c **** 	#endif /* Row_Tone_DAC_MODE == Row_Tone_CURRENT_MODE */
  52:Generated_Source\PSoC5/Row_Tone.c **** 
  53:Generated_Source\PSoC5/Row_Tone.c **** 	#if(Row_Tone_OUT_MODE == Row_Tone_BUFFER_MODE)
  54:Generated_Source\PSoC5/Row_Tone.c **** 	   Row_Tone_BuffAmp_Init();
  55:Generated_Source\PSoC5/Row_Tone.c **** 	#endif /* Row_Tone_OUT_MODE == Row_Tone_BUFFER_MODE */
  56:Generated_Source\PSoC5/Row_Tone.c **** 
  57:Generated_Source\PSoC5/Row_Tone.c **** 	/* Get the TD Number for the DMA channel 1 and 2   */
  58:Generated_Source\PSoC5/Row_Tone.c **** 	Row_Tone_Wave1TD = CyDmaTdAllocate();
 252              		.loc 1 58 0
 253 0014 FFF7FEFF 		bl	CyDmaTdAllocate
 254 0018 0346     		mov	r3, r0
 255 001a 1A46     		mov	r2, r3
 256 001c 084B     		ldr	r3, .L2
 257 001e 1A70     		strb	r2, [r3]
  59:Generated_Source\PSoC5/Row_Tone.c **** 	Row_Tone_Wave2TD = CyDmaTdAllocate();
 258              		.loc 1 59 0
 259 0020 FFF7FEFF 		bl	CyDmaTdAllocate
 260 0024 0346     		mov	r3, r0
 261 0026 1A46     		mov	r2, r3
 262 0028 064B     		ldr	r3, .L2+4
 263 002a 1A70     		strb	r2, [r3]
  60:Generated_Source\PSoC5/Row_Tone.c **** 	
  61:Generated_Source\PSoC5/Row_Tone.c **** 	/* Initialize waveform pointers  */
  62:Generated_Source\PSoC5/Row_Tone.c **** 	Row_Tone_Wave1Setup(Row_Tone_wave1, Row_Tone_WAVE1_LENGTH) ;
 264              		.loc 1 62 0
 265 002c 5021     		movs	r1, #80
 266 002e 0648     		ldr	r0, .L2+8
 267 0030 FFF7FEFF 		bl	Row_Tone_Wave1Setup
  63:Generated_Source\PSoC5/Row_Tone.c **** 	Row_Tone_Wave2Setup(Row_Tone_wave2, Row_Tone_WAVE2_LENGTH) ;
 268              		.loc 1 63 0
 269 0034 6421     		movs	r1, #100
 270 0036 0548     		ldr	r0, .L2+12
 271 0038 FFF7FEFF 		bl	Row_Tone_Wave2Setup
  64:Generated_Source\PSoC5/Row_Tone.c **** 	
  65:Generated_Source\PSoC5/Row_Tone.c **** 	/* Initialize the internal clock if one present  */
  66:Generated_Source\PSoC5/Row_Tone.c **** 	#if defined(Row_Tone_DacClk_PHASE)
  67:Generated_Source\PSoC5/Row_Tone.c **** 	   Row_Tone_DacClk_SetPhase(Row_Tone_CLK_PHASE_0nS);
  68:Generated_Source\PSoC5/Row_Tone.c **** 	#endif /* defined(Row_Tone_DacClk_PHASE) */
  69:Generated_Source\PSoC5/Row_Tone.c **** }
 272              		.loc 1 69 0
 273 003c 00BF     		nop
ARM GAS  C:\Users\jespinoz\AppData\Local\Temp\ccgq2Mst.s 			page 7


 274 003e 80BD     		pop	{r7, pc}
 275              	.L3:
 276              		.align	2
 277              	.L2:
 278 0040 03000000 		.word	Row_Tone_Wave1TD
 279 0044 04000000 		.word	Row_Tone_Wave2TD
 280 0048 00000000 		.word	Row_Tone_wave1
 281 004c 00000000 		.word	Row_Tone_wave2
 282              		.cfi_endproc
 283              	.LFE0:
 284              		.size	Row_Tone_Init, .-Row_Tone_Init
 285              		.section	.text.Row_Tone_Enable,"ax",%progbits
 286              		.align	2
 287              		.global	Row_Tone_Enable
 288              		.thumb
 289              		.thumb_func
 290              		.type	Row_Tone_Enable, %function
 291              	Row_Tone_Enable:
 292              	.LFB1:
  70:Generated_Source\PSoC5/Row_Tone.c **** 
  71:Generated_Source\PSoC5/Row_Tone.c **** 
  72:Generated_Source\PSoC5/Row_Tone.c **** /*******************************************************************************
  73:Generated_Source\PSoC5/Row_Tone.c **** * Function Name: Row_Tone_Enable
  74:Generated_Source\PSoC5/Row_Tone.c **** ********************************************************************************
  75:Generated_Source\PSoC5/Row_Tone.c **** *  
  76:Generated_Source\PSoC5/Row_Tone.c **** * Summary: 
  77:Generated_Source\PSoC5/Row_Tone.c **** *  Enables the DAC block and DMA operation.
  78:Generated_Source\PSoC5/Row_Tone.c **** *
  79:Generated_Source\PSoC5/Row_Tone.c **** * Parameters:  
  80:Generated_Source\PSoC5/Row_Tone.c **** *  None
  81:Generated_Source\PSoC5/Row_Tone.c **** *
  82:Generated_Source\PSoC5/Row_Tone.c **** * Return: 
  83:Generated_Source\PSoC5/Row_Tone.c **** *  None
  84:Generated_Source\PSoC5/Row_Tone.c **** *
  85:Generated_Source\PSoC5/Row_Tone.c **** *******************************************************************************/
  86:Generated_Source\PSoC5/Row_Tone.c **** void Row_Tone_Enable(void) 
  87:Generated_Source\PSoC5/Row_Tone.c **** {
 293              		.loc 1 87 0
 294              		.cfi_startproc
 295              		@ args = 0, pretend = 0, frame = 0
 296              		@ frame_needed = 1, uses_anonymous_args = 0
 297 0000 80B5     		push	{r7, lr}
 298              		.cfi_def_cfa_offset 8
 299              		.cfi_offset 7, -8
 300              		.cfi_offset 14, -4
 301 0002 00AF     		add	r7, sp, #0
 302              		.cfi_def_cfa_register 7
  88:Generated_Source\PSoC5/Row_Tone.c **** 	Row_Tone_VDAC8_Enable();
 303              		.loc 1 88 0
 304 0004 FFF7FEFF 		bl	Row_Tone_VDAC8_Enable
  89:Generated_Source\PSoC5/Row_Tone.c **** 
  90:Generated_Source\PSoC5/Row_Tone.c **** 	#if(Row_Tone_OUT_MODE == Row_Tone_BUFFER_MODE)
  91:Generated_Source\PSoC5/Row_Tone.c **** 	   Row_Tone_BuffAmp_Enable();
  92:Generated_Source\PSoC5/Row_Tone.c **** 	#endif /* Row_Tone_OUT_MODE == Row_Tone_BUFFER_MODE */
  93:Generated_Source\PSoC5/Row_Tone.c **** 
  94:Generated_Source\PSoC5/Row_Tone.c **** 	/* 
  95:Generated_Source\PSoC5/Row_Tone.c **** 	* Enable the channel. It is configured to remember the TD value so that
ARM GAS  C:\Users\jespinoz\AppData\Local\Temp\ccgq2Mst.s 			page 8


  96:Generated_Source\PSoC5/Row_Tone.c **** 	* it can be restored from the place where it has been stopped.
  97:Generated_Source\PSoC5/Row_Tone.c **** 	*/
  98:Generated_Source\PSoC5/Row_Tone.c **** 	(void)CyDmaChEnable(Row_Tone_Wave1Chan, 1u);
 305              		.loc 1 98 0
 306 0008 084B     		ldr	r3, .L5
 307 000a 1B78     		ldrb	r3, [r3]	@ zero_extendqisi2
 308 000c 0121     		movs	r1, #1
 309 000e 1846     		mov	r0, r3
 310 0010 FFF7FEFF 		bl	CyDmaChEnable
  99:Generated_Source\PSoC5/Row_Tone.c **** 	(void)CyDmaChEnable(Row_Tone_Wave2Chan, 1u);
 311              		.loc 1 99 0
 312 0014 064B     		ldr	r3, .L5+4
 313 0016 1B78     		ldrb	r3, [r3]	@ zero_extendqisi2
 314 0018 0121     		movs	r1, #1
 315 001a 1846     		mov	r0, r3
 316 001c FFF7FEFF 		bl	CyDmaChEnable
 100:Generated_Source\PSoC5/Row_Tone.c **** 	
 101:Generated_Source\PSoC5/Row_Tone.c **** 	/* set the initial value */
 102:Generated_Source\PSoC5/Row_Tone.c **** 	Row_Tone_SetValue(0u);
 317              		.loc 1 102 0
 318 0020 0020     		movs	r0, #0
 319 0022 FFF7FEFF 		bl	Row_Tone_VDAC8_SetValue
 103:Generated_Source\PSoC5/Row_Tone.c **** 	
 104:Generated_Source\PSoC5/Row_Tone.c **** 	#if(Row_Tone_CLOCK_SRC == Row_Tone_CLOCK_INT)  	
 105:Generated_Source\PSoC5/Row_Tone.c **** 	   Row_Tone_DacClk_Start();
 106:Generated_Source\PSoC5/Row_Tone.c **** 	#endif /* Row_Tone_CLOCK_SRC == Row_Tone_CLOCK_INT */
 107:Generated_Source\PSoC5/Row_Tone.c **** }
 320              		.loc 1 107 0
 321 0026 00BF     		nop
 322 0028 80BD     		pop	{r7, pc}
 323              	.L6:
 324 002a 00BF     		.align	2
 325              	.L5:
 326 002c 01000000 		.word	Row_Tone_Wave1Chan
 327 0030 02000000 		.word	Row_Tone_Wave2Chan
 328              		.cfi_endproc
 329              	.LFE1:
 330              		.size	Row_Tone_Enable, .-Row_Tone_Enable
 331              		.section	.text.Row_Tone_Start,"ax",%progbits
 332              		.align	2
 333              		.global	Row_Tone_Start
 334              		.thumb
 335              		.thumb_func
 336              		.type	Row_Tone_Start, %function
 337              	Row_Tone_Start:
 338              	.LFB2:
 108:Generated_Source\PSoC5/Row_Tone.c **** 
 109:Generated_Source\PSoC5/Row_Tone.c **** 
 110:Generated_Source\PSoC5/Row_Tone.c **** /*******************************************************************************
 111:Generated_Source\PSoC5/Row_Tone.c **** * Function Name: Row_Tone_Start
 112:Generated_Source\PSoC5/Row_Tone.c **** ********************************************************************************
 113:Generated_Source\PSoC5/Row_Tone.c **** *
 114:Generated_Source\PSoC5/Row_Tone.c **** * Summary:
 115:Generated_Source\PSoC5/Row_Tone.c **** *  The start function initializes the voltage DAC with the default values, 
 116:Generated_Source\PSoC5/Row_Tone.c **** *  and sets the power to the given level.  A power level of 0, is the same as 
 117:Generated_Source\PSoC5/Row_Tone.c **** *  executing the stop function.
 118:Generated_Source\PSoC5/Row_Tone.c **** *
ARM GAS  C:\Users\jespinoz\AppData\Local\Temp\ccgq2Mst.s 			page 9


 119:Generated_Source\PSoC5/Row_Tone.c **** * Parameters:  
 120:Generated_Source\PSoC5/Row_Tone.c **** *  None
 121:Generated_Source\PSoC5/Row_Tone.c **** *
 122:Generated_Source\PSoC5/Row_Tone.c **** * Return: 
 123:Generated_Source\PSoC5/Row_Tone.c **** *  None
 124:Generated_Source\PSoC5/Row_Tone.c **** *
 125:Generated_Source\PSoC5/Row_Tone.c **** * Reentrant:
 126:Generated_Source\PSoC5/Row_Tone.c **** *  No
 127:Generated_Source\PSoC5/Row_Tone.c **** *
 128:Generated_Source\PSoC5/Row_Tone.c **** *******************************************************************************/
 129:Generated_Source\PSoC5/Row_Tone.c **** void Row_Tone_Start(void) 
 130:Generated_Source\PSoC5/Row_Tone.c **** {
 339              		.loc 1 130 0
 340              		.cfi_startproc
 341              		@ args = 0, pretend = 0, frame = 0
 342              		@ frame_needed = 1, uses_anonymous_args = 0
 343 0000 80B5     		push	{r7, lr}
 344              		.cfi_def_cfa_offset 8
 345              		.cfi_offset 7, -8
 346              		.cfi_offset 14, -4
 347 0002 00AF     		add	r7, sp, #0
 348              		.cfi_def_cfa_register 7
 131:Generated_Source\PSoC5/Row_Tone.c **** 	/* If not Initialized then initialize all required hardware and software */
 132:Generated_Source\PSoC5/Row_Tone.c **** 	if(Row_Tone_initVar == 0u)
 349              		.loc 1 132 0
 350 0004 064B     		ldr	r3, .L9
 351 0006 1B78     		ldrb	r3, [r3]	@ zero_extendqisi2
 352 0008 002B     		cmp	r3, #0
 353 000a 04D1     		bne	.L8
 133:Generated_Source\PSoC5/Row_Tone.c **** 	{
 134:Generated_Source\PSoC5/Row_Tone.c **** 		Row_Tone_Init();
 354              		.loc 1 134 0
 355 000c FFF7FEFF 		bl	Row_Tone_Init
 135:Generated_Source\PSoC5/Row_Tone.c **** 		Row_Tone_initVar = 1u;
 356              		.loc 1 135 0
 357 0010 034B     		ldr	r3, .L9
 358 0012 0122     		movs	r2, #1
 359 0014 1A70     		strb	r2, [r3]
 360              	.L8:
 136:Generated_Source\PSoC5/Row_Tone.c **** 	}
 137:Generated_Source\PSoC5/Row_Tone.c **** 	
 138:Generated_Source\PSoC5/Row_Tone.c **** 	Row_Tone_Enable();
 361              		.loc 1 138 0
 362 0016 FFF7FEFF 		bl	Row_Tone_Enable
 139:Generated_Source\PSoC5/Row_Tone.c **** }
 363              		.loc 1 139 0
 364 001a 00BF     		nop
 365 001c 80BD     		pop	{r7, pc}
 366              	.L10:
 367 001e 00BF     		.align	2
 368              	.L9:
 369 0020 00000000 		.word	Row_Tone_initVar
 370              		.cfi_endproc
 371              	.LFE2:
 372              		.size	Row_Tone_Start, .-Row_Tone_Start
 373              		.section	.text.Row_Tone_StartEx,"ax",%progbits
 374              		.align	2
ARM GAS  C:\Users\jespinoz\AppData\Local\Temp\ccgq2Mst.s 			page 10


 375              		.global	Row_Tone_StartEx
 376              		.thumb
 377              		.thumb_func
 378              		.type	Row_Tone_StartEx, %function
 379              	Row_Tone_StartEx:
 380              	.LFB3:
 140:Generated_Source\PSoC5/Row_Tone.c **** 
 141:Generated_Source\PSoC5/Row_Tone.c **** 
 142:Generated_Source\PSoC5/Row_Tone.c **** /*******************************************************************************
 143:Generated_Source\PSoC5/Row_Tone.c **** * Function Name: Row_Tone_StartEx
 144:Generated_Source\PSoC5/Row_Tone.c **** ********************************************************************************
 145:Generated_Source\PSoC5/Row_Tone.c **** *
 146:Generated_Source\PSoC5/Row_Tone.c **** * Summary:
 147:Generated_Source\PSoC5/Row_Tone.c **** *  The StartEx function sets pointers and sizes for both waveforms
 148:Generated_Source\PSoC5/Row_Tone.c **** *  and then starts the component.
 149:Generated_Source\PSoC5/Row_Tone.c **** *
 150:Generated_Source\PSoC5/Row_Tone.c **** * Parameters:  
 151:Generated_Source\PSoC5/Row_Tone.c **** *   uint8 * wavePtr1:     Pointer to the waveform 1 array.
 152:Generated_Source\PSoC5/Row_Tone.c **** *   uint16  sampleSize1:  The amount of samples in the waveform 1.
 153:Generated_Source\PSoC5/Row_Tone.c **** *   uint8 * wavePtr2:     Pointer to the waveform 2 array.
 154:Generated_Source\PSoC5/Row_Tone.c **** *   uint16  sampleSize2:  The amount of samples in the waveform 2.
 155:Generated_Source\PSoC5/Row_Tone.c **** *
 156:Generated_Source\PSoC5/Row_Tone.c **** * Return: 
 157:Generated_Source\PSoC5/Row_Tone.c **** *  None
 158:Generated_Source\PSoC5/Row_Tone.c **** *
 159:Generated_Source\PSoC5/Row_Tone.c **** * Reentrant:
 160:Generated_Source\PSoC5/Row_Tone.c **** *  No
 161:Generated_Source\PSoC5/Row_Tone.c **** *
 162:Generated_Source\PSoC5/Row_Tone.c **** *******************************************************************************/
 163:Generated_Source\PSoC5/Row_Tone.c **** void Row_Tone_StartEx(const uint8 * wavePtr1, uint16 sampleSize1, const uint8 * wavePtr2, uint16 sa
 164:Generated_Source\PSoC5/Row_Tone.c **** 
 165:Generated_Source\PSoC5/Row_Tone.c **** {
 381              		.loc 1 165 0
 382              		.cfi_startproc
 383              		@ args = 0, pretend = 0, frame = 16
 384              		@ frame_needed = 1, uses_anonymous_args = 0
 385 0000 80B5     		push	{r7, lr}
 386              		.cfi_def_cfa_offset 8
 387              		.cfi_offset 7, -8
 388              		.cfi_offset 14, -4
 389 0002 84B0     		sub	sp, sp, #16
 390              		.cfi_def_cfa_offset 24
 391 0004 00AF     		add	r7, sp, #0
 392              		.cfi_def_cfa_register 7
 393 0006 F860     		str	r0, [r7, #12]
 394 0008 7A60     		str	r2, [r7, #4]
 395 000a 1A46     		mov	r2, r3
 396 000c 0B46     		mov	r3, r1	@ movhi
 397 000e 7B81     		strh	r3, [r7, #10]	@ movhi
 398 0010 1346     		mov	r3, r2	@ movhi
 399 0012 3B81     		strh	r3, [r7, #8]	@ movhi
 166:Generated_Source\PSoC5/Row_Tone.c **** 	Row_Tone_Wave1Setup(wavePtr1, sampleSize1);
 400              		.loc 1 166 0
 401 0014 7B89     		ldrh	r3, [r7, #10]
 402 0016 1946     		mov	r1, r3
 403 0018 F868     		ldr	r0, [r7, #12]
 404 001a FFF7FEFF 		bl	Row_Tone_Wave1Setup
ARM GAS  C:\Users\jespinoz\AppData\Local\Temp\ccgq2Mst.s 			page 11


 167:Generated_Source\PSoC5/Row_Tone.c **** 	Row_Tone_Wave2Setup(wavePtr2, sampleSize2);
 405              		.loc 1 167 0
 406 001e 3B89     		ldrh	r3, [r7, #8]
 407 0020 1946     		mov	r1, r3
 408 0022 7868     		ldr	r0, [r7, #4]
 409 0024 FFF7FEFF 		bl	Row_Tone_Wave2Setup
 168:Generated_Source\PSoC5/Row_Tone.c **** 	Row_Tone_Start();
 410              		.loc 1 168 0
 411 0028 FFF7FEFF 		bl	Row_Tone_Start
 169:Generated_Source\PSoC5/Row_Tone.c **** }
 412              		.loc 1 169 0
 413 002c 00BF     		nop
 414 002e 1037     		adds	r7, r7, #16
 415              		.cfi_def_cfa_offset 8
 416 0030 BD46     		mov	sp, r7
 417              		.cfi_def_cfa_register 13
 418              		@ sp needed
 419 0032 80BD     		pop	{r7, pc}
 420              		.cfi_endproc
 421              	.LFE3:
 422              		.size	Row_Tone_StartEx, .-Row_Tone_StartEx
 423              		.section	.text.Row_Tone_Stop,"ax",%progbits
 424              		.align	2
 425              		.global	Row_Tone_Stop
 426              		.thumb
 427              		.thumb_func
 428              		.type	Row_Tone_Stop, %function
 429              	Row_Tone_Stop:
 430              	.LFB4:
 170:Generated_Source\PSoC5/Row_Tone.c **** 
 171:Generated_Source\PSoC5/Row_Tone.c **** 
 172:Generated_Source\PSoC5/Row_Tone.c **** /*******************************************************************************
 173:Generated_Source\PSoC5/Row_Tone.c **** * Function Name: Row_Tone_Stop
 174:Generated_Source\PSoC5/Row_Tone.c **** ********************************************************************************
 175:Generated_Source\PSoC5/Row_Tone.c **** *
 176:Generated_Source\PSoC5/Row_Tone.c **** * Summary:
 177:Generated_Source\PSoC5/Row_Tone.c **** *  Stops the clock (if internal), disables the DMA channels
 178:Generated_Source\PSoC5/Row_Tone.c **** *  and powers down the DAC.
 179:Generated_Source\PSoC5/Row_Tone.c **** *
 180:Generated_Source\PSoC5/Row_Tone.c **** * Parameters:  
 181:Generated_Source\PSoC5/Row_Tone.c **** *  None  
 182:Generated_Source\PSoC5/Row_Tone.c **** *
 183:Generated_Source\PSoC5/Row_Tone.c **** * Return: 
 184:Generated_Source\PSoC5/Row_Tone.c **** *  None
 185:Generated_Source\PSoC5/Row_Tone.c **** *
 186:Generated_Source\PSoC5/Row_Tone.c **** *******************************************************************************/
 187:Generated_Source\PSoC5/Row_Tone.c **** void Row_Tone_Stop(void) 
 188:Generated_Source\PSoC5/Row_Tone.c **** {
 431              		.loc 1 188 0
 432              		.cfi_startproc
 433              		@ args = 0, pretend = 0, frame = 0
 434              		@ frame_needed = 1, uses_anonymous_args = 0
 435 0000 80B5     		push	{r7, lr}
 436              		.cfi_def_cfa_offset 8
 437              		.cfi_offset 7, -8
 438              		.cfi_offset 14, -4
 439 0002 00AF     		add	r7, sp, #0
ARM GAS  C:\Users\jespinoz\AppData\Local\Temp\ccgq2Mst.s 			page 12


 440              		.cfi_def_cfa_register 7
 189:Generated_Source\PSoC5/Row_Tone.c **** 	/* Turn off internal clock, if one present */
 190:Generated_Source\PSoC5/Row_Tone.c **** 	#if(Row_Tone_CLOCK_SRC == Row_Tone_CLOCK_INT)  	
 191:Generated_Source\PSoC5/Row_Tone.c **** 	   Row_Tone_DacClk_Stop();
 192:Generated_Source\PSoC5/Row_Tone.c **** 	#endif /* Row_Tone_CLOCK_SRC == Row_Tone_CLOCK_INT */
 193:Generated_Source\PSoC5/Row_Tone.c **** 	
 194:Generated_Source\PSoC5/Row_Tone.c **** 	/* Disble DMA channels */
 195:Generated_Source\PSoC5/Row_Tone.c **** 	(void)CyDmaChDisable(Row_Tone_Wave1Chan);
 441              		.loc 1 195 0
 442 0004 064B     		ldr	r3, .L13
 443 0006 1B78     		ldrb	r3, [r3]	@ zero_extendqisi2
 444 0008 1846     		mov	r0, r3
 445 000a FFF7FEFF 		bl	CyDmaChDisable
 196:Generated_Source\PSoC5/Row_Tone.c **** 	(void)CyDmaChDisable(Row_Tone_Wave2Chan);
 446              		.loc 1 196 0
 447 000e 054B     		ldr	r3, .L13+4
 448 0010 1B78     		ldrb	r3, [r3]	@ zero_extendqisi2
 449 0012 1846     		mov	r0, r3
 450 0014 FFF7FEFF 		bl	CyDmaChDisable
 197:Generated_Source\PSoC5/Row_Tone.c **** 
 198:Generated_Source\PSoC5/Row_Tone.c **** 	/* Disable power to DAC */
 199:Generated_Source\PSoC5/Row_Tone.c **** 	Row_Tone_VDAC8_Stop();
 451              		.loc 1 199 0
 452 0018 FFF7FEFF 		bl	Row_Tone_VDAC8_Stop
 200:Generated_Source\PSoC5/Row_Tone.c **** }
 453              		.loc 1 200 0
 454 001c 00BF     		nop
 455 001e 80BD     		pop	{r7, pc}
 456              	.L14:
 457              		.align	2
 458              	.L13:
 459 0020 01000000 		.word	Row_Tone_Wave1Chan
 460 0024 02000000 		.word	Row_Tone_Wave2Chan
 461              		.cfi_endproc
 462              	.LFE4:
 463              		.size	Row_Tone_Stop, .-Row_Tone_Stop
 464              		.section	.text.Row_Tone_Wave1Setup,"ax",%progbits
 465              		.align	2
 466              		.global	Row_Tone_Wave1Setup
 467              		.thumb
 468              		.thumb_func
 469              		.type	Row_Tone_Wave1Setup, %function
 470              	Row_Tone_Wave1Setup:
 471              	.LFB5:
 201:Generated_Source\PSoC5/Row_Tone.c **** 
 202:Generated_Source\PSoC5/Row_Tone.c **** 
 203:Generated_Source\PSoC5/Row_Tone.c **** /*******************************************************************************
 204:Generated_Source\PSoC5/Row_Tone.c **** * Function Name: Row_Tone_Wave1Setup
 205:Generated_Source\PSoC5/Row_Tone.c **** ********************************************************************************
 206:Generated_Source\PSoC5/Row_Tone.c **** *
 207:Generated_Source\PSoC5/Row_Tone.c **** * Summary:
 208:Generated_Source\PSoC5/Row_Tone.c **** *  Sets pointer and size for waveform 1.                                    
 209:Generated_Source\PSoC5/Row_Tone.c **** *
 210:Generated_Source\PSoC5/Row_Tone.c **** * Parameters:  
 211:Generated_Source\PSoC5/Row_Tone.c **** *  uint8 * WavePtr:     Pointer to the waveform array.
 212:Generated_Source\PSoC5/Row_Tone.c **** *  uint16  SampleSize:  The amount of samples in the waveform.
 213:Generated_Source\PSoC5/Row_Tone.c **** *
ARM GAS  C:\Users\jespinoz\AppData\Local\Temp\ccgq2Mst.s 			page 13


 214:Generated_Source\PSoC5/Row_Tone.c **** * Return: 
 215:Generated_Source\PSoC5/Row_Tone.c **** *  None 
 216:Generated_Source\PSoC5/Row_Tone.c **** *
 217:Generated_Source\PSoC5/Row_Tone.c **** *******************************************************************************/
 218:Generated_Source\PSoC5/Row_Tone.c **** void Row_Tone_Wave1Setup(const uint8 * wavePtr, uint16 sampleSize)
 219:Generated_Source\PSoC5/Row_Tone.c **** 
 220:Generated_Source\PSoC5/Row_Tone.c **** {
 472              		.loc 1 220 0
 473              		.cfi_startproc
 474              		@ args = 0, pretend = 0, frame = 8
 475              		@ frame_needed = 1, uses_anonymous_args = 0
 476 0000 80B5     		push	{r7, lr}
 477              		.cfi_def_cfa_offset 8
 478              		.cfi_offset 7, -8
 479              		.cfi_offset 14, -4
 480 0002 82B0     		sub	sp, sp, #8
 481              		.cfi_def_cfa_offset 16
 482 0004 00AF     		add	r7, sp, #0
 483              		.cfi_def_cfa_register 7
 484 0006 7860     		str	r0, [r7, #4]
 485 0008 0B46     		mov	r3, r1
 486 000a 7B80     		strh	r3, [r7, #2]	@ movhi
 221:Generated_Source\PSoC5/Row_Tone.c **** 	#if (CY_PSOC3)
 222:Generated_Source\PSoC5/Row_Tone.c **** 		uint16 memoryType; /* determining the source memory type */
 223:Generated_Source\PSoC5/Row_Tone.c **** 		memoryType = (Row_Tone_HI16FLASHPTR == HI16(wavePtr)) ? HI16(CYDEV_FLS_BASE) : HI16(CYDEV_SRAM_BA
 224:Generated_Source\PSoC5/Row_Tone.c **** 		
 225:Generated_Source\PSoC5/Row_Tone.c **** 		Row_Tone_Wave1Chan = Row_Tone_Wave1_DMA_DmaInitialize(
 226:Generated_Source\PSoC5/Row_Tone.c **** 		Row_Tone_Wave1_DMA_BYTES_PER_BURST, Row_Tone_Wave1_DMA_REQUEST_PER_BURST,
 227:Generated_Source\PSoC5/Row_Tone.c **** 		memoryType, HI16(CYDEV_PERIPH_BASE));
 228:Generated_Source\PSoC5/Row_Tone.c **** 	#else /* PSoC 5 */
 229:Generated_Source\PSoC5/Row_Tone.c **** 		Row_Tone_Wave1Chan = Row_Tone_Wave1_DMA_DmaInitialize(
 230:Generated_Source\PSoC5/Row_Tone.c **** 		Row_Tone_Wave1_DMA_BYTES_PER_BURST, Row_Tone_Wave1_DMA_REQUEST_PER_BURST,
 231:Generated_Source\PSoC5/Row_Tone.c **** 		HI16(wavePtr), HI16(Row_Tone_DAC8__D));
 487              		.loc 1 231 0
 488 000c 7B68     		ldr	r3, [r7, #4]
 489 000e 1B0C     		lsrs	r3, r3, #16
 229:Generated_Source\PSoC5/Row_Tone.c **** 		Row_Tone_Wave1_DMA_BYTES_PER_BURST, Row_Tone_Wave1_DMA_REQUEST_PER_BURST,
 490              		.loc 1 229 0
 491 0010 9AB2     		uxth	r2, r3
 492 0012 4FF48043 		mov	r3, #16384
 493 0016 0121     		movs	r1, #1
 494 0018 0120     		movs	r0, #1
 495 001a FFF7FEFF 		bl	Row_Tone_Wave1_DMA_DmaInitialize
 496 001e 0346     		mov	r3, r0
 497 0020 1A46     		mov	r2, r3
 498 0022 0F4B     		ldr	r3, .L16
 499 0024 1A70     		strb	r2, [r3]
 232:Generated_Source\PSoC5/Row_Tone.c **** 	#endif /* CY_PSOC3 */
 233:Generated_Source\PSoC5/Row_Tone.c **** 	
 234:Generated_Source\PSoC5/Row_Tone.c **** 	/*
 235:Generated_Source\PSoC5/Row_Tone.c **** 	* TD is looping on itself. 
 236:Generated_Source\PSoC5/Row_Tone.c ****     * Increment the source address, but not the destination address. 
 237:Generated_Source\PSoC5/Row_Tone.c **** 	*/
 238:Generated_Source\PSoC5/Row_Tone.c **** 	(void)CyDmaTdSetConfiguration(Row_Tone_Wave1TD, sampleSize, Row_Tone_Wave1TD, 
 500              		.loc 1 238 0
 501 0026 0F4B     		ldr	r3, .L16+4
 502 0028 1878     		ldrb	r0, [r3]	@ zero_extendqisi2
ARM GAS  C:\Users\jespinoz\AppData\Local\Temp\ccgq2Mst.s 			page 14


 503 002a 0E4B     		ldr	r3, .L16+4
 504 002c 1A78     		ldrb	r2, [r3]	@ zero_extendqisi2
 505 002e 7988     		ldrh	r1, [r7, #2]
 506 0030 0123     		movs	r3, #1
 507 0032 FFF7FEFF 		bl	CyDmaTdSetConfiguration
 239:Generated_Source\PSoC5/Row_Tone.c ****                                     (uint8)CY_DMA_TD_INC_SRC_ADR | (uint8)Row_Tone_Wave1_DMA__TD_TE
 240:Generated_Source\PSoC5/Row_Tone.c **** 	
 241:Generated_Source\PSoC5/Row_Tone.c **** 	/* Set the TD source and destination address */
 242:Generated_Source\PSoC5/Row_Tone.c **** 	(void)CyDmaTdSetAddress(Row_Tone_Wave1TD, LO16((uint32)wavePtr), LO16(Row_Tone_DAC8__D));
 508              		.loc 1 242 0
 509 0036 0B4B     		ldr	r3, .L16+4
 510 0038 1B78     		ldrb	r3, [r3]	@ zero_extendqisi2
 511 003a 7A68     		ldr	r2, [r7, #4]
 512 003c 91B2     		uxth	r1, r2
 513 003e 45F68332 		movw	r2, #23427
 514 0042 1846     		mov	r0, r3
 515 0044 FFF7FEFF 		bl	CyDmaTdSetAddress
 243:Generated_Source\PSoC5/Row_Tone.c **** 	
 244:Generated_Source\PSoC5/Row_Tone.c **** 	/* Associate the TD with the channel */
 245:Generated_Source\PSoC5/Row_Tone.c **** 	(void)CyDmaChSetInitialTd(Row_Tone_Wave1Chan, Row_Tone_Wave1TD);
 516              		.loc 1 245 0
 517 0048 054B     		ldr	r3, .L16
 518 004a 1A78     		ldrb	r2, [r3]	@ zero_extendqisi2
 519 004c 054B     		ldr	r3, .L16+4
 520 004e 1B78     		ldrb	r3, [r3]	@ zero_extendqisi2
 521 0050 1946     		mov	r1, r3
 522 0052 1046     		mov	r0, r2
 523 0054 FFF7FEFF 		bl	CyDmaChSetInitialTd
 246:Generated_Source\PSoC5/Row_Tone.c **** }
 524              		.loc 1 246 0
 525 0058 00BF     		nop
 526 005a 0837     		adds	r7, r7, #8
 527              		.cfi_def_cfa_offset 8
 528 005c BD46     		mov	sp, r7
 529              		.cfi_def_cfa_register 13
 530              		@ sp needed
 531 005e 80BD     		pop	{r7, pc}
 532              	.L17:
 533              		.align	2
 534              	.L16:
 535 0060 01000000 		.word	Row_Tone_Wave1Chan
 536 0064 03000000 		.word	Row_Tone_Wave1TD
 537              		.cfi_endproc
 538              	.LFE5:
 539              		.size	Row_Tone_Wave1Setup, .-Row_Tone_Wave1Setup
 540              		.section	.text.Row_Tone_Wave2Setup,"ax",%progbits
 541              		.align	2
 542              		.global	Row_Tone_Wave2Setup
 543              		.thumb
 544              		.thumb_func
 545              		.type	Row_Tone_Wave2Setup, %function
 546              	Row_Tone_Wave2Setup:
 547              	.LFB6:
 247:Generated_Source\PSoC5/Row_Tone.c **** 
 248:Generated_Source\PSoC5/Row_Tone.c **** 
 249:Generated_Source\PSoC5/Row_Tone.c **** /*******************************************************************************
 250:Generated_Source\PSoC5/Row_Tone.c **** * Function Name: Row_Tone_Wave2Setup
ARM GAS  C:\Users\jespinoz\AppData\Local\Temp\ccgq2Mst.s 			page 15


 251:Generated_Source\PSoC5/Row_Tone.c **** ********************************************************************************
 252:Generated_Source\PSoC5/Row_Tone.c **** *
 253:Generated_Source\PSoC5/Row_Tone.c **** * Summary:
 254:Generated_Source\PSoC5/Row_Tone.c **** *  Sets pointer and size for waveform 2.                                    
 255:Generated_Source\PSoC5/Row_Tone.c **** *
 256:Generated_Source\PSoC5/Row_Tone.c **** * Parameters:  
 257:Generated_Source\PSoC5/Row_Tone.c **** *  uint8 * WavePtr:     Pointer to the waveform array.
 258:Generated_Source\PSoC5/Row_Tone.c **** *  uint16  SampleSize:  The amount of samples in the waveform.
 259:Generated_Source\PSoC5/Row_Tone.c **** *
 260:Generated_Source\PSoC5/Row_Tone.c **** * Return: 
 261:Generated_Source\PSoC5/Row_Tone.c **** *  None
 262:Generated_Source\PSoC5/Row_Tone.c **** *
 263:Generated_Source\PSoC5/Row_Tone.c **** *******************************************************************************/
 264:Generated_Source\PSoC5/Row_Tone.c **** void Row_Tone_Wave2Setup(const uint8 * wavePtr, uint16 sampleSize)
 265:Generated_Source\PSoC5/Row_Tone.c ****  
 266:Generated_Source\PSoC5/Row_Tone.c **** {
 548              		.loc 1 266 0
 549              		.cfi_startproc
 550              		@ args = 0, pretend = 0, frame = 8
 551              		@ frame_needed = 1, uses_anonymous_args = 0
 552 0000 80B5     		push	{r7, lr}
 553              		.cfi_def_cfa_offset 8
 554              		.cfi_offset 7, -8
 555              		.cfi_offset 14, -4
 556 0002 82B0     		sub	sp, sp, #8
 557              		.cfi_def_cfa_offset 16
 558 0004 00AF     		add	r7, sp, #0
 559              		.cfi_def_cfa_register 7
 560 0006 7860     		str	r0, [r7, #4]
 561 0008 0B46     		mov	r3, r1
 562 000a 7B80     		strh	r3, [r7, #2]	@ movhi
 267:Generated_Source\PSoC5/Row_Tone.c **** 	#if (CY_PSOC3)
 268:Generated_Source\PSoC5/Row_Tone.c **** 		uint16 memoryType; /* determining the source memory type */
 269:Generated_Source\PSoC5/Row_Tone.c **** 		memoryType = (Row_Tone_HI16FLASHPTR == HI16(wavePtr)) ? HI16(CYDEV_FLS_BASE) : HI16(CYDEV_SRAM_BA
 270:Generated_Source\PSoC5/Row_Tone.c **** 			
 271:Generated_Source\PSoC5/Row_Tone.c **** 		Row_Tone_Wave2Chan = Row_Tone_Wave2_DMA_DmaInitialize(
 272:Generated_Source\PSoC5/Row_Tone.c **** 		Row_Tone_Wave2_DMA_BYTES_PER_BURST, Row_Tone_Wave2_DMA_REQUEST_PER_BURST,
 273:Generated_Source\PSoC5/Row_Tone.c **** 		memoryType, HI16(CYDEV_PERIPH_BASE));
 274:Generated_Source\PSoC5/Row_Tone.c **** 	#else /* PSoC 5 */
 275:Generated_Source\PSoC5/Row_Tone.c **** 		Row_Tone_Wave2Chan = Row_Tone_Wave2_DMA_DmaInitialize(
 276:Generated_Source\PSoC5/Row_Tone.c **** 		Row_Tone_Wave2_DMA_BYTES_PER_BURST, Row_Tone_Wave2_DMA_REQUEST_PER_BURST,
 277:Generated_Source\PSoC5/Row_Tone.c **** 		HI16(wavePtr), HI16(Row_Tone_DAC8__D));
 563              		.loc 1 277 0
 564 000c 7B68     		ldr	r3, [r7, #4]
 565 000e 1B0C     		lsrs	r3, r3, #16
 275:Generated_Source\PSoC5/Row_Tone.c **** 		Row_Tone_Wave2_DMA_BYTES_PER_BURST, Row_Tone_Wave2_DMA_REQUEST_PER_BURST,
 566              		.loc 1 275 0
 567 0010 9AB2     		uxth	r2, r3
 568 0012 4FF48043 		mov	r3, #16384
 569 0016 0121     		movs	r1, #1
 570 0018 0120     		movs	r0, #1
 571 001a FFF7FEFF 		bl	Row_Tone_Wave2_DMA_DmaInitialize
 572 001e 0346     		mov	r3, r0
 573 0020 1A46     		mov	r2, r3
 574 0022 0F4B     		ldr	r3, .L19
 575 0024 1A70     		strb	r2, [r3]
 278:Generated_Source\PSoC5/Row_Tone.c **** 	#endif /* CY_PSOC3 */
ARM GAS  C:\Users\jespinoz\AppData\Local\Temp\ccgq2Mst.s 			page 16


 279:Generated_Source\PSoC5/Row_Tone.c **** 	
 280:Generated_Source\PSoC5/Row_Tone.c **** 	/*
 281:Generated_Source\PSoC5/Row_Tone.c **** 	* TD is looping on itself. 
 282:Generated_Source\PSoC5/Row_Tone.c **** 	* Increment the source address, but not the destination address. 
 283:Generated_Source\PSoC5/Row_Tone.c **** 	*/
 284:Generated_Source\PSoC5/Row_Tone.c **** 	(void)CyDmaTdSetConfiguration(Row_Tone_Wave2TD, sampleSize, Row_Tone_Wave2TD, 
 576              		.loc 1 284 0
 577 0026 0F4B     		ldr	r3, .L19+4
 578 0028 1878     		ldrb	r0, [r3]	@ zero_extendqisi2
 579 002a 0E4B     		ldr	r3, .L19+4
 580 002c 1A78     		ldrb	r2, [r3]	@ zero_extendqisi2
 581 002e 7988     		ldrh	r1, [r7, #2]
 582 0030 0123     		movs	r3, #1
 583 0032 FFF7FEFF 		bl	CyDmaTdSetConfiguration
 285:Generated_Source\PSoC5/Row_Tone.c ****                                     (uint8)CY_DMA_TD_INC_SRC_ADR | (uint8)Row_Tone_Wave2_DMA__TD_TE
 286:Generated_Source\PSoC5/Row_Tone.c **** 	
 287:Generated_Source\PSoC5/Row_Tone.c **** 	/* Set the TD source and destination address */
 288:Generated_Source\PSoC5/Row_Tone.c **** 	(void)CyDmaTdSetAddress(Row_Tone_Wave2TD, LO16((uint32)wavePtr), LO16(Row_Tone_DAC8__D));
 584              		.loc 1 288 0
 585 0036 0B4B     		ldr	r3, .L19+4
 586 0038 1B78     		ldrb	r3, [r3]	@ zero_extendqisi2
 587 003a 7A68     		ldr	r2, [r7, #4]
 588 003c 91B2     		uxth	r1, r2
 589 003e 45F68332 		movw	r2, #23427
 590 0042 1846     		mov	r0, r3
 591 0044 FFF7FEFF 		bl	CyDmaTdSetAddress
 289:Generated_Source\PSoC5/Row_Tone.c **** 	
 290:Generated_Source\PSoC5/Row_Tone.c **** 	/* Associate the TD with the channel */
 291:Generated_Source\PSoC5/Row_Tone.c **** 	(void)CyDmaChSetInitialTd(Row_Tone_Wave2Chan, Row_Tone_Wave2TD);
 592              		.loc 1 291 0
 593 0048 054B     		ldr	r3, .L19
 594 004a 1A78     		ldrb	r2, [r3]	@ zero_extendqisi2
 595 004c 054B     		ldr	r3, .L19+4
 596 004e 1B78     		ldrb	r3, [r3]	@ zero_extendqisi2
 597 0050 1946     		mov	r1, r3
 598 0052 1046     		mov	r0, r2
 599 0054 FFF7FEFF 		bl	CyDmaChSetInitialTd
 292:Generated_Source\PSoC5/Row_Tone.c **** }
 600              		.loc 1 292 0
 601 0058 00BF     		nop
 602 005a 0837     		adds	r7, r7, #8
 603              		.cfi_def_cfa_offset 8
 604 005c BD46     		mov	sp, r7
 605              		.cfi_def_cfa_register 13
 606              		@ sp needed
 607 005e 80BD     		pop	{r7, pc}
 608              	.L20:
 609              		.align	2
 610              	.L19:
 611 0060 02000000 		.word	Row_Tone_Wave2Chan
 612 0064 04000000 		.word	Row_Tone_Wave2TD
 613              		.cfi_endproc
 614              	.LFE6:
 615              		.size	Row_Tone_Wave2Setup, .-Row_Tone_Wave2Setup
 616              		.text
 617              	.Letext0:
 618              		.file 2 "Generated_Source\\PSoC5\\cytypes.h"
ARM GAS  C:\Users\jespinoz\AppData\Local\Temp\ccgq2Mst.s 			page 17


 619              		.section	.debug_info,"",%progbits
 620              	.Ldebug_info0:
 621 0000 54020000 		.4byte	0x254
 622 0004 0400     		.2byte	0x4
 623 0006 00000000 		.4byte	.Ldebug_abbrev0
 624 000a 04       		.byte	0x4
 625 000b 01       		.uleb128 0x1
 626 000c 14000000 		.4byte	.LASF37
 627 0010 0C       		.byte	0xc
 628 0011 B5010000 		.4byte	.LASF38
 629 0015 17020000 		.4byte	.LASF39
 630 0019 00000000 		.4byte	.Ldebug_ranges0+0
 631 001d 00000000 		.4byte	0
 632 0021 00000000 		.4byte	.Ldebug_line0
 633 0025 02       		.uleb128 0x2
 634 0026 01       		.byte	0x1
 635 0027 06       		.byte	0x6
 636 0028 DD020000 		.4byte	.LASF0
 637 002c 02       		.uleb128 0x2
 638 002d 01       		.byte	0x1
 639 002e 08       		.byte	0x8
 640 002f 85010000 		.4byte	.LASF1
 641 0033 02       		.uleb128 0x2
 642 0034 02       		.byte	0x2
 643 0035 05       		.byte	0x5
 644 0036 AB020000 		.4byte	.LASF2
 645 003a 02       		.uleb128 0x2
 646 003b 02       		.byte	0x2
 647 003c 07       		.byte	0x7
 648 003d BF000000 		.4byte	.LASF3
 649 0041 02       		.uleb128 0x2
 650 0042 04       		.byte	0x4
 651 0043 05       		.byte	0x5
 652 0044 C8020000 		.4byte	.LASF4
 653 0048 02       		.uleb128 0x2
 654 0049 04       		.byte	0x4
 655 004a 07       		.byte	0x7
 656 004b 4D010000 		.4byte	.LASF5
 657 004f 02       		.uleb128 0x2
 658 0050 08       		.byte	0x8
 659 0051 05       		.byte	0x5
 660 0052 7A020000 		.4byte	.LASF6
 661 0056 02       		.uleb128 0x2
 662 0057 08       		.byte	0x8
 663 0058 07       		.byte	0x7
 664 0059 D7010000 		.4byte	.LASF7
 665 005d 03       		.uleb128 0x3
 666 005e 04       		.byte	0x4
 667 005f 05       		.byte	0x5
 668 0060 696E7400 		.ascii	"int\000"
 669 0064 02       		.uleb128 0x2
 670 0065 04       		.byte	0x4
 671 0066 07       		.byte	0x7
 672 0067 A8010000 		.4byte	.LASF8
 673 006b 04       		.uleb128 0x4
 674 006c 67010000 		.4byte	.LASF9
 675 0070 02       		.byte	0x2
ARM GAS  C:\Users\jespinoz\AppData\Local\Temp\ccgq2Mst.s 			page 18


 676 0071 9201     		.2byte	0x192
 677 0073 2C000000 		.4byte	0x2c
 678 0077 04       		.uleb128 0x4
 679 0078 9A010000 		.4byte	.LASF10
 680 007c 02       		.byte	0x2
 681 007d 9301     		.2byte	0x193
 682 007f 3A000000 		.4byte	0x3a
 683 0083 04       		.uleb128 0x4
 684 0084 A1010000 		.4byte	.LASF11
 685 0088 02       		.byte	0x2
 686 0089 9401     		.2byte	0x194
 687 008b 48000000 		.4byte	0x48
 688 008f 02       		.uleb128 0x2
 689 0090 04       		.byte	0x4
 690 0091 04       		.byte	0x4
 691 0092 09010000 		.4byte	.LASF12
 692 0096 02       		.uleb128 0x2
 693 0097 08       		.byte	0x8
 694 0098 04       		.byte	0x4
 695 0099 93010000 		.4byte	.LASF13
 696 009d 02       		.uleb128 0x2
 697 009e 01       		.byte	0x1
 698 009f 08       		.byte	0x8
 699 00a0 88020000 		.4byte	.LASF14
 700 00a4 02       		.uleb128 0x2
 701 00a5 08       		.byte	0x8
 702 00a6 04       		.byte	0x4
 703 00a7 D1020000 		.4byte	.LASF15
 704 00ab 02       		.uleb128 0x2
 705 00ac 04       		.byte	0x4
 706 00ad 07       		.byte	0x7
 707 00ae 0E020000 		.4byte	.LASF16
 708 00b2 05       		.uleb128 0x5
 709 00b3 9D020000 		.4byte	.LASF17
 710 00b7 01       		.byte	0x1
 711 00b8 2B       		.byte	0x2b
 712 00b9 00000000 		.4byte	.LFB0
 713 00bd 50000000 		.4byte	.LFE0-.LFB0
 714 00c1 01       		.uleb128 0x1
 715 00c2 9C       		.byte	0x9c
 716 00c3 05       		.uleb128 0x5
 717 00c4 8D020000 		.4byte	.LASF18
 718 00c8 01       		.byte	0x1
 719 00c9 56       		.byte	0x56
 720 00ca 00000000 		.4byte	.LFB1
 721 00ce 34000000 		.4byte	.LFE1-.LFB1
 722 00d2 01       		.uleb128 0x1
 723 00d3 9C       		.byte	0x9c
 724 00d4 05       		.uleb128 0x5
 725 00d5 FF010000 		.4byte	.LASF19
 726 00d9 01       		.byte	0x1
 727 00da 81       		.byte	0x81
 728 00db 00000000 		.4byte	.LFB2
 729 00df 24000000 		.4byte	.LFE2-.LFB2
 730 00e3 01       		.uleb128 0x1
 731 00e4 9C       		.byte	0x9c
 732 00e5 06       		.uleb128 0x6
ARM GAS  C:\Users\jespinoz\AppData\Local\Temp\ccgq2Mst.s 			page 19


 733 00e6 29010000 		.4byte	.LASF25
 734 00ea 01       		.byte	0x1
 735 00eb A3       		.byte	0xa3
 736 00ec 00000000 		.4byte	.LFB3
 737 00f0 34000000 		.4byte	.LFE3-.LFB3
 738 00f4 01       		.uleb128 0x1
 739 00f5 9C       		.byte	0x9c
 740 00f6 33010000 		.4byte	0x133
 741 00fa 07       		.uleb128 0x7
 742 00fb D2000000 		.4byte	.LASF20
 743 00ff 01       		.byte	0x1
 744 0100 A3       		.byte	0xa3
 745 0101 33010000 		.4byte	0x133
 746 0105 02       		.uleb128 0x2
 747 0106 91       		.byte	0x91
 748 0107 74       		.sleb128 -12
 749 0108 07       		.uleb128 0x7
 750 0109 6D010000 		.4byte	.LASF21
 751 010d 01       		.byte	0x1
 752 010e A3       		.byte	0xa3
 753 010f 77000000 		.4byte	0x77
 754 0113 02       		.uleb128 0x2
 755 0114 91       		.byte	0x91
 756 0115 72       		.sleb128 -14
 757 0116 07       		.uleb128 0x7
 758 0117 DB000000 		.4byte	.LASF22
 759 011b 01       		.byte	0x1
 760 011c A3       		.byte	0xa3
 761 011d 33010000 		.4byte	0x133
 762 0121 02       		.uleb128 0x2
 763 0122 91       		.byte	0x91
 764 0123 6C       		.sleb128 -20
 765 0124 07       		.uleb128 0x7
 766 0125 79010000 		.4byte	.LASF23
 767 0129 01       		.byte	0x1
 768 012a A3       		.byte	0xa3
 769 012b 77000000 		.4byte	0x77
 770 012f 02       		.uleb128 0x2
 771 0130 91       		.byte	0x91
 772 0131 70       		.sleb128 -16
 773 0132 00       		.byte	0
 774 0133 08       		.uleb128 0x8
 775 0134 04       		.byte	0x4
 776 0135 39010000 		.4byte	0x139
 777 0139 09       		.uleb128 0x9
 778 013a 6B000000 		.4byte	0x6b
 779 013e 05       		.uleb128 0x5
 780 013f B1000000 		.4byte	.LASF24
 781 0143 01       		.byte	0x1
 782 0144 BB       		.byte	0xbb
 783 0145 00000000 		.4byte	.LFB4
 784 0149 28000000 		.4byte	.LFE4-.LFB4
 785 014d 01       		.uleb128 0x1
 786 014e 9C       		.byte	0x9c
 787 014f 06       		.uleb128 0x6
 788 0150 00000000 		.4byte	.LASF26
 789 0154 01       		.byte	0x1
ARM GAS  C:\Users\jespinoz\AppData\Local\Temp\ccgq2Mst.s 			page 20


 790 0155 DA       		.byte	0xda
 791 0156 00000000 		.4byte	.LFB5
 792 015a 68000000 		.4byte	.LFE5-.LFB5
 793 015e 01       		.uleb128 0x1
 794 015f 9C       		.byte	0x9c
 795 0160 81010000 		.4byte	0x181
 796 0164 07       		.uleb128 0x7
 797 0165 5F010000 		.4byte	.LASF27
 798 0169 01       		.byte	0x1
 799 016a DA       		.byte	0xda
 800 016b 33010000 		.4byte	0x133
 801 016f 02       		.uleb128 0x2
 802 0170 91       		.byte	0x91
 803 0171 74       		.sleb128 -12
 804 0172 07       		.uleb128 0x7
 805 0173 1E010000 		.4byte	.LASF28
 806 0177 01       		.byte	0x1
 807 0178 DA       		.byte	0xda
 808 0179 77000000 		.4byte	0x77
 809 017d 02       		.uleb128 0x2
 810 017e 91       		.byte	0x91
 811 017f 72       		.sleb128 -14
 812 0180 00       		.byte	0
 813 0181 0A       		.uleb128 0xa
 814 0182 E4000000 		.4byte	.LASF29
 815 0186 01       		.byte	0x1
 816 0187 0801     		.2byte	0x108
 817 0189 00000000 		.4byte	.LFB6
 818 018d 68000000 		.4byte	.LFE6-.LFB6
 819 0191 01       		.uleb128 0x1
 820 0192 9C       		.byte	0x9c
 821 0193 B6010000 		.4byte	0x1b6
 822 0197 0B       		.uleb128 0xb
 823 0198 5F010000 		.4byte	.LASF27
 824 019c 01       		.byte	0x1
 825 019d 0801     		.2byte	0x108
 826 019f 33010000 		.4byte	0x133
 827 01a3 02       		.uleb128 0x2
 828 01a4 91       		.byte	0x91
 829 01a5 74       		.sleb128 -12
 830 01a6 0B       		.uleb128 0xb
 831 01a7 1E010000 		.4byte	.LASF28
 832 01ab 01       		.byte	0x1
 833 01ac 0801     		.2byte	0x108
 834 01ae 77000000 		.4byte	0x77
 835 01b2 02       		.uleb128 0x2
 836 01b3 91       		.byte	0x91
 837 01b4 72       		.sleb128 -14
 838 01b5 00       		.byte	0
 839 01b6 0C       		.uleb128 0xc
 840 01b7 3A010000 		.4byte	.LASF30
 841 01bb 01       		.byte	0x1
 842 01bc 17       		.byte	0x17
 843 01bd 6B000000 		.4byte	0x6b
 844 01c1 05       		.uleb128 0x5
 845 01c2 03       		.byte	0x3
 846 01c3 01000000 		.4byte	Row_Tone_Wave1Chan
ARM GAS  C:\Users\jespinoz\AppData\Local\Temp\ccgq2Mst.s 			page 21


 847 01c7 0C       		.uleb128 0xc
 848 01c8 B5020000 		.4byte	.LASF31
 849 01cc 01       		.byte	0x1
 850 01cd 18       		.byte	0x18
 851 01ce 6B000000 		.4byte	0x6b
 852 01d2 05       		.uleb128 0x5
 853 01d3 03       		.byte	0x3
 854 01d4 02000000 		.4byte	Row_Tone_Wave2Chan
 855 01d8 0C       		.uleb128 0xc
 856 01d9 F8000000 		.4byte	.LASF32
 857 01dd 01       		.byte	0x1
 858 01de 19       		.byte	0x19
 859 01df 6B000000 		.4byte	0x6b
 860 01e3 05       		.uleb128 0x5
 861 01e4 03       		.byte	0x3
 862 01e5 03000000 		.4byte	Row_Tone_Wave1TD
 863 01e9 0C       		.uleb128 0xc
 864 01ea EE010000 		.4byte	.LASF33
 865 01ee 01       		.byte	0x1
 866 01ef 1A       		.byte	0x1a
 867 01f0 6B000000 		.4byte	0x6b
 868 01f4 05       		.uleb128 0x5
 869 01f5 03       		.byte	0x3
 870 01f6 04000000 		.4byte	Row_Tone_Wave2TD
 871 01fa 0D       		.uleb128 0xd
 872 01fb E9020000 		.4byte	.LASF34
 873 01ff 01       		.byte	0x1
 874 0200 12       		.byte	0x12
 875 0201 6B000000 		.4byte	0x6b
 876 0205 05       		.uleb128 0x5
 877 0206 03       		.byte	0x3
 878 0207 00000000 		.4byte	Row_Tone_initVar
 879 020b 0E       		.uleb128 0xe
 880 020c 39010000 		.4byte	0x139
 881 0210 1B020000 		.4byte	0x21b
 882 0214 0F       		.uleb128 0xf
 883 0215 AB000000 		.4byte	0xab
 884 0219 4F       		.byte	0x4f
 885 021a 00       		.byte	0
 886 021b 0D       		.uleb128 0xd
 887 021c 0F010000 		.4byte	.LASF35
 888 0220 01       		.byte	0x1
 889 0221 14       		.byte	0x14
 890 0222 2C020000 		.4byte	0x22c
 891 0226 05       		.uleb128 0x5
 892 0227 03       		.byte	0x3
 893 0228 00000000 		.4byte	Row_Tone_wave1
 894 022c 09       		.uleb128 0x9
 895 022d 0B020000 		.4byte	0x20b
 896 0231 0E       		.uleb128 0xe
 897 0232 39010000 		.4byte	0x139
 898 0236 41020000 		.4byte	0x241
 899 023a 0F       		.uleb128 0xf
 900 023b AB000000 		.4byte	0xab
 901 023f 63       		.byte	0x63
 902 0240 00       		.byte	0
 903 0241 0D       		.uleb128 0xd
ARM GAS  C:\Users\jespinoz\AppData\Local\Temp\ccgq2Mst.s 			page 22


 904 0242 A2000000 		.4byte	.LASF36
 905 0246 01       		.byte	0x1
 906 0247 15       		.byte	0x15
 907 0248 52020000 		.4byte	0x252
 908 024c 05       		.uleb128 0x5
 909 024d 03       		.byte	0x3
 910 024e 00000000 		.4byte	Row_Tone_wave2
 911 0252 09       		.uleb128 0x9
 912 0253 31020000 		.4byte	0x231
 913 0257 00       		.byte	0
 914              		.section	.debug_abbrev,"",%progbits
 915              	.Ldebug_abbrev0:
 916 0000 01       		.uleb128 0x1
 917 0001 11       		.uleb128 0x11
 918 0002 01       		.byte	0x1
 919 0003 25       		.uleb128 0x25
 920 0004 0E       		.uleb128 0xe
 921 0005 13       		.uleb128 0x13
 922 0006 0B       		.uleb128 0xb
 923 0007 03       		.uleb128 0x3
 924 0008 0E       		.uleb128 0xe
 925 0009 1B       		.uleb128 0x1b
 926 000a 0E       		.uleb128 0xe
 927 000b 55       		.uleb128 0x55
 928 000c 17       		.uleb128 0x17
 929 000d 11       		.uleb128 0x11
 930 000e 01       		.uleb128 0x1
 931 000f 10       		.uleb128 0x10
 932 0010 17       		.uleb128 0x17
 933 0011 00       		.byte	0
 934 0012 00       		.byte	0
 935 0013 02       		.uleb128 0x2
 936 0014 24       		.uleb128 0x24
 937 0015 00       		.byte	0
 938 0016 0B       		.uleb128 0xb
 939 0017 0B       		.uleb128 0xb
 940 0018 3E       		.uleb128 0x3e
 941 0019 0B       		.uleb128 0xb
 942 001a 03       		.uleb128 0x3
 943 001b 0E       		.uleb128 0xe
 944 001c 00       		.byte	0
 945 001d 00       		.byte	0
 946 001e 03       		.uleb128 0x3
 947 001f 24       		.uleb128 0x24
 948 0020 00       		.byte	0
 949 0021 0B       		.uleb128 0xb
 950 0022 0B       		.uleb128 0xb
 951 0023 3E       		.uleb128 0x3e
 952 0024 0B       		.uleb128 0xb
 953 0025 03       		.uleb128 0x3
 954 0026 08       		.uleb128 0x8
 955 0027 00       		.byte	0
 956 0028 00       		.byte	0
 957 0029 04       		.uleb128 0x4
 958 002a 16       		.uleb128 0x16
 959 002b 00       		.byte	0
 960 002c 03       		.uleb128 0x3
ARM GAS  C:\Users\jespinoz\AppData\Local\Temp\ccgq2Mst.s 			page 23


 961 002d 0E       		.uleb128 0xe
 962 002e 3A       		.uleb128 0x3a
 963 002f 0B       		.uleb128 0xb
 964 0030 3B       		.uleb128 0x3b
 965 0031 05       		.uleb128 0x5
 966 0032 49       		.uleb128 0x49
 967 0033 13       		.uleb128 0x13
 968 0034 00       		.byte	0
 969 0035 00       		.byte	0
 970 0036 05       		.uleb128 0x5
 971 0037 2E       		.uleb128 0x2e
 972 0038 00       		.byte	0
 973 0039 3F       		.uleb128 0x3f
 974 003a 19       		.uleb128 0x19
 975 003b 03       		.uleb128 0x3
 976 003c 0E       		.uleb128 0xe
 977 003d 3A       		.uleb128 0x3a
 978 003e 0B       		.uleb128 0xb
 979 003f 3B       		.uleb128 0x3b
 980 0040 0B       		.uleb128 0xb
 981 0041 27       		.uleb128 0x27
 982 0042 19       		.uleb128 0x19
 983 0043 11       		.uleb128 0x11
 984 0044 01       		.uleb128 0x1
 985 0045 12       		.uleb128 0x12
 986 0046 06       		.uleb128 0x6
 987 0047 40       		.uleb128 0x40
 988 0048 18       		.uleb128 0x18
 989 0049 9642     		.uleb128 0x2116
 990 004b 19       		.uleb128 0x19
 991 004c 00       		.byte	0
 992 004d 00       		.byte	0
 993 004e 06       		.uleb128 0x6
 994 004f 2E       		.uleb128 0x2e
 995 0050 01       		.byte	0x1
 996 0051 3F       		.uleb128 0x3f
 997 0052 19       		.uleb128 0x19
 998 0053 03       		.uleb128 0x3
 999 0054 0E       		.uleb128 0xe
 1000 0055 3A       		.uleb128 0x3a
 1001 0056 0B       		.uleb128 0xb
 1002 0057 3B       		.uleb128 0x3b
 1003 0058 0B       		.uleb128 0xb
 1004 0059 27       		.uleb128 0x27
 1005 005a 19       		.uleb128 0x19
 1006 005b 11       		.uleb128 0x11
 1007 005c 01       		.uleb128 0x1
 1008 005d 12       		.uleb128 0x12
 1009 005e 06       		.uleb128 0x6
 1010 005f 40       		.uleb128 0x40
 1011 0060 18       		.uleb128 0x18
 1012 0061 9642     		.uleb128 0x2116
 1013 0063 19       		.uleb128 0x19
 1014 0064 01       		.uleb128 0x1
 1015 0065 13       		.uleb128 0x13
 1016 0066 00       		.byte	0
 1017 0067 00       		.byte	0
ARM GAS  C:\Users\jespinoz\AppData\Local\Temp\ccgq2Mst.s 			page 24


 1018 0068 07       		.uleb128 0x7
 1019 0069 05       		.uleb128 0x5
 1020 006a 00       		.byte	0
 1021 006b 03       		.uleb128 0x3
 1022 006c 0E       		.uleb128 0xe
 1023 006d 3A       		.uleb128 0x3a
 1024 006e 0B       		.uleb128 0xb
 1025 006f 3B       		.uleb128 0x3b
 1026 0070 0B       		.uleb128 0xb
 1027 0071 49       		.uleb128 0x49
 1028 0072 13       		.uleb128 0x13
 1029 0073 02       		.uleb128 0x2
 1030 0074 18       		.uleb128 0x18
 1031 0075 00       		.byte	0
 1032 0076 00       		.byte	0
 1033 0077 08       		.uleb128 0x8
 1034 0078 0F       		.uleb128 0xf
 1035 0079 00       		.byte	0
 1036 007a 0B       		.uleb128 0xb
 1037 007b 0B       		.uleb128 0xb
 1038 007c 49       		.uleb128 0x49
 1039 007d 13       		.uleb128 0x13
 1040 007e 00       		.byte	0
 1041 007f 00       		.byte	0
 1042 0080 09       		.uleb128 0x9
 1043 0081 26       		.uleb128 0x26
 1044 0082 00       		.byte	0
 1045 0083 49       		.uleb128 0x49
 1046 0084 13       		.uleb128 0x13
 1047 0085 00       		.byte	0
 1048 0086 00       		.byte	0
 1049 0087 0A       		.uleb128 0xa
 1050 0088 2E       		.uleb128 0x2e
 1051 0089 01       		.byte	0x1
 1052 008a 3F       		.uleb128 0x3f
 1053 008b 19       		.uleb128 0x19
 1054 008c 03       		.uleb128 0x3
 1055 008d 0E       		.uleb128 0xe
 1056 008e 3A       		.uleb128 0x3a
 1057 008f 0B       		.uleb128 0xb
 1058 0090 3B       		.uleb128 0x3b
 1059 0091 05       		.uleb128 0x5
 1060 0092 27       		.uleb128 0x27
 1061 0093 19       		.uleb128 0x19
 1062 0094 11       		.uleb128 0x11
 1063 0095 01       		.uleb128 0x1
 1064 0096 12       		.uleb128 0x12
 1065 0097 06       		.uleb128 0x6
 1066 0098 40       		.uleb128 0x40
 1067 0099 18       		.uleb128 0x18
 1068 009a 9642     		.uleb128 0x2116
 1069 009c 19       		.uleb128 0x19
 1070 009d 01       		.uleb128 0x1
 1071 009e 13       		.uleb128 0x13
 1072 009f 00       		.byte	0
 1073 00a0 00       		.byte	0
 1074 00a1 0B       		.uleb128 0xb
ARM GAS  C:\Users\jespinoz\AppData\Local\Temp\ccgq2Mst.s 			page 25


 1075 00a2 05       		.uleb128 0x5
 1076 00a3 00       		.byte	0
 1077 00a4 03       		.uleb128 0x3
 1078 00a5 0E       		.uleb128 0xe
 1079 00a6 3A       		.uleb128 0x3a
 1080 00a7 0B       		.uleb128 0xb
 1081 00a8 3B       		.uleb128 0x3b
 1082 00a9 05       		.uleb128 0x5
 1083 00aa 49       		.uleb128 0x49
 1084 00ab 13       		.uleb128 0x13
 1085 00ac 02       		.uleb128 0x2
 1086 00ad 18       		.uleb128 0x18
 1087 00ae 00       		.byte	0
 1088 00af 00       		.byte	0
 1089 00b0 0C       		.uleb128 0xc
 1090 00b1 34       		.uleb128 0x34
 1091 00b2 00       		.byte	0
 1092 00b3 03       		.uleb128 0x3
 1093 00b4 0E       		.uleb128 0xe
 1094 00b5 3A       		.uleb128 0x3a
 1095 00b6 0B       		.uleb128 0xb
 1096 00b7 3B       		.uleb128 0x3b
 1097 00b8 0B       		.uleb128 0xb
 1098 00b9 49       		.uleb128 0x49
 1099 00ba 13       		.uleb128 0x13
 1100 00bb 02       		.uleb128 0x2
 1101 00bc 18       		.uleb128 0x18
 1102 00bd 00       		.byte	0
 1103 00be 00       		.byte	0
 1104 00bf 0D       		.uleb128 0xd
 1105 00c0 34       		.uleb128 0x34
 1106 00c1 00       		.byte	0
 1107 00c2 03       		.uleb128 0x3
 1108 00c3 0E       		.uleb128 0xe
 1109 00c4 3A       		.uleb128 0x3a
 1110 00c5 0B       		.uleb128 0xb
 1111 00c6 3B       		.uleb128 0x3b
 1112 00c7 0B       		.uleb128 0xb
 1113 00c8 49       		.uleb128 0x49
 1114 00c9 13       		.uleb128 0x13
 1115 00ca 3F       		.uleb128 0x3f
 1116 00cb 19       		.uleb128 0x19
 1117 00cc 02       		.uleb128 0x2
 1118 00cd 18       		.uleb128 0x18
 1119 00ce 00       		.byte	0
 1120 00cf 00       		.byte	0
 1121 00d0 0E       		.uleb128 0xe
 1122 00d1 01       		.uleb128 0x1
 1123 00d2 01       		.byte	0x1
 1124 00d3 49       		.uleb128 0x49
 1125 00d4 13       		.uleb128 0x13
 1126 00d5 01       		.uleb128 0x1
 1127 00d6 13       		.uleb128 0x13
 1128 00d7 00       		.byte	0
 1129 00d8 00       		.byte	0
 1130 00d9 0F       		.uleb128 0xf
 1131 00da 21       		.uleb128 0x21
ARM GAS  C:\Users\jespinoz\AppData\Local\Temp\ccgq2Mst.s 			page 26


 1132 00db 00       		.byte	0
 1133 00dc 49       		.uleb128 0x49
 1134 00dd 13       		.uleb128 0x13
 1135 00de 2F       		.uleb128 0x2f
 1136 00df 0B       		.uleb128 0xb
 1137 00e0 00       		.byte	0
 1138 00e1 00       		.byte	0
 1139 00e2 00       		.byte	0
 1140              		.section	.debug_aranges,"",%progbits
 1141 0000 4C000000 		.4byte	0x4c
 1142 0004 0200     		.2byte	0x2
 1143 0006 00000000 		.4byte	.Ldebug_info0
 1144 000a 04       		.byte	0x4
 1145 000b 00       		.byte	0
 1146 000c 0000     		.2byte	0
 1147 000e 0000     		.2byte	0
 1148 0010 00000000 		.4byte	.LFB0
 1149 0014 50000000 		.4byte	.LFE0-.LFB0
 1150 0018 00000000 		.4byte	.LFB1
 1151 001c 34000000 		.4byte	.LFE1-.LFB1
 1152 0020 00000000 		.4byte	.LFB2
 1153 0024 24000000 		.4byte	.LFE2-.LFB2
 1154 0028 00000000 		.4byte	.LFB3
 1155 002c 34000000 		.4byte	.LFE3-.LFB3
 1156 0030 00000000 		.4byte	.LFB4
 1157 0034 28000000 		.4byte	.LFE4-.LFB4
 1158 0038 00000000 		.4byte	.LFB5
 1159 003c 68000000 		.4byte	.LFE5-.LFB5
 1160 0040 00000000 		.4byte	.LFB6
 1161 0044 68000000 		.4byte	.LFE6-.LFB6
 1162 0048 00000000 		.4byte	0
 1163 004c 00000000 		.4byte	0
 1164              		.section	.debug_ranges,"",%progbits
 1165              	.Ldebug_ranges0:
 1166 0000 00000000 		.4byte	.LFB0
 1167 0004 50000000 		.4byte	.LFE0
 1168 0008 00000000 		.4byte	.LFB1
 1169 000c 34000000 		.4byte	.LFE1
 1170 0010 00000000 		.4byte	.LFB2
 1171 0014 24000000 		.4byte	.LFE2
 1172 0018 00000000 		.4byte	.LFB3
 1173 001c 34000000 		.4byte	.LFE3
 1174 0020 00000000 		.4byte	.LFB4
 1175 0024 28000000 		.4byte	.LFE4
 1176 0028 00000000 		.4byte	.LFB5
 1177 002c 68000000 		.4byte	.LFE5
 1178 0030 00000000 		.4byte	.LFB6
 1179 0034 68000000 		.4byte	.LFE6
 1180 0038 00000000 		.4byte	0
 1181 003c 00000000 		.4byte	0
 1182              		.section	.debug_line,"",%progbits
 1183              	.Ldebug_line0:
 1184 0000 EC000000 		.section	.debug_str,"MS",%progbits,1
 1184      02004500 
 1184      00000201 
 1184      FB0E0D00 
 1184      01010101 
ARM GAS  C:\Users\jespinoz\AppData\Local\Temp\ccgq2Mst.s 			page 27


 1185              	.LASF26:
 1186 0000 526F775F 		.ascii	"Row_Tone_Wave1Setup\000"
 1186      546F6E65 
 1186      5F576176 
 1186      65315365 
 1186      74757000 
 1187              	.LASF37:
 1188 0014 474E5520 		.ascii	"GNU C11 5.4.1 20160609 (release) [ARM/embedded-5-br"
 1188      43313120 
 1188      352E342E 
 1188      31203230 
 1188      31363036 
 1189 0047 616E6368 		.ascii	"anch revision 237715] -mcpu=cortex-m3 -mthumb -g -O"
 1189      20726576 
 1189      6973696F 
 1189      6E203233 
 1189      37373135 
 1190 007a 30202D66 		.ascii	"0 -ffunction-sections -ffat-lto-objects\000"
 1190      66756E63 
 1190      74696F6E 
 1190      2D736563 
 1190      74696F6E 
 1191              	.LASF36:
 1192 00a2 526F775F 		.ascii	"Row_Tone_wave2\000"
 1192      546F6E65 
 1192      5F776176 
 1192      653200
 1193              	.LASF24:
 1194 00b1 526F775F 		.ascii	"Row_Tone_Stop\000"
 1194      546F6E65 
 1194      5F53746F 
 1194      7000
 1195              	.LASF3:
 1196 00bf 73686F72 		.ascii	"short unsigned int\000"
 1196      7420756E 
 1196      7369676E 
 1196      65642069 
 1196      6E7400
 1197              	.LASF20:
 1198 00d2 77617665 		.ascii	"wavePtr1\000"
 1198      50747231 
 1198      00
 1199              	.LASF22:
 1200 00db 77617665 		.ascii	"wavePtr2\000"
 1200      50747232 
 1200      00
 1201              	.LASF29:
 1202 00e4 526F775F 		.ascii	"Row_Tone_Wave2Setup\000"
 1202      546F6E65 
 1202      5F576176 
 1202      65325365 
 1202      74757000 
 1203              	.LASF32:
 1204 00f8 526F775F 		.ascii	"Row_Tone_Wave1TD\000"
 1204      546F6E65 
 1204      5F576176 
 1204      65315444 
ARM GAS  C:\Users\jespinoz\AppData\Local\Temp\ccgq2Mst.s 			page 28


 1204      00
 1205              	.LASF12:
 1206 0109 666C6F61 		.ascii	"float\000"
 1206      7400
 1207              	.LASF35:
 1208 010f 526F775F 		.ascii	"Row_Tone_wave1\000"
 1208      546F6E65 
 1208      5F776176 
 1208      653100
 1209              	.LASF28:
 1210 011e 73616D70 		.ascii	"sampleSize\000"
 1210      6C655369 
 1210      7A6500
 1211              	.LASF25:
 1212 0129 526F775F 		.ascii	"Row_Tone_StartEx\000"
 1212      546F6E65 
 1212      5F537461 
 1212      72744578 
 1212      00
 1213              	.LASF30:
 1214 013a 526F775F 		.ascii	"Row_Tone_Wave1Chan\000"
 1214      546F6E65 
 1214      5F576176 
 1214      65314368 
 1214      616E00
 1215              	.LASF5:
 1216 014d 6C6F6E67 		.ascii	"long unsigned int\000"
 1216      20756E73 
 1216      69676E65 
 1216      6420696E 
 1216      7400
 1217              	.LASF27:
 1218 015f 77617665 		.ascii	"wavePtr\000"
 1218      50747200 
 1219              	.LASF9:
 1220 0167 75696E74 		.ascii	"uint8\000"
 1220      3800
 1221              	.LASF21:
 1222 016d 73616D70 		.ascii	"sampleSize1\000"
 1222      6C655369 
 1222      7A653100 
 1223              	.LASF23:
 1224 0179 73616D70 		.ascii	"sampleSize2\000"
 1224      6C655369 
 1224      7A653200 
 1225              	.LASF1:
 1226 0185 756E7369 		.ascii	"unsigned char\000"
 1226      676E6564 
 1226      20636861 
 1226      7200
 1227              	.LASF13:
 1228 0193 646F7562 		.ascii	"double\000"
 1228      6C6500
 1229              	.LASF10:
 1230 019a 75696E74 		.ascii	"uint16\000"
 1230      313600
 1231              	.LASF11:
ARM GAS  C:\Users\jespinoz\AppData\Local\Temp\ccgq2Mst.s 			page 29


 1232 01a1 75696E74 		.ascii	"uint32\000"
 1232      333200
 1233              	.LASF8:
 1234 01a8 756E7369 		.ascii	"unsigned int\000"
 1234      676E6564 
 1234      20696E74 
 1234      00
 1235              	.LASF38:
 1236 01b5 47656E65 		.ascii	"Generated_Source\\PSoC5\\Row_Tone.c\000"
 1236      72617465 
 1236      645F536F 
 1236      75726365 
 1236      5C50536F 
 1237              	.LASF7:
 1238 01d7 6C6F6E67 		.ascii	"long long unsigned int\000"
 1238      206C6F6E 
 1238      6720756E 
 1238      7369676E 
 1238      65642069 
 1239              	.LASF33:
 1240 01ee 526F775F 		.ascii	"Row_Tone_Wave2TD\000"
 1240      546F6E65 
 1240      5F576176 
 1240      65325444 
 1240      00
 1241              	.LASF19:
 1242 01ff 526F775F 		.ascii	"Row_Tone_Start\000"
 1242      546F6E65 
 1242      5F537461 
 1242      727400
 1243              	.LASF16:
 1244 020e 73697A65 		.ascii	"sizetype\000"
 1244      74797065 
 1244      00
 1245              	.LASF39:
 1246 0217 433A5C55 		.ascii	"C:\\Users\\jespinoz\\Documents\\personales\\maestri"
 1246      73657273 
 1246      5C6A6573 
 1246      70696E6F 
 1246      7A5C446F 
 1247 0245 615C5441 		.ascii	"a\\TAPD\\proyecto1\\proyecto1_TAPD\\Tx\\TareaClase4"
 1247      50445C70 
 1247      726F7965 
 1247      63746F31 
 1247      5C70726F 
 1248 0273 2E637964 		.ascii	".cydsn\000"
 1248      736E00
 1249              	.LASF6:
 1250 027a 6C6F6E67 		.ascii	"long long int\000"
 1250      206C6F6E 
 1250      6720696E 
 1250      7400
 1251              	.LASF14:
 1252 0288 63686172 		.ascii	"char\000"
 1252      00
 1253              	.LASF18:
 1254 028d 526F775F 		.ascii	"Row_Tone_Enable\000"
ARM GAS  C:\Users\jespinoz\AppData\Local\Temp\ccgq2Mst.s 			page 30


 1254      546F6E65 
 1254      5F456E61 
 1254      626C6500 
 1255              	.LASF17:
 1256 029d 526F775F 		.ascii	"Row_Tone_Init\000"
 1256      546F6E65 
 1256      5F496E69 
 1256      7400
 1257              	.LASF2:
 1258 02ab 73686F72 		.ascii	"short int\000"
 1258      7420696E 
 1258      7400
 1259              	.LASF31:
 1260 02b5 526F775F 		.ascii	"Row_Tone_Wave2Chan\000"
 1260      546F6E65 
 1260      5F576176 
 1260      65324368 
 1260      616E00
 1261              	.LASF4:
 1262 02c8 6C6F6E67 		.ascii	"long int\000"
 1262      20696E74 
 1262      00
 1263              	.LASF15:
 1264 02d1 6C6F6E67 		.ascii	"long double\000"
 1264      20646F75 
 1264      626C6500 
 1265              	.LASF0:
 1266 02dd 7369676E 		.ascii	"signed char\000"
 1266      65642063 
 1266      68617200 
 1267              	.LASF34:
 1268 02e9 526F775F 		.ascii	"Row_Tone_initVar\000"
 1268      546F6E65 
 1268      5F696E69 
 1268      74566172 
 1268      00
 1269              		.ident	"GCC: (GNU Tools for ARM Embedded Processors) 5.4.1 20160609 (release) [ARM/embedded-5-bran
