ARM GAS  C:\Users\jespinoz\AppData\Local\Temp\ccoBHjtt.s 			page 1


   1              		.syntax unified
   2              		.cpu cortex-m3
   3              		.fpu softvfp
   4              		.eabi_attribute 20, 1
   5              		.eabi_attribute 21, 1
   6              		.eabi_attribute 23, 3
   7              		.eabi_attribute 24, 1
   8              		.eabi_attribute 25, 1
   9              		.eabi_attribute 26, 1
  10              		.eabi_attribute 30, 6
  11              		.eabi_attribute 34, 1
  12              		.eabi_attribute 18, 4
  13              		.thumb
  14              		.syntax unified
  15              		.file	"cymetadata.c"
  16              		.text
  17              	.Ltext0:
  18              		.cfi_sections	.debug_frame
  19              		.global	cy_meta_configecc
  20              		.section	.cyconfigecc,"a",%progbits
  21              		.align	2
  22              		.type	cy_meta_configecc, %object
  23              		.size	cy_meta_configecc, 920
  24              	cy_meta_configecc:
  25 0000 02       		.byte	2
  26 0001 4F       		.byte	79
  27 0002 00       		.byte	0
  28 0003 40       		.byte	64
  29 0004 02       		.byte	2
  30 0005 52       		.byte	82
  31 0006 00       		.byte	0
  32 0007 40       		.byte	64
  33 0008 03       		.byte	3
  34 0009 65       		.byte	101
  35 000a 00       		.byte	0
  36 000b 40       		.byte	64
  37 000c 01       		.byte	1
  38 000d 09       		.byte	9
  39 000e 01       		.byte	1
  40 000f 40       		.byte	64
  41 0010 01       		.byte	1
  42 0011 0B       		.byte	11
  43 0012 01       		.byte	1
  44 0013 40       		.byte	64
  45 0014 02       		.byte	2
  46 0015 0D       		.byte	13
  47 0016 01       		.byte	1
  48 0017 40       		.byte	64
  49 0018 02       		.byte	2
  50 0019 15       		.byte	21
  51 001a 01       		.byte	1
  52 001b 40       		.byte	64
  53 001c 1A       		.byte	26
  54 001d 18       		.byte	24
  55 001e 01       		.byte	1
  56 001f 40       		.byte	64
  57 0020 46       		.byte	70
ARM GAS  C:\Users\jespinoz\AppData\Local\Temp\ccoBHjtt.s 			page 2


  58 0021 19       		.byte	25
  59 0022 01       		.byte	1
  60 0023 40       		.byte	64
  61 0024 70       		.byte	112
  62 0025 1A       		.byte	26
  63 0026 01       		.byte	1
  64 0027 40       		.byte	64
  65 0028 51       		.byte	81
  66 0029 1B       		.byte	27
  67 002a 01       		.byte	1
  68 002b 40       		.byte	64
  69 002c 02       		.byte	2
  70 002d 40       		.byte	64
  71 002e 01       		.byte	1
  72 002f 40       		.byte	64
  73 0030 01       		.byte	1
  74 0031 41       		.byte	65
  75 0032 01       		.byte	1
  76 0033 40       		.byte	64
  77 0034 03       		.byte	3
  78 0035 42       		.byte	66
  79 0036 01       		.byte	1
  80 0037 40       		.byte	64
  81 0038 02       		.byte	2
  82 0039 44       		.byte	68
  83 003a 01       		.byte	1
  84 003b 40       		.byte	64
  85 003c 02       		.byte	2
  86 003d 45       		.byte	69
  87 003e 01       		.byte	1
  88 003f 40       		.byte	64
  89 0040 02       		.byte	2
  90 0041 46       		.byte	70
  91 0042 01       		.byte	1
  92 0043 40       		.byte	64
  93 0044 01       		.byte	1
  94 0045 47       		.byte	71
  95 0046 01       		.byte	1
  96 0047 40       		.byte	64
  97 0048 04       		.byte	4
  98 0049 48       		.byte	72
  99 004a 01       		.byte	1
 100 004b 40       		.byte	64
 101 004c 03       		.byte	3
 102 004d 49       		.byte	73
 103 004e 01       		.byte	1
 104 004f 40       		.byte	64
 105 0050 02       		.byte	2
 106 0051 4C       		.byte	76
 107 0052 01       		.byte	1
 108 0053 40       		.byte	64
 109 0054 09       		.byte	9
 110 0055 4D       		.byte	77
 111 0056 01       		.byte	1
 112 0057 40       		.byte	64
 113 0058 02       		.byte	2
 114 0059 50       		.byte	80
ARM GAS  C:\Users\jespinoz\AppData\Local\Temp\ccoBHjtt.s 			page 3


 115 005a 01       		.byte	1
 116 005b 40       		.byte	64
 117 005c 01       		.byte	1
 118 005d 51       		.byte	81
 119 005e 01       		.byte	1
 120 005f 40       		.byte	64
 121 0060 01       		.byte	1
 122 0061 10       		.byte	16
 123 0062 0A       		.byte	10
 124 0063 36       		.byte	54
 125 0064 61       		.byte	97
 126 0065 80       		.byte	-128
 127 0066 64       		.byte	100
 128 0067 40       		.byte	64
 129 0068 88       		.byte	-120
 130 0069 72       		.byte	114
 131 006a 89       		.byte	-119
 132 006b 38       		.byte	56
 133 006c 8B       		.byte	-117
 134 006d 0F       		.byte	15
 135 006e A7       		.byte	-89
 136 006f 08       		.byte	8
 137 0070 A7       		.byte	-89
 138 0071 08       		.byte	8
 139 0072 87       		.byte	-121
 140 0073 08       		.byte	8
 141 0074 E4       		.byte	-28
 142 0075 02       		.byte	2
 143 0076 EC       		.byte	-20
 144 0077 10       		.byte	16
 145 0078 EE       		.byte	-18
 146 0079 02       		.byte	2
 147 007a 88       		.byte	-120
 148 007b 02       		.byte	2
 149 007c 8B       		.byte	-117
 150 007d 02       		.byte	2
 151 007e 8E       		.byte	-114
 152 007f 01       		.byte	1
 153 0080 92       		.byte	-110
 154 0081 02       		.byte	2
 155 0082 94       		.byte	-108
 156 0083 02       		.byte	2
 157 0084 95       		.byte	-107
 158 0085 01       		.byte	1
 159 0086 9A       		.byte	-102
 160 0087 04       		.byte	4
 161 0088 A2       		.byte	-94
 162 0089 01       		.byte	1
 163 008a A6       		.byte	-90
 164 008b 02       		.byte	2
 165 008c AB       		.byte	-85
 166 008d 02       		.byte	2
 167 008e B0       		.byte	-80
 168 008f 01       		.byte	1
 169 0090 B2       		.byte	-78
 170 0091 02       		.byte	2
 171 0092 B3       		.byte	-77
ARM GAS  C:\Users\jespinoz\AppData\Local\Temp\ccoBHjtt.s 			page 4


 172 0093 01       		.byte	1
 173 0094 B5       		.byte	-75
 174 0095 02       		.byte	2
 175 0096 B6       		.byte	-74
 176 0097 04       		.byte	4
 177 0098 B8       		.byte	-72
 178 0099 08       		.byte	8
 179 009a BA       		.byte	-70
 180 009b 20       		.byte	32
 181 009c BE       		.byte	-66
 182 009d 01       		.byte	1
 183 009e BF       		.byte	-65
 184 009f 14       		.byte	20
 185 00a0 D4       		.byte	-44
 186 00a1 18       		.byte	24
 187 00a2 D8       		.byte	-40
 188 00a3 04       		.byte	4
 189 00a4 D9       		.byte	-39
 190 00a5 04       		.byte	4
 191 00a6 DB       		.byte	-37
 192 00a7 04       		.byte	4
 193 00a8 DC       		.byte	-36
 194 00a9 02       		.byte	2
 195 00aa DD       		.byte	-35
 196 00ab 20       		.byte	32
 197 00ac DF       		.byte	-33
 198 00ad 01       		.byte	1
 199 00ae 00       		.byte	0
 200 00af 40       		.byte	64
 201 00b0 01       		.byte	1
 202 00b1 20       		.byte	32
 203 00b2 05       		.byte	5
 204 00b3 44       		.byte	68
 205 00b4 06       		.byte	6
 206 00b5 40       		.byte	64
 207 00b6 07       		.byte	7
 208 00b7 08       		.byte	8
 209 00b8 08       		.byte	8
 210 00b9 20       		.byte	32
 211 00ba 09       		.byte	9
 212 00bb 08       		.byte	8
 213 00bc 0B       		.byte	11
 214 00bd 80       		.byte	-128
 215 00be 0C       		.byte	12
 216 00bf 02       		.byte	2
 217 00c0 0D       		.byte	13
 218 00c1 20       		.byte	32
 219 00c2 0E       		.byte	14
 220 00c3 01       		.byte	1
 221 00c4 0F       		.byte	15
 222 00c5 20       		.byte	32
 223 00c6 10       		.byte	16
 224 00c7 80       		.byte	-128
 225 00c8 13       		.byte	19
 226 00c9 08       		.byte	8
 227 00ca 15       		.byte	21
 228 00cb 01       		.byte	1
ARM GAS  C:\Users\jespinoz\AppData\Local\Temp\ccoBHjtt.s 			page 5


 229 00cc 16       		.byte	22
 230 00cd 02       		.byte	2
 231 00ce 17       		.byte	23
 232 00cf 26       		.byte	38
 233 00d0 19       		.byte	25
 234 00d1 30       		.byte	48
 235 00d2 1B       		.byte	27
 236 00d3 55       		.byte	85
 237 00d4 1C       		.byte	28
 238 00d5 20       		.byte	32
 239 00d6 1D       		.byte	29
 240 00d7 08       		.byte	8
 241 00d8 1E       		.byte	30
 242 00d9 4B       		.byte	75
 243 00da 1F       		.byte	31
 244 00db 40       		.byte	64
 245 00dc 20       		.byte	32
 246 00dd 04       		.byte	4
 247 00de 21       		.byte	33
 248 00df 04       		.byte	4
 249 00e0 24       		.byte	36
 250 00e1 40       		.byte	64
 251 00e2 26       		.byte	38
 252 00e3 02       		.byte	2
 253 00e4 27       		.byte	39
 254 00e5 09       		.byte	9
 255 00e6 2B       		.byte	43
 256 00e7 04       		.byte	4
 257 00e8 2C       		.byte	44
 258 00e9 02       		.byte	2
 259 00ea 2E       		.byte	46
 260 00eb 02       		.byte	2
 261 00ec 2F       		.byte	47
 262 00ed 24       		.byte	36
 263 00ee 31       		.byte	49
 264 00ef 20       		.byte	32
 265 00f0 32       		.byte	50
 266 00f1 04       		.byte	4
 267 00f2 33       		.byte	51
 268 00f3 30       		.byte	48
 269 00f4 35       		.byte	53
 270 00f5 50       		.byte	80
 271 00f6 36       		.byte	54
 272 00f7 01       		.byte	1
 273 00f8 37       		.byte	55
 274 00f9 08       		.byte	8
 275 00fa 3A       		.byte	58
 276 00fb 10       		.byte	16
 277 00fc 3D       		.byte	61
 278 00fd 01       		.byte	1
 279 00fe 3E       		.byte	62
 280 00ff 28       		.byte	40
 281 0100 3F       		.byte	63
 282 0101 80       		.byte	-128
 283 0102 45       		.byte	69
 284 0103 08       		.byte	8
 285 0104 47       		.byte	71
ARM GAS  C:\Users\jespinoz\AppData\Local\Temp\ccoBHjtt.s 			page 6


 286 0105 50       		.byte	80
 287 0106 4C       		.byte	76
 288 0107 80       		.byte	-128
 289 0108 4E       		.byte	78
 290 0109 02       		.byte	2
 291 010a 4F       		.byte	79
 292 010b 20       		.byte	32
 293 010c 56       		.byte	86
 294 010d 10       		.byte	16
 295 010e 5B       		.byte	91
 296 010f 01       		.byte	1
 297 0110 5E       		.byte	94
 298 0111 40       		.byte	64
 299 0112 60       		.byte	96
 300 0113 04       		.byte	4
 301 0114 63       		.byte	99
 302 0115 02       		.byte	2
 303 0116 6D       		.byte	109
 304 0117 10       		.byte	16
 305 0118 6E       		.byte	110
 306 0119 14       		.byte	20
 307 011a 6F       		.byte	111
 308 011b 02       		.byte	2
 309 011c 76       		.byte	118
 310 011d 28       		.byte	40
 311 011e 77       		.byte	119
 312 011f 26       		.byte	38
 313 0120 85       		.byte	-123
 314 0121 04       		.byte	4
 315 0122 A7       		.byte	-89
 316 0123 08       		.byte	8
 317 0124 C0       		.byte	-64
 318 0125 F3       		.byte	-13
 319 0126 C2       		.byte	-62
 320 0127 FE       		.byte	-2
 321 0128 C4       		.byte	-60
 322 0129 FC       		.byte	-4
 323 012a CA       		.byte	-54
 324 012b F4       		.byte	-12
 325 012c CC       		.byte	-52
 326 012d F2       		.byte	-14
 327 012e CE       		.byte	-50
 328 012f F4       		.byte	-12
 329 0130 D0       		.byte	-48
 330 0131 70       		.byte	112
 331 0132 D2       		.byte	-46
 332 0133 30       		.byte	48
 333 0134 D6       		.byte	-42
 334 0135 11       		.byte	17
 335 0136 D8       		.byte	-40
 336 0137 0C       		.byte	12
 337 0138 E0       		.byte	-32
 338 0139 08       		.byte	8
 339 013a 00       		.byte	0
 340 013b 0C       		.byte	12
 341 013c 02       		.byte	2
 342 013d 71       		.byte	113
ARM GAS  C:\Users\jespinoz\AppData\Local\Temp\ccoBHjtt.s 			page 7


 343 013e 04       		.byte	4
 344 013f 10       		.byte	16
 345 0140 05       		.byte	5
 346 0141 80       		.byte	-128
 347 0142 06       		.byte	6
 348 0143 AC       		.byte	-84
 349 0144 07       		.byte	7
 350 0145 13       		.byte	19
 351 0146 0F       		.byte	15
 352 0147 0C       		.byte	12
 353 0148 10       		.byte	16
 354 0149 09       		.byte	9
 355 014a 12       		.byte	18
 356 014b D0       		.byte	-48
 357 014c 14       		.byte	20
 358 014d 14       		.byte	20
 359 014e 15       		.byte	21
 360 014f 2C       		.byte	44
 361 0150 17       		.byte	23
 362 0151 43       		.byte	67
 363 0152 19       		.byte	25
 364 0153 71       		.byte	113
 365 0154 1A       		.byte	26
 366 0155 03       		.byte	3
 367 0156 1B       		.byte	27
 368 0157 06       		.byte	6
 369 0158 1F       		.byte	31
 370 0159 08       		.byte	8
 371 015a 20       		.byte	32
 372 015b 10       		.byte	16
 373 015c 21       		.byte	33
 374 015d 71       		.byte	113
 375 015e 22       		.byte	34
 376 015f 40       		.byte	64
 377 0160 23       		.byte	35
 378 0161 0E       		.byte	14
 379 0162 26       		.byte	38
 380 0163 20       		.byte	32
 381 0164 28       		.byte	40
 382 0165 DC       		.byte	-36
 383 0166 2A       		.byte	42
 384 0167 22       		.byte	34
 385 0168 30       		.byte	48
 386 0169 E0       		.byte	-32
 387 016a 31       		.byte	49
 388 016b C0       		.byte	-64
 389 016c 33       		.byte	51
 390 016d 0F       		.byte	15
 391 016e 34       		.byte	52
 392 016f 1F       		.byte	31
 393 0170 35       		.byte	53
 394 0171 30       		.byte	48
 395 0172 38       		.byte	56
 396 0173 08       		.byte	8
 397 0174 39       		.byte	57
 398 0175 22       		.byte	34
 399 0176 3A       		.byte	58
ARM GAS  C:\Users\jespinoz\AppData\Local\Temp\ccoBHjtt.s 			page 8


 400 0177 02       		.byte	2
 401 0178 3B       		.byte	59
 402 0179 08       		.byte	8
 403 017a 3E       		.byte	62
 404 017b 04       		.byte	4
 405 017c 3F       		.byte	63
 406 017d 10       		.byte	16
 407 017e 40       		.byte	64
 408 017f 02       		.byte	2
 409 0180 45       		.byte	69
 410 0181 40       		.byte	64
 411 0182 49       		.byte	73
 412 0183 FF       		.byte	-1
 413 0184 4A       		.byte	74
 414 0185 07       		.byte	7
 415 0186 4B       		.byte	75
 416 0187 FF       		.byte	-1
 417 0188 4C       		.byte	76
 418 0189 40       		.byte	64
 419 018a 4D       		.byte	77
 420 018b 20       		.byte	32
 421 018c 4E       		.byte	78
 422 018d F0       		.byte	-16
 423 018e 4F       		.byte	79
 424 018f 05       		.byte	5
 425 0190 50       		.byte	80
 426 0191 08       		.byte	8
 427 0192 58       		.byte	88
 428 0193 04       		.byte	4
 429 0194 59       		.byte	89
 430 0195 04       		.byte	4
 431 0196 5A       		.byte	90
 432 0197 04       		.byte	4
 433 0198 5C       		.byte	92
 434 0199 22       		.byte	34
 435 019a 5D       		.byte	93
 436 019b 02       		.byte	2
 437 019c 5F       		.byte	95
 438 019d 01       		.byte	1
 439 019e 60       		.byte	96
 440 019f 40       		.byte	64
 441 01a0 61       		.byte	97
 442 01a1 A8       		.byte	-88
 443 01a2 62       		.byte	98
 444 01a3 40       		.byte	64
 445 01a4 63       		.byte	99
 446 01a5 20       		.byte	32
 447 01a6 80       		.byte	-128
 448 01a7 13       		.byte	19
 449 01a8 81       		.byte	-127
 450 01a9 08       		.byte	8
 451 01aa 82       		.byte	-126
 452 01ab 04       		.byte	4
 453 01ac 83       		.byte	-125
 454 01ad 14       		.byte	20
 455 01ae 84       		.byte	-124
 456 01af 20       		.byte	32
ARM GAS  C:\Users\jespinoz\AppData\Local\Temp\ccoBHjtt.s 			page 9


 457 01b0 85       		.byte	-123
 458 01b1 19       		.byte	25
 459 01b2 86       		.byte	-122
 460 01b3 C0       		.byte	-64
 461 01b4 88       		.byte	-120
 462 01b5 13       		.byte	19
 463 01b6 89       		.byte	-119
 464 01b7 19       		.byte	25
 465 01b8 8A       		.byte	-118
 466 01b9 0C       		.byte	12
 467 01ba 8C       		.byte	-116
 468 01bb 40       		.byte	64
 469 01bc 8E       		.byte	-114
 470 01bd 20       		.byte	32
 471 01be 92       		.byte	-110
 472 01bf 08       		.byte	8
 473 01c0 94       		.byte	-108
 474 01c1 80       		.byte	-128
 475 01c2 96       		.byte	-106
 476 01c3 20       		.byte	32
 477 01c4 98       		.byte	-104
 478 01c5 E0       		.byte	-32
 479 01c6 99       		.byte	-103
 480 01c7 10       		.byte	16
 481 01c8 9B       		.byte	-101
 482 01c9 0C       		.byte	12
 483 01ca 9C       		.byte	-100
 484 01cb 0A       		.byte	10
 485 01cc 9E       		.byte	-98
 486 01cd 14       		.byte	20
 487 01ce A6       		.byte	-90
 488 01cf 15       		.byte	21
 489 01d0 A8       		.byte	-88
 490 01d1 E0       		.byte	-32
 491 01d2 AB       		.byte	-85
 492 01d3 02       		.byte	2
 493 01d4 AC       		.byte	-84
 494 01d5 03       		.byte	3
 495 01d6 AD       		.byte	-83
 496 01d7 01       		.byte	1
 497 01d8 AE       		.byte	-82
 498 01d9 14       		.byte	20
 499 01da B0       		.byte	-80
 500 01db 10       		.byte	16
 501 01dc B1       		.byte	-79
 502 01dd 06       		.byte	6
 503 01de B2       		.byte	-78
 504 01df E0       		.byte	-32
 505 01e0 B3       		.byte	-77
 506 01e1 01       		.byte	1
 507 01e2 B4       		.byte	-76
 508 01e3 0F       		.byte	15
 509 01e4 B5       		.byte	-75
 510 01e5 18       		.byte	24
 511 01e6 BA       		.byte	-70
 512 01e7 20       		.byte	32
 513 01e8 BE       		.byte	-66
ARM GAS  C:\Users\jespinoz\AppData\Local\Temp\ccoBHjtt.s 			page 10


 514 01e9 01       		.byte	1
 515 01ea BF       		.byte	-65
 516 01eb 01       		.byte	1
 517 01ec C0       		.byte	-64
 518 01ed 36       		.byte	54
 519 01ee C1       		.byte	-63
 520 01ef 05       		.byte	5
 521 01f0 C5       		.byte	-59
 522 01f1 0B       		.byte	11
 523 01f2 C6       		.byte	-58
 524 01f3 0E       		.byte	14
 525 01f4 C7       		.byte	-57
 526 01f5 C0       		.byte	-64
 527 01f6 C8       		.byte	-56
 528 01f7 25       		.byte	37
 529 01f8 C9       		.byte	-55
 530 01f9 FF       		.byte	-1
 531 01fa CA       		.byte	-54
 532 01fb FF       		.byte	-1
 533 01fc CB       		.byte	-53
 534 01fd FF       		.byte	-1
 535 01fe CE       		.byte	-50
 536 01ff F0       		.byte	-16
 537 0200 CF       		.byte	-49
 538 0201 44       		.byte	68
 539 0202 D0       		.byte	-48
 540 0203 0C       		.byte	12
 541 0204 D4       		.byte	-44
 542 0205 01       		.byte	1
 543 0206 D8       		.byte	-40
 544 0207 04       		.byte	4
 545 0208 D9       		.byte	-39
 546 0209 04       		.byte	4
 547 020a DA       		.byte	-38
 548 020b 04       		.byte	4
 549 020c DB       		.byte	-37
 550 020d 04       		.byte	4
 551 020e DC       		.byte	-36
 552 020f 22       		.byte	34
 553 0210 DD       		.byte	-35
 554 0211 22       		.byte	34
 555 0212 DF       		.byte	-33
 556 0213 01       		.byte	1
 557 0214 E6       		.byte	-26
 558 0215 C0       		.byte	-64
 559 0216 EA       		.byte	-22
 560 0217 40       		.byte	64
 561 0218 EB       		.byte	-21
 562 0219 02       		.byte	2
 563 021a 00       		.byte	0
 564 021b 08       		.byte	8
 565 021c 01       		.byte	1
 566 021d 02       		.byte	2
 567 021e 05       		.byte	5
 568 021f 15       		.byte	21
 569 0220 06       		.byte	6
 570 0221 02       		.byte	2
ARM GAS  C:\Users\jespinoz\AppData\Local\Temp\ccoBHjtt.s 			page 11


 571 0222 0A       		.byte	10
 572 0223 28       		.byte	40
 573 0224 0B       		.byte	11
 574 0225 40       		.byte	64
 575 0226 0D       		.byte	13
 576 0227 40       		.byte	64
 577 0228 0E       		.byte	14
 578 0229 24       		.byte	36
 579 022a 0F       		.byte	15
 580 022b 40       		.byte	64
 581 022c 10       		.byte	16
 582 022d 80       		.byte	-128
 583 022e 11       		.byte	17
 584 022f 04       		.byte	4
 585 0230 12       		.byte	18
 586 0231 08       		.byte	8
 587 0232 15       		.byte	21
 588 0233 14       		.byte	20
 589 0234 16       		.byte	22
 590 0235 01       		.byte	1
 591 0236 19       		.byte	25
 592 0237 03       		.byte	3
 593 0238 1A       		.byte	26
 594 0239 08       		.byte	8
 595 023a 1B       		.byte	27
 596 023b 08       		.byte	8
 597 023c 1C       		.byte	28
 598 023d 08       		.byte	8
 599 023e 1D       		.byte	29
 600 023f 14       		.byte	20
 601 0240 1E       		.byte	30
 602 0241 40       		.byte	64
 603 0242 1F       		.byte	31
 604 0243 04       		.byte	4
 605 0244 20       		.byte	32
 606 0245 04       		.byte	4
 607 0246 21       		.byte	33
 608 0247 08       		.byte	8
 609 0248 22       		.byte	34
 610 0249 08       		.byte	8
 611 024a 23       		.byte	35
 612 024b 40       		.byte	64
 613 024c 26       		.byte	38
 614 024d 10       		.byte	16
 615 024e 27       		.byte	39
 616 024f 50       		.byte	80
 617 0250 29       		.byte	41
 618 0251 01       		.byte	1
 619 0252 2B       		.byte	43
 620 0253 40       		.byte	64
 621 0254 2F       		.byte	47
 622 0255 06       		.byte	6
 623 0256 30       		.byte	48
 624 0257 90       		.byte	-112
 625 0258 31       		.byte	49
 626 0259 18       		.byte	24
 627 025a 36       		.byte	54
ARM GAS  C:\Users\jespinoz\AppData\Local\Temp\ccoBHjtt.s 			page 12


 628 025b 10       		.byte	16
 629 025c 38       		.byte	56
 630 025d 08       		.byte	8
 631 025e 39       		.byte	57
 632 025f 04       		.byte	4
 633 0260 3B       		.byte	59
 634 0261 40       		.byte	64
 635 0262 3E       		.byte	62
 636 0263 16       		.byte	22
 637 0264 40       		.byte	64
 638 0265 04       		.byte	4
 639 0266 44       		.byte	68
 640 0267 10       		.byte	16
 641 0268 48       		.byte	72
 642 0269 80       		.byte	-128
 643 026a 4C       		.byte	76
 644 026b 04       		.byte	4
 645 026c 4E       		.byte	78
 646 026d 10       		.byte	16
 647 026e 4F       		.byte	79
 648 026f 80       		.byte	-128
 649 0270 50       		.byte	80
 650 0271 04       		.byte	4
 651 0272 55       		.byte	85
 652 0273 01       		.byte	1
 653 0274 56       		.byte	86
 654 0275 41       		.byte	65
 655 0276 5C       		.byte	92
 656 0277 01       		.byte	1
 657 0278 5D       		.byte	93
 658 0279 20       		.byte	32
 659 027a 5E       		.byte	94
 660 027b 48       		.byte	72
 661 027c 60       		.byte	96
 662 027d 01       		.byte	1
 663 027e 62       		.byte	98
 664 027f 40       		.byte	64
 665 0280 81       		.byte	-127
 666 0281 48       		.byte	72
 667 0282 88       		.byte	-120
 668 0283 20       		.byte	32
 669 0284 8A       		.byte	-118
 670 0285 02       		.byte	2
 671 0286 8D       		.byte	-115
 672 0287 21       		.byte	33
 673 0288 91       		.byte	-111
 674 0289 10       		.byte	16
 675 028a 92       		.byte	-110
 676 028b 14       		.byte	20
 677 028c 96       		.byte	-106
 678 028d 08       		.byte	8
 679 028e 97       		.byte	-105
 680 028f 08       		.byte	8
 681 0290 9C       		.byte	-100
 682 0291 20       		.byte	32
 683 0292 9D       		.byte	-99
 684 0293 04       		.byte	4
ARM GAS  C:\Users\jespinoz\AppData\Local\Temp\ccoBHjtt.s 			page 13


 685 0294 9E       		.byte	-98
 686 0295 42       		.byte	66
 687 0296 9F       		.byte	-97
 688 0297 50       		.byte	80
 689 0298 A2       		.byte	-94
 690 0299 04       		.byte	4
 691 029a A3       		.byte	-93
 692 029b 02       		.byte	2
 693 029c A6       		.byte	-90
 694 029d 10       		.byte	16
 695 029e A7       		.byte	-89
 696 029f 08       		.byte	8
 697 02a0 AF       		.byte	-81
 698 02a1 08       		.byte	8
 699 02a2 B0       		.byte	-80
 700 02a3 12       		.byte	18
 701 02a4 B1       		.byte	-79
 702 02a5 40       		.byte	64
 703 02a6 B2       		.byte	-78
 704 02a7 10       		.byte	16
 705 02a8 C0       		.byte	-64
 706 02a9 FC       		.byte	-4
 707 02aa C2       		.byte	-62
 708 02ab FE       		.byte	-2
 709 02ac C4       		.byte	-60
 710 02ad EE       		.byte	-18
 711 02ae CA       		.byte	-54
 712 02af 31       		.byte	49
 713 02b0 CC       		.byte	-52
 714 02b1 2E       		.byte	46
 715 02b2 CE       		.byte	-50
 716 02b3 EA       		.byte	-22
 717 02b4 D0       		.byte	-48
 718 02b5 44       		.byte	68
 719 02b6 D2       		.byte	-46
 720 02b7 30       		.byte	48
 721 02b8 D6       		.byte	-42
 722 02b9 F0       		.byte	-16
 723 02ba EC       		.byte	-20
 724 02bb 10       		.byte	16
 725 02bc 32       		.byte	50
 726 02bd 80       		.byte	-128
 727 02be CC       		.byte	-52
 728 02bf 10       		.byte	16
 729 02c0 A6       		.byte	-90
 730 02c1 80       		.byte	-128
 731 02c2 12       		.byte	18
 732 02c3 80       		.byte	-128
 733 02c4 A6       		.byte	-90
 734 02c5 80       		.byte	-128
 735 02c6 C4       		.byte	-60
 736 02c7 10       		.byte	16
 737 02c8 7F       		.byte	127
 738 02c9 10       		.byte	16
 739 02ca DE       		.byte	-34
 740 02cb 01       		.byte	1
 741 02cc 87       		.byte	-121
ARM GAS  C:\Users\jespinoz\AppData\Local\Temp\ccoBHjtt.s 			page 14


 742 02cd 10       		.byte	16
 743 02ce 97       		.byte	-105
 744 02cf 20       		.byte	32
 745 02d0 45       		.byte	69
 746 02d1 08       		.byte	8
 747 02d2 D0       		.byte	-48
 748 02d3 01       		.byte	1
 749 02d4 A5       		.byte	-91
 750 02d5 08       		.byte	8
 751 02d6 25       		.byte	37
 752 02d7 10       		.byte	16
 753 02d8 64       		.byte	100
 754 02d9 10       		.byte	16
 755 02da C8       		.byte	-56
 756 02db 20       		.byte	32
 757 02dc D8       		.byte	-40
 758 02dd 80       		.byte	-128
 759 02de AC       		.byte	-84
 760 02df 10       		.byte	16
 761 02e0 B5       		.byte	-75
 762 02e1 10       		.byte	16
 763 02e2 EE       		.byte	-18
 764 02e3 40       		.byte	64
 765 02e4 87       		.byte	-121
 766 02e5 10       		.byte	16
 767 02e6 A5       		.byte	-91
 768 02e7 08       		.byte	8
 769 02e8 10       		.byte	16
 770 02e9 40       		.byte	64
 771 02ea 73       		.byte	115
 772 02eb 10       		.byte	16
 773 02ec 88       		.byte	-120
 774 02ed 40       		.byte	64
 775 02ee 93       		.byte	-109
 776 02ef 10       		.byte	16
 777 02f0 B5       		.byte	-75
 778 02f1 08       		.byte	8
 779 02f2 C4       		.byte	-60
 780 02f3 08       		.byte	8
 781 02f4 DC       		.byte	-36
 782 02f5 01       		.byte	1
 783 02f6 E2       		.byte	-30
 784 02f7 01       		.byte	1
 785 02f8 EC       		.byte	-20
 786 02f9 08       		.byte	8
 787 02fa 10       		.byte	16
 788 02fb 04       		.byte	4
 789 02fc 1C       		.byte	28
 790 02fd 04       		.byte	4
 791 02fe 00       		.byte	0
 792 02ff 03       		.byte	3
 793 0300 40       		.byte	64
 794 0301 10       		.byte	16
 795 0302 00       		.byte	0
 796 0303 00       		.byte	0
 797 0304 03       		.byte	3
 798 0305 08       		.byte	8
ARM GAS  C:\Users\jespinoz\AppData\Local\Temp\ccoBHjtt.s 			page 15


 799 0306 00       		.byte	0
 800 0307 00       		.byte	0
 801 0308 1C       		.byte	28
 802 0309 18       		.byte	24
 803 030a 23       		.byte	35
 804 030b 00       		.byte	0
 805 030c 02       		.byte	2
 806 030d 00       		.byte	0
 807 030e 00       		.byte	0
 808 030f 04       		.byte	4
 809 0310 33       		.byte	51
 810 0311 1C       		.byte	28
 811 0312 0C       		.byte	12
 812 0313 E1       		.byte	-31
 813 0314 3F       		.byte	63
 814 0315 3C       		.byte	60
 815 0316 00       		.byte	0
 816 0317 C2       		.byte	-62
 817 0318 00       		.byte	0
 818 0319 FF       		.byte	-1
 819 031a 23       		.byte	35
 820 031b 00       		.byte	0
 821 031c 1F       		.byte	31
 822 031d 80       		.byte	-128
 823 031e 20       		.byte	32
 824 031f 00       		.byte	0
 825 0320 08       		.byte	8
 826 0321 44       		.byte	68
 827 0322 00       		.byte	0
 828 0323 00       		.byte	0
 829 0324 04       		.byte	4
 830 0325 00       		.byte	0
 831 0326 00       		.byte	0
 832 0327 E3       		.byte	-29
 833 0328 0C       		.byte	12
 834 0329 C0       		.byte	-64
 835 032a 00       		.byte	0
 836 032b 00       		.byte	0
 837 032c 01       		.byte	1
 838 032d E7       		.byte	-25
 839 032e 00       		.byte	0
 840 032f 18       		.byte	24
 841 0330 10       		.byte	16
 842 0331 38       		.byte	56
 843 0332 0F       		.byte	15
 844 0333 00       		.byte	0
 845 0334 40       		.byte	64
 846 0335 1F       		.byte	31
 847 0336 2C       		.byte	44
 848 0337 C0       		.byte	-64
 849 0338 00       		.byte	0
 850 0339 00       		.byte	0
 851 033a 88       		.byte	-120
 852 033b 20       		.byte	32
 853 033c 00       		.byte	0
 854 033d 00       		.byte	0
 855 033e 11       		.byte	17
ARM GAS  C:\Users\jespinoz\AppData\Local\Temp\ccoBHjtt.s 			page 16


 856 033f 00       		.byte	0
 857 0340 32       		.byte	50
 858 0341 06       		.byte	6
 859 0342 05       		.byte	5
 860 0343 00       		.byte	0
 861 0344 01       		.byte	1
 862 0345 C0       		.byte	-64
 863 0346 E0       		.byte	-32
 864 0347 00       		.byte	0
 865 0348 0A       		.byte	10
 866 0349 FF       		.byte	-1
 867 034a FF       		.byte	-1
 868 034b FF       		.byte	-1
 869 034c 62       		.byte	98
 870 034d A0       		.byte	-96
 871 034e F0       		.byte	-16
 872 034f 41       		.byte	65
 873 0350 0C       		.byte	12
 874 0351 00       		.byte	0
 875 0352 00       		.byte	0
 876 0353 00       		.byte	0
 877 0354 00       		.byte	0
 878 0355 00       		.byte	0
 879 0356 02       		.byte	2
 880 0357 10       		.byte	16
 881 0358 04       		.byte	4
 882 0359 04       		.byte	4
 883 035a 04       		.byte	4
 884 035b 04       		.byte	4
 885 035c 22       		.byte	34
 886 035d 22       		.byte	34
 887 035e 00       		.byte	0
 888 035f 01       		.byte	1
 889 0360 00       		.byte	0
 890 0361 00       		.byte	0
 891 0362 00       		.byte	0
 892 0363 00       		.byte	0
 893 0364 00       		.byte	0
 894 0365 00       		.byte	0
 895 0366 40       		.byte	64
 896 0367 02       		.byte	2
 897 0368 00       		.byte	0
 898 0369 10       		.byte	16
 899 036a 30       		.byte	48
 900 036b 10       		.byte	16
 901 036c 00       		.byte	0
 902 036d 10       		.byte	16
 903 036e 10       		.byte	16
 904 036f 12       		.byte	18
 905 0370 00       		.byte	0
 906 0371 00       		.byte	0
 907 0372 00       		.byte	0
 908 0373 00       		.byte	0
 909 0374 00       		.byte	0
 910 0375 00       		.byte	0
 911 0376 00       		.byte	0
 912 0377 00       		.byte	0
ARM GAS  C:\Users\jespinoz\AppData\Local\Temp\ccoBHjtt.s 			page 17


 913 0378 00       		.byte	0
 914 0379 00       		.byte	0
 915 037a 00       		.byte	0
 916 037b 00       		.byte	0
 917 037c 00       		.byte	0
 918 037d 00       		.byte	0
 919 037e 00       		.byte	0
 920 037f 00       		.byte	0
 921 0380 80       		.byte	-128
 922 0381 00       		.byte	0
 923 0382 40       		.byte	64
 924 0383 80       		.byte	-128
 925 0384 80       		.byte	-128
 926 0385 00       		.byte	0
 927 0386 80       		.byte	-128
 928 0387 00       		.byte	0
 929 0388 00       		.byte	0
 930 0389 00       		.byte	0
 931 038a 00       		.byte	0
 932 038b 00       		.byte	0
 933 038c 00       		.byte	0
 934 038d 0B       		.byte	11
 935 038e 0B       		.byte	11
 936 038f 00       		.byte	0
 937 0390 00       		.byte	0
 938 0391 00       		.byte	0
 939 0392 40       		.byte	64
 940 0393 00       		.byte	0
 941 0394 95       		.byte	-107
 942 0395 00       		.byte	0
 943 0396 18       		.byte	24
 944 0397 01       		.byte	1
 945              		.global	cy_meta_custnvl
 946              		.section	.cycustnvl,"a",%progbits
 947              		.align	2
 948              		.type	cy_meta_custnvl, %object
 949              		.size	cy_meta_custnvl, 4
 950              	cy_meta_custnvl:
 951 0000 00       		.byte	0
 952 0001 00       		.byte	0
 953 0002 40       		.byte	64
 954 0003 05       		.byte	5
 955              		.global	cy_meta_wonvl
 956              		.section	.cywolatch,"a",%progbits
 957              		.align	2
 958              		.type	cy_meta_wonvl, %object
 959              		.size	cy_meta_wonvl, 4
 960              	cy_meta_wonvl:
 961 0000 BC       		.byte	-68
 962 0001 90       		.byte	-112
 963 0002 AC       		.byte	-84
 964 0003 AF       		.byte	-81
 965              		.global	cy_meta_flashprotect
 966              		.section	.cyflashprotect,"a",%progbits
 967              		.align	2
 968              		.type	cy_meta_flashprotect, %object
 969              		.size	cy_meta_flashprotect, 256
ARM GAS  C:\Users\jespinoz\AppData\Local\Temp\ccoBHjtt.s 			page 18


 970              	cy_meta_flashprotect:
 971 0000 00000000 		.space	256
 971      00000000 
 971      00000000 
 971      00000000 
 971      00000000 
 972              		.global	cy_metadata
 973              		.section	.cymeta,"a",%progbits
 974              		.align	2
 975              		.type	cy_metadata, %object
 976              		.size	cy_metadata, 12
 977              	cy_metadata:
 978 0000 00       		.byte	0
 979 0001 01       		.byte	1
 980 0002 2E       		.byte	46
 981 0003 16       		.byte	22
 982 0004 10       		.byte	16
 983 0005 69       		.byte	105
 984 0006 00       		.byte	0
 985 0007 01       		.byte	1
 986 0008 00       		.byte	0
 987 0009 00       		.byte	0
 988 000a 00       		.byte	0
 989 000b 00       		.byte	0
 990              		.text
 991              	.Letext0:
 992              		.file 1 "c:\\program files (x86)\\cypress\\psoc creator\\4.2\\psoc creator\\import\\gnu\\arm\\5.4.
 993              		.file 2 "c:\\program files (x86)\\cypress\\psoc creator\\4.2\\psoc creator\\import\\gnu\\arm\\5.4.
 994              		.file 3 "Generated_Source\\PSoC5\\cymetadata.c"
 995              		.section	.debug_info,"",%progbits
 996              	.Ldebug_info0:
 997 0000 31010000 		.4byte	0x131
 998 0004 0400     		.2byte	0x4
 999 0006 00000000 		.4byte	.Ldebug_abbrev0
 1000 000a 04       		.byte	0x4
 1001 000b 01       		.uleb128 0x1
 1002 000c 0A000000 		.4byte	.LASF17
 1003 0010 0C       		.byte	0xc
 1004 0011 F7010000 		.4byte	.LASF18
 1005 0015 69010000 		.4byte	.LASF19
 1006 0019 00000000 		.4byte	.Ldebug_line0
 1007 001d 02       		.uleb128 0x2
 1008 001e 01       		.byte	0x1
 1009 001f 06       		.byte	0x6
 1010 0020 EB010000 		.4byte	.LASF0
 1011 0024 03       		.uleb128 0x3
 1012 0025 00000000 		.4byte	.LASF9
 1013 0029 01       		.byte	0x1
 1014 002a 1D       		.byte	0x1d
 1015 002b 2F000000 		.4byte	0x2f
 1016 002f 02       		.uleb128 0x2
 1017 0030 01       		.byte	0x1
 1018 0031 08       		.byte	0x8
 1019 0032 A4000000 		.4byte	.LASF1
 1020 0036 02       		.uleb128 0x2
 1021 0037 02       		.byte	0x2
 1022 0038 05       		.byte	0x5
ARM GAS  C:\Users\jespinoz\AppData\Local\Temp\ccoBHjtt.s 			page 19


 1023 0039 5F010000 		.4byte	.LASF2
 1024 003d 02       		.uleb128 0x2
 1025 003e 02       		.byte	0x2
 1026 003f 07       		.byte	0x7
 1027 0040 C4000000 		.4byte	.LASF3
 1028 0044 02       		.uleb128 0x2
 1029 0045 04       		.byte	0x4
 1030 0046 05       		.byte	0x5
 1031 0047 E2010000 		.4byte	.LASF4
 1032 004b 02       		.uleb128 0x2
 1033 004c 04       		.byte	0x4
 1034 004d 07       		.byte	0x7
 1035 004e B2000000 		.4byte	.LASF5
 1036 0052 02       		.uleb128 0x2
 1037 0053 08       		.byte	0x8
 1038 0054 05       		.byte	0x5
 1039 0055 51010000 		.4byte	.LASF6
 1040 0059 02       		.uleb128 0x2
 1041 005a 08       		.byte	0x8
 1042 005b 07       		.byte	0x7
 1043 005c 06010000 		.4byte	.LASF7
 1044 0060 04       		.uleb128 0x4
 1045 0061 04       		.byte	0x4
 1046 0062 05       		.byte	0x5
 1047 0063 696E7400 		.ascii	"int\000"
 1048 0067 02       		.uleb128 0x2
 1049 0068 04       		.byte	0x4
 1050 0069 07       		.byte	0x7
 1051 006a F9000000 		.4byte	.LASF8
 1052 006e 03       		.uleb128 0x3
 1053 006f 1D010000 		.4byte	.LASF10
 1054 0073 02       		.byte	0x2
 1055 0074 18       		.byte	0x18
 1056 0075 24000000 		.4byte	0x24
 1057 0079 05       		.uleb128 0x5
 1058 007a 91000000 		.4byte	0x91
 1059 007e 8A000000 		.4byte	0x8a
 1060 0082 06       		.uleb128 0x6
 1061 0083 8A000000 		.4byte	0x8a
 1062 0087 9703     		.2byte	0x397
 1063 0089 00       		.byte	0
 1064 008a 02       		.uleb128 0x2
 1065 008b 04       		.byte	0x4
 1066 008c 07       		.byte	0x7
 1067 008d 48010000 		.4byte	.LASF11
 1068 0091 07       		.uleb128 0x7
 1069 0092 6E000000 		.4byte	0x6e
 1070 0096 08       		.uleb128 0x8
 1071 0097 E7000000 		.4byte	.LASF12
 1072 009b 03       		.byte	0x3
 1073 009c 1F       		.byte	0x1f
 1074 009d A7000000 		.4byte	0xa7
 1075 00a1 05       		.uleb128 0x5
 1076 00a2 03       		.byte	0x3
 1077 00a3 00000000 		.4byte	cy_meta_configecc
 1078 00a7 07       		.uleb128 0x7
 1079 00a8 79000000 		.4byte	0x79
ARM GAS  C:\Users\jespinoz\AppData\Local\Temp\ccoBHjtt.s 			page 20


 1080 00ac 05       		.uleb128 0x5
 1081 00ad 91000000 		.4byte	0x91
 1082 00b1 BC000000 		.4byte	0xbc
 1083 00b5 09       		.uleb128 0x9
 1084 00b6 8A000000 		.4byte	0x8a
 1085 00ba 03       		.byte	0x3
 1086 00bb 00       		.byte	0
 1087 00bc 08       		.uleb128 0x8
 1088 00bd D7000000 		.4byte	.LASF13
 1089 00c1 03       		.byte	0x3
 1090 00c2 9F       		.byte	0x9f
 1091 00c3 CD000000 		.4byte	0xcd
 1092 00c7 05       		.uleb128 0x5
 1093 00c8 03       		.byte	0x3
 1094 00c9 00000000 		.4byte	cy_meta_custnvl
 1095 00cd 07       		.uleb128 0x7
 1096 00ce AC000000 		.4byte	0xac
 1097 00d2 08       		.uleb128 0x8
 1098 00d3 3A010000 		.4byte	.LASF14
 1099 00d7 03       		.byte	0x3
 1100 00d8 AD       		.byte	0xad
 1101 00d9 E3000000 		.4byte	0xe3
 1102 00dd 05       		.uleb128 0x5
 1103 00de 03       		.byte	0x3
 1104 00df 00000000 		.4byte	cy_meta_wonvl
 1105 00e3 07       		.uleb128 0x7
 1106 00e4 AC000000 		.4byte	0xac
 1107 00e8 05       		.uleb128 0x5
 1108 00e9 91000000 		.4byte	0x91
 1109 00ed F8000000 		.4byte	0xf8
 1110 00f1 09       		.uleb128 0x9
 1111 00f2 8A000000 		.4byte	0x8a
 1112 00f6 FF       		.byte	0xff
 1113 00f7 00       		.byte	0
 1114 00f8 08       		.uleb128 0x8
 1115 00f9 25010000 		.4byte	.LASF15
 1116 00fd 03       		.byte	0x3
 1117 00fe BB       		.byte	0xbb
 1118 00ff 09010000 		.4byte	0x109
 1119 0103 05       		.uleb128 0x5
 1120 0104 03       		.byte	0x3
 1121 0105 00000000 		.4byte	cy_meta_flashprotect
 1122 0109 07       		.uleb128 0x7
 1123 010a E8000000 		.4byte	0xe8
 1124 010e 05       		.uleb128 0x5
 1125 010f 91000000 		.4byte	0x91
 1126 0113 1E010000 		.4byte	0x11e
 1127 0117 09       		.uleb128 0x9
 1128 0118 8A000000 		.4byte	0x8a
 1129 011c 0B       		.byte	0xb
 1130 011d 00       		.byte	0
 1131 011e 08       		.uleb128 0x8
 1132 011f 98000000 		.4byte	.LASF16
 1133 0123 03       		.byte	0x3
 1134 0124 E8       		.byte	0xe8
 1135 0125 2F010000 		.4byte	0x12f
 1136 0129 05       		.uleb128 0x5
ARM GAS  C:\Users\jespinoz\AppData\Local\Temp\ccoBHjtt.s 			page 21


 1137 012a 03       		.byte	0x3
 1138 012b 00000000 		.4byte	cy_metadata
 1139 012f 07       		.uleb128 0x7
 1140 0130 0E010000 		.4byte	0x10e
 1141 0134 00       		.byte	0
 1142              		.section	.debug_abbrev,"",%progbits
 1143              	.Ldebug_abbrev0:
 1144 0000 01       		.uleb128 0x1
 1145 0001 11       		.uleb128 0x11
 1146 0002 01       		.byte	0x1
 1147 0003 25       		.uleb128 0x25
 1148 0004 0E       		.uleb128 0xe
 1149 0005 13       		.uleb128 0x13
 1150 0006 0B       		.uleb128 0xb
 1151 0007 03       		.uleb128 0x3
 1152 0008 0E       		.uleb128 0xe
 1153 0009 1B       		.uleb128 0x1b
 1154 000a 0E       		.uleb128 0xe
 1155 000b 10       		.uleb128 0x10
 1156 000c 17       		.uleb128 0x17
 1157 000d 00       		.byte	0
 1158 000e 00       		.byte	0
 1159 000f 02       		.uleb128 0x2
 1160 0010 24       		.uleb128 0x24
 1161 0011 00       		.byte	0
 1162 0012 0B       		.uleb128 0xb
 1163 0013 0B       		.uleb128 0xb
 1164 0014 3E       		.uleb128 0x3e
 1165 0015 0B       		.uleb128 0xb
 1166 0016 03       		.uleb128 0x3
 1167 0017 0E       		.uleb128 0xe
 1168 0018 00       		.byte	0
 1169 0019 00       		.byte	0
 1170 001a 03       		.uleb128 0x3
 1171 001b 16       		.uleb128 0x16
 1172 001c 00       		.byte	0
 1173 001d 03       		.uleb128 0x3
 1174 001e 0E       		.uleb128 0xe
 1175 001f 3A       		.uleb128 0x3a
 1176 0020 0B       		.uleb128 0xb
 1177 0021 3B       		.uleb128 0x3b
 1178 0022 0B       		.uleb128 0xb
 1179 0023 49       		.uleb128 0x49
 1180 0024 13       		.uleb128 0x13
 1181 0025 00       		.byte	0
 1182 0026 00       		.byte	0
 1183 0027 04       		.uleb128 0x4
 1184 0028 24       		.uleb128 0x24
 1185 0029 00       		.byte	0
 1186 002a 0B       		.uleb128 0xb
 1187 002b 0B       		.uleb128 0xb
 1188 002c 3E       		.uleb128 0x3e
 1189 002d 0B       		.uleb128 0xb
 1190 002e 03       		.uleb128 0x3
 1191 002f 08       		.uleb128 0x8
 1192 0030 00       		.byte	0
 1193 0031 00       		.byte	0
ARM GAS  C:\Users\jespinoz\AppData\Local\Temp\ccoBHjtt.s 			page 22


 1194 0032 05       		.uleb128 0x5
 1195 0033 01       		.uleb128 0x1
 1196 0034 01       		.byte	0x1
 1197 0035 49       		.uleb128 0x49
 1198 0036 13       		.uleb128 0x13
 1199 0037 01       		.uleb128 0x1
 1200 0038 13       		.uleb128 0x13
 1201 0039 00       		.byte	0
 1202 003a 00       		.byte	0
 1203 003b 06       		.uleb128 0x6
 1204 003c 21       		.uleb128 0x21
 1205 003d 00       		.byte	0
 1206 003e 49       		.uleb128 0x49
 1207 003f 13       		.uleb128 0x13
 1208 0040 2F       		.uleb128 0x2f
 1209 0041 05       		.uleb128 0x5
 1210 0042 00       		.byte	0
 1211 0043 00       		.byte	0
 1212 0044 07       		.uleb128 0x7
 1213 0045 26       		.uleb128 0x26
 1214 0046 00       		.byte	0
 1215 0047 49       		.uleb128 0x49
 1216 0048 13       		.uleb128 0x13
 1217 0049 00       		.byte	0
 1218 004a 00       		.byte	0
 1219 004b 08       		.uleb128 0x8
 1220 004c 34       		.uleb128 0x34
 1221 004d 00       		.byte	0
 1222 004e 03       		.uleb128 0x3
 1223 004f 0E       		.uleb128 0xe
 1224 0050 3A       		.uleb128 0x3a
 1225 0051 0B       		.uleb128 0xb
 1226 0052 3B       		.uleb128 0x3b
 1227 0053 0B       		.uleb128 0xb
 1228 0054 49       		.uleb128 0x49
 1229 0055 13       		.uleb128 0x13
 1230 0056 3F       		.uleb128 0x3f
 1231 0057 19       		.uleb128 0x19
 1232 0058 02       		.uleb128 0x2
 1233 0059 18       		.uleb128 0x18
 1234 005a 00       		.byte	0
 1235 005b 00       		.byte	0
 1236 005c 09       		.uleb128 0x9
 1237 005d 21       		.uleb128 0x21
 1238 005e 00       		.byte	0
 1239 005f 49       		.uleb128 0x49
 1240 0060 13       		.uleb128 0x13
 1241 0061 2F       		.uleb128 0x2f
 1242 0062 0B       		.uleb128 0xb
 1243 0063 00       		.byte	0
 1244 0064 00       		.byte	0
 1245 0065 00       		.byte	0
 1246              		.section	.debug_aranges,"",%progbits
 1247 0000 14000000 		.4byte	0x14
 1248 0004 0200     		.2byte	0x2
 1249 0006 00000000 		.4byte	.Ldebug_info0
 1250 000a 04       		.byte	0x4
ARM GAS  C:\Users\jespinoz\AppData\Local\Temp\ccoBHjtt.s 			page 23


 1251 000b 00       		.byte	0
 1252 000c 0000     		.2byte	0
 1253 000e 0000     		.2byte	0
 1254 0010 00000000 		.4byte	0
 1255 0014 00000000 		.4byte	0
 1256              		.section	.debug_line,"",%progbits
 1257              	.Ldebug_line0:
 1258 0000 3D010000 		.section	.debug_str,"MS",%progbits,1
 1258      02003701 
 1258      00000201 
 1258      FB0E0D00 
 1258      01010101 
 1259              	.LASF9:
 1260 0000 5F5F7569 		.ascii	"__uint8_t\000"
 1260      6E74385F 
 1260      7400
 1261              	.LASF17:
 1262 000a 474E5520 		.ascii	"GNU C11 5.4.1 20160609 (release) [ARM/embedded-5-br"
 1262      43313120 
 1262      352E342E 
 1262      31203230 
 1262      31363036 
 1263 003d 616E6368 		.ascii	"anch revision 237715] -mcpu=cortex-m3 -mthumb -g -O"
 1263      20726576 
 1263      6973696F 
 1263      6E203233 
 1263      37373135 
 1264 0070 30202D66 		.ascii	"0 -ffunction-sections -ffat-lto-objects\000"
 1264      66756E63 
 1264      74696F6E 
 1264      2D736563 
 1264      74696F6E 
 1265              	.LASF16:
 1266 0098 63795F6D 		.ascii	"cy_metadata\000"
 1266      65746164 
 1266      61746100 
 1267              	.LASF1:
 1268 00a4 756E7369 		.ascii	"unsigned char\000"
 1268      676E6564 
 1268      20636861 
 1268      7200
 1269              	.LASF5:
 1270 00b2 6C6F6E67 		.ascii	"long unsigned int\000"
 1270      20756E73 
 1270      69676E65 
 1270      6420696E 
 1270      7400
 1271              	.LASF3:
 1272 00c4 73686F72 		.ascii	"short unsigned int\000"
 1272      7420756E 
 1272      7369676E 
 1272      65642069 
 1272      6E7400
 1273              	.LASF13:
 1274 00d7 63795F6D 		.ascii	"cy_meta_custnvl\000"
 1274      6574615F 
 1274      63757374 
ARM GAS  C:\Users\jespinoz\AppData\Local\Temp\ccoBHjtt.s 			page 24


 1274      6E766C00 
 1275              	.LASF12:
 1276 00e7 63795F6D 		.ascii	"cy_meta_configecc\000"
 1276      6574615F 
 1276      636F6E66 
 1276      69676563 
 1276      6300
 1277              	.LASF8:
 1278 00f9 756E7369 		.ascii	"unsigned int\000"
 1278      676E6564 
 1278      20696E74 
 1278      00
 1279              	.LASF7:
 1280 0106 6C6F6E67 		.ascii	"long long unsigned int\000"
 1280      206C6F6E 
 1280      6720756E 
 1280      7369676E 
 1280      65642069 
 1281              	.LASF10:
 1282 011d 75696E74 		.ascii	"uint8_t\000"
 1282      385F7400 
 1283              	.LASF15:
 1284 0125 63795F6D 		.ascii	"cy_meta_flashprotect\000"
 1284      6574615F 
 1284      666C6173 
 1284      6870726F 
 1284      74656374 
 1285              	.LASF14:
 1286 013a 63795F6D 		.ascii	"cy_meta_wonvl\000"
 1286      6574615F 
 1286      776F6E76 
 1286      6C00
 1287              	.LASF11:
 1288 0148 73697A65 		.ascii	"sizetype\000"
 1288      74797065 
 1288      00
 1289              	.LASF6:
 1290 0151 6C6F6E67 		.ascii	"long long int\000"
 1290      206C6F6E 
 1290      6720696E 
 1290      7400
 1291              	.LASF2:
 1292 015f 73686F72 		.ascii	"short int\000"
 1292      7420696E 
 1292      7400
 1293              	.LASF19:
 1294 0169 433A5C55 		.ascii	"C:\\Users\\jespinoz\\Documents\\personales\\maestri"
 1294      73657273 
 1294      5C6A6573 
 1294      70696E6F 
 1294      7A5C446F 
 1295 0197 615C5441 		.ascii	"a\\TAPD\\proyecto1\\proyecto1\\CE95277 ADC and UART"
 1295      50445C70 
 1295      726F7965 
 1295      63746F31 
 1295      5C70726F 
 1296 01c6 5C434539 		.ascii	"\\CE95277 ADC and UART.cydsn\000"
ARM GAS  C:\Users\jespinoz\AppData\Local\Temp\ccoBHjtt.s 			page 25


 1296      35323737 
 1296      20414443 
 1296      20616E64 
 1296      20554152 
 1297              	.LASF4:
 1298 01e2 6C6F6E67 		.ascii	"long int\000"
 1298      20696E74 
 1298      00
 1299              	.LASF0:
 1300 01eb 7369676E 		.ascii	"signed char\000"
 1300      65642063 
 1300      68617200 
 1301              	.LASF18:
 1302 01f7 47656E65 		.ascii	"Generated_Source\\PSoC5\\cymetadata.c\000"
 1302      72617465 
 1302      645F536F 
 1302      75726365 
 1302      5C50536F 
 1303              		.ident	"GCC: (GNU Tools for ARM Embedded Processors) 5.4.1 20160609 (release) [ARM/embedded-5-bran
