ARM GAS  C:\Users\rcaravac\AppData\Local\Temp\ccvt66xd.s 			page 1


   1              		.syntax unified
   2              		.cpu cortex-m3
   3              		.fpu softvfp
   4              		.eabi_attribute 20, 1
   5              		.eabi_attribute 21, 1
   6              		.eabi_attribute 23, 3
   7              		.eabi_attribute 24, 1
   8              		.eabi_attribute 25, 1
   9              		.eabi_attribute 26, 1
  10              		.eabi_attribute 30, 6
  11              		.eabi_attribute 34, 1
  12              		.eabi_attribute 18, 4
  13              		.thumb
  14              		.syntax unified
  15              		.file	"Col_Tone.c"
  16              		.text
  17              	.Ltext0:
  18              		.cfi_sections	.debug_frame
  19              		.global	Col_Tone_initVar
  20              		.bss
  21              		.type	Col_Tone_initVar, %object
  22              		.size	Col_Tone_initVar, 1
  23              	Col_Tone_initVar:
  24 0000 00       		.space	1
  25              		.global	Col_Tone_wave1
  26              		.section	.rodata
  27              		.align	2
  28              		.type	Col_Tone_wave1, %object
  29              		.size	Col_Tone_wave1, 50
  30              	Col_Tone_wave1:
  31 0000 80       		.byte	-128
  32 0001 8F       		.byte	-113
  33 0002 9F       		.byte	-97
  34 0003 AE       		.byte	-82
  35 0004 BC       		.byte	-68
  36 0005 C9       		.byte	-55
  37 0006 D5       		.byte	-43
  38 0007 E0       		.byte	-32
  39 0008 E9       		.byte	-23
  40 0009 F1       		.byte	-15
  41 000a F6       		.byte	-10
  42 000b FA       		.byte	-6
  43 000c FC       		.byte	-4
  44 000d FC       		.byte	-4
  45 000e FA       		.byte	-6
  46 000f F6       		.byte	-10
  47 0010 F1       		.byte	-15
  48 0011 E9       		.byte	-23
  49 0012 E0       		.byte	-32
  50 0013 D5       		.byte	-43
  51 0014 C9       		.byte	-55
  52 0015 BC       		.byte	-68
  53 0016 AE       		.byte	-82
  54 0017 9F       		.byte	-97
  55 0018 8F       		.byte	-113
  56 0019 80       		.byte	-128
  57 001a 70       		.byte	112
ARM GAS  C:\Users\rcaravac\AppData\Local\Temp\ccvt66xd.s 			page 2


  58 001b 60       		.byte	96
  59 001c 51       		.byte	81
  60 001d 43       		.byte	67
  61 001e 36       		.byte	54
  62 001f 2A       		.byte	42
  63 0020 1F       		.byte	31
  64 0021 16       		.byte	22
  65 0022 0E       		.byte	14
  66 0023 09       		.byte	9
  67 0024 05       		.byte	5
  68 0025 03       		.byte	3
  69 0026 03       		.byte	3
  70 0027 05       		.byte	5
  71 0028 09       		.byte	9
  72 0029 0E       		.byte	14
  73 002a 16       		.byte	22
  74 002b 1F       		.byte	31
  75 002c 2A       		.byte	42
  76 002d 36       		.byte	54
  77 002e 43       		.byte	67
  78 002f 51       		.byte	81
  79 0030 60       		.byte	96
  80 0031 70       		.byte	112
  81              		.global	Col_Tone_wave2
  82 0032 0000     		.align	2
  83              		.type	Col_Tone_wave2, %object
  84              		.size	Col_Tone_wave2, 100
  85              	Col_Tone_wave2:
  86 0034 80       		.byte	-128
  87 0035 87       		.byte	-121
  88 0036 8F       		.byte	-113
  89 0037 97       		.byte	-105
  90 0038 9F       		.byte	-97
  91 0039 A6       		.byte	-90
  92 003a AE       		.byte	-82
  93 003b B5       		.byte	-75
  94 003c BC       		.byte	-68
  95 003d C2       		.byte	-62
  96 003e C9       		.byte	-55
  97 003f CF       		.byte	-49
  98 0040 D5       		.byte	-43
  99 0041 DB       		.byte	-37
 100 0042 E0       		.byte	-32
 101 0043 E5       		.byte	-27
 102 0044 E9       		.byte	-23
 103 0045 ED       		.byte	-19
 104 0046 F1       		.byte	-15
 105 0047 F4       		.byte	-12
 106 0048 F6       		.byte	-10
 107 0049 F9       		.byte	-7
 108 004a FA       		.byte	-6
 109 004b FC       		.byte	-4
 110 004c FC       		.byte	-4
 111 004d FC       		.byte	-4
 112 004e FC       		.byte	-4
 113 004f FC       		.byte	-4
 114 0050 FA       		.byte	-6
ARM GAS  C:\Users\rcaravac\AppData\Local\Temp\ccvt66xd.s 			page 3


 115 0051 F9       		.byte	-7
 116 0052 F6       		.byte	-10
 117 0053 F4       		.byte	-12
 118 0054 F1       		.byte	-15
 119 0055 ED       		.byte	-19
 120 0056 E9       		.byte	-23
 121 0057 E5       		.byte	-27
 122 0058 E0       		.byte	-32
 123 0059 DB       		.byte	-37
 124 005a D5       		.byte	-43
 125 005b CF       		.byte	-49
 126 005c C9       		.byte	-55
 127 005d C2       		.byte	-62
 128 005e BC       		.byte	-68
 129 005f B5       		.byte	-75
 130 0060 AE       		.byte	-82
 131 0061 A6       		.byte	-90
 132 0062 9F       		.byte	-97
 133 0063 97       		.byte	-105
 134 0064 8F       		.byte	-113
 135 0065 87       		.byte	-121
 136 0066 80       		.byte	-128
 137 0067 78       		.byte	120
 138 0068 70       		.byte	112
 139 0069 68       		.byte	104
 140 006a 60       		.byte	96
 141 006b 59       		.byte	89
 142 006c 51       		.byte	81
 143 006d 4A       		.byte	74
 144 006e 43       		.byte	67
 145 006f 3D       		.byte	61
 146 0070 36       		.byte	54
 147 0071 30       		.byte	48
 148 0072 2A       		.byte	42
 149 0073 24       		.byte	36
 150 0074 1F       		.byte	31
 151 0075 1A       		.byte	26
 152 0076 16       		.byte	22
 153 0077 12       		.byte	18
 154 0078 0E       		.byte	14
 155 0079 0B       		.byte	11
 156 007a 09       		.byte	9
 157 007b 06       		.byte	6
 158 007c 05       		.byte	5
 159 007d 03       		.byte	3
 160 007e 03       		.byte	3
 161 007f 03       		.byte	3
 162 0080 03       		.byte	3
 163 0081 03       		.byte	3
 164 0082 05       		.byte	5
 165 0083 06       		.byte	6
 166 0084 09       		.byte	9
 167 0085 0B       		.byte	11
 168 0086 0E       		.byte	14
 169 0087 12       		.byte	18
 170 0088 16       		.byte	22
 171 0089 1A       		.byte	26
ARM GAS  C:\Users\rcaravac\AppData\Local\Temp\ccvt66xd.s 			page 4


 172 008a 1F       		.byte	31
 173 008b 24       		.byte	36
 174 008c 2A       		.byte	42
 175 008d 30       		.byte	48
 176 008e 36       		.byte	54
 177 008f 3D       		.byte	61
 178 0090 43       		.byte	67
 179 0091 4A       		.byte	74
 180 0092 51       		.byte	81
 181 0093 59       		.byte	89
 182 0094 60       		.byte	96
 183 0095 68       		.byte	104
 184 0096 70       		.byte	112
 185 0097 78       		.byte	120
 186              		.bss
 187              	Col_Tone_Wave1Chan:
 188 0001 00       		.space	1
 189              	Col_Tone_Wave2Chan:
 190 0002 00       		.space	1
 191              	Col_Tone_Wave1TD:
 192 0003 00       		.space	1
 193              	Col_Tone_Wave2TD:
 194 0004 00       		.space	1
 195              		.section	.text.Col_Tone_Init,"ax",%progbits
 196              		.align	2
 197              		.global	Col_Tone_Init
 198              		.thumb
 199              		.thumb_func
 200              		.type	Col_Tone_Init, %function
 201              	Col_Tone_Init:
 202              	.LFB0:
 203              		.file 1 "Generated_Source\\PSoC5\\Col_Tone.c"
   1:Generated_Source\PSoC5/Col_Tone.c **** /*******************************************************************************
   2:Generated_Source\PSoC5/Col_Tone.c **** * File Name: Col_Tone.c
   3:Generated_Source\PSoC5/Col_Tone.c **** * Version 2.10
   4:Generated_Source\PSoC5/Col_Tone.c **** *
   5:Generated_Source\PSoC5/Col_Tone.c **** * Description:
   6:Generated_Source\PSoC5/Col_Tone.c **** *  This file provides the source code for the 8-bit Waveform DAC 
   7:Generated_Source\PSoC5/Col_Tone.c **** *  (WaveDAC8) Component.
   8:Generated_Source\PSoC5/Col_Tone.c **** *
   9:Generated_Source\PSoC5/Col_Tone.c **** ********************************************************************************
  10:Generated_Source\PSoC5/Col_Tone.c **** * Copyright 2013, Cypress Semiconductor Corporation.  All rights reserved.
  11:Generated_Source\PSoC5/Col_Tone.c **** * You may use this file only in accordance with the license, terms, conditions,
  12:Generated_Source\PSoC5/Col_Tone.c **** * disclaimers, and limitations in the end user license agreement accompanying
  13:Generated_Source\PSoC5/Col_Tone.c **** * the software package with which this file was provided.
  14:Generated_Source\PSoC5/Col_Tone.c **** *******************************************************************************/
  15:Generated_Source\PSoC5/Col_Tone.c **** 
  16:Generated_Source\PSoC5/Col_Tone.c **** #include "Col_Tone.h"
  17:Generated_Source\PSoC5/Col_Tone.c **** 
  18:Generated_Source\PSoC5/Col_Tone.c **** uint8  Col_Tone_initVar = 0u;
  19:Generated_Source\PSoC5/Col_Tone.c **** 
  20:Generated_Source\PSoC5/Col_Tone.c **** const uint8 CYCODE Col_Tone_wave1[Col_Tone_WAVE1_LENGTH] = { 128u,143u,159u,174u,188u,201u,213u,224
  21:Generated_Source\PSoC5/Col_Tone.c **** const uint8 CYCODE Col_Tone_wave2[Col_Tone_WAVE2_LENGTH] = { 128u,135u,143u,151u,159u,166u,174u,181
  22:Generated_Source\PSoC5/Col_Tone.c **** 
  23:Generated_Source\PSoC5/Col_Tone.c **** static uint8  Col_Tone_Wave1Chan;
  24:Generated_Source\PSoC5/Col_Tone.c **** static uint8  Col_Tone_Wave2Chan;
  25:Generated_Source\PSoC5/Col_Tone.c **** static uint8  Col_Tone_Wave1TD;
ARM GAS  C:\Users\rcaravac\AppData\Local\Temp\ccvt66xd.s 			page 5


  26:Generated_Source\PSoC5/Col_Tone.c **** static uint8  Col_Tone_Wave2TD;
  27:Generated_Source\PSoC5/Col_Tone.c **** 
  28:Generated_Source\PSoC5/Col_Tone.c **** 
  29:Generated_Source\PSoC5/Col_Tone.c **** /*******************************************************************************
  30:Generated_Source\PSoC5/Col_Tone.c **** * Function Name: Col_Tone_Init
  31:Generated_Source\PSoC5/Col_Tone.c **** ********************************************************************************
  32:Generated_Source\PSoC5/Col_Tone.c **** *
  33:Generated_Source\PSoC5/Col_Tone.c **** * Summary:
  34:Generated_Source\PSoC5/Col_Tone.c **** *  Initializes component with parameters set in the customizer.
  35:Generated_Source\PSoC5/Col_Tone.c **** *
  36:Generated_Source\PSoC5/Col_Tone.c **** * Parameters:  
  37:Generated_Source\PSoC5/Col_Tone.c **** *  None
  38:Generated_Source\PSoC5/Col_Tone.c **** *
  39:Generated_Source\PSoC5/Col_Tone.c **** * Return: 
  40:Generated_Source\PSoC5/Col_Tone.c **** *  None
  41:Generated_Source\PSoC5/Col_Tone.c **** *
  42:Generated_Source\PSoC5/Col_Tone.c **** *******************************************************************************/
  43:Generated_Source\PSoC5/Col_Tone.c **** void Col_Tone_Init(void) 
  44:Generated_Source\PSoC5/Col_Tone.c **** {
 204              		.loc 1 44 0
 205              		.cfi_startproc
 206              		@ args = 0, pretend = 0, frame = 0
 207              		@ frame_needed = 1, uses_anonymous_args = 0
 208 0000 80B5     		push	{r7, lr}
 209              		.cfi_def_cfa_offset 8
 210              		.cfi_offset 7, -8
 211              		.cfi_offset 14, -4
 212 0002 00AF     		add	r7, sp, #0
 213              		.cfi_def_cfa_register 7
  45:Generated_Source\PSoC5/Col_Tone.c **** 	Col_Tone_VDAC8_Init();
 214              		.loc 1 45 0
 215 0004 FFF7FEFF 		bl	Col_Tone_VDAC8_Init
  46:Generated_Source\PSoC5/Col_Tone.c **** 	Col_Tone_VDAC8_SetSpeed(Col_Tone_HIGHSPEED);
 216              		.loc 1 46 0
 217 0008 0220     		movs	r0, #2
 218 000a FFF7FEFF 		bl	Col_Tone_VDAC8_SetSpeed
  47:Generated_Source\PSoC5/Col_Tone.c **** 	Col_Tone_VDAC8_SetRange(Col_Tone_DAC_RANGE);
 219              		.loc 1 47 0
 220 000e 0020     		movs	r0, #0
 221 0010 FFF7FEFF 		bl	Col_Tone_VDAC8_SetRange
  48:Generated_Source\PSoC5/Col_Tone.c **** 
  49:Generated_Source\PSoC5/Col_Tone.c **** 	#if(Col_Tone_DAC_MODE == Col_Tone_CURRENT_MODE)
  50:Generated_Source\PSoC5/Col_Tone.c **** 		Col_Tone_IDAC8_SetPolarity(Col_Tone_DAC_POL);
  51:Generated_Source\PSoC5/Col_Tone.c **** 	#endif /* Col_Tone_DAC_MODE == Col_Tone_CURRENT_MODE */
  52:Generated_Source\PSoC5/Col_Tone.c **** 
  53:Generated_Source\PSoC5/Col_Tone.c **** 	#if(Col_Tone_OUT_MODE == Col_Tone_BUFFER_MODE)
  54:Generated_Source\PSoC5/Col_Tone.c **** 	   Col_Tone_BuffAmp_Init();
  55:Generated_Source\PSoC5/Col_Tone.c **** 	#endif /* Col_Tone_OUT_MODE == Col_Tone_BUFFER_MODE */
  56:Generated_Source\PSoC5/Col_Tone.c **** 
  57:Generated_Source\PSoC5/Col_Tone.c **** 	/* Get the TD Number for the DMA channel 1 and 2   */
  58:Generated_Source\PSoC5/Col_Tone.c **** 	Col_Tone_Wave1TD = CyDmaTdAllocate();
 222              		.loc 1 58 0
 223 0014 FFF7FEFF 		bl	CyDmaTdAllocate
 224 0018 0346     		mov	r3, r0
 225 001a 1A46     		mov	r2, r3
 226 001c 084B     		ldr	r3, .L2
 227 001e 1A70     		strb	r2, [r3]
ARM GAS  C:\Users\rcaravac\AppData\Local\Temp\ccvt66xd.s 			page 6


  59:Generated_Source\PSoC5/Col_Tone.c **** 	Col_Tone_Wave2TD = CyDmaTdAllocate();
 228              		.loc 1 59 0
 229 0020 FFF7FEFF 		bl	CyDmaTdAllocate
 230 0024 0346     		mov	r3, r0
 231 0026 1A46     		mov	r2, r3
 232 0028 064B     		ldr	r3, .L2+4
 233 002a 1A70     		strb	r2, [r3]
  60:Generated_Source\PSoC5/Col_Tone.c **** 	
  61:Generated_Source\PSoC5/Col_Tone.c **** 	/* Initialize waveform pointers  */
  62:Generated_Source\PSoC5/Col_Tone.c **** 	Col_Tone_Wave1Setup(Col_Tone_wave1, Col_Tone_WAVE1_LENGTH) ;
 234              		.loc 1 62 0
 235 002c 3221     		movs	r1, #50
 236 002e 0648     		ldr	r0, .L2+8
 237 0030 FFF7FEFF 		bl	Col_Tone_Wave1Setup
  63:Generated_Source\PSoC5/Col_Tone.c **** 	Col_Tone_Wave2Setup(Col_Tone_wave2, Col_Tone_WAVE2_LENGTH) ;
 238              		.loc 1 63 0
 239 0034 6421     		movs	r1, #100
 240 0036 0548     		ldr	r0, .L2+12
 241 0038 FFF7FEFF 		bl	Col_Tone_Wave2Setup
  64:Generated_Source\PSoC5/Col_Tone.c **** 	
  65:Generated_Source\PSoC5/Col_Tone.c **** 	/* Initialize the internal clock if one present  */
  66:Generated_Source\PSoC5/Col_Tone.c **** 	#if defined(Col_Tone_DacClk_PHASE)
  67:Generated_Source\PSoC5/Col_Tone.c **** 	   Col_Tone_DacClk_SetPhase(Col_Tone_CLK_PHASE_0nS);
  68:Generated_Source\PSoC5/Col_Tone.c **** 	#endif /* defined(Col_Tone_DacClk_PHASE) */
  69:Generated_Source\PSoC5/Col_Tone.c **** }
 242              		.loc 1 69 0
 243 003c 00BF     		nop
 244 003e 80BD     		pop	{r7, pc}
 245              	.L3:
 246              		.align	2
 247              	.L2:
 248 0040 03000000 		.word	Col_Tone_Wave1TD
 249 0044 04000000 		.word	Col_Tone_Wave2TD
 250 0048 00000000 		.word	Col_Tone_wave1
 251 004c 00000000 		.word	Col_Tone_wave2
 252              		.cfi_endproc
 253              	.LFE0:
 254              		.size	Col_Tone_Init, .-Col_Tone_Init
 255              		.section	.text.Col_Tone_Enable,"ax",%progbits
 256              		.align	2
 257              		.global	Col_Tone_Enable
 258              		.thumb
 259              		.thumb_func
 260              		.type	Col_Tone_Enable, %function
 261              	Col_Tone_Enable:
 262              	.LFB1:
  70:Generated_Source\PSoC5/Col_Tone.c **** 
  71:Generated_Source\PSoC5/Col_Tone.c **** 
  72:Generated_Source\PSoC5/Col_Tone.c **** /*******************************************************************************
  73:Generated_Source\PSoC5/Col_Tone.c **** * Function Name: Col_Tone_Enable
  74:Generated_Source\PSoC5/Col_Tone.c **** ********************************************************************************
  75:Generated_Source\PSoC5/Col_Tone.c **** *  
  76:Generated_Source\PSoC5/Col_Tone.c **** * Summary: 
  77:Generated_Source\PSoC5/Col_Tone.c **** *  Enables the DAC block and DMA operation.
  78:Generated_Source\PSoC5/Col_Tone.c **** *
  79:Generated_Source\PSoC5/Col_Tone.c **** * Parameters:  
  80:Generated_Source\PSoC5/Col_Tone.c **** *  None
ARM GAS  C:\Users\rcaravac\AppData\Local\Temp\ccvt66xd.s 			page 7


  81:Generated_Source\PSoC5/Col_Tone.c **** *
  82:Generated_Source\PSoC5/Col_Tone.c **** * Return: 
  83:Generated_Source\PSoC5/Col_Tone.c **** *  None
  84:Generated_Source\PSoC5/Col_Tone.c **** *
  85:Generated_Source\PSoC5/Col_Tone.c **** *******************************************************************************/
  86:Generated_Source\PSoC5/Col_Tone.c **** void Col_Tone_Enable(void) 
  87:Generated_Source\PSoC5/Col_Tone.c **** {
 263              		.loc 1 87 0
 264              		.cfi_startproc
 265              		@ args = 0, pretend = 0, frame = 0
 266              		@ frame_needed = 1, uses_anonymous_args = 0
 267 0000 80B5     		push	{r7, lr}
 268              		.cfi_def_cfa_offset 8
 269              		.cfi_offset 7, -8
 270              		.cfi_offset 14, -4
 271 0002 00AF     		add	r7, sp, #0
 272              		.cfi_def_cfa_register 7
  88:Generated_Source\PSoC5/Col_Tone.c **** 	Col_Tone_VDAC8_Enable();
 273              		.loc 1 88 0
 274 0004 FFF7FEFF 		bl	Col_Tone_VDAC8_Enable
  89:Generated_Source\PSoC5/Col_Tone.c **** 
  90:Generated_Source\PSoC5/Col_Tone.c **** 	#if(Col_Tone_OUT_MODE == Col_Tone_BUFFER_MODE)
  91:Generated_Source\PSoC5/Col_Tone.c **** 	   Col_Tone_BuffAmp_Enable();
  92:Generated_Source\PSoC5/Col_Tone.c **** 	#endif /* Col_Tone_OUT_MODE == Col_Tone_BUFFER_MODE */
  93:Generated_Source\PSoC5/Col_Tone.c **** 
  94:Generated_Source\PSoC5/Col_Tone.c **** 	/* 
  95:Generated_Source\PSoC5/Col_Tone.c **** 	* Enable the channel. It is configured to remember the TD value so that
  96:Generated_Source\PSoC5/Col_Tone.c **** 	* it can be restored from the place where it has been stopped.
  97:Generated_Source\PSoC5/Col_Tone.c **** 	*/
  98:Generated_Source\PSoC5/Col_Tone.c **** 	(void)CyDmaChEnable(Col_Tone_Wave1Chan, 1u);
 275              		.loc 1 98 0
 276 0008 084B     		ldr	r3, .L5
 277 000a 1B78     		ldrb	r3, [r3]	@ zero_extendqisi2
 278 000c 0121     		movs	r1, #1
 279 000e 1846     		mov	r0, r3
 280 0010 FFF7FEFF 		bl	CyDmaChEnable
  99:Generated_Source\PSoC5/Col_Tone.c **** 	(void)CyDmaChEnable(Col_Tone_Wave2Chan, 1u);
 281              		.loc 1 99 0
 282 0014 064B     		ldr	r3, .L5+4
 283 0016 1B78     		ldrb	r3, [r3]	@ zero_extendqisi2
 284 0018 0121     		movs	r1, #1
 285 001a 1846     		mov	r0, r3
 286 001c FFF7FEFF 		bl	CyDmaChEnable
 100:Generated_Source\PSoC5/Col_Tone.c **** 	
 101:Generated_Source\PSoC5/Col_Tone.c **** 	/* set the initial value */
 102:Generated_Source\PSoC5/Col_Tone.c **** 	Col_Tone_SetValue(0u);
 287              		.loc 1 102 0
 288 0020 0020     		movs	r0, #0
 289 0022 FFF7FEFF 		bl	Col_Tone_VDAC8_SetValue
 103:Generated_Source\PSoC5/Col_Tone.c **** 	
 104:Generated_Source\PSoC5/Col_Tone.c **** 	#if(Col_Tone_CLOCK_SRC == Col_Tone_CLOCK_INT)  	
 105:Generated_Source\PSoC5/Col_Tone.c **** 	   Col_Tone_DacClk_Start();
 106:Generated_Source\PSoC5/Col_Tone.c **** 	#endif /* Col_Tone_CLOCK_SRC == Col_Tone_CLOCK_INT */
 107:Generated_Source\PSoC5/Col_Tone.c **** }
 290              		.loc 1 107 0
 291 0026 00BF     		nop
 292 0028 80BD     		pop	{r7, pc}
ARM GAS  C:\Users\rcaravac\AppData\Local\Temp\ccvt66xd.s 			page 8


 293              	.L6:
 294 002a 00BF     		.align	2
 295              	.L5:
 296 002c 01000000 		.word	Col_Tone_Wave1Chan
 297 0030 02000000 		.word	Col_Tone_Wave2Chan
 298              		.cfi_endproc
 299              	.LFE1:
 300              		.size	Col_Tone_Enable, .-Col_Tone_Enable
 301              		.section	.text.Col_Tone_Start,"ax",%progbits
 302              		.align	2
 303              		.global	Col_Tone_Start
 304              		.thumb
 305              		.thumb_func
 306              		.type	Col_Tone_Start, %function
 307              	Col_Tone_Start:
 308              	.LFB2:
 108:Generated_Source\PSoC5/Col_Tone.c **** 
 109:Generated_Source\PSoC5/Col_Tone.c **** 
 110:Generated_Source\PSoC5/Col_Tone.c **** /*******************************************************************************
 111:Generated_Source\PSoC5/Col_Tone.c **** * Function Name: Col_Tone_Start
 112:Generated_Source\PSoC5/Col_Tone.c **** ********************************************************************************
 113:Generated_Source\PSoC5/Col_Tone.c **** *
 114:Generated_Source\PSoC5/Col_Tone.c **** * Summary:
 115:Generated_Source\PSoC5/Col_Tone.c **** *  The start function initializes the voltage DAC with the default values, 
 116:Generated_Source\PSoC5/Col_Tone.c **** *  and sets the power to the given level.  A power level of 0, is the same as 
 117:Generated_Source\PSoC5/Col_Tone.c **** *  executing the stop function.
 118:Generated_Source\PSoC5/Col_Tone.c **** *
 119:Generated_Source\PSoC5/Col_Tone.c **** * Parameters:  
 120:Generated_Source\PSoC5/Col_Tone.c **** *  None
 121:Generated_Source\PSoC5/Col_Tone.c **** *
 122:Generated_Source\PSoC5/Col_Tone.c **** * Return: 
 123:Generated_Source\PSoC5/Col_Tone.c **** *  None
 124:Generated_Source\PSoC5/Col_Tone.c **** *
 125:Generated_Source\PSoC5/Col_Tone.c **** * Reentrant:
 126:Generated_Source\PSoC5/Col_Tone.c **** *  No
 127:Generated_Source\PSoC5/Col_Tone.c **** *
 128:Generated_Source\PSoC5/Col_Tone.c **** *******************************************************************************/
 129:Generated_Source\PSoC5/Col_Tone.c **** void Col_Tone_Start(void) 
 130:Generated_Source\PSoC5/Col_Tone.c **** {
 309              		.loc 1 130 0
 310              		.cfi_startproc
 311              		@ args = 0, pretend = 0, frame = 0
 312              		@ frame_needed = 1, uses_anonymous_args = 0
 313 0000 80B5     		push	{r7, lr}
 314              		.cfi_def_cfa_offset 8
 315              		.cfi_offset 7, -8
 316              		.cfi_offset 14, -4
 317 0002 00AF     		add	r7, sp, #0
 318              		.cfi_def_cfa_register 7
 131:Generated_Source\PSoC5/Col_Tone.c **** 	/* If not Initialized then initialize all required hardware and software */
 132:Generated_Source\PSoC5/Col_Tone.c **** 	if(Col_Tone_initVar == 0u)
 319              		.loc 1 132 0
 320 0004 064B     		ldr	r3, .L9
 321 0006 1B78     		ldrb	r3, [r3]	@ zero_extendqisi2
 322 0008 002B     		cmp	r3, #0
 323 000a 04D1     		bne	.L8
 133:Generated_Source\PSoC5/Col_Tone.c **** 	{
ARM GAS  C:\Users\rcaravac\AppData\Local\Temp\ccvt66xd.s 			page 9


 134:Generated_Source\PSoC5/Col_Tone.c **** 		Col_Tone_Init();
 324              		.loc 1 134 0
 325 000c FFF7FEFF 		bl	Col_Tone_Init
 135:Generated_Source\PSoC5/Col_Tone.c **** 		Col_Tone_initVar = 1u;
 326              		.loc 1 135 0
 327 0010 034B     		ldr	r3, .L9
 328 0012 0122     		movs	r2, #1
 329 0014 1A70     		strb	r2, [r3]
 330              	.L8:
 136:Generated_Source\PSoC5/Col_Tone.c **** 	}
 137:Generated_Source\PSoC5/Col_Tone.c **** 	
 138:Generated_Source\PSoC5/Col_Tone.c **** 	Col_Tone_Enable();
 331              		.loc 1 138 0
 332 0016 FFF7FEFF 		bl	Col_Tone_Enable
 139:Generated_Source\PSoC5/Col_Tone.c **** }
 333              		.loc 1 139 0
 334 001a 00BF     		nop
 335 001c 80BD     		pop	{r7, pc}
 336              	.L10:
 337 001e 00BF     		.align	2
 338              	.L9:
 339 0020 00000000 		.word	Col_Tone_initVar
 340              		.cfi_endproc
 341              	.LFE2:
 342              		.size	Col_Tone_Start, .-Col_Tone_Start
 343              		.section	.text.Col_Tone_StartEx,"ax",%progbits
 344              		.align	2
 345              		.global	Col_Tone_StartEx
 346              		.thumb
 347              		.thumb_func
 348              		.type	Col_Tone_StartEx, %function
 349              	Col_Tone_StartEx:
 350              	.LFB3:
 140:Generated_Source\PSoC5/Col_Tone.c **** 
 141:Generated_Source\PSoC5/Col_Tone.c **** 
 142:Generated_Source\PSoC5/Col_Tone.c **** /*******************************************************************************
 143:Generated_Source\PSoC5/Col_Tone.c **** * Function Name: Col_Tone_StartEx
 144:Generated_Source\PSoC5/Col_Tone.c **** ********************************************************************************
 145:Generated_Source\PSoC5/Col_Tone.c **** *
 146:Generated_Source\PSoC5/Col_Tone.c **** * Summary:
 147:Generated_Source\PSoC5/Col_Tone.c **** *  The StartEx function sets pointers and sizes for both waveforms
 148:Generated_Source\PSoC5/Col_Tone.c **** *  and then starts the component.
 149:Generated_Source\PSoC5/Col_Tone.c **** *
 150:Generated_Source\PSoC5/Col_Tone.c **** * Parameters:  
 151:Generated_Source\PSoC5/Col_Tone.c **** *   uint8 * wavePtr1:     Pointer to the waveform 1 array.
 152:Generated_Source\PSoC5/Col_Tone.c **** *   uint16  sampleSize1:  The amount of samples in the waveform 1.
 153:Generated_Source\PSoC5/Col_Tone.c **** *   uint8 * wavePtr2:     Pointer to the waveform 2 array.
 154:Generated_Source\PSoC5/Col_Tone.c **** *   uint16  sampleSize2:  The amount of samples in the waveform 2.
 155:Generated_Source\PSoC5/Col_Tone.c **** *
 156:Generated_Source\PSoC5/Col_Tone.c **** * Return: 
 157:Generated_Source\PSoC5/Col_Tone.c **** *  None
 158:Generated_Source\PSoC5/Col_Tone.c **** *
 159:Generated_Source\PSoC5/Col_Tone.c **** * Reentrant:
 160:Generated_Source\PSoC5/Col_Tone.c **** *  No
 161:Generated_Source\PSoC5/Col_Tone.c **** *
 162:Generated_Source\PSoC5/Col_Tone.c **** *******************************************************************************/
 163:Generated_Source\PSoC5/Col_Tone.c **** void Col_Tone_StartEx(const uint8 * wavePtr1, uint16 sampleSize1, const uint8 * wavePtr2, uint16 sa
ARM GAS  C:\Users\rcaravac\AppData\Local\Temp\ccvt66xd.s 			page 10


 164:Generated_Source\PSoC5/Col_Tone.c **** 
 165:Generated_Source\PSoC5/Col_Tone.c **** {
 351              		.loc 1 165 0
 352              		.cfi_startproc
 353              		@ args = 0, pretend = 0, frame = 16
 354              		@ frame_needed = 1, uses_anonymous_args = 0
 355 0000 80B5     		push	{r7, lr}
 356              		.cfi_def_cfa_offset 8
 357              		.cfi_offset 7, -8
 358              		.cfi_offset 14, -4
 359 0002 84B0     		sub	sp, sp, #16
 360              		.cfi_def_cfa_offset 24
 361 0004 00AF     		add	r7, sp, #0
 362              		.cfi_def_cfa_register 7
 363 0006 F860     		str	r0, [r7, #12]
 364 0008 7A60     		str	r2, [r7, #4]
 365 000a 1A46     		mov	r2, r3
 366 000c 0B46     		mov	r3, r1	@ movhi
 367 000e 7B81     		strh	r3, [r7, #10]	@ movhi
 368 0010 1346     		mov	r3, r2	@ movhi
 369 0012 3B81     		strh	r3, [r7, #8]	@ movhi
 166:Generated_Source\PSoC5/Col_Tone.c **** 	Col_Tone_Wave1Setup(wavePtr1, sampleSize1);
 370              		.loc 1 166 0
 371 0014 7B89     		ldrh	r3, [r7, #10]
 372 0016 1946     		mov	r1, r3
 373 0018 F868     		ldr	r0, [r7, #12]
 374 001a FFF7FEFF 		bl	Col_Tone_Wave1Setup
 167:Generated_Source\PSoC5/Col_Tone.c **** 	Col_Tone_Wave2Setup(wavePtr2, sampleSize2);
 375              		.loc 1 167 0
 376 001e 3B89     		ldrh	r3, [r7, #8]
 377 0020 1946     		mov	r1, r3
 378 0022 7868     		ldr	r0, [r7, #4]
 379 0024 FFF7FEFF 		bl	Col_Tone_Wave2Setup
 168:Generated_Source\PSoC5/Col_Tone.c **** 	Col_Tone_Start();
 380              		.loc 1 168 0
 381 0028 FFF7FEFF 		bl	Col_Tone_Start
 169:Generated_Source\PSoC5/Col_Tone.c **** }
 382              		.loc 1 169 0
 383 002c 00BF     		nop
 384 002e 1037     		adds	r7, r7, #16
 385              		.cfi_def_cfa_offset 8
 386 0030 BD46     		mov	sp, r7
 387              		.cfi_def_cfa_register 13
 388              		@ sp needed
 389 0032 80BD     		pop	{r7, pc}
 390              		.cfi_endproc
 391              	.LFE3:
 392              		.size	Col_Tone_StartEx, .-Col_Tone_StartEx
 393              		.section	.text.Col_Tone_Stop,"ax",%progbits
 394              		.align	2
 395              		.global	Col_Tone_Stop
 396              		.thumb
 397              		.thumb_func
 398              		.type	Col_Tone_Stop, %function
 399              	Col_Tone_Stop:
 400              	.LFB4:
 170:Generated_Source\PSoC5/Col_Tone.c **** 
ARM GAS  C:\Users\rcaravac\AppData\Local\Temp\ccvt66xd.s 			page 11


 171:Generated_Source\PSoC5/Col_Tone.c **** 
 172:Generated_Source\PSoC5/Col_Tone.c **** /*******************************************************************************
 173:Generated_Source\PSoC5/Col_Tone.c **** * Function Name: Col_Tone_Stop
 174:Generated_Source\PSoC5/Col_Tone.c **** ********************************************************************************
 175:Generated_Source\PSoC5/Col_Tone.c **** *
 176:Generated_Source\PSoC5/Col_Tone.c **** * Summary:
 177:Generated_Source\PSoC5/Col_Tone.c **** *  Stops the clock (if internal), disables the DMA channels
 178:Generated_Source\PSoC5/Col_Tone.c **** *  and powers down the DAC.
 179:Generated_Source\PSoC5/Col_Tone.c **** *
 180:Generated_Source\PSoC5/Col_Tone.c **** * Parameters:  
 181:Generated_Source\PSoC5/Col_Tone.c **** *  None  
 182:Generated_Source\PSoC5/Col_Tone.c **** *
 183:Generated_Source\PSoC5/Col_Tone.c **** * Return: 
 184:Generated_Source\PSoC5/Col_Tone.c **** *  None
 185:Generated_Source\PSoC5/Col_Tone.c **** *
 186:Generated_Source\PSoC5/Col_Tone.c **** *******************************************************************************/
 187:Generated_Source\PSoC5/Col_Tone.c **** void Col_Tone_Stop(void) 
 188:Generated_Source\PSoC5/Col_Tone.c **** {
 401              		.loc 1 188 0
 402              		.cfi_startproc
 403              		@ args = 0, pretend = 0, frame = 0
 404              		@ frame_needed = 1, uses_anonymous_args = 0
 405 0000 80B5     		push	{r7, lr}
 406              		.cfi_def_cfa_offset 8
 407              		.cfi_offset 7, -8
 408              		.cfi_offset 14, -4
 409 0002 00AF     		add	r7, sp, #0
 410              		.cfi_def_cfa_register 7
 189:Generated_Source\PSoC5/Col_Tone.c **** 	/* Turn off internal clock, if one present */
 190:Generated_Source\PSoC5/Col_Tone.c **** 	#if(Col_Tone_CLOCK_SRC == Col_Tone_CLOCK_INT)  	
 191:Generated_Source\PSoC5/Col_Tone.c **** 	   Col_Tone_DacClk_Stop();
 192:Generated_Source\PSoC5/Col_Tone.c **** 	#endif /* Col_Tone_CLOCK_SRC == Col_Tone_CLOCK_INT */
 193:Generated_Source\PSoC5/Col_Tone.c **** 	
 194:Generated_Source\PSoC5/Col_Tone.c **** 	/* Disble DMA channels */
 195:Generated_Source\PSoC5/Col_Tone.c **** 	(void)CyDmaChDisable(Col_Tone_Wave1Chan);
 411              		.loc 1 195 0
 412 0004 064B     		ldr	r3, .L13
 413 0006 1B78     		ldrb	r3, [r3]	@ zero_extendqisi2
 414 0008 1846     		mov	r0, r3
 415 000a FFF7FEFF 		bl	CyDmaChDisable
 196:Generated_Source\PSoC5/Col_Tone.c **** 	(void)CyDmaChDisable(Col_Tone_Wave2Chan);
 416              		.loc 1 196 0
 417 000e 054B     		ldr	r3, .L13+4
 418 0010 1B78     		ldrb	r3, [r3]	@ zero_extendqisi2
 419 0012 1846     		mov	r0, r3
 420 0014 FFF7FEFF 		bl	CyDmaChDisable
 197:Generated_Source\PSoC5/Col_Tone.c **** 
 198:Generated_Source\PSoC5/Col_Tone.c **** 	/* Disable power to DAC */
 199:Generated_Source\PSoC5/Col_Tone.c **** 	Col_Tone_VDAC8_Stop();
 421              		.loc 1 199 0
 422 0018 FFF7FEFF 		bl	Col_Tone_VDAC8_Stop
 200:Generated_Source\PSoC5/Col_Tone.c **** }
 423              		.loc 1 200 0
 424 001c 00BF     		nop
 425 001e 80BD     		pop	{r7, pc}
 426              	.L14:
 427              		.align	2
ARM GAS  C:\Users\rcaravac\AppData\Local\Temp\ccvt66xd.s 			page 12


 428              	.L13:
 429 0020 01000000 		.word	Col_Tone_Wave1Chan
 430 0024 02000000 		.word	Col_Tone_Wave2Chan
 431              		.cfi_endproc
 432              	.LFE4:
 433              		.size	Col_Tone_Stop, .-Col_Tone_Stop
 434              		.section	.text.Col_Tone_Wave1Setup,"ax",%progbits
 435              		.align	2
 436              		.global	Col_Tone_Wave1Setup
 437              		.thumb
 438              		.thumb_func
 439              		.type	Col_Tone_Wave1Setup, %function
 440              	Col_Tone_Wave1Setup:
 441              	.LFB5:
 201:Generated_Source\PSoC5/Col_Tone.c **** 
 202:Generated_Source\PSoC5/Col_Tone.c **** 
 203:Generated_Source\PSoC5/Col_Tone.c **** /*******************************************************************************
 204:Generated_Source\PSoC5/Col_Tone.c **** * Function Name: Col_Tone_Wave1Setup
 205:Generated_Source\PSoC5/Col_Tone.c **** ********************************************************************************
 206:Generated_Source\PSoC5/Col_Tone.c **** *
 207:Generated_Source\PSoC5/Col_Tone.c **** * Summary:
 208:Generated_Source\PSoC5/Col_Tone.c **** *  Sets pointer and size for waveform 1.                                    
 209:Generated_Source\PSoC5/Col_Tone.c **** *
 210:Generated_Source\PSoC5/Col_Tone.c **** * Parameters:  
 211:Generated_Source\PSoC5/Col_Tone.c **** *  uint8 * WavePtr:     Pointer to the waveform array.
 212:Generated_Source\PSoC5/Col_Tone.c **** *  uint16  SampleSize:  The amount of samples in the waveform.
 213:Generated_Source\PSoC5/Col_Tone.c **** *
 214:Generated_Source\PSoC5/Col_Tone.c **** * Return: 
 215:Generated_Source\PSoC5/Col_Tone.c **** *  None 
 216:Generated_Source\PSoC5/Col_Tone.c **** *
 217:Generated_Source\PSoC5/Col_Tone.c **** *******************************************************************************/
 218:Generated_Source\PSoC5/Col_Tone.c **** void Col_Tone_Wave1Setup(const uint8 * wavePtr, uint16 sampleSize)
 219:Generated_Source\PSoC5/Col_Tone.c **** 
 220:Generated_Source\PSoC5/Col_Tone.c **** {
 442              		.loc 1 220 0
 443              		.cfi_startproc
 444              		@ args = 0, pretend = 0, frame = 8
 445              		@ frame_needed = 1, uses_anonymous_args = 0
 446 0000 80B5     		push	{r7, lr}
 447              		.cfi_def_cfa_offset 8
 448              		.cfi_offset 7, -8
 449              		.cfi_offset 14, -4
 450 0002 82B0     		sub	sp, sp, #8
 451              		.cfi_def_cfa_offset 16
 452 0004 00AF     		add	r7, sp, #0
 453              		.cfi_def_cfa_register 7
 454 0006 7860     		str	r0, [r7, #4]
 455 0008 0B46     		mov	r3, r1
 456 000a 7B80     		strh	r3, [r7, #2]	@ movhi
 221:Generated_Source\PSoC5/Col_Tone.c **** 	#if (CY_PSOC3)
 222:Generated_Source\PSoC5/Col_Tone.c **** 		uint16 memoryType; /* determining the source memory type */
 223:Generated_Source\PSoC5/Col_Tone.c **** 		memoryType = (Col_Tone_HI16FLASHPTR == HI16(wavePtr)) ? HI16(CYDEV_FLS_BASE) : HI16(CYDEV_SRAM_BA
 224:Generated_Source\PSoC5/Col_Tone.c **** 		
 225:Generated_Source\PSoC5/Col_Tone.c **** 		Col_Tone_Wave1Chan = Col_Tone_Wave1_DMA_DmaInitialize(
 226:Generated_Source\PSoC5/Col_Tone.c **** 		Col_Tone_Wave1_DMA_BYTES_PER_BURST, Col_Tone_Wave1_DMA_REQUEST_PER_BURST,
 227:Generated_Source\PSoC5/Col_Tone.c **** 		memoryType, HI16(CYDEV_PERIPH_BASE));
 228:Generated_Source\PSoC5/Col_Tone.c **** 	#else /* PSoC 5 */
ARM GAS  C:\Users\rcaravac\AppData\Local\Temp\ccvt66xd.s 			page 13


 229:Generated_Source\PSoC5/Col_Tone.c **** 		Col_Tone_Wave1Chan = Col_Tone_Wave1_DMA_DmaInitialize(
 230:Generated_Source\PSoC5/Col_Tone.c **** 		Col_Tone_Wave1_DMA_BYTES_PER_BURST, Col_Tone_Wave1_DMA_REQUEST_PER_BURST,
 231:Generated_Source\PSoC5/Col_Tone.c **** 		HI16(wavePtr), HI16(Col_Tone_DAC8__D));
 457              		.loc 1 231 0
 458 000c 7B68     		ldr	r3, [r7, #4]
 459 000e 1B0C     		lsrs	r3, r3, #16
 229:Generated_Source\PSoC5/Col_Tone.c **** 		Col_Tone_Wave1_DMA_BYTES_PER_BURST, Col_Tone_Wave1_DMA_REQUEST_PER_BURST,
 460              		.loc 1 229 0
 461 0010 9AB2     		uxth	r2, r3
 462 0012 4FF48043 		mov	r3, #16384
 463 0016 0121     		movs	r1, #1
 464 0018 0120     		movs	r0, #1
 465 001a FFF7FEFF 		bl	Col_Tone_Wave1_DMA_DmaInitialize
 466 001e 0346     		mov	r3, r0
 467 0020 1A46     		mov	r2, r3
 468 0022 0F4B     		ldr	r3, .L16
 469 0024 1A70     		strb	r2, [r3]
 232:Generated_Source\PSoC5/Col_Tone.c **** 	#endif /* CY_PSOC3 */
 233:Generated_Source\PSoC5/Col_Tone.c **** 	
 234:Generated_Source\PSoC5/Col_Tone.c **** 	/*
 235:Generated_Source\PSoC5/Col_Tone.c **** 	* TD is looping on itself. 
 236:Generated_Source\PSoC5/Col_Tone.c ****     * Increment the source address, but not the destination address. 
 237:Generated_Source\PSoC5/Col_Tone.c **** 	*/
 238:Generated_Source\PSoC5/Col_Tone.c **** 	(void)CyDmaTdSetConfiguration(Col_Tone_Wave1TD, sampleSize, Col_Tone_Wave1TD, 
 470              		.loc 1 238 0
 471 0026 0F4B     		ldr	r3, .L16+4
 472 0028 1878     		ldrb	r0, [r3]	@ zero_extendqisi2
 473 002a 0E4B     		ldr	r3, .L16+4
 474 002c 1A78     		ldrb	r2, [r3]	@ zero_extendqisi2
 475 002e 7988     		ldrh	r1, [r7, #2]
 476 0030 0123     		movs	r3, #1
 477 0032 FFF7FEFF 		bl	CyDmaTdSetConfiguration
 239:Generated_Source\PSoC5/Col_Tone.c ****                                     (uint8)CY_DMA_TD_INC_SRC_ADR | (uint8)Col_Tone_Wave1_DMA__TD_TE
 240:Generated_Source\PSoC5/Col_Tone.c **** 	
 241:Generated_Source\PSoC5/Col_Tone.c **** 	/* Set the TD source and destination address */
 242:Generated_Source\PSoC5/Col_Tone.c **** 	(void)CyDmaTdSetAddress(Col_Tone_Wave1TD, LO16((uint32)wavePtr), LO16(Col_Tone_DAC8__D));
 478              		.loc 1 242 0
 479 0036 0B4B     		ldr	r3, .L16+4
 480 0038 1B78     		ldrb	r3, [r3]	@ zero_extendqisi2
 481 003a 7A68     		ldr	r2, [r7, #4]
 482 003c 91B2     		uxth	r1, r2
 483 003e 45F68232 		movw	r2, #23426
 484 0042 1846     		mov	r0, r3
 485 0044 FFF7FEFF 		bl	CyDmaTdSetAddress
 243:Generated_Source\PSoC5/Col_Tone.c **** 	
 244:Generated_Source\PSoC5/Col_Tone.c **** 	/* Associate the TD with the channel */
 245:Generated_Source\PSoC5/Col_Tone.c **** 	(void)CyDmaChSetInitialTd(Col_Tone_Wave1Chan, Col_Tone_Wave1TD);
 486              		.loc 1 245 0
 487 0048 054B     		ldr	r3, .L16
 488 004a 1A78     		ldrb	r2, [r3]	@ zero_extendqisi2
 489 004c 054B     		ldr	r3, .L16+4
 490 004e 1B78     		ldrb	r3, [r3]	@ zero_extendqisi2
 491 0050 1946     		mov	r1, r3
 492 0052 1046     		mov	r0, r2
 493 0054 FFF7FEFF 		bl	CyDmaChSetInitialTd
 246:Generated_Source\PSoC5/Col_Tone.c **** }
 494              		.loc 1 246 0
ARM GAS  C:\Users\rcaravac\AppData\Local\Temp\ccvt66xd.s 			page 14


 495 0058 00BF     		nop
 496 005a 0837     		adds	r7, r7, #8
 497              		.cfi_def_cfa_offset 8
 498 005c BD46     		mov	sp, r7
 499              		.cfi_def_cfa_register 13
 500              		@ sp needed
 501 005e 80BD     		pop	{r7, pc}
 502              	.L17:
 503              		.align	2
 504              	.L16:
 505 0060 01000000 		.word	Col_Tone_Wave1Chan
 506 0064 03000000 		.word	Col_Tone_Wave1TD
 507              		.cfi_endproc
 508              	.LFE5:
 509              		.size	Col_Tone_Wave1Setup, .-Col_Tone_Wave1Setup
 510              		.section	.text.Col_Tone_Wave2Setup,"ax",%progbits
 511              		.align	2
 512              		.global	Col_Tone_Wave2Setup
 513              		.thumb
 514              		.thumb_func
 515              		.type	Col_Tone_Wave2Setup, %function
 516              	Col_Tone_Wave2Setup:
 517              	.LFB6:
 247:Generated_Source\PSoC5/Col_Tone.c **** 
 248:Generated_Source\PSoC5/Col_Tone.c **** 
 249:Generated_Source\PSoC5/Col_Tone.c **** /*******************************************************************************
 250:Generated_Source\PSoC5/Col_Tone.c **** * Function Name: Col_Tone_Wave2Setup
 251:Generated_Source\PSoC5/Col_Tone.c **** ********************************************************************************
 252:Generated_Source\PSoC5/Col_Tone.c **** *
 253:Generated_Source\PSoC5/Col_Tone.c **** * Summary:
 254:Generated_Source\PSoC5/Col_Tone.c **** *  Sets pointer and size for waveform 2.                                    
 255:Generated_Source\PSoC5/Col_Tone.c **** *
 256:Generated_Source\PSoC5/Col_Tone.c **** * Parameters:  
 257:Generated_Source\PSoC5/Col_Tone.c **** *  uint8 * WavePtr:     Pointer to the waveform array.
 258:Generated_Source\PSoC5/Col_Tone.c **** *  uint16  SampleSize:  The amount of samples in the waveform.
 259:Generated_Source\PSoC5/Col_Tone.c **** *
 260:Generated_Source\PSoC5/Col_Tone.c **** * Return: 
 261:Generated_Source\PSoC5/Col_Tone.c **** *  None
 262:Generated_Source\PSoC5/Col_Tone.c **** *
 263:Generated_Source\PSoC5/Col_Tone.c **** *******************************************************************************/
 264:Generated_Source\PSoC5/Col_Tone.c **** void Col_Tone_Wave2Setup(const uint8 * wavePtr, uint16 sampleSize)
 265:Generated_Source\PSoC5/Col_Tone.c ****  
 266:Generated_Source\PSoC5/Col_Tone.c **** {
 518              		.loc 1 266 0
 519              		.cfi_startproc
 520              		@ args = 0, pretend = 0, frame = 8
 521              		@ frame_needed = 1, uses_anonymous_args = 0
 522 0000 80B5     		push	{r7, lr}
 523              		.cfi_def_cfa_offset 8
 524              		.cfi_offset 7, -8
 525              		.cfi_offset 14, -4
 526 0002 82B0     		sub	sp, sp, #8
 527              		.cfi_def_cfa_offset 16
 528 0004 00AF     		add	r7, sp, #0
 529              		.cfi_def_cfa_register 7
 530 0006 7860     		str	r0, [r7, #4]
 531 0008 0B46     		mov	r3, r1
ARM GAS  C:\Users\rcaravac\AppData\Local\Temp\ccvt66xd.s 			page 15


 532 000a 7B80     		strh	r3, [r7, #2]	@ movhi
 267:Generated_Source\PSoC5/Col_Tone.c **** 	#if (CY_PSOC3)
 268:Generated_Source\PSoC5/Col_Tone.c **** 		uint16 memoryType; /* determining the source memory type */
 269:Generated_Source\PSoC5/Col_Tone.c **** 		memoryType = (Col_Tone_HI16FLASHPTR == HI16(wavePtr)) ? HI16(CYDEV_FLS_BASE) : HI16(CYDEV_SRAM_BA
 270:Generated_Source\PSoC5/Col_Tone.c **** 			
 271:Generated_Source\PSoC5/Col_Tone.c **** 		Col_Tone_Wave2Chan = Col_Tone_Wave2_DMA_DmaInitialize(
 272:Generated_Source\PSoC5/Col_Tone.c **** 		Col_Tone_Wave2_DMA_BYTES_PER_BURST, Col_Tone_Wave2_DMA_REQUEST_PER_BURST,
 273:Generated_Source\PSoC5/Col_Tone.c **** 		memoryType, HI16(CYDEV_PERIPH_BASE));
 274:Generated_Source\PSoC5/Col_Tone.c **** 	#else /* PSoC 5 */
 275:Generated_Source\PSoC5/Col_Tone.c **** 		Col_Tone_Wave2Chan = Col_Tone_Wave2_DMA_DmaInitialize(
 276:Generated_Source\PSoC5/Col_Tone.c **** 		Col_Tone_Wave2_DMA_BYTES_PER_BURST, Col_Tone_Wave2_DMA_REQUEST_PER_BURST,
 277:Generated_Source\PSoC5/Col_Tone.c **** 		HI16(wavePtr), HI16(Col_Tone_DAC8__D));
 533              		.loc 1 277 0
 534 000c 7B68     		ldr	r3, [r7, #4]
 535 000e 1B0C     		lsrs	r3, r3, #16
 275:Generated_Source\PSoC5/Col_Tone.c **** 		Col_Tone_Wave2_DMA_BYTES_PER_BURST, Col_Tone_Wave2_DMA_REQUEST_PER_BURST,
 536              		.loc 1 275 0
 537 0010 9AB2     		uxth	r2, r3
 538 0012 4FF48043 		mov	r3, #16384
 539 0016 0121     		movs	r1, #1
 540 0018 0120     		movs	r0, #1
 541 001a FFF7FEFF 		bl	Col_Tone_Wave2_DMA_DmaInitialize
 542 001e 0346     		mov	r3, r0
 543 0020 1A46     		mov	r2, r3
 544 0022 0F4B     		ldr	r3, .L19
 545 0024 1A70     		strb	r2, [r3]
 278:Generated_Source\PSoC5/Col_Tone.c **** 	#endif /* CY_PSOC3 */
 279:Generated_Source\PSoC5/Col_Tone.c **** 	
 280:Generated_Source\PSoC5/Col_Tone.c **** 	/*
 281:Generated_Source\PSoC5/Col_Tone.c **** 	* TD is looping on itself. 
 282:Generated_Source\PSoC5/Col_Tone.c **** 	* Increment the source address, but not the destination address. 
 283:Generated_Source\PSoC5/Col_Tone.c **** 	*/
 284:Generated_Source\PSoC5/Col_Tone.c **** 	(void)CyDmaTdSetConfiguration(Col_Tone_Wave2TD, sampleSize, Col_Tone_Wave2TD, 
 546              		.loc 1 284 0
 547 0026 0F4B     		ldr	r3, .L19+4
 548 0028 1878     		ldrb	r0, [r3]	@ zero_extendqisi2
 549 002a 0E4B     		ldr	r3, .L19+4
 550 002c 1A78     		ldrb	r2, [r3]	@ zero_extendqisi2
 551 002e 7988     		ldrh	r1, [r7, #2]
 552 0030 0123     		movs	r3, #1
 553 0032 FFF7FEFF 		bl	CyDmaTdSetConfiguration
 285:Generated_Source\PSoC5/Col_Tone.c ****                                     (uint8)CY_DMA_TD_INC_SRC_ADR | (uint8)Col_Tone_Wave2_DMA__TD_TE
 286:Generated_Source\PSoC5/Col_Tone.c **** 	
 287:Generated_Source\PSoC5/Col_Tone.c **** 	/* Set the TD source and destination address */
 288:Generated_Source\PSoC5/Col_Tone.c **** 	(void)CyDmaTdSetAddress(Col_Tone_Wave2TD, LO16((uint32)wavePtr), LO16(Col_Tone_DAC8__D));
 554              		.loc 1 288 0
 555 0036 0B4B     		ldr	r3, .L19+4
 556 0038 1B78     		ldrb	r3, [r3]	@ zero_extendqisi2
 557 003a 7A68     		ldr	r2, [r7, #4]
 558 003c 91B2     		uxth	r1, r2
 559 003e 45F68232 		movw	r2, #23426
 560 0042 1846     		mov	r0, r3
 561 0044 FFF7FEFF 		bl	CyDmaTdSetAddress
 289:Generated_Source\PSoC5/Col_Tone.c **** 	
 290:Generated_Source\PSoC5/Col_Tone.c **** 	/* Associate the TD with the channel */
 291:Generated_Source\PSoC5/Col_Tone.c **** 	(void)CyDmaChSetInitialTd(Col_Tone_Wave2Chan, Col_Tone_Wave2TD);
 562              		.loc 1 291 0
ARM GAS  C:\Users\rcaravac\AppData\Local\Temp\ccvt66xd.s 			page 16


 563 0048 054B     		ldr	r3, .L19
 564 004a 1A78     		ldrb	r2, [r3]	@ zero_extendqisi2
 565 004c 054B     		ldr	r3, .L19+4
 566 004e 1B78     		ldrb	r3, [r3]	@ zero_extendqisi2
 567 0050 1946     		mov	r1, r3
 568 0052 1046     		mov	r0, r2
 569 0054 FFF7FEFF 		bl	CyDmaChSetInitialTd
 292:Generated_Source\PSoC5/Col_Tone.c **** }
 570              		.loc 1 292 0
 571 0058 00BF     		nop
 572 005a 0837     		adds	r7, r7, #8
 573              		.cfi_def_cfa_offset 8
 574 005c BD46     		mov	sp, r7
 575              		.cfi_def_cfa_register 13
 576              		@ sp needed
 577 005e 80BD     		pop	{r7, pc}
 578              	.L20:
 579              		.align	2
 580              	.L19:
 581 0060 02000000 		.word	Col_Tone_Wave2Chan
 582 0064 04000000 		.word	Col_Tone_Wave2TD
 583              		.cfi_endproc
 584              	.LFE6:
 585              		.size	Col_Tone_Wave2Setup, .-Col_Tone_Wave2Setup
 586              		.text
 587              	.Letext0:
 588              		.file 2 "Generated_Source\\PSoC5\\cytypes.h"
 589              		.section	.debug_info,"",%progbits
 590              	.Ldebug_info0:
 591 0000 54020000 		.4byte	0x254
 592 0004 0400     		.2byte	0x4
 593 0006 00000000 		.4byte	.Ldebug_abbrev0
 594 000a 04       		.byte	0x4
 595 000b 01       		.uleb128 0x1
 596 000c 0E000000 		.4byte	.LASF37
 597 0010 0C       		.byte	0xc
 598 0011 59020000 		.4byte	.LASF38
 599 0015 C6010000 		.4byte	.LASF39
 600 0019 00000000 		.4byte	.Ldebug_ranges0+0
 601 001d 00000000 		.4byte	0
 602 0021 00000000 		.4byte	.Ldebug_line0
 603 0025 02       		.uleb128 0x2
 604 0026 01       		.byte	0x1
 605 0027 06       		.byte	0x6
 606 0028 F3020000 		.4byte	.LASF0
 607 002c 02       		.uleb128 0x2
 608 002d 01       		.byte	0x1
 609 002e 08       		.byte	0x8
 610 002f 4D010000 		.4byte	.LASF1
 611 0033 02       		.uleb128 0x2
 612 0034 02       		.byte	0x2
 613 0035 05       		.byte	0x5
 614 0036 B2020000 		.4byte	.LASF2
 615 003a 02       		.uleb128 0x2
 616 003b 02       		.byte	0x2
 617 003c 07       		.byte	0x7
 618 003d 9C000000 		.4byte	.LASF3
ARM GAS  C:\Users\rcaravac\AppData\Local\Temp\ccvt66xd.s 			page 17


 619 0041 02       		.uleb128 0x2
 620 0042 04       		.byte	0x4
 621 0043 05       		.byte	0x5
 622 0044 CD020000 		.4byte	.LASF4
 623 0048 02       		.uleb128 0x2
 624 0049 04       		.byte	0x4
 625 004a 07       		.byte	0x7
 626 004b 06010000 		.4byte	.LASF5
 627 004f 02       		.uleb128 0x2
 628 0050 08       		.byte	0x8
 629 0051 05       		.byte	0x5
 630 0052 4B020000 		.4byte	.LASF6
 631 0056 02       		.uleb128 0x2
 632 0057 08       		.byte	0x8
 633 0058 07       		.byte	0x7
 634 0059 8B010000 		.4byte	.LASF7
 635 005d 03       		.uleb128 0x3
 636 005e 04       		.byte	0x4
 637 005f 05       		.byte	0x5
 638 0060 696E7400 		.ascii	"int\000"
 639 0064 02       		.uleb128 0x2
 640 0065 04       		.byte	0x4
 641 0066 07       		.byte	0x7
 642 0067 7E010000 		.4byte	.LASF8
 643 006b 04       		.uleb128 0x4
 644 006c 27010000 		.4byte	.LASF9
 645 0070 02       		.byte	0x2
 646 0071 9201     		.2byte	0x192
 647 0073 2C000000 		.4byte	0x2c
 648 0077 04       		.uleb128 0x4
 649 0078 70010000 		.4byte	.LASF10
 650 007c 02       		.byte	0x2
 651 007d 9301     		.2byte	0x193
 652 007f 3A000000 		.4byte	0x3a
 653 0083 04       		.uleb128 0x4
 654 0084 77010000 		.4byte	.LASF11
 655 0088 02       		.byte	0x2
 656 0089 9401     		.2byte	0x194
 657 008b 48000000 		.4byte	0x48
 658 008f 02       		.uleb128 0x2
 659 0090 04       		.byte	0x4
 660 0091 04       		.byte	0x4
 661 0092 D2000000 		.4byte	.LASF12
 662 0096 02       		.uleb128 0x2
 663 0097 08       		.byte	0x8
 664 0098 04       		.byte	0x4
 665 0099 69010000 		.4byte	.LASF13
 666 009d 02       		.uleb128 0x2
 667 009e 01       		.byte	0x1
 668 009f 08       		.byte	0x8
 669 00a0 7B020000 		.4byte	.LASF14
 670 00a4 02       		.uleb128 0x2
 671 00a5 08       		.byte	0x8
 672 00a6 04       		.byte	0x4
 673 00a7 E7020000 		.4byte	.LASF15
 674 00ab 02       		.uleb128 0x2
 675 00ac 04       		.byte	0x4
ARM GAS  C:\Users\rcaravac\AppData\Local\Temp\ccvt66xd.s 			page 18


 676 00ad 07       		.byte	0x7
 677 00ae 42020000 		.4byte	.LASF16
 678 00b2 05       		.uleb128 0x5
 679 00b3 00000000 		.4byte	.LASF17
 680 00b7 01       		.byte	0x1
 681 00b8 2B       		.byte	0x2b
 682 00b9 00000000 		.4byte	.LFB0
 683 00bd 50000000 		.4byte	.LFE0-.LFB0
 684 00c1 01       		.uleb128 0x1
 685 00c2 9C       		.byte	0x9c
 686 00c3 05       		.uleb128 0x5
 687 00c4 A2020000 		.4byte	.LASF18
 688 00c8 01       		.byte	0x1
 689 00c9 56       		.byte	0x56
 690 00ca 00000000 		.4byte	.LFB1
 691 00ce 34000000 		.4byte	.LFE1-.LFB1
 692 00d2 01       		.uleb128 0x1
 693 00d3 9C       		.byte	0x9c
 694 00d4 05       		.uleb128 0x5
 695 00d5 93020000 		.4byte	.LASF19
 696 00d9 01       		.byte	0x1
 697 00da 81       		.byte	0x81
 698 00db 00000000 		.4byte	.LFB2
 699 00df 24000000 		.4byte	.LFE2-.LFB2
 700 00e3 01       		.uleb128 0x1
 701 00e4 9C       		.byte	0x9c
 702 00e5 06       		.uleb128 0x6
 703 00e6 BC020000 		.4byte	.LASF25
 704 00ea 01       		.byte	0x1
 705 00eb A3       		.byte	0xa3
 706 00ec 00000000 		.4byte	.LFB3
 707 00f0 34000000 		.4byte	.LFE3-.LFB3
 708 00f4 01       		.uleb128 0x1
 709 00f5 9C       		.byte	0x9c
 710 00f6 33010000 		.4byte	0x133
 711 00fa 07       		.uleb128 0x7
 712 00fb AF000000 		.4byte	.LASF20
 713 00ff 01       		.byte	0x1
 714 0100 A3       		.byte	0xa3
 715 0101 33010000 		.4byte	0x133
 716 0105 02       		.uleb128 0x2
 717 0106 91       		.byte	0x91
 718 0107 74       		.sleb128 -12
 719 0108 07       		.uleb128 0x7
 720 0109 35010000 		.4byte	.LASF21
 721 010d 01       		.byte	0x1
 722 010e A3       		.byte	0xa3
 723 010f 77000000 		.4byte	0x77
 724 0113 02       		.uleb128 0x2
 725 0114 91       		.byte	0x91
 726 0115 72       		.sleb128 -14
 727 0116 07       		.uleb128 0x7
 728 0117 B8000000 		.4byte	.LASF22
 729 011b 01       		.byte	0x1
 730 011c A3       		.byte	0xa3
 731 011d 33010000 		.4byte	0x133
 732 0121 02       		.uleb128 0x2
ARM GAS  C:\Users\rcaravac\AppData\Local\Temp\ccvt66xd.s 			page 19


 733 0122 91       		.byte	0x91
 734 0123 6C       		.sleb128 -20
 735 0124 07       		.uleb128 0x7
 736 0125 41010000 		.4byte	.LASF23
 737 0129 01       		.byte	0x1
 738 012a A3       		.byte	0xa3
 739 012b 77000000 		.4byte	0x77
 740 012f 02       		.uleb128 0x2
 741 0130 91       		.byte	0x91
 742 0131 70       		.sleb128 -16
 743 0132 00       		.byte	0
 744 0133 08       		.uleb128 0x8
 745 0134 04       		.byte	0x4
 746 0135 39010000 		.4byte	0x139
 747 0139 09       		.uleb128 0x9
 748 013a 6B000000 		.4byte	0x6b
 749 013e 05       		.uleb128 0x5
 750 013f 5B010000 		.4byte	.LASF24
 751 0143 01       		.byte	0x1
 752 0144 BB       		.byte	0xbb
 753 0145 00000000 		.4byte	.LFB4
 754 0149 28000000 		.4byte	.LFE4-.LFB4
 755 014d 01       		.uleb128 0x1
 756 014e 9C       		.byte	0x9c
 757 014f 06       		.uleb128 0x6
 758 0150 E3000000 		.4byte	.LASF26
 759 0154 01       		.byte	0x1
 760 0155 DA       		.byte	0xda
 761 0156 00000000 		.4byte	.LFB5
 762 015a 68000000 		.4byte	.LFE5-.LFB5
 763 015e 01       		.uleb128 0x1
 764 015f 9C       		.byte	0x9c
 765 0160 81010000 		.4byte	0x181
 766 0164 07       		.uleb128 0x7
 767 0165 2D010000 		.4byte	.LASF27
 768 0169 01       		.byte	0x1
 769 016a DA       		.byte	0xda
 770 016b 33010000 		.4byte	0x133
 771 016f 02       		.uleb128 0x2
 772 0170 91       		.byte	0x91
 773 0171 74       		.sleb128 -12
 774 0172 07       		.uleb128 0x7
 775 0173 D8000000 		.4byte	.LASF28
 776 0177 01       		.byte	0x1
 777 0178 DA       		.byte	0xda
 778 0179 77000000 		.4byte	0x77
 779 017d 02       		.uleb128 0x2
 780 017e 91       		.byte	0x91
 781 017f 72       		.sleb128 -14
 782 0180 00       		.byte	0
 783 0181 0A       		.uleb128 0xa
 784 0182 2E020000 		.4byte	.LASF29
 785 0186 01       		.byte	0x1
 786 0187 0801     		.2byte	0x108
 787 0189 00000000 		.4byte	.LFB6
 788 018d 68000000 		.4byte	.LFE6-.LFB6
 789 0191 01       		.uleb128 0x1
ARM GAS  C:\Users\rcaravac\AppData\Local\Temp\ccvt66xd.s 			page 20


 790 0192 9C       		.byte	0x9c
 791 0193 B6010000 		.4byte	0x1b6
 792 0197 0B       		.uleb128 0xb
 793 0198 2D010000 		.4byte	.LASF27
 794 019c 01       		.byte	0x1
 795 019d 0801     		.2byte	0x108
 796 019f 33010000 		.4byte	0x133
 797 01a3 02       		.uleb128 0x2
 798 01a4 91       		.byte	0x91
 799 01a5 74       		.sleb128 -12
 800 01a6 0B       		.uleb128 0xb
 801 01a7 D8000000 		.4byte	.LASF28
 802 01ab 01       		.byte	0x1
 803 01ac 0801     		.2byte	0x108
 804 01ae 77000000 		.4byte	0x77
 805 01b2 02       		.uleb128 0x2
 806 01b3 91       		.byte	0x91
 807 01b4 72       		.sleb128 -14
 808 01b5 00       		.byte	0
 809 01b6 0C       		.uleb128 0xc
 810 01b7 B3010000 		.4byte	.LASF30
 811 01bb 01       		.byte	0x1
 812 01bc 17       		.byte	0x17
 813 01bd 6B000000 		.4byte	0x6b
 814 01c1 05       		.uleb128 0x5
 815 01c2 03       		.byte	0x3
 816 01c3 01000000 		.4byte	Col_Tone_Wave1Chan
 817 01c7 0C       		.uleb128 0xc
 818 01c8 80020000 		.4byte	.LASF31
 819 01cc 01       		.byte	0x1
 820 01cd 18       		.byte	0x18
 821 01ce 6B000000 		.4byte	0x6b
 822 01d2 05       		.uleb128 0x5
 823 01d3 03       		.byte	0x3
 824 01d4 02000000 		.4byte	Col_Tone_Wave2Chan
 825 01d8 0C       		.uleb128 0xc
 826 01d9 D6020000 		.4byte	.LASF32
 827 01dd 01       		.byte	0x1
 828 01de 19       		.byte	0x19
 829 01df 6B000000 		.4byte	0x6b
 830 01e3 05       		.uleb128 0x5
 831 01e4 03       		.byte	0x3
 832 01e5 03000000 		.4byte	Col_Tone_Wave1TD
 833 01e9 0C       		.uleb128 0xc
 834 01ea C1000000 		.4byte	.LASF33
 835 01ee 01       		.byte	0x1
 836 01ef 1A       		.byte	0x1a
 837 01f0 6B000000 		.4byte	0x6b
 838 01f4 05       		.uleb128 0x5
 839 01f5 03       		.byte	0x3
 840 01f6 04000000 		.4byte	Col_Tone_Wave2TD
 841 01fa 0D       		.uleb128 0xd
 842 01fb A2010000 		.4byte	.LASF34
 843 01ff 01       		.byte	0x1
 844 0200 12       		.byte	0x12
 845 0201 6B000000 		.4byte	0x6b
 846 0205 05       		.uleb128 0x5
ARM GAS  C:\Users\rcaravac\AppData\Local\Temp\ccvt66xd.s 			page 21


 847 0206 03       		.byte	0x3
 848 0207 00000000 		.4byte	Col_Tone_initVar
 849 020b 0E       		.uleb128 0xe
 850 020c 39010000 		.4byte	0x139
 851 0210 1B020000 		.4byte	0x21b
 852 0214 0F       		.uleb128 0xf
 853 0215 AB000000 		.4byte	0xab
 854 0219 31       		.byte	0x31
 855 021a 00       		.byte	0
 856 021b 0D       		.uleb128 0xd
 857 021c F7000000 		.4byte	.LASF35
 858 0220 01       		.byte	0x1
 859 0221 14       		.byte	0x14
 860 0222 2C020000 		.4byte	0x22c
 861 0226 05       		.uleb128 0x5
 862 0227 03       		.byte	0x3
 863 0228 00000000 		.4byte	Col_Tone_wave1
 864 022c 09       		.uleb128 0x9
 865 022d 0B020000 		.4byte	0x20b
 866 0231 0E       		.uleb128 0xe
 867 0232 39010000 		.4byte	0x139
 868 0236 41020000 		.4byte	0x241
 869 023a 0F       		.uleb128 0xf
 870 023b AB000000 		.4byte	0xab
 871 023f 63       		.byte	0x63
 872 0240 00       		.byte	0
 873 0241 0D       		.uleb128 0xd
 874 0242 18010000 		.4byte	.LASF36
 875 0246 01       		.byte	0x1
 876 0247 15       		.byte	0x15
 877 0248 52020000 		.4byte	0x252
 878 024c 05       		.uleb128 0x5
 879 024d 03       		.byte	0x3
 880 024e 00000000 		.4byte	Col_Tone_wave2
 881 0252 09       		.uleb128 0x9
 882 0253 31020000 		.4byte	0x231
 883 0257 00       		.byte	0
 884              		.section	.debug_abbrev,"",%progbits
 885              	.Ldebug_abbrev0:
 886 0000 01       		.uleb128 0x1
 887 0001 11       		.uleb128 0x11
 888 0002 01       		.byte	0x1
 889 0003 25       		.uleb128 0x25
 890 0004 0E       		.uleb128 0xe
 891 0005 13       		.uleb128 0x13
 892 0006 0B       		.uleb128 0xb
 893 0007 03       		.uleb128 0x3
 894 0008 0E       		.uleb128 0xe
 895 0009 1B       		.uleb128 0x1b
 896 000a 0E       		.uleb128 0xe
 897 000b 55       		.uleb128 0x55
 898 000c 17       		.uleb128 0x17
 899 000d 11       		.uleb128 0x11
 900 000e 01       		.uleb128 0x1
 901 000f 10       		.uleb128 0x10
 902 0010 17       		.uleb128 0x17
 903 0011 00       		.byte	0
ARM GAS  C:\Users\rcaravac\AppData\Local\Temp\ccvt66xd.s 			page 22


 904 0012 00       		.byte	0
 905 0013 02       		.uleb128 0x2
 906 0014 24       		.uleb128 0x24
 907 0015 00       		.byte	0
 908 0016 0B       		.uleb128 0xb
 909 0017 0B       		.uleb128 0xb
 910 0018 3E       		.uleb128 0x3e
 911 0019 0B       		.uleb128 0xb
 912 001a 03       		.uleb128 0x3
 913 001b 0E       		.uleb128 0xe
 914 001c 00       		.byte	0
 915 001d 00       		.byte	0
 916 001e 03       		.uleb128 0x3
 917 001f 24       		.uleb128 0x24
 918 0020 00       		.byte	0
 919 0021 0B       		.uleb128 0xb
 920 0022 0B       		.uleb128 0xb
 921 0023 3E       		.uleb128 0x3e
 922 0024 0B       		.uleb128 0xb
 923 0025 03       		.uleb128 0x3
 924 0026 08       		.uleb128 0x8
 925 0027 00       		.byte	0
 926 0028 00       		.byte	0
 927 0029 04       		.uleb128 0x4
 928 002a 16       		.uleb128 0x16
 929 002b 00       		.byte	0
 930 002c 03       		.uleb128 0x3
 931 002d 0E       		.uleb128 0xe
 932 002e 3A       		.uleb128 0x3a
 933 002f 0B       		.uleb128 0xb
 934 0030 3B       		.uleb128 0x3b
 935 0031 05       		.uleb128 0x5
 936 0032 49       		.uleb128 0x49
 937 0033 13       		.uleb128 0x13
 938 0034 00       		.byte	0
 939 0035 00       		.byte	0
 940 0036 05       		.uleb128 0x5
 941 0037 2E       		.uleb128 0x2e
 942 0038 00       		.byte	0
 943 0039 3F       		.uleb128 0x3f
 944 003a 19       		.uleb128 0x19
 945 003b 03       		.uleb128 0x3
 946 003c 0E       		.uleb128 0xe
 947 003d 3A       		.uleb128 0x3a
 948 003e 0B       		.uleb128 0xb
 949 003f 3B       		.uleb128 0x3b
 950 0040 0B       		.uleb128 0xb
 951 0041 27       		.uleb128 0x27
 952 0042 19       		.uleb128 0x19
 953 0043 11       		.uleb128 0x11
 954 0044 01       		.uleb128 0x1
 955 0045 12       		.uleb128 0x12
 956 0046 06       		.uleb128 0x6
 957 0047 40       		.uleb128 0x40
 958 0048 18       		.uleb128 0x18
 959 0049 9642     		.uleb128 0x2116
 960 004b 19       		.uleb128 0x19
ARM GAS  C:\Users\rcaravac\AppData\Local\Temp\ccvt66xd.s 			page 23


 961 004c 00       		.byte	0
 962 004d 00       		.byte	0
 963 004e 06       		.uleb128 0x6
 964 004f 2E       		.uleb128 0x2e
 965 0050 01       		.byte	0x1
 966 0051 3F       		.uleb128 0x3f
 967 0052 19       		.uleb128 0x19
 968 0053 03       		.uleb128 0x3
 969 0054 0E       		.uleb128 0xe
 970 0055 3A       		.uleb128 0x3a
 971 0056 0B       		.uleb128 0xb
 972 0057 3B       		.uleb128 0x3b
 973 0058 0B       		.uleb128 0xb
 974 0059 27       		.uleb128 0x27
 975 005a 19       		.uleb128 0x19
 976 005b 11       		.uleb128 0x11
 977 005c 01       		.uleb128 0x1
 978 005d 12       		.uleb128 0x12
 979 005e 06       		.uleb128 0x6
 980 005f 40       		.uleb128 0x40
 981 0060 18       		.uleb128 0x18
 982 0061 9642     		.uleb128 0x2116
 983 0063 19       		.uleb128 0x19
 984 0064 01       		.uleb128 0x1
 985 0065 13       		.uleb128 0x13
 986 0066 00       		.byte	0
 987 0067 00       		.byte	0
 988 0068 07       		.uleb128 0x7
 989 0069 05       		.uleb128 0x5
 990 006a 00       		.byte	0
 991 006b 03       		.uleb128 0x3
 992 006c 0E       		.uleb128 0xe
 993 006d 3A       		.uleb128 0x3a
 994 006e 0B       		.uleb128 0xb
 995 006f 3B       		.uleb128 0x3b
 996 0070 0B       		.uleb128 0xb
 997 0071 49       		.uleb128 0x49
 998 0072 13       		.uleb128 0x13
 999 0073 02       		.uleb128 0x2
 1000 0074 18       		.uleb128 0x18
 1001 0075 00       		.byte	0
 1002 0076 00       		.byte	0
 1003 0077 08       		.uleb128 0x8
 1004 0078 0F       		.uleb128 0xf
 1005 0079 00       		.byte	0
 1006 007a 0B       		.uleb128 0xb
 1007 007b 0B       		.uleb128 0xb
 1008 007c 49       		.uleb128 0x49
 1009 007d 13       		.uleb128 0x13
 1010 007e 00       		.byte	0
 1011 007f 00       		.byte	0
 1012 0080 09       		.uleb128 0x9
 1013 0081 26       		.uleb128 0x26
 1014 0082 00       		.byte	0
 1015 0083 49       		.uleb128 0x49
 1016 0084 13       		.uleb128 0x13
 1017 0085 00       		.byte	0
ARM GAS  C:\Users\rcaravac\AppData\Local\Temp\ccvt66xd.s 			page 24


 1018 0086 00       		.byte	0
 1019 0087 0A       		.uleb128 0xa
 1020 0088 2E       		.uleb128 0x2e
 1021 0089 01       		.byte	0x1
 1022 008a 3F       		.uleb128 0x3f
 1023 008b 19       		.uleb128 0x19
 1024 008c 03       		.uleb128 0x3
 1025 008d 0E       		.uleb128 0xe
 1026 008e 3A       		.uleb128 0x3a
 1027 008f 0B       		.uleb128 0xb
 1028 0090 3B       		.uleb128 0x3b
 1029 0091 05       		.uleb128 0x5
 1030 0092 27       		.uleb128 0x27
 1031 0093 19       		.uleb128 0x19
 1032 0094 11       		.uleb128 0x11
 1033 0095 01       		.uleb128 0x1
 1034 0096 12       		.uleb128 0x12
 1035 0097 06       		.uleb128 0x6
 1036 0098 40       		.uleb128 0x40
 1037 0099 18       		.uleb128 0x18
 1038 009a 9642     		.uleb128 0x2116
 1039 009c 19       		.uleb128 0x19
 1040 009d 01       		.uleb128 0x1
 1041 009e 13       		.uleb128 0x13
 1042 009f 00       		.byte	0
 1043 00a0 00       		.byte	0
 1044 00a1 0B       		.uleb128 0xb
 1045 00a2 05       		.uleb128 0x5
 1046 00a3 00       		.byte	0
 1047 00a4 03       		.uleb128 0x3
 1048 00a5 0E       		.uleb128 0xe
 1049 00a6 3A       		.uleb128 0x3a
 1050 00a7 0B       		.uleb128 0xb
 1051 00a8 3B       		.uleb128 0x3b
 1052 00a9 05       		.uleb128 0x5
 1053 00aa 49       		.uleb128 0x49
 1054 00ab 13       		.uleb128 0x13
 1055 00ac 02       		.uleb128 0x2
 1056 00ad 18       		.uleb128 0x18
 1057 00ae 00       		.byte	0
 1058 00af 00       		.byte	0
 1059 00b0 0C       		.uleb128 0xc
 1060 00b1 34       		.uleb128 0x34
 1061 00b2 00       		.byte	0
 1062 00b3 03       		.uleb128 0x3
 1063 00b4 0E       		.uleb128 0xe
 1064 00b5 3A       		.uleb128 0x3a
 1065 00b6 0B       		.uleb128 0xb
 1066 00b7 3B       		.uleb128 0x3b
 1067 00b8 0B       		.uleb128 0xb
 1068 00b9 49       		.uleb128 0x49
 1069 00ba 13       		.uleb128 0x13
 1070 00bb 02       		.uleb128 0x2
 1071 00bc 18       		.uleb128 0x18
 1072 00bd 00       		.byte	0
 1073 00be 00       		.byte	0
 1074 00bf 0D       		.uleb128 0xd
ARM GAS  C:\Users\rcaravac\AppData\Local\Temp\ccvt66xd.s 			page 25


 1075 00c0 34       		.uleb128 0x34
 1076 00c1 00       		.byte	0
 1077 00c2 03       		.uleb128 0x3
 1078 00c3 0E       		.uleb128 0xe
 1079 00c4 3A       		.uleb128 0x3a
 1080 00c5 0B       		.uleb128 0xb
 1081 00c6 3B       		.uleb128 0x3b
 1082 00c7 0B       		.uleb128 0xb
 1083 00c8 49       		.uleb128 0x49
 1084 00c9 13       		.uleb128 0x13
 1085 00ca 3F       		.uleb128 0x3f
 1086 00cb 19       		.uleb128 0x19
 1087 00cc 02       		.uleb128 0x2
 1088 00cd 18       		.uleb128 0x18
 1089 00ce 00       		.byte	0
 1090 00cf 00       		.byte	0
 1091 00d0 0E       		.uleb128 0xe
 1092 00d1 01       		.uleb128 0x1
 1093 00d2 01       		.byte	0x1
 1094 00d3 49       		.uleb128 0x49
 1095 00d4 13       		.uleb128 0x13
 1096 00d5 01       		.uleb128 0x1
 1097 00d6 13       		.uleb128 0x13
 1098 00d7 00       		.byte	0
 1099 00d8 00       		.byte	0
 1100 00d9 0F       		.uleb128 0xf
 1101 00da 21       		.uleb128 0x21
 1102 00db 00       		.byte	0
 1103 00dc 49       		.uleb128 0x49
 1104 00dd 13       		.uleb128 0x13
 1105 00de 2F       		.uleb128 0x2f
 1106 00df 0B       		.uleb128 0xb
 1107 00e0 00       		.byte	0
 1108 00e1 00       		.byte	0
 1109 00e2 00       		.byte	0
 1110              		.section	.debug_aranges,"",%progbits
 1111 0000 4C000000 		.4byte	0x4c
 1112 0004 0200     		.2byte	0x2
 1113 0006 00000000 		.4byte	.Ldebug_info0
 1114 000a 04       		.byte	0x4
 1115 000b 00       		.byte	0
 1116 000c 0000     		.2byte	0
 1117 000e 0000     		.2byte	0
 1118 0010 00000000 		.4byte	.LFB0
 1119 0014 50000000 		.4byte	.LFE0-.LFB0
 1120 0018 00000000 		.4byte	.LFB1
 1121 001c 34000000 		.4byte	.LFE1-.LFB1
 1122 0020 00000000 		.4byte	.LFB2
 1123 0024 24000000 		.4byte	.LFE2-.LFB2
 1124 0028 00000000 		.4byte	.LFB3
 1125 002c 34000000 		.4byte	.LFE3-.LFB3
 1126 0030 00000000 		.4byte	.LFB4
 1127 0034 28000000 		.4byte	.LFE4-.LFB4
 1128 0038 00000000 		.4byte	.LFB5
 1129 003c 68000000 		.4byte	.LFE5-.LFB5
 1130 0040 00000000 		.4byte	.LFB6
 1131 0044 68000000 		.4byte	.LFE6-.LFB6
ARM GAS  C:\Users\rcaravac\AppData\Local\Temp\ccvt66xd.s 			page 26


 1132 0048 00000000 		.4byte	0
 1133 004c 00000000 		.4byte	0
 1134              		.section	.debug_ranges,"",%progbits
 1135              	.Ldebug_ranges0:
 1136 0000 00000000 		.4byte	.LFB0
 1137 0004 50000000 		.4byte	.LFE0
 1138 0008 00000000 		.4byte	.LFB1
 1139 000c 34000000 		.4byte	.LFE1
 1140 0010 00000000 		.4byte	.LFB2
 1141 0014 24000000 		.4byte	.LFE2
 1142 0018 00000000 		.4byte	.LFB3
 1143 001c 34000000 		.4byte	.LFE3
 1144 0020 00000000 		.4byte	.LFB4
 1145 0024 28000000 		.4byte	.LFE4
 1146 0028 00000000 		.4byte	.LFB5
 1147 002c 68000000 		.4byte	.LFE5
 1148 0030 00000000 		.4byte	.LFB6
 1149 0034 68000000 		.4byte	.LFE6
 1150 0038 00000000 		.4byte	0
 1151 003c 00000000 		.4byte	0
 1152              		.section	.debug_line,"",%progbits
 1153              	.Ldebug_line0:
 1154 0000 EC000000 		.section	.debug_str,"MS",%progbits,1
 1154      02004500 
 1154      00000201 
 1154      FB0E0D00 
 1154      01010101 
 1155              	.LASF17:
 1156 0000 436F6C5F 		.ascii	"Col_Tone_Init\000"
 1156      546F6E65 
 1156      5F496E69 
 1156      7400
 1157              	.LASF37:
 1158 000e 474E5520 		.ascii	"GNU C11 5.4.1 20160609 (release) [ARM/embedded-5-br"
 1158      43313120 
 1158      352E342E 
 1158      31203230 
 1158      31363036 
 1159 0041 616E6368 		.ascii	"anch revision 237715] -mcpu=cortex-m3 -mthumb -g -O"
 1159      20726576 
 1159      6973696F 
 1159      6E203233 
 1159      37373135 
 1160 0074 30202D66 		.ascii	"0 -ffunction-sections -ffat-lto-objects\000"
 1160      66756E63 
 1160      74696F6E 
 1160      2D736563 
 1160      74696F6E 
 1161              	.LASF3:
 1162 009c 73686F72 		.ascii	"short unsigned int\000"
 1162      7420756E 
 1162      7369676E 
 1162      65642069 
 1162      6E7400
 1163              	.LASF20:
 1164 00af 77617665 		.ascii	"wavePtr1\000"
 1164      50747231 
ARM GAS  C:\Users\rcaravac\AppData\Local\Temp\ccvt66xd.s 			page 27


 1164      00
 1165              	.LASF22:
 1166 00b8 77617665 		.ascii	"wavePtr2\000"
 1166      50747232 
 1166      00
 1167              	.LASF33:
 1168 00c1 436F6C5F 		.ascii	"Col_Tone_Wave2TD\000"
 1168      546F6E65 
 1168      5F576176 
 1168      65325444 
 1168      00
 1169              	.LASF12:
 1170 00d2 666C6F61 		.ascii	"float\000"
 1170      7400
 1171              	.LASF28:
 1172 00d8 73616D70 		.ascii	"sampleSize\000"
 1172      6C655369 
 1172      7A6500
 1173              	.LASF26:
 1174 00e3 436F6C5F 		.ascii	"Col_Tone_Wave1Setup\000"
 1174      546F6E65 
 1174      5F576176 
 1174      65315365 
 1174      74757000 
 1175              	.LASF35:
 1176 00f7 436F6C5F 		.ascii	"Col_Tone_wave1\000"
 1176      546F6E65 
 1176      5F776176 
 1176      653100
 1177              	.LASF5:
 1178 0106 6C6F6E67 		.ascii	"long unsigned int\000"
 1178      20756E73 
 1178      69676E65 
 1178      6420696E 
 1178      7400
 1179              	.LASF36:
 1180 0118 436F6C5F 		.ascii	"Col_Tone_wave2\000"
 1180      546F6E65 
 1180      5F776176 
 1180      653200
 1181              	.LASF9:
 1182 0127 75696E74 		.ascii	"uint8\000"
 1182      3800
 1183              	.LASF27:
 1184 012d 77617665 		.ascii	"wavePtr\000"
 1184      50747200 
 1185              	.LASF21:
 1186 0135 73616D70 		.ascii	"sampleSize1\000"
 1186      6C655369 
 1186      7A653100 
 1187              	.LASF23:
 1188 0141 73616D70 		.ascii	"sampleSize2\000"
 1188      6C655369 
 1188      7A653200 
 1189              	.LASF1:
 1190 014d 756E7369 		.ascii	"unsigned char\000"
 1190      676E6564 
ARM GAS  C:\Users\rcaravac\AppData\Local\Temp\ccvt66xd.s 			page 28


 1190      20636861 
 1190      7200
 1191              	.LASF24:
 1192 015b 436F6C5F 		.ascii	"Col_Tone_Stop\000"
 1192      546F6E65 
 1192      5F53746F 
 1192      7000
 1193              	.LASF13:
 1194 0169 646F7562 		.ascii	"double\000"
 1194      6C6500
 1195              	.LASF10:
 1196 0170 75696E74 		.ascii	"uint16\000"
 1196      313600
 1197              	.LASF11:
 1198 0177 75696E74 		.ascii	"uint32\000"
 1198      333200
 1199              	.LASF8:
 1200 017e 756E7369 		.ascii	"unsigned int\000"
 1200      676E6564 
 1200      20696E74 
 1200      00
 1201              	.LASF7:
 1202 018b 6C6F6E67 		.ascii	"long long unsigned int\000"
 1202      206C6F6E 
 1202      6720756E 
 1202      7369676E 
 1202      65642069 
 1203              	.LASF34:
 1204 01a2 436F6C5F 		.ascii	"Col_Tone_initVar\000"
 1204      546F6E65 
 1204      5F696E69 
 1204      74566172 
 1204      00
 1205              	.LASF30:
 1206 01b3 436F6C5F 		.ascii	"Col_Tone_Wave1Chan\000"
 1206      546F6E65 
 1206      5F576176 
 1206      65314368 
 1206      616E00
 1207              	.LASF39:
 1208 01c6 433A5C55 		.ascii	"C:\\Users\\rcaravac\\Documents\\Personales\\Maestri"
 1208      73657273 
 1208      5C726361 
 1208      72617661 
 1208      635C446F 
 1209 01f4 615C5465 		.ascii	"a\\Tecnicas de adquisicion\\Proyecto DTMF\\TareaCla"
 1209      636E6963 
 1209      61732064 
 1209      65206164 
 1209      71756973 
 1210 0224 7365342E 		.ascii	"se4.cydsn\000"
 1210      63796473 
 1210      6E00
 1211              	.LASF29:
 1212 022e 436F6C5F 		.ascii	"Col_Tone_Wave2Setup\000"
 1212      546F6E65 
 1212      5F576176 
ARM GAS  C:\Users\rcaravac\AppData\Local\Temp\ccvt66xd.s 			page 29


 1212      65325365 
 1212      74757000 
 1213              	.LASF16:
 1214 0242 73697A65 		.ascii	"sizetype\000"
 1214      74797065 
 1214      00
 1215              	.LASF6:
 1216 024b 6C6F6E67 		.ascii	"long long int\000"
 1216      206C6F6E 
 1216      6720696E 
 1216      7400
 1217              	.LASF38:
 1218 0259 47656E65 		.ascii	"Generated_Source\\PSoC5\\Col_Tone.c\000"
 1218      72617465 
 1218      645F536F 
 1218      75726365 
 1218      5C50536F 
 1219              	.LASF14:
 1220 027b 63686172 		.ascii	"char\000"
 1220      00
 1221              	.LASF31:
 1222 0280 436F6C5F 		.ascii	"Col_Tone_Wave2Chan\000"
 1222      546F6E65 
 1222      5F576176 
 1222      65324368 
 1222      616E00
 1223              	.LASF19:
 1224 0293 436F6C5F 		.ascii	"Col_Tone_Start\000"
 1224      546F6E65 
 1224      5F537461 
 1224      727400
 1225              	.LASF18:
 1226 02a2 436F6C5F 		.ascii	"Col_Tone_Enable\000"
 1226      546F6E65 
 1226      5F456E61 
 1226      626C6500 
 1227              	.LASF2:
 1228 02b2 73686F72 		.ascii	"short int\000"
 1228      7420696E 
 1228      7400
 1229              	.LASF25:
 1230 02bc 436F6C5F 		.ascii	"Col_Tone_StartEx\000"
 1230      546F6E65 
 1230      5F537461 
 1230      72744578 
 1230      00
 1231              	.LASF4:
 1232 02cd 6C6F6E67 		.ascii	"long int\000"
 1232      20696E74 
 1232      00
 1233              	.LASF32:
 1234 02d6 436F6C5F 		.ascii	"Col_Tone_Wave1TD\000"
 1234      546F6E65 
 1234      5F576176 
 1234      65315444 
 1234      00
 1235              	.LASF15:
ARM GAS  C:\Users\rcaravac\AppData\Local\Temp\ccvt66xd.s 			page 30


 1236 02e7 6C6F6E67 		.ascii	"long double\000"
 1236      20646F75 
 1236      626C6500 
 1237              	.LASF0:
 1238 02f3 7369676E 		.ascii	"signed char\000"
 1238      65642063 
 1238      68617200 
 1239              		.ident	"GCC: (GNU Tools for ARM Embedded Processors) 5.4.1 20160609 (release) [ARM/embedded-5-bran
