ARM GAS  C:\Users\rcaravac\AppData\Local\Temp\ccbwIWEm.s 			page 1


   1              		.syntax unified
   2              		.cpu cortex-m3
   3              		.fpu softvfp
   4              		.eabi_attribute 20, 1
   5              		.eabi_attribute 21, 1
   6              		.eabi_attribute 23, 3
   7              		.eabi_attribute 24, 1
   8              		.eabi_attribute 25, 1
   9              		.eabi_attribute 26, 1
  10              		.eabi_attribute 30, 6
  11              		.eabi_attribute 34, 1
  12              		.eabi_attribute 18, 4
  13              		.thumb
  14              		.syntax unified
  15              		.file	"main.c"
  16              		.text
  17              	.Ltext0:
  18              		.cfi_sections	.debug_frame
  19              		.comm	Continuously,1,1
  20              		.comm	TransmitBuffer,16,4
  21              		.comm	EmulatedData,1,1
  22              		.comm	output,1,1
  23              		.comm	ADC_out,2,2
  24              		.comm	Buffer_sample_to_transmit,2000,4
  25              		.global	i
  26              		.bss
  27              		.align	2
  28              		.type	i, %object
  29              		.size	i, 4
  30              	i:
  31 0000 00000000 		.space	4
  32              		.global	sample_counter
  33              		.align	2
  34              		.type	sample_counter, %object
  35              		.size	sample_counter, 4
  36              	sample_counter:
  37 0004 00000000 		.space	4
  38              		.comm	counter_char,10,4
  39              		.comm	signal,8000,4
  40              		.comm	MAG_ROW,4,4
  41              		.comm	MAG_COL,4,4
  42              		.comm	mg,4,4
  43              		.comm	test,32,4
  44              		.comm	sample,4,4
  45              		.comm	sample_f,4,4
  46              		.global	__aeabi_ui2f
  47              		.global	__aeabi_f2iz
  48              		.section	.rodata
  49              		.align	2
  50              	.LC0:
  51 0000 25690D0A 		.ascii	"%i\015\012\000"
  51      00
  52 0005 000000   		.align	2
  53              	.LC1:
  54 0008 526F773A 		.ascii	"Row: %i\015\012\000"
  54      2025690D 
  54      0A00
ARM GAS  C:\Users\rcaravac\AppData\Local\Temp\ccbwIWEm.s 			page 2


  55 0012 0000     		.align	2
  56              	.LC2:
  57 0014 436F6C3A 		.ascii	"Col: %i\015\012\000"
  57      2025690D 
  57      0A00
  58              		.global	__aeabi_fcmpge
  59 001e 0000     		.align	2
  60              	.LC3:
  61 0020 4E756D3A 		.ascii	"Num: 1\015\012\000"
  61      20310D0A 
  61      00
  62              		.section	.text.Transmit,"ax",%progbits
  63              		.align	2
  64              		.global	Transmit
  65              		.thumb
  66              		.thumb_func
  67              		.type	Transmit, %function
  68              	Transmit:
  69              	.LFB64:
  70              		.file 1 "main.c"
   1:main.c        **** /*******************************************************************************
   2:main.c        **** * File Name: main.c
   3:main.c        **** *
   4:main.c        **** * Version: 1.10
   5:main.c        **** *
   6:main.c        **** ********************************************************************************
   7:main.c        **** * Copyright 2012, Cypress Semiconductor Corporation. All rights reserved.
   8:main.c        **** * This software is owned by Cypress Semiconductor Corporation and is protected
   9:main.c        **** * by and subject to worldwide patent and copyright laws and treaties.
  10:main.c        **** * Therefore, you may use this software only as provided in the license agreement
  11:main.c        **** * accompanying the software package from which you obtained this software.
  12:main.c        **** * CYPRESS AND ITS SUPPLIERS MAKE NO WARRANTY OF ANY KIND, EXPRESS OR IMPLIED,
  13:main.c        **** * WITH REGARD TO THIS SOFTWARE, INCLUDING, BUT NOT LIMITED TO, NONINFRINGEMENT,
  14:main.c        **** * IMPLIED WARRANTIES OF MERCHANTABILITY AND FITNESS FOR A PARTICULAR PURPOSE.
  15:main.c        **** *******************************************************************************/
  16:main.c        **** 
  17:main.c        **** #include <project.h>
  18:main.c        **** #include <stdio.h>
  19:main.c        **** #include <math.h>
  20:main.c        **** #include <stdlib.h>
  21:main.c        **** 
  22:main.c        **** /* Project Defines */
  23:main.c        **** #define FALSE  0
  24:main.c        **** #define TRUE   1
  25:main.c        **** #define TRANSMIT_BUFFER_SIZE  16
  26:main.c        **** #define COUNT_OF_SAMPLES  2000
  27:main.c        **** 
  28:main.c        **** /* DMA Defines */
  29:main.c        **** #define REQUEST_PER_BURST        (1u)
  30:main.c        **** #define BYTES_PER_BURST          (1u)
  31:main.c        **** #define UPPER_SRC_ADDRESS        CYDEV_PERIPH_BASE
  32:main.c        **** #define UPPER_DEST_ADDRESS       CYDEV_PERIPH_BASE
  33:main.c        **** 
  34:main.c        ****     /* Flags used to store transmit data commands */
  35:main.c        ****     uint8 Continuously;
  36:main.c        **** 
  37:main.c        ****     /* Transmit Buffer */
ARM GAS  C:\Users\rcaravac\AppData\Local\Temp\ccbwIWEm.s 			page 3


  38:main.c        ****     char TransmitBuffer[TRANSMIT_BUFFER_SIZE];
  39:main.c        ****     /* Variable used to send emulated data */
  40:main.c        ****     uint8 EmulatedData;
  41:main.c        ****     uint8 output;
  42:main.c        ****     uint16 ADC_out;
  43:main.c        ****     
  44:main.c        ****     uint8 Buffer_sample_to_transmit[COUNT_OF_SAMPLES];
  45:main.c        ****     int i = 0;
  46:main.c        ****     unsigned int sample_counter = 0;
  47:main.c        ****     
  48:main.c        ****     char counter_char[10];
  49:main.c        **** 
  50:main.c        ****     void DMA_Config(void);
  51:main.c        ****     float goertzel_mag(int numSamples,int TARGET_FREQUENCY,int SAMPLING_RATE, float data[]);
  52:main.c        **** 
  53:main.c        ****     float signal[COUNT_OF_SAMPLES];
  54:main.c        ****     float MAG_ROW, MAG_COL;
  55:main.c        ****     int mg;
  56:main.c        ****     char test[32];
  57:main.c        **** 
  58:main.c        **** 
  59:main.c        **** int sample;
  60:main.c        **** float sample_f;
  61:main.c        **** //UART transmit interrupt
  62:main.c        **** CY_ISR_PROTO(Transmit);
  63:main.c        **** CY_ISR(Transmit)
  64:main.c        **** {   
  71              		.loc 1 64 0
  72              		.cfi_startproc
  73              		@ args = 0, pretend = 0, frame = 8
  74              		@ frame_needed = 1, uses_anonymous_args = 0
  75 0000 80B5     		push	{r7, lr}
  76              		.cfi_def_cfa_offset 8
  77              		.cfi_offset 7, -8
  78              		.cfi_offset 14, -4
  79 0002 82B0     		sub	sp, sp, #8
  80              		.cfi_def_cfa_offset 16
  81 0004 00AF     		add	r7, sp, #0
  82              		.cfi_def_cfa_register 7
  65:main.c        ****     /* Send data based on last UART command */
  66:main.c        ****     if(Continuously)
  83              		.loc 1 66 0
  84 0006 3E4B     		ldr	r3, .L10
  85 0008 1B78     		ldrb	r3, [r3]	@ zero_extendqisi2
  86 000a 002B     		cmp	r3, #0
  87 000c 73D0     		beq	.L9
  88              	.LBB2:
  67:main.c        ****     {
  68:main.c        ****         
  69:main.c        ****         for( int j = 0; j < COUNT_OF_SAMPLES; j++ ){
  89              		.loc 1 69 0
  90 000e 0023     		movs	r3, #0
  91 0010 7B60     		str	r3, [r7, #4]
  92 0012 1FE0     		b	.L3
  93              	.L4:
  70:main.c        ****             signal[j] = (float) Buffer_sample_to_transmit[j];
  94              		.loc 1 70 0 discriminator 3
ARM GAS  C:\Users\rcaravac\AppData\Local\Temp\ccbwIWEm.s 			page 4


  95 0014 3B4A     		ldr	r2, .L10+4
  96 0016 7B68     		ldr	r3, [r7, #4]
  97 0018 1344     		add	r3, r3, r2
  98 001a 1B78     		ldrb	r3, [r3]	@ zero_extendqisi2
  99 001c 1846     		mov	r0, r3
 100 001e FFF7FEFF 		bl	__aeabi_ui2f
 101 0022 0146     		mov	r1, r0
 102 0024 384A     		ldr	r2, .L10+8
 103 0026 7B68     		ldr	r3, [r7, #4]
 104 0028 42F82310 		str	r1, [r2, r3, lsl #2]	@ float
  71:main.c        ****             sample = (int) signal[j];
 105              		.loc 1 71 0 discriminator 3
 106 002c 364A     		ldr	r2, .L10+8
 107 002e 7B68     		ldr	r3, [r7, #4]
 108 0030 52F82330 		ldr	r3, [r2, r3, lsl #2]	@ float
 109 0034 1846     		mov	r0, r3
 110 0036 FFF7FEFF 		bl	__aeabi_f2iz
 111 003a 0246     		mov	r2, r0
 112 003c 334B     		ldr	r3, .L10+12
 113 003e 1A60     		str	r2, [r3]
  72:main.c        ****             sprintf(TransmitBuffer,"%i\r\n", sample);
 114              		.loc 1 72 0 discriminator 3
 115 0040 324B     		ldr	r3, .L10+12
 116 0042 1B68     		ldr	r3, [r3]
 117 0044 1A46     		mov	r2, r3
 118 0046 3249     		ldr	r1, .L10+16
 119 0048 3248     		ldr	r0, .L10+20
 120 004a FFF7FEFF 		bl	sprintf
  69:main.c        ****             signal[j] = (float) Buffer_sample_to_transmit[j];
 121              		.loc 1 69 0 discriminator 3
 122 004e 7B68     		ldr	r3, [r7, #4]
 123 0050 0133     		adds	r3, r3, #1
 124 0052 7B60     		str	r3, [r7, #4]
 125              	.L3:
  69:main.c        ****             signal[j] = (float) Buffer_sample_to_transmit[j];
 126              		.loc 1 69 0 is_stmt 0 discriminator 1
 127 0054 7B68     		ldr	r3, [r7, #4]
 128 0056 B3F5FA6F 		cmp	r3, #2000
 129 005a DBDB     		blt	.L4
 130              	.LBE2:
  73:main.c        ****             //UART_1_PutString(TransmitBuffer);
  74:main.c        **** 
  75:main.c        ****         }
  76:main.c        ****         
  77:main.c        ****         MAG_ROW = goertzel_mag(2000,697,8000,signal);               
 131              		.loc 1 77 0 is_stmt 1
 132 005c 2A4B     		ldr	r3, .L10+8
 133 005e 4FF4FA52 		mov	r2, #8000
 134 0062 40F2B921 		movw	r1, #697
 135 0066 4FF4FA60 		mov	r0, #2000
 136 006a FFF7FEFF 		bl	goertzel_mag
 137 006e 0246     		mov	r2, r0
 138 0070 294B     		ldr	r3, .L10+24
 139 0072 1A60     		str	r2, [r3]	@ float
  78:main.c        ****         MAG_COL = goertzel_mag(2000,1209,8000,signal);        
 140              		.loc 1 78 0
 141 0074 244B     		ldr	r3, .L10+8
ARM GAS  C:\Users\rcaravac\AppData\Local\Temp\ccbwIWEm.s 			page 5


 142 0076 4FF4FA52 		mov	r2, #8000
 143 007a 40F2B941 		movw	r1, #1209
 144 007e 4FF4FA60 		mov	r0, #2000
 145 0082 FFF7FEFF 		bl	goertzel_mag
 146 0086 0246     		mov	r2, r0
 147 0088 244B     		ldr	r3, .L10+28
 148 008a 1A60     		str	r2, [r3]	@ float
  79:main.c        **** 
  80:main.c        ****         sprintf(TransmitBuffer,"Row: %i\r\n", (int)MAG_ROW);
 149              		.loc 1 80 0
 150 008c 224B     		ldr	r3, .L10+24
 151 008e 1B68     		ldr	r3, [r3]	@ float
 152 0090 1846     		mov	r0, r3
 153 0092 FFF7FEFF 		bl	__aeabi_f2iz
 154 0096 0346     		mov	r3, r0
 155 0098 1A46     		mov	r2, r3
 156 009a 2149     		ldr	r1, .L10+32
 157 009c 1D48     		ldr	r0, .L10+20
 158 009e FFF7FEFF 		bl	sprintf
  81:main.c        ****             UART_1_PutString(TransmitBuffer);
 159              		.loc 1 81 0
 160 00a2 1C48     		ldr	r0, .L10+20
 161 00a4 FFF7FEFF 		bl	UART_1_PutString
  82:main.c        ****         sprintf(TransmitBuffer,"Col: %i\r\n", (int)MAG_COL);
 162              		.loc 1 82 0
 163 00a8 1C4B     		ldr	r3, .L10+28
 164 00aa 1B68     		ldr	r3, [r3]	@ float
 165 00ac 1846     		mov	r0, r3
 166 00ae FFF7FEFF 		bl	__aeabi_f2iz
 167 00b2 0346     		mov	r3, r0
 168 00b4 1A46     		mov	r2, r3
 169 00b6 1B49     		ldr	r1, .L10+36
 170 00b8 1648     		ldr	r0, .L10+20
 171 00ba FFF7FEFF 		bl	sprintf
  83:main.c        ****             UART_1_PutString(TransmitBuffer);
 172              		.loc 1 83 0
 173 00be 1548     		ldr	r0, .L10+20
 174 00c0 FFF7FEFF 		bl	UART_1_PutString
  84:main.c        ****             
  85:main.c        ****         if (MAG_ROW >= 1 && MAG_COL >= 1) {
 175              		.loc 1 85 0
 176 00c4 144B     		ldr	r3, .L10+24
 177 00c6 1B68     		ldr	r3, [r3]	@ float
 178 00c8 4FF07E51 		mov	r1, #1065353216
 179 00cc 1846     		mov	r0, r3
 180 00ce FFF7FEFF 		bl	__aeabi_fcmpge
 181 00d2 0346     		mov	r3, r0
 182 00d4 002B     		cmp	r3, #0
 183 00d6 00D1     		bne	.L7
  86:main.c        ****             UART_1_PutString("Num: 1\r\n");
  87:main.c        ****         }
  88:main.c        ****     }
  89:main.c        ****         
  90:main.c        **** }
 184              		.loc 1 90 0
 185 00d8 0DE0     		b	.L9
 186              	.L7:
ARM GAS  C:\Users\rcaravac\AppData\Local\Temp\ccbwIWEm.s 			page 6


  85:main.c        ****             UART_1_PutString("Num: 1\r\n");
 187              		.loc 1 85 0 discriminator 1
 188 00da 104B     		ldr	r3, .L10+28
 189 00dc 1B68     		ldr	r3, [r3]	@ float
 190 00de 4FF07E51 		mov	r1, #1065353216
 191 00e2 1846     		mov	r0, r3
 192 00e4 FFF7FEFF 		bl	__aeabi_fcmpge
 193 00e8 0346     		mov	r3, r0
 194 00ea 002B     		cmp	r3, #0
 195 00ec 00D1     		bne	.L8
 196              		.loc 1 90 0 discriminator 1
 197 00ee 02E0     		b	.L9
 198              	.L8:
  86:main.c        ****             UART_1_PutString("Num: 1\r\n");
 199              		.loc 1 86 0
 200 00f0 0D48     		ldr	r0, .L10+40
 201 00f2 FFF7FEFF 		bl	UART_1_PutString
 202              	.L9:
 203              		.loc 1 90 0
 204 00f6 00BF     		nop
 205 00f8 0837     		adds	r7, r7, #8
 206              		.cfi_def_cfa_offset 8
 207 00fa BD46     		mov	sp, r7
 208              		.cfi_def_cfa_register 13
 209              		@ sp needed
 210 00fc 80BD     		pop	{r7, pc}
 211              	.L11:
 212 00fe 00BF     		.align	2
 213              	.L10:
 214 0100 00000000 		.word	Continuously
 215 0104 00000000 		.word	Buffer_sample_to_transmit
 216 0108 00000000 		.word	signal
 217 010c 00000000 		.word	sample
 218 0110 00000000 		.word	.LC0
 219 0114 00000000 		.word	TransmitBuffer
 220 0118 00000000 		.word	MAG_ROW
 221 011c 00000000 		.word	MAG_COL
 222 0120 08000000 		.word	.LC1
 223 0124 14000000 		.word	.LC2
 224 0128 20000000 		.word	.LC3
 225              		.cfi_endproc
 226              	.LFE64:
 227              		.size	Transmit, .-Transmit
 228              		.section	.text.filterVDAC,"ax",%progbits
 229              		.align	2
 230              		.global	filterVDAC
 231              		.thumb
 232              		.thumb_func
 233              		.type	filterVDAC, %function
 234              	filterVDAC:
 235              	.LFB65:
  91:main.c        **** 
  92:main.c        **** 
  93:main.c        **** /*******************************************************************************
  94:main.c        **** * Interrupt
  95:main.c        **** ********************************************************************************
  96:main.c        **** * Interrupt generated on Filter sample-ready. Interrupt handle:filterVDAC
ARM GAS  C:\Users\rcaravac\AppData\Local\Temp\ccbwIWEm.s 			page 7


  97:main.c        **** *
  98:main.c        **** * Summary:
  99:main.c        **** *  The interrupt performs following functions:
 100:main.c        **** *   1: Reads the left-justified register for Filter Channel A
 101:main.c        **** *   2: Converts it into an unsigned value
 102:main.c        **** *   3: Writes this value to VDAC
 103:main.c        **** *
 104:main.c        **** *******************************************************************************/
 105:main.c        **** CY_ISR(filterVDAC)
 106:main.c        **** {
 236              		.loc 1 106 0
 237              		.cfi_startproc
 238              		@ args = 0, pretend = 0, frame = 0
 239              		@ frame_needed = 1, uses_anonymous_args = 0
 240 0000 80B5     		push	{r7, lr}
 241              		.cfi_def_cfa_offset 8
 242              		.cfi_offset 7, -8
 243              		.cfi_offset 14, -4
 244 0002 00AF     		add	r7, sp, #0
 245              		.cfi_def_cfa_register 7
 107:main.c        ****     /* Convert the 2's complement value to an unsigned 8-bit value
 108:main.c        ****      * The VDAC expects an unsigned 8-bit value as input.
 109:main.c        ****      */
 110:main.c        ****     output = Filter_Read8(Filter_CHANNEL_A)+32u;
 246              		.loc 1 110 0
 247 0004 0020     		movs	r0, #0
 248 0006 FFF7FEFF 		bl	Filter_Read8
 249 000a 0346     		mov	r3, r0
 250 000c 2033     		adds	r3, r3, #32
 251 000e DAB2     		uxtb	r2, r3
 252 0010 104B     		ldr	r3, .L15
 253 0012 1A70     		strb	r2, [r3]
 111:main.c        **** 	VDAC8_SetValue(output);
 254              		.loc 1 111 0
 255 0014 0F4B     		ldr	r3, .L15
 256 0016 1B78     		ldrb	r3, [r3]	@ zero_extendqisi2
 257 0018 1846     		mov	r0, r3
 258 001a FFF7FEFF 		bl	VDAC8_SetValue
 112:main.c        ****     
 113:main.c        ****     if (i <= COUNT_OF_SAMPLES) {       
 259              		.loc 1 113 0
 260 001e 0E4B     		ldr	r3, .L15+4
 261 0020 1B68     		ldr	r3, [r3]
 262 0022 B3F5FA6F 		cmp	r3, #2000
 263 0026 12DC     		bgt	.L14
 114:main.c        ****         Buffer_sample_to_transmit[i]= output;
 264              		.loc 1 114 0
 265 0028 0B4B     		ldr	r3, .L15+4
 266 002a 1B68     		ldr	r3, [r3]
 267 002c 094A     		ldr	r2, .L15
 268 002e 1178     		ldrb	r1, [r2]	@ zero_extendqisi2
 269 0030 0A4A     		ldr	r2, .L15+8
 270 0032 D154     		strb	r1, [r2, r3]
 115:main.c        ****         i++;
 271              		.loc 1 115 0
 272 0034 084B     		ldr	r3, .L15+4
 273 0036 1B68     		ldr	r3, [r3]
ARM GAS  C:\Users\rcaravac\AppData\Local\Temp\ccbwIWEm.s 			page 8


 274 0038 0133     		adds	r3, r3, #1
 275 003a 074A     		ldr	r2, .L15+4
 276 003c 1360     		str	r3, [r2]
 116:main.c        ****         if (i==COUNT_OF_SAMPLES) {
 277              		.loc 1 116 0
 278 003e 064B     		ldr	r3, .L15+4
 279 0040 1B68     		ldr	r3, [r3]
 280 0042 B3F5FA6F 		cmp	r3, #2000
 281 0046 02D1     		bne	.L14
 117:main.c        ****             i = 0;
 282              		.loc 1 117 0
 283 0048 034B     		ldr	r3, .L15+4
 284 004a 0022     		movs	r2, #0
 285 004c 1A60     		str	r2, [r3]
 286              	.L14:
 118:main.c        ****         }
 119:main.c        ****     }
 120:main.c        **** 
 121:main.c        **** }
 287              		.loc 1 121 0
 288 004e 00BF     		nop
 289 0050 80BD     		pop	{r7, pc}
 290              	.L16:
 291 0052 00BF     		.align	2
 292              	.L15:
 293 0054 00000000 		.word	output
 294 0058 00000000 		.word	i
 295 005c 00000000 		.word	Buffer_sample_to_transmit
 296              		.cfi_endproc
 297              	.LFE65:
 298              		.size	filterVDAC, .-filterVDAC
 299              		.section	.text.get_from_ADC,"ax",%progbits
 300              		.align	2
 301              		.global	get_from_ADC
 302              		.thumb
 303              		.thumb_func
 304              		.type	get_from_ADC, %function
 305              	get_from_ADC:
 306              	.LFB66:
 122:main.c        **** 
 123:main.c        **** 
 124:main.c        **** 
 125:main.c        **** CY_ISR(get_from_ADC)
 126:main.c        **** {
 307              		.loc 1 126 0
 308              		.cfi_startproc
 309              		@ args = 0, pretend = 0, frame = 0
 310              		@ frame_needed = 1, uses_anonymous_args = 0
 311 0000 98B5     		push	{r3, r4, r7, lr}
 312              		.cfi_def_cfa_offset 16
 313              		.cfi_offset 3, -16
 314              		.cfi_offset 4, -12
 315              		.cfi_offset 7, -8
 316              		.cfi_offset 14, -4
 317 0002 00AF     		add	r7, sp, #0
 318              		.cfi_def_cfa_register 7
 127:main.c        ****     /* Convert the 2's complement value to an unsigned 8-bit value
ARM GAS  C:\Users\rcaravac\AppData\Local\Temp\ccbwIWEm.s 			page 9


 128:main.c        ****      * The VDAC expects an unsigned 8-bit value as input.
 129:main.c        ****      */
 130:main.c        **** 
 131:main.c        ****     if (i <= COUNT_OF_SAMPLES) {       
 319              		.loc 1 131 0
 320 0004 0D4B     		ldr	r3, .L20
 321 0006 1B68     		ldr	r3, [r3]
 322 0008 B3F5FA6F 		cmp	r3, #2000
 323 000c 14DC     		bgt	.L19
 132:main.c        ****         Buffer_sample_to_transmit[i]= ADC_DelSig_GetResult16();
 324              		.loc 1 132 0
 325 000e 0B4B     		ldr	r3, .L20
 326 0010 1C68     		ldr	r4, [r3]
 327 0012 FFF7FEFF 		bl	ADC_DelSig_GetResult16
 328 0016 0346     		mov	r3, r0
 329 0018 DAB2     		uxtb	r2, r3
 330 001a 094B     		ldr	r3, .L20+4
 331 001c 1A55     		strb	r2, [r3, r4]
 133:main.c        ****         i++;
 332              		.loc 1 133 0
 333 001e 074B     		ldr	r3, .L20
 334 0020 1B68     		ldr	r3, [r3]
 335 0022 0133     		adds	r3, r3, #1
 336 0024 054A     		ldr	r2, .L20
 337 0026 1360     		str	r3, [r2]
 134:main.c        ****         if (i==COUNT_OF_SAMPLES) {
 338              		.loc 1 134 0
 339 0028 044B     		ldr	r3, .L20
 340 002a 1B68     		ldr	r3, [r3]
 341 002c B3F5FA6F 		cmp	r3, #2000
 342 0030 02D1     		bne	.L19
 135:main.c        ****             i = 0;
 343              		.loc 1 135 0
 344 0032 024B     		ldr	r3, .L20
 345 0034 0022     		movs	r2, #0
 346 0036 1A60     		str	r2, [r3]
 347              	.L19:
 136:main.c        ****         }
 137:main.c        ****     }
 138:main.c        **** 
 139:main.c        **** }
 348              		.loc 1 139 0
 349 0038 00BF     		nop
 350 003a 98BD     		pop	{r3, r4, r7, pc}
 351              	.L21:
 352              		.align	2
 353              	.L20:
 354 003c 00000000 		.word	i
 355 0040 00000000 		.word	Buffer_sample_to_transmit
 356              		.cfi_endproc
 357              	.LFE66:
 358              		.size	get_from_ADC, .-get_from_ADC
 359              		.section	.rodata
 360 0029 000000   		.align	2
 361              	.LC4:
 362 002c 434F4D20 		.ascii	"COM Port Open\000"
 362      506F7274 
ARM GAS  C:\Users\rcaravac\AppData\Local\Temp\ccbwIWEm.s 			page 10


 362      204F7065 
 362      6E00
 363              		.section	.text.main,"ax",%progbits
 364              		.align	2
 365              		.global	main
 366              		.thumb
 367              		.thumb_func
 368              		.type	main, %function
 369              	main:
 370              	.LFB67:
 140:main.c        **** /*******************************************************************************
 141:main.c        **** 
 142:main.c        **** * Function Name: main
 143:main.c        **** ********************************************************************************
 144:main.c        **** *
 145:main.c        **** * Summary:
 146:main.c        **** *  Main function performs following functions:
 147:main.c        **** *   1: Enables global interrupts
 148:main.c        **** *   2: Start all components on the schematic
 149:main.c        **** *   3: Calls a function to configure DMA
 150:main.c        **** 
 151:main.c        **** * Parameters:
 152:main.c        **** *  None.
 153:main.c        **** *
 154:main.c        **** * Return:
 155:main.c        **** *  None.
 156:main.c        **** *
 157:main.c        **** *******************************************************************************/
 158:main.c        **** 
 159:main.c        **** 
 160:main.c        **** int main()
 161:main.c        **** {
 371              		.loc 1 161 0
 372              		.cfi_startproc
 373              		@ args = 0, pretend = 0, frame = 8
 374              		@ frame_needed = 1, uses_anonymous_args = 0
 375 0000 80B5     		push	{r7, lr}
 376              		.cfi_def_cfa_offset 8
 377              		.cfi_offset 7, -8
 378              		.cfi_offset 14, -4
 379 0002 82B0     		sub	sp, sp, #8
 380              		.cfi_def_cfa_offset 16
 381 0004 00AF     		add	r7, sp, #0
 382              		.cfi_def_cfa_register 7
 162:main.c        ****   
 163:main.c        ****     /* Variable to store UART received character */
 164:main.c        ****     uint8 Ch;
 165:main.c        **** 
 166:main.c        ****     /* Start all components used on schematic */
 167:main.c        ****     ADC_DelSig_IRQ_Start();
 383              		.loc 1 167 0
 384 0006 FFF7FEFF 		bl	ADC_DelSig_IRQ_Start
 168:main.c        ****     isr_StartEx(filterVDAC);
 385              		.loc 1 168 0
 386 000a 2248     		ldr	r0, .L31
 387 000c FFF7FEFF 		bl	isr_StartEx
 169:main.c        ****     isrTimer_StartEx(Transmit);
ARM GAS  C:\Users\rcaravac\AppData\Local\Temp\ccbwIWEm.s 			page 11


 388              		.loc 1 169 0
 389 0010 2148     		ldr	r0, .L31+4
 390 0012 FFF7FEFF 		bl	isrTimer_StartEx
 170:main.c        ****     
 171:main.c        ****     isrTimer_1_StartEx(get_from_ADC);
 391              		.loc 1 171 0
 392 0016 2148     		ldr	r0, .L31+8
 393 0018 FFF7FEFF 		bl	isrTimer_1_StartEx
 172:main.c        ****     
 173:main.c        ****     ADC_DelSig_Start();
 394              		.loc 1 173 0
 395 001c FFF7FEFF 		bl	ADC_DelSig_Start
 174:main.c        ****     ADC_DelSig_StartConvert();
 396              		.loc 1 174 0
 397 0020 FFF7FEFF 		bl	ADC_DelSig_StartConvert
 175:main.c        ****     VDAC8_Start();
 398              		.loc 1 175 0
 399 0024 FFF7FEFF 		bl	VDAC8_Start
 176:main.c        ****     WaveDAC8_Start();
 400              		.loc 1 176 0
 401 0028 FFF7FEFF 		bl	WaveDAC8_Start
 177:main.c        ****     Filter_Start();
 402              		.loc 1 177 0
 403 002c FFF7FEFF 		bl	Filter_Start
 178:main.c        ****     Timer_Start();
 404              		.loc 1 178 0
 405 0030 FFF7FEFF 		bl	Timer_Start
 179:main.c        ****     Timer_1_Start();
 406              		.loc 1 179 0
 407 0034 FFF7FEFF 		bl	Timer_1_Start
 180:main.c        ****     UART_1_Start();
 408              		.loc 1 180 0
 409 0038 FFF7FEFF 		bl	UART_1_Start
 181:main.c        **** 
 182:main.c        ****     /* Initialize Variables */
 183:main.c        ****     Continuously = FALSE;
 410              		.loc 1 183 0
 411 003c 184B     		ldr	r3, .L31+12
 412 003e 0022     		movs	r2, #0
 413 0040 1A70     		strb	r2, [r3]
 184:main.c        ****     EmulatedData = 0;
 414              		.loc 1 184 0
 415 0042 184B     		ldr	r3, .L31+16
 416 0044 0022     		movs	r2, #0
 417 0046 1A70     		strb	r2, [r3]
 185:main.c        ****     
 186:main.c        ****     
 187:main.c        ****     /* Send message to verify COM port is connected properly */
 188:main.c        ****     UART_1_PutString("COM Port Open");
 418              		.loc 1 188 0
 419 0048 1748     		ldr	r0, .L31+20
 420 004a FFF7FEFF 		bl	UART_1_PutString
 189:main.c        ****     
 190:main.c        ****     /* User-implemented function to set-up DMA */
 191:main.c        ****     DMA_Config();
 421              		.loc 1 191 0
 422 004e FFF7FEFF 		bl	DMA_Config
ARM GAS  C:\Users\rcaravac\AppData\Local\Temp\ccbwIWEm.s 			page 12


 192:main.c        **** 
 193:main.c        ****     /* Enable Global Interrupts */
 194:main.c        ****     CYGlobalIntEnable;
 423              		.loc 1 194 0
 424              		.syntax unified
 425              	@ 194 "main.c" 1
 426 0052 62B6     		CPSIE   i
 427              	@ 0 "" 2
 428              		.thumb
 429              		.syntax unified
 430              	.L29:
 195:main.c        **** 
 196:main.c        ****     for(;;)
 197:main.c        ****     {
 198:main.c        ****         /* Non-blocking call to get the latest data recieved  */
 199:main.c        ****         Ch = UART_1_GetChar();
 431              		.loc 1 199 0
 432 0054 FFF7FEFF 		bl	UART_1_GetChar
 433 0058 0346     		mov	r3, r0
 434 005a FB71     		strb	r3, [r7, #7]
 200:main.c        ****         
 201:main.c        ****         /* Set flags based on UART command */
 202:main.c        ****         switch(Ch)
 435              		.loc 1 202 0
 436 005c FB79     		ldrb	r3, [r7, #7]	@ zero_extendqisi2
 437 005e 532B     		cmp	r3, #83
 438 0060 0FD0     		beq	.L24
 439 0062 532B     		cmp	r3, #83
 440 0064 04DC     		bgt	.L25
 441 0066 002B     		cmp	r3, #0
 442 0068 12D0     		beq	.L30
 443 006a 432B     		cmp	r3, #67
 444 006c 05D0     		beq	.L27
 203:main.c        ****         {
 204:main.c        ****             case 0:
 205:main.c        ****                 /* No new data was recieved */
 206:main.c        ****                 break;
 207:main.c        ****             case 'C':
 208:main.c        ****             case 'c':
 209:main.c        ****                 sample_counter = 0;
 210:main.c        ****                 
 211:main.c        ****                 break;
 212:main.c        ****             case 'S':
 213:main.c        ****             case 's':
 214:main.c        ****                 sample_counter = 0;
 215:main.c        ****                 Continuously = TRUE;                
 216:main.c        ****                 break;
 217:main.c        ****             
 218:main.c        ****             default:
 219:main.c        ****                 /* Place error handling code here */
 220:main.c        ****                 break;    
 445              		.loc 1 220 0
 446 006e 10E0     		b	.L28
 447              	.L25:
 202:main.c        ****         {
 448              		.loc 1 202 0
 449 0070 632B     		cmp	r3, #99
ARM GAS  C:\Users\rcaravac\AppData\Local\Temp\ccbwIWEm.s 			page 13


 450 0072 02D0     		beq	.L27
 451 0074 732B     		cmp	r3, #115
 452 0076 04D0     		beq	.L24
 453              		.loc 1 220 0
 454 0078 0BE0     		b	.L28
 455              	.L27:
 209:main.c        ****                 
 456              		.loc 1 209 0
 457 007a 0C4B     		ldr	r3, .L31+24
 458 007c 0022     		movs	r2, #0
 459 007e 1A60     		str	r2, [r3]
 211:main.c        ****             case 'S':
 460              		.loc 1 211 0
 461 0080 07E0     		b	.L28
 462              	.L24:
 214:main.c        ****                 Continuously = TRUE;                
 463              		.loc 1 214 0
 464 0082 0A4B     		ldr	r3, .L31+24
 465 0084 0022     		movs	r2, #0
 466 0086 1A60     		str	r2, [r3]
 215:main.c        ****                 break;
 467              		.loc 1 215 0
 468 0088 054B     		ldr	r3, .L31+12
 469 008a 0122     		movs	r2, #1
 470 008c 1A70     		strb	r2, [r3]
 216:main.c        ****             
 471              		.loc 1 216 0
 472 008e 00E0     		b	.L28
 473              	.L30:
 206:main.c        ****             case 'C':
 474              		.loc 1 206 0
 475 0090 00BF     		nop
 476              	.L28:
 221:main.c        ****         }
 222:main.c        ****         
 223:main.c        ****     }
 477              		.loc 1 223 0 discriminator 1
 478 0092 DFE7     		b	.L29
 479              	.L32:
 480              		.align	2
 481              	.L31:
 482 0094 00000000 		.word	filterVDAC
 483 0098 00000000 		.word	Transmit
 484 009c 00000000 		.word	get_from_ADC
 485 00a0 00000000 		.word	Continuously
 486 00a4 00000000 		.word	EmulatedData
 487 00a8 2C000000 		.word	.LC4
 488 00ac 00000000 		.word	sample_counter
 489              		.cfi_endproc
 490              	.LFE67:
 491              		.size	main, .-main
 492              		.section	.text.DMA_Config,"ax",%progbits
 493              		.align	2
 494              		.global	DMA_Config
 495              		.thumb
 496              		.thumb_func
 497              		.type	DMA_Config, %function
ARM GAS  C:\Users\rcaravac\AppData\Local\Temp\ccbwIWEm.s 			page 14


 498              	DMA_Config:
 499              	.LFB68:
 224:main.c        **** } /* End of main */
 225:main.c        **** 
 226:main.c        **** 
 227:main.c        **** /*******************************************************************************
 228:main.c        **** * Function Name: DMA_Config
 229:main.c        **** ********************************************************************************
 230:main.c        **** *
 231:main.c        **** * Summary:
 232:main.c        **** *  Initializes and sets up DMA for use (generated by DMA Wizard)
 233:main.c        **** *
 234:main.c        **** * Parameters:
 235:main.c        **** *  None.
 236:main.c        **** *
 237:main.c        **** * Return:
 238:main.c        **** *  None.
 239:main.c        **** *
 240:main.c        **** *******************************************************************************/
 241:main.c        **** void DMA_Config(void)
 242:main.c        **** {
 500              		.loc 1 242 0
 501              		.cfi_startproc
 502              		@ args = 0, pretend = 0, frame = 8
 503              		@ frame_needed = 1, uses_anonymous_args = 0
 504 0000 80B5     		push	{r7, lr}
 505              		.cfi_def_cfa_offset 8
 506              		.cfi_offset 7, -8
 507              		.cfi_offset 14, -4
 508 0002 82B0     		sub	sp, sp, #8
 509              		.cfi_def_cfa_offset 16
 510 0004 00AF     		add	r7, sp, #0
 511              		.cfi_def_cfa_register 7
 243:main.c        ****     /* Declare variable to hold the handle for DMA channel */
 244:main.c        ****     uint8 channelHandle;
 245:main.c        **** 
 246:main.c        ****     /* Declare DMA Transaction Descriptor for memory transfer into
 247:main.c        ****      * Filter Channel.
 248:main.c        ****      */
 249:main.c        ****     uint8 tdChanA;
 250:main.c        **** 
 251:main.c        ****     /* Configure the DMA to Transfer the data in 1 burst with individual trigger
 252:main.c        ****      * for each burst.
 253:main.c        ****      */
 254:main.c        ****     channelHandle = DMA_DmaInitialize(BYTES_PER_BURST, REQUEST_PER_BURST,
 512              		.loc 1 254 0
 513 0006 4FF48043 		mov	r3, #16384
 514 000a 4FF48042 		mov	r2, #16384
 515 000e 0121     		movs	r1, #1
 516 0010 0120     		movs	r0, #1
 517 0012 FFF7FEFF 		bl	DMA_DmaInitialize
 518 0016 0346     		mov	r3, r0
 519 0018 FB71     		strb	r3, [r7, #7]
 255:main.c        ****                                         HI16(UPPER_SRC_ADDRESS), HI16(UPPER_DEST_ADDRESS));
 256:main.c        **** 
 257:main.c        ****     /* This function allocates a TD for use with an initialized DMA channel */
 258:main.c        ****     tdChanA = CyDmaTdAllocate();
ARM GAS  C:\Users\rcaravac\AppData\Local\Temp\ccbwIWEm.s 			page 15


 520              		.loc 1 258 0
 521 001a FFF7FEFF 		bl	CyDmaTdAllocate
 522 001e 0346     		mov	r3, r0
 523 0020 BB71     		strb	r3, [r7, #6]
 259:main.c        **** 
 260:main.c        ****     /* Configure the tdChanA to transfer 1 byte with no next TD */
 261:main.c        ****     CyDmaTdSetConfiguration(tdChanA, 1u, DMA_INVALID_TD, 0u);
 524              		.loc 1 261 0
 525 0022 B879     		ldrb	r0, [r7, #6]	@ zero_extendqisi2
 526 0024 0023     		movs	r3, #0
 527 0026 FF22     		movs	r2, #255
 528 0028 0121     		movs	r1, #1
 529 002a FFF7FEFF 		bl	CyDmaTdSetConfiguration
 262:main.c        **** 
 263:main.c        ****     /* Set the source address as ADC_DelSig and the destination as
 264:main.c        ****      * Filter Channel A.
 265:main.c        ****      */
 266:main.c        ****     CyDmaTdSetAddress(tdChanA, LO16((uint32)ADC_DelSig_DEC_SAMP_PTR), LO16((uint32)Filter_STAGEAH_P
 530              		.loc 1 266 0
 531 002e BB79     		ldrb	r3, [r7, #6]	@ zero_extendqisi2
 532 0030 4CF2A272 		movw	r2, #51106
 533 0034 44F61061 		movw	r1, #19984
 534 0038 1846     		mov	r0, r3
 535 003a FFF7FEFF 		bl	CyDmaTdSetAddress
 267:main.c        **** 
 268:main.c        ****     /* Set tdChanA to be the initial TD associated with channelHandle */
 269:main.c        ****     CyDmaChSetInitialTd(channelHandle, tdChanA);
 536              		.loc 1 269 0
 537 003e BA79     		ldrb	r2, [r7, #6]	@ zero_extendqisi2
 538 0040 FB79     		ldrb	r3, [r7, #7]	@ zero_extendqisi2
 539 0042 1146     		mov	r1, r2
 540 0044 1846     		mov	r0, r3
 541 0046 FFF7FEFF 		bl	CyDmaChSetInitialTd
 270:main.c        **** 
 271:main.c        ****     /* Enable the DMA channel represented by channelHandle and preserve the TD */
 272:main.c        ****     CyDmaChEnable(channelHandle, 1u);
 542              		.loc 1 272 0
 543 004a FB79     		ldrb	r3, [r7, #7]	@ zero_extendqisi2
 544 004c 0121     		movs	r1, #1
 545 004e 1846     		mov	r0, r3
 546 0050 FFF7FEFF 		bl	CyDmaChEnable
 273:main.c        **** }
 547              		.loc 1 273 0
 548 0054 00BF     		nop
 549 0056 0837     		adds	r7, r7, #8
 550              		.cfi_def_cfa_offset 8
 551 0058 BD46     		mov	sp, r7
 552              		.cfi_def_cfa_register 13
 553              		@ sp needed
 554 005a 80BD     		pop	{r7, pc}
 555              		.cfi_endproc
 556              	.LFE68:
 557              		.size	DMA_Config, .-DMA_Config
 558              		.global	__aeabi_i2d
 559              		.global	__aeabi_ddiv
 560              		.global	__aeabi_d2f
 561              		.global	__aeabi_i2f
ARM GAS  C:\Users\rcaravac\AppData\Local\Temp\ccbwIWEm.s 			page 16


 562              		.global	__aeabi_fmul
 563              		.global	__aeabi_fdiv
 564              		.global	__aeabi_f2d
 565              		.global	__aeabi_dadd
 566              		.global	__aeabi_d2iz
 567              		.global	__aeabi_dmul
 568              		.global	__aeabi_fadd
 569              		.global	__aeabi_fsub
 570              		.section	.text.goertzel_mag,"ax",%progbits
 571              		.align	2
 572              		.global	goertzel_mag
 573              		.thumb
 574              		.thumb_func
 575              		.type	goertzel_mag, %function
 576              	goertzel_mag:
 577              	.LFB69:
 274:main.c        **** 
 275:main.c        **** float goertzel_mag(int numSamples,int TARGET_FREQUENCY,int SAMPLING_RATE, float data[])
 276:main.c        **** {
 578              		.loc 1 276 0
 579              		.cfi_startproc
 580              		@ args = 0, pretend = 0, frame = 72
 581              		@ frame_needed = 1, uses_anonymous_args = 0
 582 0000 B0B5     		push	{r4, r5, r7, lr}
 583              		.cfi_def_cfa_offset 16
 584              		.cfi_offset 4, -16
 585              		.cfi_offset 5, -12
 586              		.cfi_offset 7, -8
 587              		.cfi_offset 14, -4
 588 0002 92B0     		sub	sp, sp, #72
 589              		.cfi_def_cfa_offset 88
 590 0004 00AF     		add	r7, sp, #0
 591              		.cfi_def_cfa_register 7
 592 0006 F860     		str	r0, [r7, #12]
 593 0008 B960     		str	r1, [r7, #8]
 594 000a 7A60     		str	r2, [r7, #4]
 595 000c 3B60     		str	r3, [r7]
 277:main.c        ****     int     k,i;
 278:main.c        ****     float   floatnumSamples;
 279:main.c        ****     float   omega,sine,cosine,coeff,q0,q1,q2,magnitude,real,imag;
 280:main.c        **** 
 281:main.c        ****     float   scalingFactor = numSamples / 2.0;
 596              		.loc 1 281 0
 597 000e F868     		ldr	r0, [r7, #12]
 598 0010 FFF7FEFF 		bl	__aeabi_i2d
 599 0014 4FF00002 		mov	r2, #0
 600 0018 4FF08043 		mov	r3, #1073741824
 601 001c FFF7FEFF 		bl	__aeabi_ddiv
 602 0020 0346     		mov	r3, r0
 603 0022 0C46     		mov	r4, r1
 604 0024 1846     		mov	r0, r3
 605 0026 2146     		mov	r1, r4
 606 0028 FFF7FEFF 		bl	__aeabi_d2f
 607 002c 0346     		mov	r3, r0
 608 002e BB63     		str	r3, [r7, #56]	@ float
 282:main.c        **** 
 283:main.c        ****     floatnumSamples = (float) numSamples;
ARM GAS  C:\Users\rcaravac\AppData\Local\Temp\ccbwIWEm.s 			page 17


 609              		.loc 1 283 0
 610 0030 F868     		ldr	r0, [r7, #12]
 611 0032 FFF7FEFF 		bl	__aeabi_i2f
 612 0036 0346     		mov	r3, r0
 613 0038 7B63     		str	r3, [r7, #52]	@ float
 284:main.c        ****     k = (int) (0.5 + ((floatnumSamples * TARGET_FREQUENCY) / SAMPLING_RATE));
 614              		.loc 1 284 0
 615 003a B868     		ldr	r0, [r7, #8]
 616 003c FFF7FEFF 		bl	__aeabi_i2f
 617 0040 0346     		mov	r3, r0
 618 0042 796B     		ldr	r1, [r7, #52]	@ float
 619 0044 1846     		mov	r0, r3
 620 0046 FFF7FEFF 		bl	__aeabi_fmul
 621 004a 0346     		mov	r3, r0
 622 004c 1C46     		mov	r4, r3
 623 004e 7868     		ldr	r0, [r7, #4]
 624 0050 FFF7FEFF 		bl	__aeabi_i2f
 625 0054 0346     		mov	r3, r0
 626 0056 1946     		mov	r1, r3
 627 0058 2046     		mov	r0, r4
 628 005a FFF7FEFF 		bl	__aeabi_fdiv
 629 005e 0346     		mov	r3, r0
 630 0060 1846     		mov	r0, r3
 631 0062 FFF7FEFF 		bl	__aeabi_f2d
 632 0066 4FF00002 		mov	r2, #0
 633 006a 5D4B     		ldr	r3, .L38+8
 634 006c FFF7FEFF 		bl	__aeabi_dadd
 635 0070 0346     		mov	r3, r0
 636 0072 0C46     		mov	r4, r1
 637 0074 1846     		mov	r0, r3
 638 0076 2146     		mov	r1, r4
 639 0078 FFF7FEFF 		bl	__aeabi_d2iz
 640 007c 0346     		mov	r3, r0
 641 007e 3B63     		str	r3, [r7, #48]
 285:main.c        ****     omega = (2.0 * 3.1416 * k) / floatnumSamples;
 642              		.loc 1 285 0
 643 0080 386B     		ldr	r0, [r7, #48]
 644 0082 FFF7FEFF 		bl	__aeabi_i2d
 645 0086 54A3     		adr	r3, .L38
 646 0088 D3E90023 		ldrd	r2, [r3]
 647 008c FFF7FEFF 		bl	__aeabi_dmul
 648 0090 0346     		mov	r3, r0
 649 0092 0C46     		mov	r4, r1
 650 0094 2546     		mov	r5, r4
 651 0096 1C46     		mov	r4, r3
 652 0098 786B     		ldr	r0, [r7, #52]	@ float
 653 009a FFF7FEFF 		bl	__aeabi_f2d
 654 009e 0246     		mov	r2, r0
 655 00a0 0B46     		mov	r3, r1
 656 00a2 2046     		mov	r0, r4
 657 00a4 2946     		mov	r1, r5
 658 00a6 FFF7FEFF 		bl	__aeabi_ddiv
 659 00aa 0346     		mov	r3, r0
 660 00ac 0C46     		mov	r4, r1
 661 00ae 1846     		mov	r0, r3
 662 00b0 2146     		mov	r1, r4
 663 00b2 FFF7FEFF 		bl	__aeabi_d2f
ARM GAS  C:\Users\rcaravac\AppData\Local\Temp\ccbwIWEm.s 			page 18


 664 00b6 0346     		mov	r3, r0
 665 00b8 FB62     		str	r3, [r7, #44]	@ float
 286:main.c        ****     
 287:main.c        ****     sine = sin(omega);
 666              		.loc 1 287 0
 667 00ba F86A     		ldr	r0, [r7, #44]	@ float
 668 00bc FFF7FEFF 		bl	__aeabi_f2d
 669 00c0 0346     		mov	r3, r0
 670 00c2 0C46     		mov	r4, r1
 671 00c4 1846     		mov	r0, r3
 672 00c6 2146     		mov	r1, r4
 673 00c8 FFF7FEFF 		bl	sin
 674 00cc 0346     		mov	r3, r0
 675 00ce 0C46     		mov	r4, r1
 676 00d0 1846     		mov	r0, r3
 677 00d2 2146     		mov	r1, r4
 678 00d4 FFF7FEFF 		bl	__aeabi_d2f
 679 00d8 0346     		mov	r3, r0
 680 00da BB62     		str	r3, [r7, #40]	@ float
 288:main.c        ****     cosine = cos(omega);
 681              		.loc 1 288 0
 682 00dc F86A     		ldr	r0, [r7, #44]	@ float
 683 00de FFF7FEFF 		bl	__aeabi_f2d
 684 00e2 0346     		mov	r3, r0
 685 00e4 0C46     		mov	r4, r1
 686 00e6 1846     		mov	r0, r3
 687 00e8 2146     		mov	r1, r4
 688 00ea FFF7FEFF 		bl	cos
 689 00ee 0346     		mov	r3, r0
 690 00f0 0C46     		mov	r4, r1
 691 00f2 1846     		mov	r0, r3
 692 00f4 2146     		mov	r1, r4
 693 00f6 FFF7FEFF 		bl	__aeabi_d2f
 694 00fa 0346     		mov	r3, r0
 695 00fc 7B62     		str	r3, [r7, #36]	@ float
 289:main.c        ****     coeff = 2.0 * cosine;
 696              		.loc 1 289 0
 697 00fe 7B6A     		ldr	r3, [r7, #36]	@ float
 698 0100 1946     		mov	r1, r3
 699 0102 1846     		mov	r0, r3
 700 0104 FFF7FEFF 		bl	__aeabi_fadd
 701 0108 0346     		mov	r3, r0
 702 010a 3B62     		str	r3, [r7, #32]	@ float
 290:main.c        ****     q0=0;
 703              		.loc 1 290 0
 704 010c 4FF00003 		mov	r3, #0
 705 0110 3B64     		str	r3, [r7, #64]	@ float
 291:main.c        ****     q1=0;
 706              		.loc 1 291 0
 707 0112 4FF00003 		mov	r3, #0
 708 0116 FB63     		str	r3, [r7, #60]	@ float
 292:main.c        ****     q2=0;
 709              		.loc 1 292 0
 710 0118 4FF00003 		mov	r3, #0
 711 011c FB61     		str	r3, [r7, #28]	@ float
 293:main.c        **** 
 294:main.c        ****     for(i=0; i<numSamples; i++)
ARM GAS  C:\Users\rcaravac\AppData\Local\Temp\ccbwIWEm.s 			page 19


 712              		.loc 1 294 0
 713 011e 0023     		movs	r3, #0
 714 0120 7B64     		str	r3, [r7, #68]
 715 0122 1BE0     		b	.L35
 716              	.L36:
 295:main.c        ****     {
 296:main.c        ****         q2 = q1;
 717              		.loc 1 296 0 discriminator 3
 718 0124 FB6B     		ldr	r3, [r7, #60]	@ float
 719 0126 FB61     		str	r3, [r7, #28]	@ float
 297:main.c        ****         q1 = q0;
 720              		.loc 1 297 0 discriminator 3
 721 0128 3B6C     		ldr	r3, [r7, #64]	@ float
 722 012a FB63     		str	r3, [r7, #60]	@ float
 298:main.c        ****         q0 = coeff * q1 - q2 + data[i];
 723              		.loc 1 298 0 discriminator 3
 724 012c F96B     		ldr	r1, [r7, #60]	@ float
 725 012e 386A     		ldr	r0, [r7, #32]	@ float
 726 0130 FFF7FEFF 		bl	__aeabi_fmul
 727 0134 0346     		mov	r3, r0
 728 0136 F969     		ldr	r1, [r7, #28]	@ float
 729 0138 1846     		mov	r0, r3
 730 013a FFF7FEFF 		bl	__aeabi_fsub
 731 013e 0346     		mov	r3, r0
 732 0140 1846     		mov	r0, r3
 733 0142 7B6C     		ldr	r3, [r7, #68]
 734 0144 9B00     		lsls	r3, r3, #2
 735 0146 3A68     		ldr	r2, [r7]
 736 0148 1344     		add	r3, r3, r2
 737 014a 1B68     		ldr	r3, [r3]	@ float
 738 014c 1946     		mov	r1, r3
 739 014e FFF7FEFF 		bl	__aeabi_fadd
 740 0152 0346     		mov	r3, r0
 741 0154 3B64     		str	r3, [r7, #64]	@ float
 294:main.c        ****     {
 742              		.loc 1 294 0 discriminator 3
 743 0156 7B6C     		ldr	r3, [r7, #68]
 744 0158 0133     		adds	r3, r3, #1
 745 015a 7B64     		str	r3, [r7, #68]
 746              	.L35:
 294:main.c        ****     {
 747              		.loc 1 294 0 is_stmt 0 discriminator 1
 748 015c 7A6C     		ldr	r2, [r7, #68]
 749 015e FB68     		ldr	r3, [r7, #12]
 750 0160 9A42     		cmp	r2, r3
 751 0162 DFDB     		blt	.L36
 299:main.c        ****     }
 300:main.c        **** 
 301:main.c        ****     // calculate the real and imaginary results
 302:main.c        ****     // scaling appropriately
 303:main.c        ****     real = (q0 - q1 * cosine) / scalingFactor;
 752              		.loc 1 303 0 is_stmt 1
 753 0164 796A     		ldr	r1, [r7, #36]	@ float
 754 0166 F86B     		ldr	r0, [r7, #60]	@ float
 755 0168 FFF7FEFF 		bl	__aeabi_fmul
 756 016c 0346     		mov	r3, r0
 757 016e 1946     		mov	r1, r3
ARM GAS  C:\Users\rcaravac\AppData\Local\Temp\ccbwIWEm.s 			page 20


 758 0170 386C     		ldr	r0, [r7, #64]	@ float
 759 0172 FFF7FEFF 		bl	__aeabi_fsub
 760 0176 0346     		mov	r3, r0
 761 0178 B96B     		ldr	r1, [r7, #56]	@ float
 762 017a 1846     		mov	r0, r3
 763 017c FFF7FEFF 		bl	__aeabi_fdiv
 764 0180 0346     		mov	r3, r0
 765 0182 BB61     		str	r3, [r7, #24]	@ float
 304:main.c        ****     imag = (-q1 * sine) / scalingFactor;
 766              		.loc 1 304 0
 767 0184 FB6B     		ldr	r3, [r7, #60]
 768 0186 83F00043 		eor	r3, r3, #-2147483648
 769 018a B96A     		ldr	r1, [r7, #40]	@ float
 770 018c 1846     		mov	r0, r3
 771 018e FFF7FEFF 		bl	__aeabi_fmul
 772 0192 0346     		mov	r3, r0
 773 0194 B96B     		ldr	r1, [r7, #56]	@ float
 774 0196 1846     		mov	r0, r3
 775 0198 FFF7FEFF 		bl	__aeabi_fdiv
 776 019c 0346     		mov	r3, r0
 777 019e 7B61     		str	r3, [r7, #20]	@ float
 305:main.c        **** 
 306:main.c        ****     magnitude = sqrtf(real*real + imag*imag);
 778              		.loc 1 306 0
 779 01a0 B969     		ldr	r1, [r7, #24]	@ float
 780 01a2 B869     		ldr	r0, [r7, #24]	@ float
 781 01a4 FFF7FEFF 		bl	__aeabi_fmul
 782 01a8 0346     		mov	r3, r0
 783 01aa 1C46     		mov	r4, r3
 784 01ac 7969     		ldr	r1, [r7, #20]	@ float
 785 01ae 7869     		ldr	r0, [r7, #20]	@ float
 786 01b0 FFF7FEFF 		bl	__aeabi_fmul
 787 01b4 0346     		mov	r3, r0
 788 01b6 1946     		mov	r1, r3
 789 01b8 2046     		mov	r0, r4
 790 01ba FFF7FEFF 		bl	__aeabi_fadd
 791 01be 0346     		mov	r3, r0
 792 01c0 1846     		mov	r0, r3
 793 01c2 FFF7FEFF 		bl	sqrtf
 794 01c6 3861     		str	r0, [r7, #16]	@ float
 307:main.c        ****     
 308:main.c        **** 
 309:main.c        ****     return magnitude;
 795              		.loc 1 309 0
 796 01c8 3B69     		ldr	r3, [r7, #16]	@ float
 310:main.c        **** }
 797              		.loc 1 310 0
 798 01ca 1846     		mov	r0, r3
 799 01cc 4837     		adds	r7, r7, #72
 800              		.cfi_def_cfa_offset 16
 801 01ce BD46     		mov	sp, r7
 802              		.cfi_def_cfa_register 13
 803              		@ sp needed
 804 01d0 B0BD     		pop	{r4, r5, r7, pc}
 805              	.L39:
 806 01d2 00BFAFF3 		.align	3
 806      0080
ARM GAS  C:\Users\rcaravac\AppData\Local\Temp\ccbwIWEm.s 			page 21


 807              	.L38:
 808 01d8 A7E8482E 		.word	776530087
 809 01dc FF211940 		.word	1075388927
 810 01e0 0000E03F 		.word	1071644672
 811              		.cfi_endproc
 812              	.LFE69:
 813              		.size	goertzel_mag, .-goertzel_mag
 814              		.text
 815              	.Letext0:
 816              		.file 2 "c:\\program files (x86)\\cypress\\psoc creator\\4.2\\psoc creator\\import\\gnu\\arm\\5.4.
 817              		.file 3 "c:\\program files (x86)\\cypress\\psoc creator\\4.2\\psoc creator\\import\\gnu\\arm\\5.4.
 818              		.file 4 "Generated_Source\\PSoC5/cytypes.h"
 819              		.file 5 "Generated_Source\\PSoC5/core_cm3.h"
 820              		.section	.debug_info,"",%progbits
 821              	.Ldebug_info0:
 822 0000 1B040000 		.4byte	0x41b
 823 0004 0400     		.2byte	0x4
 824 0006 00000000 		.4byte	.Ldebug_abbrev0
 825 000a 04       		.byte	0x4
 826 000b 01       		.uleb128 0x1
 827 000c 2C000000 		.4byte	.LASF55
 828 0010 0C       		.byte	0xc
 829 0011 44020000 		.4byte	.LASF56
 830 0015 9E020000 		.4byte	.LASF57
 831 0019 00000000 		.4byte	.Ldebug_ranges0+0
 832 001d 00000000 		.4byte	0
 833 0021 00000000 		.4byte	.Ldebug_line0
 834 0025 02       		.uleb128 0x2
 835 0026 01       		.byte	0x1
 836 0027 06       		.byte	0x6
 837 0028 93010000 		.4byte	.LASF0
 838 002c 02       		.uleb128 0x2
 839 002d 01       		.byte	0x1
 840 002e 08       		.byte	0x8
 841 002f 7D010000 		.4byte	.LASF1
 842 0033 02       		.uleb128 0x2
 843 0034 02       		.byte	0x2
 844 0035 05       		.byte	0x5
 845 0036 0C000000 		.4byte	.LASF2
 846 003a 02       		.uleb128 0x2
 847 003b 02       		.byte	0x2
 848 003c 07       		.byte	0x7
 849 003d DA010000 		.4byte	.LASF3
 850 0041 03       		.uleb128 0x3
 851 0042 80020000 		.4byte	.LASF9
 852 0046 02       		.byte	0x2
 853 0047 3F       		.byte	0x3f
 854 0048 4C000000 		.4byte	0x4c
 855 004c 02       		.uleb128 0x2
 856 004d 04       		.byte	0x4
 857 004e 05       		.byte	0x5
 858 004f F9010000 		.4byte	.LASF4
 859 0053 02       		.uleb128 0x2
 860 0054 04       		.byte	0x4
 861 0055 07       		.byte	0x7
 862 0056 50020000 		.4byte	.LASF5
 863 005a 02       		.uleb128 0x2
ARM GAS  C:\Users\rcaravac\AppData\Local\Temp\ccbwIWEm.s 			page 22


 864 005b 08       		.byte	0x8
 865 005c 05       		.byte	0x5
 866 005d 08010000 		.4byte	.LASF6
 867 0061 02       		.uleb128 0x2
 868 0062 08       		.byte	0x8
 869 0063 07       		.byte	0x7
 870 0064 9F010000 		.4byte	.LASF7
 871 0068 04       		.uleb128 0x4
 872 0069 04       		.byte	0x4
 873 006a 05       		.byte	0x5
 874 006b 696E7400 		.ascii	"int\000"
 875 006f 02       		.uleb128 0x2
 876 0070 04       		.byte	0x4
 877 0071 07       		.byte	0x7
 878 0072 B6010000 		.4byte	.LASF8
 879 0076 03       		.uleb128 0x3
 880 0077 07020000 		.4byte	.LASF10
 881 007b 03       		.byte	0x3
 882 007c 2C       		.byte	0x2c
 883 007d 41000000 		.4byte	0x41
 884 0081 05       		.uleb128 0x5
 885 0082 E7000000 		.4byte	.LASF11
 886 0086 04       		.byte	0x4
 887 0087 9201     		.2byte	0x192
 888 0089 2C000000 		.4byte	0x2c
 889 008d 05       		.uleb128 0x5
 890 008e E0000000 		.4byte	.LASF12
 891 0092 04       		.byte	0x4
 892 0093 9301     		.2byte	0x193
 893 0095 3A000000 		.4byte	0x3a
 894 0099 05       		.uleb128 0x5
 895 009a 3D020000 		.4byte	.LASF13
 896 009e 04       		.byte	0x4
 897 009f 9401     		.2byte	0x194
 898 00a1 53000000 		.4byte	0x53
 899 00a5 02       		.uleb128 0x2
 900 00a6 04       		.byte	0x4
 901 00a7 04       		.byte	0x4
 902 00a8 02010000 		.4byte	.LASF14
 903 00ac 02       		.uleb128 0x2
 904 00ad 08       		.byte	0x8
 905 00ae 04       		.byte	0x4
 906 00af 62020000 		.4byte	.LASF15
 907 00b3 02       		.uleb128 0x2
 908 00b4 01       		.byte	0x1
 909 00b5 08       		.byte	0x8
 910 00b6 ED010000 		.4byte	.LASF16
 911 00ba 05       		.uleb128 0x5
 912 00bb 4B020000 		.4byte	.LASF17
 913 00bf 04       		.byte	0x4
 914 00c0 3C02     		.2byte	0x23c
 915 00c2 C6000000 		.4byte	0xc6
 916 00c6 06       		.uleb128 0x6
 917 00c7 81000000 		.4byte	0x81
 918 00cb 02       		.uleb128 0x2
 919 00cc 08       		.byte	0x8
 920 00cd 04       		.byte	0x4
ARM GAS  C:\Users\rcaravac\AppData\Local\Temp\ccbwIWEm.s 			page 23


 921 00ce BA000000 		.4byte	.LASF18
 922 00d2 02       		.uleb128 0x2
 923 00d3 04       		.byte	0x4
 924 00d4 07       		.byte	0x7
 925 00d5 95020000 		.4byte	.LASF19
 926 00d9 07       		.uleb128 0x7
 927 00da 37030000 		.4byte	.LASF22
 928 00de 01       		.byte	0x1
 929 00df 3F       		.byte	0x3f
 930 00e0 00000000 		.4byte	.LFB64
 931 00e4 2C010000 		.4byte	.LFE64-.LFB64
 932 00e8 01       		.uleb128 0x1
 933 00e9 9C       		.byte	0x9c
 934 00ea 05010000 		.4byte	0x105
 935 00ee 08       		.uleb128 0x8
 936 00ef 0E000000 		.4byte	.LBB2
 937 00f3 4E000000 		.4byte	.LBE2-.LBB2
 938 00f7 09       		.uleb128 0x9
 939 00f8 6A00     		.ascii	"j\000"
 940 00fa 01       		.byte	0x1
 941 00fb 45       		.byte	0x45
 942 00fc 68000000 		.4byte	0x68
 943 0100 02       		.uleb128 0x2
 944 0101 91       		.byte	0x91
 945 0102 74       		.sleb128 -12
 946 0103 00       		.byte	0
 947 0104 00       		.byte	0
 948 0105 0A       		.uleb128 0xa
 949 0106 8A020000 		.4byte	.LASF20
 950 010a 01       		.byte	0x1
 951 010b 69       		.byte	0x69
 952 010c 00000000 		.4byte	.LFB65
 953 0110 60000000 		.4byte	.LFE65-.LFB65
 954 0114 01       		.uleb128 0x1
 955 0115 9C       		.byte	0x9c
 956 0116 0A       		.uleb128 0xa
 957 0117 52010000 		.4byte	.LASF21
 958 011b 01       		.byte	0x1
 959 011c 7D       		.byte	0x7d
 960 011d 00000000 		.4byte	.LFB66
 961 0121 44000000 		.4byte	.LFE66-.LFB66
 962 0125 01       		.uleb128 0x1
 963 0126 9C       		.byte	0x9c
 964 0127 0B       		.uleb128 0xb
 965 0128 02020000 		.4byte	.LASF23
 966 012c 01       		.byte	0x1
 967 012d A0       		.byte	0xa0
 968 012e 68000000 		.4byte	0x68
 969 0132 00000000 		.4byte	.LFB67
 970 0136 B0000000 		.4byte	.LFE67-.LFB67
 971 013a 01       		.uleb128 0x1
 972 013b 9C       		.byte	0x9c
 973 013c 4E010000 		.4byte	0x14e
 974 0140 09       		.uleb128 0x9
 975 0141 436800   		.ascii	"Ch\000"
 976 0144 01       		.byte	0x1
 977 0145 A4       		.byte	0xa4
ARM GAS  C:\Users\rcaravac\AppData\Local\Temp\ccbwIWEm.s 			page 24


 978 0146 81000000 		.4byte	0x81
 979 014a 02       		.uleb128 0x2
 980 014b 91       		.byte	0x91
 981 014c 77       		.sleb128 -9
 982 014d 00       		.byte	0
 983 014e 07       		.uleb128 0x7
 984 014f D5000000 		.4byte	.LASF24
 985 0153 01       		.byte	0x1
 986 0154 F1       		.byte	0xf1
 987 0155 00000000 		.4byte	.LFB68
 988 0159 5C000000 		.4byte	.LFE68-.LFB68
 989 015d 01       		.uleb128 0x1
 990 015e 9C       		.byte	0x9c
 991 015f 80010000 		.4byte	0x180
 992 0163 0C       		.uleb128 0xc
 993 0164 1B010000 		.4byte	.LASF25
 994 0168 01       		.byte	0x1
 995 0169 F4       		.byte	0xf4
 996 016a 81000000 		.4byte	0x81
 997 016e 02       		.uleb128 0x2
 998 016f 91       		.byte	0x91
 999 0170 77       		.sleb128 -9
 1000 0171 0C       		.uleb128 0xc
 1001 0172 16000000 		.4byte	.LASF26
 1002 0176 01       		.byte	0x1
 1003 0177 F9       		.byte	0xf9
 1004 0178 81000000 		.4byte	0x81
 1005 017c 02       		.uleb128 0x2
 1006 017d 91       		.byte	0x91
 1007 017e 76       		.sleb128 -10
 1008 017f 00       		.byte	0
 1009 0180 0D       		.uleb128 0xd
 1010 0181 F5000000 		.4byte	.LASF58
 1011 0185 01       		.byte	0x1
 1012 0186 1301     		.2byte	0x113
 1013 0188 A5000000 		.4byte	0xa5
 1014 018c 00000000 		.4byte	.LFB69
 1015 0190 E4010000 		.4byte	.LFE69-.LFB69
 1016 0194 01       		.uleb128 0x1
 1017 0195 9C       		.byte	0x9c
 1018 0196 A8020000 		.4byte	0x2a8
 1019 019a 0E       		.uleb128 0xe
 1020 019b 1F020000 		.4byte	.LASF27
 1021 019f 01       		.byte	0x1
 1022 01a0 1301     		.2byte	0x113
 1023 01a2 68000000 		.4byte	0x68
 1024 01a6 03       		.uleb128 0x3
 1025 01a7 91       		.byte	0x91
 1026 01a8 B47F     		.sleb128 -76
 1027 01aa 0E       		.uleb128 0xe
 1028 01ab 65010000 		.4byte	.LASF28
 1029 01af 01       		.byte	0x1
 1030 01b0 1301     		.2byte	0x113
 1031 01b2 68000000 		.4byte	0x68
 1032 01b6 03       		.uleb128 0x3
 1033 01b7 91       		.byte	0x91
 1034 01b8 B07F     		.sleb128 -80
ARM GAS  C:\Users\rcaravac\AppData\Local\Temp\ccbwIWEm.s 			page 25


 1035 01ba 0E       		.uleb128 0xe
 1036 01bb 1E000000 		.4byte	.LASF29
 1037 01bf 01       		.byte	0x1
 1038 01c0 1301     		.2byte	0x113
 1039 01c2 68000000 		.4byte	0x68
 1040 01c6 03       		.uleb128 0x3
 1041 01c7 91       		.byte	0x91
 1042 01c8 AC7F     		.sleb128 -84
 1043 01ca 0E       		.uleb128 0xe
 1044 01cb 2A020000 		.4byte	.LASF30
 1045 01cf 01       		.byte	0x1
 1046 01d0 1301     		.2byte	0x113
 1047 01d2 A8020000 		.4byte	0x2a8
 1048 01d6 03       		.uleb128 0x3
 1049 01d7 91       		.byte	0x91
 1050 01d8 A87F     		.sleb128 -88
 1051 01da 0F       		.uleb128 0xf
 1052 01db 6B00     		.ascii	"k\000"
 1053 01dd 01       		.byte	0x1
 1054 01de 1501     		.2byte	0x115
 1055 01e0 68000000 		.4byte	0x68
 1056 01e4 02       		.uleb128 0x2
 1057 01e5 91       		.byte	0x91
 1058 01e6 58       		.sleb128 -40
 1059 01e7 0F       		.uleb128 0xf
 1060 01e8 6900     		.ascii	"i\000"
 1061 01ea 01       		.byte	0x1
 1062 01eb 1501     		.2byte	0x115
 1063 01ed 68000000 		.4byte	0x68
 1064 01f1 02       		.uleb128 0x2
 1065 01f2 91       		.byte	0x91
 1066 01f3 6C       		.sleb128 -20
 1067 01f4 10       		.uleb128 0x10
 1068 01f5 0F020000 		.4byte	.LASF31
 1069 01f9 01       		.byte	0x1
 1070 01fa 1601     		.2byte	0x116
 1071 01fc A5000000 		.4byte	0xa5
 1072 0200 02       		.uleb128 0x2
 1073 0201 91       		.byte	0x91
 1074 0202 5C       		.sleb128 -36
 1075 0203 10       		.uleb128 0x10
 1076 0204 36010000 		.4byte	.LASF32
 1077 0208 01       		.byte	0x1
 1078 0209 1701     		.2byte	0x117
 1079 020b A5000000 		.4byte	0xa5
 1080 020f 02       		.uleb128 0x2
 1081 0210 91       		.byte	0x91
 1082 0211 54       		.sleb128 -44
 1083 0212 10       		.uleb128 0x10
 1084 0213 D5010000 		.4byte	.LASF33
 1085 0217 01       		.byte	0x1
 1086 0218 1701     		.2byte	0x117
 1087 021a A5000000 		.4byte	0xa5
 1088 021e 02       		.uleb128 0x2
 1089 021f 91       		.byte	0x91
 1090 0220 50       		.sleb128 -48
 1091 0221 10       		.uleb128 0x10
ARM GAS  C:\Users\rcaravac\AppData\Local\Temp\ccbwIWEm.s 			page 26


 1092 0222 76010000 		.4byte	.LASF34
 1093 0226 01       		.byte	0x1
 1094 0227 1701     		.2byte	0x117
 1095 0229 A5000000 		.4byte	0xa5
 1096 022d 02       		.uleb128 0x2
 1097 022e 91       		.byte	0x91
 1098 022f 4C       		.sleb128 -52
 1099 0230 10       		.uleb128 0x10
 1100 0231 5F010000 		.4byte	.LASF35
 1101 0235 01       		.byte	0x1
 1102 0236 1701     		.2byte	0x117
 1103 0238 A5000000 		.4byte	0xa5
 1104 023c 02       		.uleb128 0x2
 1105 023d 91       		.byte	0x91
 1106 023e 48       		.sleb128 -56
 1107 023f 0F       		.uleb128 0xf
 1108 0240 713000   		.ascii	"q0\000"
 1109 0243 01       		.byte	0x1
 1110 0244 1701     		.2byte	0x117
 1111 0246 A5000000 		.4byte	0xa5
 1112 024a 02       		.uleb128 0x2
 1113 024b 91       		.byte	0x91
 1114 024c 68       		.sleb128 -24
 1115 024d 0F       		.uleb128 0xf
 1116 024e 713100   		.ascii	"q1\000"
 1117 0251 01       		.byte	0x1
 1118 0252 1701     		.2byte	0x117
 1119 0254 A5000000 		.4byte	0xa5
 1120 0258 02       		.uleb128 0x2
 1121 0259 91       		.byte	0x91
 1122 025a 64       		.sleb128 -28
 1123 025b 0F       		.uleb128 0xf
 1124 025c 713200   		.ascii	"q2\000"
 1125 025f 01       		.byte	0x1
 1126 0260 1701     		.2byte	0x117
 1127 0262 A5000000 		.4byte	0xa5
 1128 0266 02       		.uleb128 0x2
 1129 0267 91       		.byte	0x91
 1130 0268 44       		.sleb128 -60
 1131 0269 10       		.uleb128 0x10
 1132 026a 20030000 		.4byte	.LASF36
 1133 026e 01       		.byte	0x1
 1134 026f 1701     		.2byte	0x117
 1135 0271 A5000000 		.4byte	0xa5
 1136 0275 03       		.uleb128 0x3
 1137 0276 91       		.byte	0x91
 1138 0277 B87F     		.sleb128 -72
 1139 0279 10       		.uleb128 0x10
 1140 027a 16010000 		.4byte	.LASF37
 1141 027e 01       		.byte	0x1
 1142 027f 1701     		.2byte	0x117
 1143 0281 A5000000 		.4byte	0xa5
 1144 0285 02       		.uleb128 0x2
 1145 0286 91       		.byte	0x91
 1146 0287 40       		.sleb128 -64
 1147 0288 10       		.uleb128 0x10
 1148 0289 00000000 		.4byte	.LASF38
ARM GAS  C:\Users\rcaravac\AppData\Local\Temp\ccbwIWEm.s 			page 27


 1149 028d 01       		.byte	0x1
 1150 028e 1701     		.2byte	0x117
 1151 0290 A5000000 		.4byte	0xa5
 1152 0294 03       		.uleb128 0x3
 1153 0295 91       		.byte	0x91
 1154 0296 BC7F     		.sleb128 -68
 1155 0298 10       		.uleb128 0x10
 1156 0299 2F020000 		.4byte	.LASF39
 1157 029d 01       		.byte	0x1
 1158 029e 1901     		.2byte	0x119
 1159 02a0 A5000000 		.4byte	0xa5
 1160 02a4 02       		.uleb128 0x2
 1161 02a5 91       		.byte	0x91
 1162 02a6 60       		.sleb128 -32
 1163 02a7 00       		.byte	0
 1164 02a8 11       		.uleb128 0x11
 1165 02a9 04       		.byte	0x4
 1166 02aa A5000000 		.4byte	0xa5
 1167 02ae 12       		.uleb128 0x12
 1168 02af 2A030000 		.4byte	.LASF40
 1169 02b3 05       		.byte	0x5
 1170 02b4 1207     		.2byte	0x712
 1171 02b6 BA020000 		.4byte	0x2ba
 1172 02ba 06       		.uleb128 0x6
 1173 02bb 76000000 		.4byte	0x76
 1174 02bf 13       		.uleb128 0x13
 1175 02c0 45010000 		.4byte	.LASF41
 1176 02c4 01       		.byte	0x1
 1177 02c5 23       		.byte	0x23
 1178 02c6 81000000 		.4byte	0x81
 1179 02ca 05       		.uleb128 0x5
 1180 02cb 03       		.byte	0x3
 1181 02cc 00000000 		.4byte	Continuously
 1182 02d0 14       		.uleb128 0x14
 1183 02d1 B3000000 		.4byte	0xb3
 1184 02d5 E0020000 		.4byte	0x2e0
 1185 02d9 15       		.uleb128 0x15
 1186 02da D2000000 		.4byte	0xd2
 1187 02de 0F       		.byte	0xf
 1188 02df 00       		.byte	0
 1189 02e0 13       		.uleb128 0x13
 1190 02e1 C6000000 		.4byte	.LASF42
 1191 02e5 01       		.byte	0x1
 1192 02e6 26       		.byte	0x26
 1193 02e7 D0020000 		.4byte	0x2d0
 1194 02eb 05       		.uleb128 0x5
 1195 02ec 03       		.byte	0x3
 1196 02ed 00000000 		.4byte	TransmitBuffer
 1197 02f1 13       		.uleb128 0x13
 1198 02f2 29010000 		.4byte	.LASF43
 1199 02f6 01       		.byte	0x1
 1200 02f7 28       		.byte	0x28
 1201 02f8 81000000 		.4byte	0x81
 1202 02fc 05       		.uleb128 0x5
 1203 02fd 03       		.byte	0x3
 1204 02fe 00000000 		.4byte	EmulatedData
 1205 0302 13       		.uleb128 0x13
ARM GAS  C:\Users\rcaravac\AppData\Local\Temp\ccbwIWEm.s 			page 28


 1206 0303 19030000 		.4byte	.LASF44
 1207 0307 01       		.byte	0x1
 1208 0308 29       		.byte	0x29
 1209 0309 81000000 		.4byte	0x81
 1210 030d 05       		.uleb128 0x5
 1211 030e 03       		.byte	0x3
 1212 030f 00000000 		.4byte	output
 1213 0313 13       		.uleb128 0x13
 1214 0314 ED000000 		.4byte	.LASF45
 1215 0318 01       		.byte	0x1
 1216 0319 2A       		.byte	0x2a
 1217 031a 8D000000 		.4byte	0x8d
 1218 031e 05       		.uleb128 0x5
 1219 031f 03       		.byte	0x3
 1220 0320 00000000 		.4byte	ADC_out
 1221 0324 14       		.uleb128 0x14
 1222 0325 81000000 		.4byte	0x81
 1223 0329 35030000 		.4byte	0x335
 1224 032d 16       		.uleb128 0x16
 1225 032e D2000000 		.4byte	0xd2
 1226 0332 CF07     		.2byte	0x7cf
 1227 0334 00       		.byte	0
 1228 0335 13       		.uleb128 0x13
 1229 0336 FF020000 		.4byte	.LASF46
 1230 033a 01       		.byte	0x1
 1231 033b 2C       		.byte	0x2c
 1232 033c 24030000 		.4byte	0x324
 1233 0340 05       		.uleb128 0x5
 1234 0341 03       		.byte	0x3
 1235 0342 00000000 		.4byte	Buffer_sample_to_transmit
 1236 0346 17       		.uleb128 0x17
 1237 0347 6900     		.ascii	"i\000"
 1238 0349 01       		.byte	0x1
 1239 034a 2D       		.byte	0x2d
 1240 034b 68000000 		.4byte	0x68
 1241 034f 05       		.uleb128 0x5
 1242 0350 03       		.byte	0x3
 1243 0351 00000000 		.4byte	i
 1244 0355 13       		.uleb128 0x13
 1245 0356 69020000 		.4byte	.LASF47
 1246 035a 01       		.byte	0x1
 1247 035b 2E       		.byte	0x2e
 1248 035c 6F000000 		.4byte	0x6f
 1249 0360 05       		.uleb128 0x5
 1250 0361 03       		.byte	0x3
 1251 0362 00000000 		.4byte	sample_counter
 1252 0366 14       		.uleb128 0x14
 1253 0367 B3000000 		.4byte	0xb3
 1254 036b 76030000 		.4byte	0x376
 1255 036f 15       		.uleb128 0x15
 1256 0370 D2000000 		.4byte	0xd2
 1257 0374 09       		.byte	0x9
 1258 0375 00       		.byte	0
 1259 0376 13       		.uleb128 0x13
 1260 0377 C3010000 		.4byte	.LASF48
 1261 037b 01       		.byte	0x1
 1262 037c 30       		.byte	0x30
ARM GAS  C:\Users\rcaravac\AppData\Local\Temp\ccbwIWEm.s 			page 29


 1263 037d 66030000 		.4byte	0x366
 1264 0381 05       		.uleb128 0x5
 1265 0382 03       		.byte	0x3
 1266 0383 00000000 		.4byte	counter_char
 1267 0387 14       		.uleb128 0x14
 1268 0388 A5000000 		.4byte	0xa5
 1269 038c 98030000 		.4byte	0x398
 1270 0390 16       		.uleb128 0x16
 1271 0391 D2000000 		.4byte	0xd2
 1272 0395 CF07     		.2byte	0x7cf
 1273 0397 00       		.byte	0
 1274 0398 13       		.uleb128 0x13
 1275 0399 F2010000 		.4byte	.LASF49
 1276 039d 01       		.byte	0x1
 1277 039e 35       		.byte	0x35
 1278 039f 87030000 		.4byte	0x387
 1279 03a3 05       		.uleb128 0x5
 1280 03a4 03       		.byte	0x3
 1281 03a5 00000000 		.4byte	signal
 1282 03a9 13       		.uleb128 0x13
 1283 03aa 78020000 		.4byte	.LASF50
 1284 03ae 01       		.byte	0x1
 1285 03af 36       		.byte	0x36
 1286 03b0 A5000000 		.4byte	0xa5
 1287 03b4 05       		.uleb128 0x5
 1288 03b5 03       		.byte	0x3
 1289 03b6 00000000 		.4byte	MAG_ROW
 1290 03ba 13       		.uleb128 0x13
 1291 03bb 8B010000 		.4byte	.LASF51
 1292 03bf 01       		.byte	0x1
 1293 03c0 36       		.byte	0x36
 1294 03c1 A5000000 		.4byte	0xa5
 1295 03c5 05       		.uleb128 0x5
 1296 03c6 03       		.byte	0x3
 1297 03c7 00000000 		.4byte	MAG_COL
 1298 03cb 17       		.uleb128 0x17
 1299 03cc 6D6700   		.ascii	"mg\000"
 1300 03cf 01       		.byte	0x1
 1301 03d0 37       		.byte	0x37
 1302 03d1 68000000 		.4byte	0x68
 1303 03d5 05       		.uleb128 0x5
 1304 03d6 03       		.byte	0x3
 1305 03d7 00000000 		.4byte	mg
 1306 03db 14       		.uleb128 0x14
 1307 03dc B3000000 		.4byte	0xb3
 1308 03e0 EB030000 		.4byte	0x3eb
 1309 03e4 15       		.uleb128 0x15
 1310 03e5 D2000000 		.4byte	0xd2
 1311 03e9 1F       		.byte	0x1f
 1312 03ea 00       		.byte	0
 1313 03eb 13       		.uleb128 0x13
 1314 03ec D0010000 		.4byte	.LASF52
 1315 03f0 01       		.byte	0x1
 1316 03f1 38       		.byte	0x38
 1317 03f2 DB030000 		.4byte	0x3db
 1318 03f6 05       		.uleb128 0x5
 1319 03f7 03       		.byte	0x3
ARM GAS  C:\Users\rcaravac\AppData\Local\Temp\ccbwIWEm.s 			page 30


 1320 03f8 00000000 		.4byte	test
 1321 03fc 13       		.uleb128 0x13
 1322 03fd 05000000 		.4byte	.LASF53
 1323 0401 01       		.byte	0x1
 1324 0402 3B       		.byte	0x3b
 1325 0403 68000000 		.4byte	0x68
 1326 0407 05       		.uleb128 0x5
 1327 0408 03       		.byte	0x3
 1328 0409 00000000 		.4byte	sample
 1329 040d 13       		.uleb128 0x13
 1330 040e 3C010000 		.4byte	.LASF54
 1331 0412 01       		.byte	0x1
 1332 0413 3C       		.byte	0x3c
 1333 0414 A5000000 		.4byte	0xa5
 1334 0418 05       		.uleb128 0x5
 1335 0419 03       		.byte	0x3
 1336 041a 00000000 		.4byte	sample_f
 1337 041e 00       		.byte	0
 1338              		.section	.debug_abbrev,"",%progbits
 1339              	.Ldebug_abbrev0:
 1340 0000 01       		.uleb128 0x1
 1341 0001 11       		.uleb128 0x11
 1342 0002 01       		.byte	0x1
 1343 0003 25       		.uleb128 0x25
 1344 0004 0E       		.uleb128 0xe
 1345 0005 13       		.uleb128 0x13
 1346 0006 0B       		.uleb128 0xb
 1347 0007 03       		.uleb128 0x3
 1348 0008 0E       		.uleb128 0xe
 1349 0009 1B       		.uleb128 0x1b
 1350 000a 0E       		.uleb128 0xe
 1351 000b 55       		.uleb128 0x55
 1352 000c 17       		.uleb128 0x17
 1353 000d 11       		.uleb128 0x11
 1354 000e 01       		.uleb128 0x1
 1355 000f 10       		.uleb128 0x10
 1356 0010 17       		.uleb128 0x17
 1357 0011 00       		.byte	0
 1358 0012 00       		.byte	0
 1359 0013 02       		.uleb128 0x2
 1360 0014 24       		.uleb128 0x24
 1361 0015 00       		.byte	0
 1362 0016 0B       		.uleb128 0xb
 1363 0017 0B       		.uleb128 0xb
 1364 0018 3E       		.uleb128 0x3e
 1365 0019 0B       		.uleb128 0xb
 1366 001a 03       		.uleb128 0x3
 1367 001b 0E       		.uleb128 0xe
 1368 001c 00       		.byte	0
 1369 001d 00       		.byte	0
 1370 001e 03       		.uleb128 0x3
 1371 001f 16       		.uleb128 0x16
 1372 0020 00       		.byte	0
 1373 0021 03       		.uleb128 0x3
 1374 0022 0E       		.uleb128 0xe
 1375 0023 3A       		.uleb128 0x3a
 1376 0024 0B       		.uleb128 0xb
ARM GAS  C:\Users\rcaravac\AppData\Local\Temp\ccbwIWEm.s 			page 31


 1377 0025 3B       		.uleb128 0x3b
 1378 0026 0B       		.uleb128 0xb
 1379 0027 49       		.uleb128 0x49
 1380 0028 13       		.uleb128 0x13
 1381 0029 00       		.byte	0
 1382 002a 00       		.byte	0
 1383 002b 04       		.uleb128 0x4
 1384 002c 24       		.uleb128 0x24
 1385 002d 00       		.byte	0
 1386 002e 0B       		.uleb128 0xb
 1387 002f 0B       		.uleb128 0xb
 1388 0030 3E       		.uleb128 0x3e
 1389 0031 0B       		.uleb128 0xb
 1390 0032 03       		.uleb128 0x3
 1391 0033 08       		.uleb128 0x8
 1392 0034 00       		.byte	0
 1393 0035 00       		.byte	0
 1394 0036 05       		.uleb128 0x5
 1395 0037 16       		.uleb128 0x16
 1396 0038 00       		.byte	0
 1397 0039 03       		.uleb128 0x3
 1398 003a 0E       		.uleb128 0xe
 1399 003b 3A       		.uleb128 0x3a
 1400 003c 0B       		.uleb128 0xb
 1401 003d 3B       		.uleb128 0x3b
 1402 003e 05       		.uleb128 0x5
 1403 003f 49       		.uleb128 0x49
 1404 0040 13       		.uleb128 0x13
 1405 0041 00       		.byte	0
 1406 0042 00       		.byte	0
 1407 0043 06       		.uleb128 0x6
 1408 0044 35       		.uleb128 0x35
 1409 0045 00       		.byte	0
 1410 0046 49       		.uleb128 0x49
 1411 0047 13       		.uleb128 0x13
 1412 0048 00       		.byte	0
 1413 0049 00       		.byte	0
 1414 004a 07       		.uleb128 0x7
 1415 004b 2E       		.uleb128 0x2e
 1416 004c 01       		.byte	0x1
 1417 004d 3F       		.uleb128 0x3f
 1418 004e 19       		.uleb128 0x19
 1419 004f 03       		.uleb128 0x3
 1420 0050 0E       		.uleb128 0xe
 1421 0051 3A       		.uleb128 0x3a
 1422 0052 0B       		.uleb128 0xb
 1423 0053 3B       		.uleb128 0x3b
 1424 0054 0B       		.uleb128 0xb
 1425 0055 27       		.uleb128 0x27
 1426 0056 19       		.uleb128 0x19
 1427 0057 11       		.uleb128 0x11
 1428 0058 01       		.uleb128 0x1
 1429 0059 12       		.uleb128 0x12
 1430 005a 06       		.uleb128 0x6
 1431 005b 40       		.uleb128 0x40
 1432 005c 18       		.uleb128 0x18
 1433 005d 9642     		.uleb128 0x2116
ARM GAS  C:\Users\rcaravac\AppData\Local\Temp\ccbwIWEm.s 			page 32


 1434 005f 19       		.uleb128 0x19
 1435 0060 01       		.uleb128 0x1
 1436 0061 13       		.uleb128 0x13
 1437 0062 00       		.byte	0
 1438 0063 00       		.byte	0
 1439 0064 08       		.uleb128 0x8
 1440 0065 0B       		.uleb128 0xb
 1441 0066 01       		.byte	0x1
 1442 0067 11       		.uleb128 0x11
 1443 0068 01       		.uleb128 0x1
 1444 0069 12       		.uleb128 0x12
 1445 006a 06       		.uleb128 0x6
 1446 006b 00       		.byte	0
 1447 006c 00       		.byte	0
 1448 006d 09       		.uleb128 0x9
 1449 006e 34       		.uleb128 0x34
 1450 006f 00       		.byte	0
 1451 0070 03       		.uleb128 0x3
 1452 0071 08       		.uleb128 0x8
 1453 0072 3A       		.uleb128 0x3a
 1454 0073 0B       		.uleb128 0xb
 1455 0074 3B       		.uleb128 0x3b
 1456 0075 0B       		.uleb128 0xb
 1457 0076 49       		.uleb128 0x49
 1458 0077 13       		.uleb128 0x13
 1459 0078 02       		.uleb128 0x2
 1460 0079 18       		.uleb128 0x18
 1461 007a 00       		.byte	0
 1462 007b 00       		.byte	0
 1463 007c 0A       		.uleb128 0xa
 1464 007d 2E       		.uleb128 0x2e
 1465 007e 00       		.byte	0
 1466 007f 3F       		.uleb128 0x3f
 1467 0080 19       		.uleb128 0x19
 1468 0081 03       		.uleb128 0x3
 1469 0082 0E       		.uleb128 0xe
 1470 0083 3A       		.uleb128 0x3a
 1471 0084 0B       		.uleb128 0xb
 1472 0085 3B       		.uleb128 0x3b
 1473 0086 0B       		.uleb128 0xb
 1474 0087 27       		.uleb128 0x27
 1475 0088 19       		.uleb128 0x19
 1476 0089 11       		.uleb128 0x11
 1477 008a 01       		.uleb128 0x1
 1478 008b 12       		.uleb128 0x12
 1479 008c 06       		.uleb128 0x6
 1480 008d 40       		.uleb128 0x40
 1481 008e 18       		.uleb128 0x18
 1482 008f 9642     		.uleb128 0x2116
 1483 0091 19       		.uleb128 0x19
 1484 0092 00       		.byte	0
 1485 0093 00       		.byte	0
 1486 0094 0B       		.uleb128 0xb
 1487 0095 2E       		.uleb128 0x2e
 1488 0096 01       		.byte	0x1
 1489 0097 3F       		.uleb128 0x3f
 1490 0098 19       		.uleb128 0x19
ARM GAS  C:\Users\rcaravac\AppData\Local\Temp\ccbwIWEm.s 			page 33


 1491 0099 03       		.uleb128 0x3
 1492 009a 0E       		.uleb128 0xe
 1493 009b 3A       		.uleb128 0x3a
 1494 009c 0B       		.uleb128 0xb
 1495 009d 3B       		.uleb128 0x3b
 1496 009e 0B       		.uleb128 0xb
 1497 009f 49       		.uleb128 0x49
 1498 00a0 13       		.uleb128 0x13
 1499 00a1 11       		.uleb128 0x11
 1500 00a2 01       		.uleb128 0x1
 1501 00a3 12       		.uleb128 0x12
 1502 00a4 06       		.uleb128 0x6
 1503 00a5 40       		.uleb128 0x40
 1504 00a6 18       		.uleb128 0x18
 1505 00a7 9642     		.uleb128 0x2116
 1506 00a9 19       		.uleb128 0x19
 1507 00aa 01       		.uleb128 0x1
 1508 00ab 13       		.uleb128 0x13
 1509 00ac 00       		.byte	0
 1510 00ad 00       		.byte	0
 1511 00ae 0C       		.uleb128 0xc
 1512 00af 34       		.uleb128 0x34
 1513 00b0 00       		.byte	0
 1514 00b1 03       		.uleb128 0x3
 1515 00b2 0E       		.uleb128 0xe
 1516 00b3 3A       		.uleb128 0x3a
 1517 00b4 0B       		.uleb128 0xb
 1518 00b5 3B       		.uleb128 0x3b
 1519 00b6 0B       		.uleb128 0xb
 1520 00b7 49       		.uleb128 0x49
 1521 00b8 13       		.uleb128 0x13
 1522 00b9 02       		.uleb128 0x2
 1523 00ba 18       		.uleb128 0x18
 1524 00bb 00       		.byte	0
 1525 00bc 00       		.byte	0
 1526 00bd 0D       		.uleb128 0xd
 1527 00be 2E       		.uleb128 0x2e
 1528 00bf 01       		.byte	0x1
 1529 00c0 3F       		.uleb128 0x3f
 1530 00c1 19       		.uleb128 0x19
 1531 00c2 03       		.uleb128 0x3
 1532 00c3 0E       		.uleb128 0xe
 1533 00c4 3A       		.uleb128 0x3a
 1534 00c5 0B       		.uleb128 0xb
 1535 00c6 3B       		.uleb128 0x3b
 1536 00c7 05       		.uleb128 0x5
 1537 00c8 27       		.uleb128 0x27
 1538 00c9 19       		.uleb128 0x19
 1539 00ca 49       		.uleb128 0x49
 1540 00cb 13       		.uleb128 0x13
 1541 00cc 11       		.uleb128 0x11
 1542 00cd 01       		.uleb128 0x1
 1543 00ce 12       		.uleb128 0x12
 1544 00cf 06       		.uleb128 0x6
 1545 00d0 40       		.uleb128 0x40
 1546 00d1 18       		.uleb128 0x18
 1547 00d2 9642     		.uleb128 0x2116
ARM GAS  C:\Users\rcaravac\AppData\Local\Temp\ccbwIWEm.s 			page 34


 1548 00d4 19       		.uleb128 0x19
 1549 00d5 01       		.uleb128 0x1
 1550 00d6 13       		.uleb128 0x13
 1551 00d7 00       		.byte	0
 1552 00d8 00       		.byte	0
 1553 00d9 0E       		.uleb128 0xe
 1554 00da 05       		.uleb128 0x5
 1555 00db 00       		.byte	0
 1556 00dc 03       		.uleb128 0x3
 1557 00dd 0E       		.uleb128 0xe
 1558 00de 3A       		.uleb128 0x3a
 1559 00df 0B       		.uleb128 0xb
 1560 00e0 3B       		.uleb128 0x3b
 1561 00e1 05       		.uleb128 0x5
 1562 00e2 49       		.uleb128 0x49
 1563 00e3 13       		.uleb128 0x13
 1564 00e4 02       		.uleb128 0x2
 1565 00e5 18       		.uleb128 0x18
 1566 00e6 00       		.byte	0
 1567 00e7 00       		.byte	0
 1568 00e8 0F       		.uleb128 0xf
 1569 00e9 34       		.uleb128 0x34
 1570 00ea 00       		.byte	0
 1571 00eb 03       		.uleb128 0x3
 1572 00ec 08       		.uleb128 0x8
 1573 00ed 3A       		.uleb128 0x3a
 1574 00ee 0B       		.uleb128 0xb
 1575 00ef 3B       		.uleb128 0x3b
 1576 00f0 05       		.uleb128 0x5
 1577 00f1 49       		.uleb128 0x49
 1578 00f2 13       		.uleb128 0x13
 1579 00f3 02       		.uleb128 0x2
 1580 00f4 18       		.uleb128 0x18
 1581 00f5 00       		.byte	0
 1582 00f6 00       		.byte	0
 1583 00f7 10       		.uleb128 0x10
 1584 00f8 34       		.uleb128 0x34
 1585 00f9 00       		.byte	0
 1586 00fa 03       		.uleb128 0x3
 1587 00fb 0E       		.uleb128 0xe
 1588 00fc 3A       		.uleb128 0x3a
 1589 00fd 0B       		.uleb128 0xb
 1590 00fe 3B       		.uleb128 0x3b
 1591 00ff 05       		.uleb128 0x5
 1592 0100 49       		.uleb128 0x49
 1593 0101 13       		.uleb128 0x13
 1594 0102 02       		.uleb128 0x2
 1595 0103 18       		.uleb128 0x18
 1596 0104 00       		.byte	0
 1597 0105 00       		.byte	0
 1598 0106 11       		.uleb128 0x11
 1599 0107 0F       		.uleb128 0xf
 1600 0108 00       		.byte	0
 1601 0109 0B       		.uleb128 0xb
 1602 010a 0B       		.uleb128 0xb
 1603 010b 49       		.uleb128 0x49
 1604 010c 13       		.uleb128 0x13
ARM GAS  C:\Users\rcaravac\AppData\Local\Temp\ccbwIWEm.s 			page 35


 1605 010d 00       		.byte	0
 1606 010e 00       		.byte	0
 1607 010f 12       		.uleb128 0x12
 1608 0110 34       		.uleb128 0x34
 1609 0111 00       		.byte	0
 1610 0112 03       		.uleb128 0x3
 1611 0113 0E       		.uleb128 0xe
 1612 0114 3A       		.uleb128 0x3a
 1613 0115 0B       		.uleb128 0xb
 1614 0116 3B       		.uleb128 0x3b
 1615 0117 05       		.uleb128 0x5
 1616 0118 49       		.uleb128 0x49
 1617 0119 13       		.uleb128 0x13
 1618 011a 3F       		.uleb128 0x3f
 1619 011b 19       		.uleb128 0x19
 1620 011c 3C       		.uleb128 0x3c
 1621 011d 19       		.uleb128 0x19
 1622 011e 00       		.byte	0
 1623 011f 00       		.byte	0
 1624 0120 13       		.uleb128 0x13
 1625 0121 34       		.uleb128 0x34
 1626 0122 00       		.byte	0
 1627 0123 03       		.uleb128 0x3
 1628 0124 0E       		.uleb128 0xe
 1629 0125 3A       		.uleb128 0x3a
 1630 0126 0B       		.uleb128 0xb
 1631 0127 3B       		.uleb128 0x3b
 1632 0128 0B       		.uleb128 0xb
 1633 0129 49       		.uleb128 0x49
 1634 012a 13       		.uleb128 0x13
 1635 012b 3F       		.uleb128 0x3f
 1636 012c 19       		.uleb128 0x19
 1637 012d 02       		.uleb128 0x2
 1638 012e 18       		.uleb128 0x18
 1639 012f 00       		.byte	0
 1640 0130 00       		.byte	0
 1641 0131 14       		.uleb128 0x14
 1642 0132 01       		.uleb128 0x1
 1643 0133 01       		.byte	0x1
 1644 0134 49       		.uleb128 0x49
 1645 0135 13       		.uleb128 0x13
 1646 0136 01       		.uleb128 0x1
 1647 0137 13       		.uleb128 0x13
 1648 0138 00       		.byte	0
 1649 0139 00       		.byte	0
 1650 013a 15       		.uleb128 0x15
 1651 013b 21       		.uleb128 0x21
 1652 013c 00       		.byte	0
 1653 013d 49       		.uleb128 0x49
 1654 013e 13       		.uleb128 0x13
 1655 013f 2F       		.uleb128 0x2f
 1656 0140 0B       		.uleb128 0xb
 1657 0141 00       		.byte	0
 1658 0142 00       		.byte	0
 1659 0143 16       		.uleb128 0x16
 1660 0144 21       		.uleb128 0x21
 1661 0145 00       		.byte	0
ARM GAS  C:\Users\rcaravac\AppData\Local\Temp\ccbwIWEm.s 			page 36


 1662 0146 49       		.uleb128 0x49
 1663 0147 13       		.uleb128 0x13
 1664 0148 2F       		.uleb128 0x2f
 1665 0149 05       		.uleb128 0x5
 1666 014a 00       		.byte	0
 1667 014b 00       		.byte	0
 1668 014c 17       		.uleb128 0x17
 1669 014d 34       		.uleb128 0x34
 1670 014e 00       		.byte	0
 1671 014f 03       		.uleb128 0x3
 1672 0150 08       		.uleb128 0x8
 1673 0151 3A       		.uleb128 0x3a
 1674 0152 0B       		.uleb128 0xb
 1675 0153 3B       		.uleb128 0x3b
 1676 0154 0B       		.uleb128 0xb
 1677 0155 49       		.uleb128 0x49
 1678 0156 13       		.uleb128 0x13
 1679 0157 3F       		.uleb128 0x3f
 1680 0158 19       		.uleb128 0x19
 1681 0159 02       		.uleb128 0x2
 1682 015a 18       		.uleb128 0x18
 1683 015b 00       		.byte	0
 1684 015c 00       		.byte	0
 1685 015d 00       		.byte	0
 1686              		.section	.debug_aranges,"",%progbits
 1687 0000 44000000 		.4byte	0x44
 1688 0004 0200     		.2byte	0x2
 1689 0006 00000000 		.4byte	.Ldebug_info0
 1690 000a 04       		.byte	0x4
 1691 000b 00       		.byte	0
 1692 000c 0000     		.2byte	0
 1693 000e 0000     		.2byte	0
 1694 0010 00000000 		.4byte	.LFB64
 1695 0014 2C010000 		.4byte	.LFE64-.LFB64
 1696 0018 00000000 		.4byte	.LFB65
 1697 001c 60000000 		.4byte	.LFE65-.LFB65
 1698 0020 00000000 		.4byte	.LFB66
 1699 0024 44000000 		.4byte	.LFE66-.LFB66
 1700 0028 00000000 		.4byte	.LFB67
 1701 002c B0000000 		.4byte	.LFE67-.LFB67
 1702 0030 00000000 		.4byte	.LFB68
 1703 0034 5C000000 		.4byte	.LFE68-.LFB68
 1704 0038 00000000 		.4byte	.LFB69
 1705 003c E4010000 		.4byte	.LFE69-.LFB69
 1706 0040 00000000 		.4byte	0
 1707 0044 00000000 		.4byte	0
 1708              		.section	.debug_ranges,"",%progbits
 1709              	.Ldebug_ranges0:
 1710 0000 00000000 		.4byte	.LFB64
 1711 0004 2C010000 		.4byte	.LFE64
 1712 0008 00000000 		.4byte	.LFB65
 1713 000c 60000000 		.4byte	.LFE65
 1714 0010 00000000 		.4byte	.LFB66
 1715 0014 44000000 		.4byte	.LFE66
 1716 0018 00000000 		.4byte	.LFB67
 1717 001c B0000000 		.4byte	.LFE67
 1718 0020 00000000 		.4byte	.LFB68
ARM GAS  C:\Users\rcaravac\AppData\Local\Temp\ccbwIWEm.s 			page 37


 1719 0024 5C000000 		.4byte	.LFE68
 1720 0028 00000000 		.4byte	.LFB69
 1721 002c E4010000 		.4byte	.LFE69
 1722 0030 00000000 		.4byte	0
 1723 0034 00000000 		.4byte	0
 1724              		.section	.debug_line,"",%progbits
 1725              	.Ldebug_line0:
 1726 0000 5B020000 		.section	.debug_str,"MS",%progbits,1
 1726      02004C01 
 1726      00000201 
 1726      FB0E0D00 
 1726      01010101 
 1727              	.LASF38:
 1728 0000 696D6167 		.ascii	"imag\000"
 1728      00
 1729              	.LASF53:
 1730 0005 73616D70 		.ascii	"sample\000"
 1730      6C6500
 1731              	.LASF2:
 1732 000c 73686F72 		.ascii	"short int\000"
 1732      7420696E 
 1732      7400
 1733              	.LASF26:
 1734 0016 74644368 		.ascii	"tdChanA\000"
 1734      616E4100 
 1735              	.LASF29:
 1736 001e 53414D50 		.ascii	"SAMPLING_RATE\000"
 1736      4C494E47 
 1736      5F524154 
 1736      4500
 1737              	.LASF55:
 1738 002c 474E5520 		.ascii	"GNU C11 5.4.1 20160609 (release) [ARM/embedded-5-br"
 1738      43313120 
 1738      352E342E 
 1738      31203230 
 1738      31363036 
 1739 005f 616E6368 		.ascii	"anch revision 237715] -mcpu=cortex-m3 -mthumb -g -O"
 1739      20726576 
 1739      6973696F 
 1739      6E203233 
 1739      37373135 
 1740 0092 30202D66 		.ascii	"0 -ffunction-sections -ffat-lto-objects\000"
 1740      66756E63 
 1740      74696F6E 
 1740      2D736563 
 1740      74696F6E 
 1741              	.LASF18:
 1742 00ba 6C6F6E67 		.ascii	"long double\000"
 1742      20646F75 
 1742      626C6500 
 1743              	.LASF42:
 1744 00c6 5472616E 		.ascii	"TransmitBuffer\000"
 1744      736D6974 
 1744      42756666 
 1744      657200
 1745              	.LASF24:
 1746 00d5 444D415F 		.ascii	"DMA_Config\000"
ARM GAS  C:\Users\rcaravac\AppData\Local\Temp\ccbwIWEm.s 			page 38


 1746      436F6E66 
 1746      696700
 1747              	.LASF12:
 1748 00e0 75696E74 		.ascii	"uint16\000"
 1748      313600
 1749              	.LASF11:
 1750 00e7 75696E74 		.ascii	"uint8\000"
 1750      3800
 1751              	.LASF45:
 1752 00ed 4144435F 		.ascii	"ADC_out\000"
 1752      6F757400 
 1753              	.LASF58:
 1754 00f5 676F6572 		.ascii	"goertzel_mag\000"
 1754      747A656C 
 1754      5F6D6167 
 1754      00
 1755              	.LASF14:
 1756 0102 666C6F61 		.ascii	"float\000"
 1756      7400
 1757              	.LASF6:
 1758 0108 6C6F6E67 		.ascii	"long long int\000"
 1758      206C6F6E 
 1758      6720696E 
 1758      7400
 1759              	.LASF37:
 1760 0116 7265616C 		.ascii	"real\000"
 1760      00
 1761              	.LASF25:
 1762 011b 6368616E 		.ascii	"channelHandle\000"
 1762      6E656C48 
 1762      616E646C 
 1762      6500
 1763              	.LASF43:
 1764 0129 456D756C 		.ascii	"EmulatedData\000"
 1764      61746564 
 1764      44617461 
 1764      00
 1765              	.LASF32:
 1766 0136 6F6D6567 		.ascii	"omega\000"
 1766      6100
 1767              	.LASF54:
 1768 013c 73616D70 		.ascii	"sample_f\000"
 1768      6C655F66 
 1768      00
 1769              	.LASF41:
 1770 0145 436F6E74 		.ascii	"Continuously\000"
 1770      696E756F 
 1770      75736C79 
 1770      00
 1771              	.LASF21:
 1772 0152 6765745F 		.ascii	"get_from_ADC\000"
 1772      66726F6D 
 1772      5F414443 
 1772      00
 1773              	.LASF35:
 1774 015f 636F6566 		.ascii	"coeff\000"
 1774      6600
ARM GAS  C:\Users\rcaravac\AppData\Local\Temp\ccbwIWEm.s 			page 39


 1775              	.LASF28:
 1776 0165 54415247 		.ascii	"TARGET_FREQUENCY\000"
 1776      45545F46 
 1776      52455155 
 1776      454E4359 
 1776      00
 1777              	.LASF34:
 1778 0176 636F7369 		.ascii	"cosine\000"
 1778      6E6500
 1779              	.LASF1:
 1780 017d 756E7369 		.ascii	"unsigned char\000"
 1780      676E6564 
 1780      20636861 
 1780      7200
 1781              	.LASF51:
 1782 018b 4D41475F 		.ascii	"MAG_COL\000"
 1782      434F4C00 
 1783              	.LASF0:
 1784 0193 7369676E 		.ascii	"signed char\000"
 1784      65642063 
 1784      68617200 
 1785              	.LASF7:
 1786 019f 6C6F6E67 		.ascii	"long long unsigned int\000"
 1786      206C6F6E 
 1786      6720756E 
 1786      7369676E 
 1786      65642069 
 1787              	.LASF8:
 1788 01b6 756E7369 		.ascii	"unsigned int\000"
 1788      676E6564 
 1788      20696E74 
 1788      00
 1789              	.LASF48:
 1790 01c3 636F756E 		.ascii	"counter_char\000"
 1790      7465725F 
 1790      63686172 
 1790      00
 1791              	.LASF52:
 1792 01d0 74657374 		.ascii	"test\000"
 1792      00
 1793              	.LASF33:
 1794 01d5 73696E65 		.ascii	"sine\000"
 1794      00
 1795              	.LASF3:
 1796 01da 73686F72 		.ascii	"short unsigned int\000"
 1796      7420756E 
 1796      7369676E 
 1796      65642069 
 1796      6E7400
 1797              	.LASF16:
 1798 01ed 63686172 		.ascii	"char\000"
 1798      00
 1799              	.LASF49:
 1800 01f2 7369676E 		.ascii	"signal\000"
 1800      616C00
 1801              	.LASF4:
 1802 01f9 6C6F6E67 		.ascii	"long int\000"
ARM GAS  C:\Users\rcaravac\AppData\Local\Temp\ccbwIWEm.s 			page 40


 1802      20696E74 
 1802      00
 1803              	.LASF23:
 1804 0202 6D61696E 		.ascii	"main\000"
 1804      00
 1805              	.LASF10:
 1806 0207 696E7433 		.ascii	"int32_t\000"
 1806      325F7400 
 1807              	.LASF31:
 1808 020f 666C6F61 		.ascii	"floatnumSamples\000"
 1808      746E756D 
 1808      53616D70 
 1808      6C657300 
 1809              	.LASF27:
 1810 021f 6E756D53 		.ascii	"numSamples\000"
 1810      616D706C 
 1810      657300
 1811              	.LASF30:
 1812 022a 64617461 		.ascii	"data\000"
 1812      00
 1813              	.LASF39:
 1814 022f 7363616C 		.ascii	"scalingFactor\000"
 1814      696E6746 
 1814      6163746F 
 1814      7200
 1815              	.LASF13:
 1816 023d 75696E74 		.ascii	"uint32\000"
 1816      333200
 1817              	.LASF56:
 1818 0244 6D61696E 		.ascii	"main.c\000"
 1818      2E6300
 1819              	.LASF17:
 1820 024b 72656738 		.ascii	"reg8\000"
 1820      00
 1821              	.LASF5:
 1822 0250 6C6F6E67 		.ascii	"long unsigned int\000"
 1822      20756E73 
 1822      69676E65 
 1822      6420696E 
 1822      7400
 1823              	.LASF15:
 1824 0262 646F7562 		.ascii	"double\000"
 1824      6C6500
 1825              	.LASF47:
 1826 0269 73616D70 		.ascii	"sample_counter\000"
 1826      6C655F63 
 1826      6F756E74 
 1826      657200
 1827              	.LASF50:
 1828 0278 4D41475F 		.ascii	"MAG_ROW\000"
 1828      524F5700 
 1829              	.LASF9:
 1830 0280 5F5F696E 		.ascii	"__int32_t\000"
 1830      7433325F 
 1830      7400
 1831              	.LASF20:
 1832 028a 66696C74 		.ascii	"filterVDAC\000"
ARM GAS  C:\Users\rcaravac\AppData\Local\Temp\ccbwIWEm.s 			page 41


 1832      65725644 
 1832      414300
 1833              	.LASF19:
 1834 0295 73697A65 		.ascii	"sizetype\000"
 1834      74797065 
 1834      00
 1835              	.LASF57:
 1836 029e 433A5C55 		.ascii	"C:\\Users\\rcaravac\\Documents\\Personales\\Maestri"
 1836      73657273 
 1836      5C726361 
 1836      72617661 
 1836      635C446F 
 1837 02cc 615C5465 		.ascii	"a\\Tecnicas de adquisicion\\Tarea4\\TareaClase4.cyd"
 1837      636E6963 
 1837      61732064 
 1837      65206164 
 1837      71756973 
 1838 02fc 736E00   		.ascii	"sn\000"
 1839              	.LASF46:
 1840 02ff 42756666 		.ascii	"Buffer_sample_to_transmit\000"
 1840      65725F73 
 1840      616D706C 
 1840      655F746F 
 1840      5F747261 
 1841              	.LASF44:
 1842 0319 6F757470 		.ascii	"output\000"
 1842      757400
 1843              	.LASF36:
 1844 0320 6D61676E 		.ascii	"magnitude\000"
 1844      69747564 
 1844      6500
 1845              	.LASF40:
 1846 032a 49544D5F 		.ascii	"ITM_RxBuffer\000"
 1846      52784275 
 1846      66666572 
 1846      00
 1847              	.LASF22:
 1848 0337 5472616E 		.ascii	"Transmit\000"
 1848      736D6974 
 1848      00
 1849              		.ident	"GCC: (GNU Tools for ARM Embedded Processors) 5.4.1 20160609 (release) [ARM/embedded-5-bran
