ARM GAS  C:\Users\rcaravac\AppData\Local\Temp\ccW8uxId.s 			page 1


   1              		.syntax unified
   2              		.cpu cortex-m3
   3              		.fpu softvfp
   4              		.eabi_attribute 20, 1
   5              		.eabi_attribute 21, 1
   6              		.eabi_attribute 23, 3
   7              		.eabi_attribute 24, 1
   8              		.eabi_attribute 25, 1
   9              		.eabi_attribute 26, 1
  10              		.eabi_attribute 30, 6
  11              		.eabi_attribute 34, 1
  12              		.eabi_attribute 18, 4
  13              		.thumb
  14              		.syntax unified
  15              		.file	"WaveDAC8.c"
  16              		.text
  17              	.Ltext0:
  18              		.cfi_sections	.debug_frame
  19              		.global	WaveDAC8_initVar
  20              		.bss
  21              		.type	WaveDAC8_initVar, %object
  22              		.size	WaveDAC8_initVar, 1
  23              	WaveDAC8_initVar:
  24 0000 00       		.space	1
  25              		.global	WaveDAC8_wave1
  26              		.section	.rodata
  27              		.align	2
  28              		.type	WaveDAC8_wave1, %object
  29              		.size	WaveDAC8_wave1, 100
  30              	WaveDAC8_wave1:
  31 0000 03       		.byte	3
  32 0001 05       		.byte	5
  33 0002 08       		.byte	8
  34 0003 0A       		.byte	10
  35 0004 0D       		.byte	13
  36 0005 0F       		.byte	15
  37 0006 12       		.byte	18
  38 0007 14       		.byte	20
  39 0008 17       		.byte	23
  40 0009 19       		.byte	25
  41 000a 1C       		.byte	28
  42 000b 1E       		.byte	30
  43 000c 21       		.byte	33
  44 000d 23       		.byte	35
  45 000e 26       		.byte	38
  46 000f 28       		.byte	40
  47 0010 2B       		.byte	43
  48 0011 2D       		.byte	45
  49 0012 30       		.byte	48
  50 0013 32       		.byte	50
  51 0014 35       		.byte	53
  52 0015 38       		.byte	56
  53 0016 3A       		.byte	58
  54 0017 3D       		.byte	61
  55 0018 3F       		.byte	63
  56 0019 42       		.byte	66
  57 001a 44       		.byte	68
ARM GAS  C:\Users\rcaravac\AppData\Local\Temp\ccW8uxId.s 			page 2


  58 001b 47       		.byte	71
  59 001c 49       		.byte	73
  60 001d 4C       		.byte	76
  61 001e 4E       		.byte	78
  62 001f 51       		.byte	81
  63 0020 53       		.byte	83
  64 0021 56       		.byte	86
  65 0022 58       		.byte	88
  66 0023 5B       		.byte	91
  67 0024 5D       		.byte	93
  68 0025 60       		.byte	96
  69 0026 62       		.byte	98
  70 0027 65       		.byte	101
  71 0028 68       		.byte	104
  72 0029 6A       		.byte	106
  73 002a 6D       		.byte	109
  74 002b 6F       		.byte	111
  75 002c 72       		.byte	114
  76 002d 74       		.byte	116
  77 002e 77       		.byte	119
  78 002f 79       		.byte	121
  79 0030 7C       		.byte	124
  80 0031 7E       		.byte	126
  81 0032 81       		.byte	-127
  82 0033 83       		.byte	-125
  83 0034 86       		.byte	-122
  84 0035 88       		.byte	-120
  85 0036 8B       		.byte	-117
  86 0037 8D       		.byte	-115
  87 0038 90       		.byte	-112
  88 0039 92       		.byte	-110
  89 003a 95       		.byte	-107
  90 003b 97       		.byte	-105
  91 003c 9A       		.byte	-102
  92 003d 9D       		.byte	-99
  93 003e 9F       		.byte	-97
  94 003f A2       		.byte	-94
  95 0040 A4       		.byte	-92
  96 0041 A7       		.byte	-89
  97 0042 A9       		.byte	-87
  98 0043 AC       		.byte	-84
  99 0044 AE       		.byte	-82
 100 0045 B1       		.byte	-79
 101 0046 B3       		.byte	-77
 102 0047 B6       		.byte	-74
 103 0048 B8       		.byte	-72
 104 0049 BB       		.byte	-69
 105 004a BD       		.byte	-67
 106 004b C0       		.byte	-64
 107 004c C2       		.byte	-62
 108 004d C5       		.byte	-59
 109 004e C7       		.byte	-57
 110 004f CA       		.byte	-54
 111 0050 CD       		.byte	-51
 112 0051 CF       		.byte	-49
 113 0052 D2       		.byte	-46
 114 0053 D4       		.byte	-44
ARM GAS  C:\Users\rcaravac\AppData\Local\Temp\ccW8uxId.s 			page 3


 115 0054 D7       		.byte	-41
 116 0055 D9       		.byte	-39
 117 0056 DC       		.byte	-36
 118 0057 DE       		.byte	-34
 119 0058 E1       		.byte	-31
 120 0059 E3       		.byte	-29
 121 005a E6       		.byte	-26
 122 005b E8       		.byte	-24
 123 005c EB       		.byte	-21
 124 005d ED       		.byte	-19
 125 005e F0       		.byte	-16
 126 005f F2       		.byte	-14
 127 0060 F5       		.byte	-11
 128 0061 F7       		.byte	-9
 129 0062 FA       		.byte	-6
 130 0063 FC       		.byte	-4
 131              		.global	WaveDAC8_wave2
 132              		.align	2
 133              		.type	WaveDAC8_wave2, %object
 134              		.size	WaveDAC8_wave2, 100
 135              	WaveDAC8_wave2:
 136 0064 80       		.byte	-128
 137 0065 87       		.byte	-121
 138 0066 8F       		.byte	-113
 139 0067 97       		.byte	-105
 140 0068 9F       		.byte	-97
 141 0069 A6       		.byte	-90
 142 006a AE       		.byte	-82
 143 006b B5       		.byte	-75
 144 006c BC       		.byte	-68
 145 006d C2       		.byte	-62
 146 006e C9       		.byte	-55
 147 006f CF       		.byte	-49
 148 0070 D5       		.byte	-43
 149 0071 DB       		.byte	-37
 150 0072 E0       		.byte	-32
 151 0073 E5       		.byte	-27
 152 0074 E9       		.byte	-23
 153 0075 ED       		.byte	-19
 154 0076 F1       		.byte	-15
 155 0077 F4       		.byte	-12
 156 0078 F6       		.byte	-10
 157 0079 F9       		.byte	-7
 158 007a FA       		.byte	-6
 159 007b FC       		.byte	-4
 160 007c FC       		.byte	-4
 161 007d FC       		.byte	-4
 162 007e FC       		.byte	-4
 163 007f FC       		.byte	-4
 164 0080 FA       		.byte	-6
 165 0081 F9       		.byte	-7
 166 0082 F6       		.byte	-10
 167 0083 F4       		.byte	-12
 168 0084 F1       		.byte	-15
 169 0085 ED       		.byte	-19
 170 0086 E9       		.byte	-23
 171 0087 E5       		.byte	-27
ARM GAS  C:\Users\rcaravac\AppData\Local\Temp\ccW8uxId.s 			page 4


 172 0088 E0       		.byte	-32
 173 0089 DB       		.byte	-37
 174 008a D5       		.byte	-43
 175 008b CF       		.byte	-49
 176 008c C9       		.byte	-55
 177 008d C2       		.byte	-62
 178 008e BC       		.byte	-68
 179 008f B5       		.byte	-75
 180 0090 AE       		.byte	-82
 181 0091 A6       		.byte	-90
 182 0092 9F       		.byte	-97
 183 0093 97       		.byte	-105
 184 0094 8F       		.byte	-113
 185 0095 87       		.byte	-121
 186 0096 80       		.byte	-128
 187 0097 78       		.byte	120
 188 0098 70       		.byte	112
 189 0099 68       		.byte	104
 190 009a 60       		.byte	96
 191 009b 59       		.byte	89
 192 009c 51       		.byte	81
 193 009d 4A       		.byte	74
 194 009e 43       		.byte	67
 195 009f 3D       		.byte	61
 196 00a0 36       		.byte	54
 197 00a1 30       		.byte	48
 198 00a2 2A       		.byte	42
 199 00a3 24       		.byte	36
 200 00a4 1F       		.byte	31
 201 00a5 1A       		.byte	26
 202 00a6 16       		.byte	22
 203 00a7 12       		.byte	18
 204 00a8 0E       		.byte	14
 205 00a9 0B       		.byte	11
 206 00aa 09       		.byte	9
 207 00ab 06       		.byte	6
 208 00ac 05       		.byte	5
 209 00ad 03       		.byte	3
 210 00ae 03       		.byte	3
 211 00af 03       		.byte	3
 212 00b0 03       		.byte	3
 213 00b1 03       		.byte	3
 214 00b2 05       		.byte	5
 215 00b3 06       		.byte	6
 216 00b4 09       		.byte	9
 217 00b5 0B       		.byte	11
 218 00b6 0E       		.byte	14
 219 00b7 12       		.byte	18
 220 00b8 16       		.byte	22
 221 00b9 1A       		.byte	26
 222 00ba 1F       		.byte	31
 223 00bb 24       		.byte	36
 224 00bc 2A       		.byte	42
 225 00bd 30       		.byte	48
 226 00be 36       		.byte	54
 227 00bf 3D       		.byte	61
 228 00c0 43       		.byte	67
ARM GAS  C:\Users\rcaravac\AppData\Local\Temp\ccW8uxId.s 			page 5


 229 00c1 4A       		.byte	74
 230 00c2 51       		.byte	81
 231 00c3 59       		.byte	89
 232 00c4 60       		.byte	96
 233 00c5 68       		.byte	104
 234 00c6 70       		.byte	112
 235 00c7 78       		.byte	120
 236              		.bss
 237              	WaveDAC8_Wave1Chan:
 238 0001 00       		.space	1
 239              	WaveDAC8_Wave2Chan:
 240 0002 00       		.space	1
 241              	WaveDAC8_Wave1TD:
 242 0003 00       		.space	1
 243              	WaveDAC8_Wave2TD:
 244 0004 00       		.space	1
 245              		.section	.text.WaveDAC8_Init,"ax",%progbits
 246              		.align	2
 247              		.global	WaveDAC8_Init
 248              		.thumb
 249              		.thumb_func
 250              		.type	WaveDAC8_Init, %function
 251              	WaveDAC8_Init:
 252              	.LFB0:
 253              		.file 1 "Generated_Source\\PSoC5\\WaveDAC8.c"
   1:Generated_Source\PSoC5/WaveDAC8.c **** /*******************************************************************************
   2:Generated_Source\PSoC5/WaveDAC8.c **** * File Name: WaveDAC8.c
   3:Generated_Source\PSoC5/WaveDAC8.c **** * Version 2.10
   4:Generated_Source\PSoC5/WaveDAC8.c **** *
   5:Generated_Source\PSoC5/WaveDAC8.c **** * Description:
   6:Generated_Source\PSoC5/WaveDAC8.c **** *  This file provides the source code for the 8-bit Waveform DAC 
   7:Generated_Source\PSoC5/WaveDAC8.c **** *  (WaveDAC8) Component.
   8:Generated_Source\PSoC5/WaveDAC8.c **** *
   9:Generated_Source\PSoC5/WaveDAC8.c **** ********************************************************************************
  10:Generated_Source\PSoC5/WaveDAC8.c **** * Copyright 2013, Cypress Semiconductor Corporation.  All rights reserved.
  11:Generated_Source\PSoC5/WaveDAC8.c **** * You may use this file only in accordance with the license, terms, conditions,
  12:Generated_Source\PSoC5/WaveDAC8.c **** * disclaimers, and limitations in the end user license agreement accompanying
  13:Generated_Source\PSoC5/WaveDAC8.c **** * the software package with which this file was provided.
  14:Generated_Source\PSoC5/WaveDAC8.c **** *******************************************************************************/
  15:Generated_Source\PSoC5/WaveDAC8.c **** 
  16:Generated_Source\PSoC5/WaveDAC8.c **** #include "WaveDAC8.h"
  17:Generated_Source\PSoC5/WaveDAC8.c **** 
  18:Generated_Source\PSoC5/WaveDAC8.c **** uint8  WaveDAC8_initVar = 0u;
  19:Generated_Source\PSoC5/WaveDAC8.c **** 
  20:Generated_Source\PSoC5/WaveDAC8.c **** const uint8 CYCODE WaveDAC8_wave1[WaveDAC8_WAVE1_LENGTH] = { 3u,5u,8u,10u,13u,15u,18u,20u,23u,25u,2
  21:Generated_Source\PSoC5/WaveDAC8.c **** const uint8 CYCODE WaveDAC8_wave2[WaveDAC8_WAVE2_LENGTH] = { 128u,135u,143u,151u,159u,166u,174u,181
  22:Generated_Source\PSoC5/WaveDAC8.c **** 
  23:Generated_Source\PSoC5/WaveDAC8.c **** static uint8  WaveDAC8_Wave1Chan;
  24:Generated_Source\PSoC5/WaveDAC8.c **** static uint8  WaveDAC8_Wave2Chan;
  25:Generated_Source\PSoC5/WaveDAC8.c **** static uint8  WaveDAC8_Wave1TD;
  26:Generated_Source\PSoC5/WaveDAC8.c **** static uint8  WaveDAC8_Wave2TD;
  27:Generated_Source\PSoC5/WaveDAC8.c **** 
  28:Generated_Source\PSoC5/WaveDAC8.c **** 
  29:Generated_Source\PSoC5/WaveDAC8.c **** /*******************************************************************************
  30:Generated_Source\PSoC5/WaveDAC8.c **** * Function Name: WaveDAC8_Init
  31:Generated_Source\PSoC5/WaveDAC8.c **** ********************************************************************************
  32:Generated_Source\PSoC5/WaveDAC8.c **** *
ARM GAS  C:\Users\rcaravac\AppData\Local\Temp\ccW8uxId.s 			page 6


  33:Generated_Source\PSoC5/WaveDAC8.c **** * Summary:
  34:Generated_Source\PSoC5/WaveDAC8.c **** *  Initializes component with parameters set in the customizer.
  35:Generated_Source\PSoC5/WaveDAC8.c **** *
  36:Generated_Source\PSoC5/WaveDAC8.c **** * Parameters:  
  37:Generated_Source\PSoC5/WaveDAC8.c **** *  None
  38:Generated_Source\PSoC5/WaveDAC8.c **** *
  39:Generated_Source\PSoC5/WaveDAC8.c **** * Return: 
  40:Generated_Source\PSoC5/WaveDAC8.c **** *  None
  41:Generated_Source\PSoC5/WaveDAC8.c **** *
  42:Generated_Source\PSoC5/WaveDAC8.c **** *******************************************************************************/
  43:Generated_Source\PSoC5/WaveDAC8.c **** void WaveDAC8_Init(void) 
  44:Generated_Source\PSoC5/WaveDAC8.c **** {
 254              		.loc 1 44 0
 255              		.cfi_startproc
 256              		@ args = 0, pretend = 0, frame = 0
 257              		@ frame_needed = 1, uses_anonymous_args = 0
 258 0000 80B5     		push	{r7, lr}
 259              		.cfi_def_cfa_offset 8
 260              		.cfi_offset 7, -8
 261              		.cfi_offset 14, -4
 262 0002 00AF     		add	r7, sp, #0
 263              		.cfi_def_cfa_register 7
  45:Generated_Source\PSoC5/WaveDAC8.c **** 	WaveDAC8_VDAC8_Init();
 264              		.loc 1 45 0
 265 0004 FFF7FEFF 		bl	WaveDAC8_VDAC8_Init
  46:Generated_Source\PSoC5/WaveDAC8.c **** 	WaveDAC8_VDAC8_SetSpeed(WaveDAC8_HIGHSPEED);
 266              		.loc 1 46 0
 267 0008 0220     		movs	r0, #2
 268 000a FFF7FEFF 		bl	WaveDAC8_VDAC8_SetSpeed
  47:Generated_Source\PSoC5/WaveDAC8.c **** 	WaveDAC8_VDAC8_SetRange(WaveDAC8_DAC_RANGE);
 269              		.loc 1 47 0
 270 000e 0020     		movs	r0, #0
 271 0010 FFF7FEFF 		bl	WaveDAC8_VDAC8_SetRange
  48:Generated_Source\PSoC5/WaveDAC8.c **** 
  49:Generated_Source\PSoC5/WaveDAC8.c **** 	#if(WaveDAC8_DAC_MODE == WaveDAC8_CURRENT_MODE)
  50:Generated_Source\PSoC5/WaveDAC8.c **** 		WaveDAC8_IDAC8_SetPolarity(WaveDAC8_DAC_POL);
  51:Generated_Source\PSoC5/WaveDAC8.c **** 	#endif /* WaveDAC8_DAC_MODE == WaveDAC8_CURRENT_MODE */
  52:Generated_Source\PSoC5/WaveDAC8.c **** 
  53:Generated_Source\PSoC5/WaveDAC8.c **** 	#if(WaveDAC8_OUT_MODE == WaveDAC8_BUFFER_MODE)
  54:Generated_Source\PSoC5/WaveDAC8.c **** 	   WaveDAC8_BuffAmp_Init();
  55:Generated_Source\PSoC5/WaveDAC8.c **** 	#endif /* WaveDAC8_OUT_MODE == WaveDAC8_BUFFER_MODE */
  56:Generated_Source\PSoC5/WaveDAC8.c **** 
  57:Generated_Source\PSoC5/WaveDAC8.c **** 	/* Get the TD Number for the DMA channel 1 and 2   */
  58:Generated_Source\PSoC5/WaveDAC8.c **** 	WaveDAC8_Wave1TD = CyDmaTdAllocate();
 272              		.loc 1 58 0
 273 0014 FFF7FEFF 		bl	CyDmaTdAllocate
 274 0018 0346     		mov	r3, r0
 275 001a 1A46     		mov	r2, r3
 276 001c 084B     		ldr	r3, .L2
 277 001e 1A70     		strb	r2, [r3]
  59:Generated_Source\PSoC5/WaveDAC8.c **** 	WaveDAC8_Wave2TD = CyDmaTdAllocate();
 278              		.loc 1 59 0
 279 0020 FFF7FEFF 		bl	CyDmaTdAllocate
 280 0024 0346     		mov	r3, r0
 281 0026 1A46     		mov	r2, r3
 282 0028 064B     		ldr	r3, .L2+4
 283 002a 1A70     		strb	r2, [r3]
ARM GAS  C:\Users\rcaravac\AppData\Local\Temp\ccW8uxId.s 			page 7


  60:Generated_Source\PSoC5/WaveDAC8.c **** 	
  61:Generated_Source\PSoC5/WaveDAC8.c **** 	/* Initialize waveform pointers  */
  62:Generated_Source\PSoC5/WaveDAC8.c **** 	WaveDAC8_Wave1Setup(WaveDAC8_wave1, WaveDAC8_WAVE1_LENGTH) ;
 284              		.loc 1 62 0
 285 002c 6421     		movs	r1, #100
 286 002e 0648     		ldr	r0, .L2+8
 287 0030 FFF7FEFF 		bl	WaveDAC8_Wave1Setup
  63:Generated_Source\PSoC5/WaveDAC8.c **** 	WaveDAC8_Wave2Setup(WaveDAC8_wave2, WaveDAC8_WAVE2_LENGTH) ;
 288              		.loc 1 63 0
 289 0034 6421     		movs	r1, #100
 290 0036 0548     		ldr	r0, .L2+12
 291 0038 FFF7FEFF 		bl	WaveDAC8_Wave2Setup
  64:Generated_Source\PSoC5/WaveDAC8.c **** 	
  65:Generated_Source\PSoC5/WaveDAC8.c **** 	/* Initialize the internal clock if one present  */
  66:Generated_Source\PSoC5/WaveDAC8.c **** 	#if defined(WaveDAC8_DacClk_PHASE)
  67:Generated_Source\PSoC5/WaveDAC8.c **** 	   WaveDAC8_DacClk_SetPhase(WaveDAC8_CLK_PHASE_0nS);
  68:Generated_Source\PSoC5/WaveDAC8.c **** 	#endif /* defined(WaveDAC8_DacClk_PHASE) */
  69:Generated_Source\PSoC5/WaveDAC8.c **** }
 292              		.loc 1 69 0
 293 003c 00BF     		nop
 294 003e 80BD     		pop	{r7, pc}
 295              	.L3:
 296              		.align	2
 297              	.L2:
 298 0040 03000000 		.word	WaveDAC8_Wave1TD
 299 0044 04000000 		.word	WaveDAC8_Wave2TD
 300 0048 00000000 		.word	WaveDAC8_wave1
 301 004c 00000000 		.word	WaveDAC8_wave2
 302              		.cfi_endproc
 303              	.LFE0:
 304              		.size	WaveDAC8_Init, .-WaveDAC8_Init
 305              		.section	.text.WaveDAC8_Enable,"ax",%progbits
 306              		.align	2
 307              		.global	WaveDAC8_Enable
 308              		.thumb
 309              		.thumb_func
 310              		.type	WaveDAC8_Enable, %function
 311              	WaveDAC8_Enable:
 312              	.LFB1:
  70:Generated_Source\PSoC5/WaveDAC8.c **** 
  71:Generated_Source\PSoC5/WaveDAC8.c **** 
  72:Generated_Source\PSoC5/WaveDAC8.c **** /*******************************************************************************
  73:Generated_Source\PSoC5/WaveDAC8.c **** * Function Name: WaveDAC8_Enable
  74:Generated_Source\PSoC5/WaveDAC8.c **** ********************************************************************************
  75:Generated_Source\PSoC5/WaveDAC8.c **** *  
  76:Generated_Source\PSoC5/WaveDAC8.c **** * Summary: 
  77:Generated_Source\PSoC5/WaveDAC8.c **** *  Enables the DAC block and DMA operation.
  78:Generated_Source\PSoC5/WaveDAC8.c **** *
  79:Generated_Source\PSoC5/WaveDAC8.c **** * Parameters:  
  80:Generated_Source\PSoC5/WaveDAC8.c **** *  None
  81:Generated_Source\PSoC5/WaveDAC8.c **** *
  82:Generated_Source\PSoC5/WaveDAC8.c **** * Return: 
  83:Generated_Source\PSoC5/WaveDAC8.c **** *  None
  84:Generated_Source\PSoC5/WaveDAC8.c **** *
  85:Generated_Source\PSoC5/WaveDAC8.c **** *******************************************************************************/
  86:Generated_Source\PSoC5/WaveDAC8.c **** void WaveDAC8_Enable(void) 
  87:Generated_Source\PSoC5/WaveDAC8.c **** {
ARM GAS  C:\Users\rcaravac\AppData\Local\Temp\ccW8uxId.s 			page 8


 313              		.loc 1 87 0
 314              		.cfi_startproc
 315              		@ args = 0, pretend = 0, frame = 0
 316              		@ frame_needed = 1, uses_anonymous_args = 0
 317 0000 80B5     		push	{r7, lr}
 318              		.cfi_def_cfa_offset 8
 319              		.cfi_offset 7, -8
 320              		.cfi_offset 14, -4
 321 0002 00AF     		add	r7, sp, #0
 322              		.cfi_def_cfa_register 7
  88:Generated_Source\PSoC5/WaveDAC8.c **** 	WaveDAC8_VDAC8_Enable();
 323              		.loc 1 88 0
 324 0004 FFF7FEFF 		bl	WaveDAC8_VDAC8_Enable
  89:Generated_Source\PSoC5/WaveDAC8.c **** 
  90:Generated_Source\PSoC5/WaveDAC8.c **** 	#if(WaveDAC8_OUT_MODE == WaveDAC8_BUFFER_MODE)
  91:Generated_Source\PSoC5/WaveDAC8.c **** 	   WaveDAC8_BuffAmp_Enable();
  92:Generated_Source\PSoC5/WaveDAC8.c **** 	#endif /* WaveDAC8_OUT_MODE == WaveDAC8_BUFFER_MODE */
  93:Generated_Source\PSoC5/WaveDAC8.c **** 
  94:Generated_Source\PSoC5/WaveDAC8.c **** 	/* 
  95:Generated_Source\PSoC5/WaveDAC8.c **** 	* Enable the channel. It is configured to remember the TD value so that
  96:Generated_Source\PSoC5/WaveDAC8.c **** 	* it can be restored from the place where it has been stopped.
  97:Generated_Source\PSoC5/WaveDAC8.c **** 	*/
  98:Generated_Source\PSoC5/WaveDAC8.c **** 	(void)CyDmaChEnable(WaveDAC8_Wave1Chan, 1u);
 325              		.loc 1 98 0
 326 0008 084B     		ldr	r3, .L5
 327 000a 1B78     		ldrb	r3, [r3]	@ zero_extendqisi2
 328 000c 0121     		movs	r1, #1
 329 000e 1846     		mov	r0, r3
 330 0010 FFF7FEFF 		bl	CyDmaChEnable
  99:Generated_Source\PSoC5/WaveDAC8.c **** 	(void)CyDmaChEnable(WaveDAC8_Wave2Chan, 1u);
 331              		.loc 1 99 0
 332 0014 064B     		ldr	r3, .L5+4
 333 0016 1B78     		ldrb	r3, [r3]	@ zero_extendqisi2
 334 0018 0121     		movs	r1, #1
 335 001a 1846     		mov	r0, r3
 336 001c FFF7FEFF 		bl	CyDmaChEnable
 100:Generated_Source\PSoC5/WaveDAC8.c **** 	
 101:Generated_Source\PSoC5/WaveDAC8.c **** 	/* set the initial value */
 102:Generated_Source\PSoC5/WaveDAC8.c **** 	WaveDAC8_SetValue(0u);
 337              		.loc 1 102 0
 338 0020 0020     		movs	r0, #0
 339 0022 FFF7FEFF 		bl	WaveDAC8_VDAC8_SetValue
 103:Generated_Source\PSoC5/WaveDAC8.c **** 	
 104:Generated_Source\PSoC5/WaveDAC8.c **** 	#if(WaveDAC8_CLOCK_SRC == WaveDAC8_CLOCK_INT)  	
 105:Generated_Source\PSoC5/WaveDAC8.c **** 	   WaveDAC8_DacClk_Start();
 106:Generated_Source\PSoC5/WaveDAC8.c **** 	#endif /* WaveDAC8_CLOCK_SRC == WaveDAC8_CLOCK_INT */
 107:Generated_Source\PSoC5/WaveDAC8.c **** }
 340              		.loc 1 107 0
 341 0026 00BF     		nop
 342 0028 80BD     		pop	{r7, pc}
 343              	.L6:
 344 002a 00BF     		.align	2
 345              	.L5:
 346 002c 01000000 		.word	WaveDAC8_Wave1Chan
 347 0030 02000000 		.word	WaveDAC8_Wave2Chan
 348              		.cfi_endproc
 349              	.LFE1:
ARM GAS  C:\Users\rcaravac\AppData\Local\Temp\ccW8uxId.s 			page 9


 350              		.size	WaveDAC8_Enable, .-WaveDAC8_Enable
 351              		.section	.text.WaveDAC8_Start,"ax",%progbits
 352              		.align	2
 353              		.global	WaveDAC8_Start
 354              		.thumb
 355              		.thumb_func
 356              		.type	WaveDAC8_Start, %function
 357              	WaveDAC8_Start:
 358              	.LFB2:
 108:Generated_Source\PSoC5/WaveDAC8.c **** 
 109:Generated_Source\PSoC5/WaveDAC8.c **** 
 110:Generated_Source\PSoC5/WaveDAC8.c **** /*******************************************************************************
 111:Generated_Source\PSoC5/WaveDAC8.c **** * Function Name: WaveDAC8_Start
 112:Generated_Source\PSoC5/WaveDAC8.c **** ********************************************************************************
 113:Generated_Source\PSoC5/WaveDAC8.c **** *
 114:Generated_Source\PSoC5/WaveDAC8.c **** * Summary:
 115:Generated_Source\PSoC5/WaveDAC8.c **** *  The start function initializes the voltage DAC with the default values, 
 116:Generated_Source\PSoC5/WaveDAC8.c **** *  and sets the power to the given level.  A power level of 0, is the same as 
 117:Generated_Source\PSoC5/WaveDAC8.c **** *  executing the stop function.
 118:Generated_Source\PSoC5/WaveDAC8.c **** *
 119:Generated_Source\PSoC5/WaveDAC8.c **** * Parameters:  
 120:Generated_Source\PSoC5/WaveDAC8.c **** *  None
 121:Generated_Source\PSoC5/WaveDAC8.c **** *
 122:Generated_Source\PSoC5/WaveDAC8.c **** * Return: 
 123:Generated_Source\PSoC5/WaveDAC8.c **** *  None
 124:Generated_Source\PSoC5/WaveDAC8.c **** *
 125:Generated_Source\PSoC5/WaveDAC8.c **** * Reentrant:
 126:Generated_Source\PSoC5/WaveDAC8.c **** *  No
 127:Generated_Source\PSoC5/WaveDAC8.c **** *
 128:Generated_Source\PSoC5/WaveDAC8.c **** *******************************************************************************/
 129:Generated_Source\PSoC5/WaveDAC8.c **** void WaveDAC8_Start(void) 
 130:Generated_Source\PSoC5/WaveDAC8.c **** {
 359              		.loc 1 130 0
 360              		.cfi_startproc
 361              		@ args = 0, pretend = 0, frame = 0
 362              		@ frame_needed = 1, uses_anonymous_args = 0
 363 0000 80B5     		push	{r7, lr}
 364              		.cfi_def_cfa_offset 8
 365              		.cfi_offset 7, -8
 366              		.cfi_offset 14, -4
 367 0002 00AF     		add	r7, sp, #0
 368              		.cfi_def_cfa_register 7
 131:Generated_Source\PSoC5/WaveDAC8.c **** 	/* If not Initialized then initialize all required hardware and software */
 132:Generated_Source\PSoC5/WaveDAC8.c **** 	if(WaveDAC8_initVar == 0u)
 369              		.loc 1 132 0
 370 0004 064B     		ldr	r3, .L9
 371 0006 1B78     		ldrb	r3, [r3]	@ zero_extendqisi2
 372 0008 002B     		cmp	r3, #0
 373 000a 04D1     		bne	.L8
 133:Generated_Source\PSoC5/WaveDAC8.c **** 	{
 134:Generated_Source\PSoC5/WaveDAC8.c **** 		WaveDAC8_Init();
 374              		.loc 1 134 0
 375 000c FFF7FEFF 		bl	WaveDAC8_Init
 135:Generated_Source\PSoC5/WaveDAC8.c **** 		WaveDAC8_initVar = 1u;
 376              		.loc 1 135 0
 377 0010 034B     		ldr	r3, .L9
 378 0012 0122     		movs	r2, #1
ARM GAS  C:\Users\rcaravac\AppData\Local\Temp\ccW8uxId.s 			page 10


 379 0014 1A70     		strb	r2, [r3]
 380              	.L8:
 136:Generated_Source\PSoC5/WaveDAC8.c **** 	}
 137:Generated_Source\PSoC5/WaveDAC8.c **** 	
 138:Generated_Source\PSoC5/WaveDAC8.c **** 	WaveDAC8_Enable();
 381              		.loc 1 138 0
 382 0016 FFF7FEFF 		bl	WaveDAC8_Enable
 139:Generated_Source\PSoC5/WaveDAC8.c **** }
 383              		.loc 1 139 0
 384 001a 00BF     		nop
 385 001c 80BD     		pop	{r7, pc}
 386              	.L10:
 387 001e 00BF     		.align	2
 388              	.L9:
 389 0020 00000000 		.word	WaveDAC8_initVar
 390              		.cfi_endproc
 391              	.LFE2:
 392              		.size	WaveDAC8_Start, .-WaveDAC8_Start
 393              		.section	.text.WaveDAC8_StartEx,"ax",%progbits
 394              		.align	2
 395              		.global	WaveDAC8_StartEx
 396              		.thumb
 397              		.thumb_func
 398              		.type	WaveDAC8_StartEx, %function
 399              	WaveDAC8_StartEx:
 400              	.LFB3:
 140:Generated_Source\PSoC5/WaveDAC8.c **** 
 141:Generated_Source\PSoC5/WaveDAC8.c **** 
 142:Generated_Source\PSoC5/WaveDAC8.c **** /*******************************************************************************
 143:Generated_Source\PSoC5/WaveDAC8.c **** * Function Name: WaveDAC8_StartEx
 144:Generated_Source\PSoC5/WaveDAC8.c **** ********************************************************************************
 145:Generated_Source\PSoC5/WaveDAC8.c **** *
 146:Generated_Source\PSoC5/WaveDAC8.c **** * Summary:
 147:Generated_Source\PSoC5/WaveDAC8.c **** *  The StartEx function sets pointers and sizes for both waveforms
 148:Generated_Source\PSoC5/WaveDAC8.c **** *  and then starts the component.
 149:Generated_Source\PSoC5/WaveDAC8.c **** *
 150:Generated_Source\PSoC5/WaveDAC8.c **** * Parameters:  
 151:Generated_Source\PSoC5/WaveDAC8.c **** *   uint8 * wavePtr1:     Pointer to the waveform 1 array.
 152:Generated_Source\PSoC5/WaveDAC8.c **** *   uint16  sampleSize1:  The amount of samples in the waveform 1.
 153:Generated_Source\PSoC5/WaveDAC8.c **** *   uint8 * wavePtr2:     Pointer to the waveform 2 array.
 154:Generated_Source\PSoC5/WaveDAC8.c **** *   uint16  sampleSize2:  The amount of samples in the waveform 2.
 155:Generated_Source\PSoC5/WaveDAC8.c **** *
 156:Generated_Source\PSoC5/WaveDAC8.c **** * Return: 
 157:Generated_Source\PSoC5/WaveDAC8.c **** *  None
 158:Generated_Source\PSoC5/WaveDAC8.c **** *
 159:Generated_Source\PSoC5/WaveDAC8.c **** * Reentrant:
 160:Generated_Source\PSoC5/WaveDAC8.c **** *  No
 161:Generated_Source\PSoC5/WaveDAC8.c **** *
 162:Generated_Source\PSoC5/WaveDAC8.c **** *******************************************************************************/
 163:Generated_Source\PSoC5/WaveDAC8.c **** void WaveDAC8_StartEx(const uint8 * wavePtr1, uint16 sampleSize1, const uint8 * wavePtr2, uint16 sa
 164:Generated_Source\PSoC5/WaveDAC8.c **** 
 165:Generated_Source\PSoC5/WaveDAC8.c **** {
 401              		.loc 1 165 0
 402              		.cfi_startproc
 403              		@ args = 0, pretend = 0, frame = 16
 404              		@ frame_needed = 1, uses_anonymous_args = 0
 405 0000 80B5     		push	{r7, lr}
ARM GAS  C:\Users\rcaravac\AppData\Local\Temp\ccW8uxId.s 			page 11


 406              		.cfi_def_cfa_offset 8
 407              		.cfi_offset 7, -8
 408              		.cfi_offset 14, -4
 409 0002 84B0     		sub	sp, sp, #16
 410              		.cfi_def_cfa_offset 24
 411 0004 00AF     		add	r7, sp, #0
 412              		.cfi_def_cfa_register 7
 413 0006 F860     		str	r0, [r7, #12]
 414 0008 7A60     		str	r2, [r7, #4]
 415 000a 1A46     		mov	r2, r3
 416 000c 0B46     		mov	r3, r1	@ movhi
 417 000e 7B81     		strh	r3, [r7, #10]	@ movhi
 418 0010 1346     		mov	r3, r2	@ movhi
 419 0012 3B81     		strh	r3, [r7, #8]	@ movhi
 166:Generated_Source\PSoC5/WaveDAC8.c **** 	WaveDAC8_Wave1Setup(wavePtr1, sampleSize1);
 420              		.loc 1 166 0
 421 0014 7B89     		ldrh	r3, [r7, #10]
 422 0016 1946     		mov	r1, r3
 423 0018 F868     		ldr	r0, [r7, #12]
 424 001a FFF7FEFF 		bl	WaveDAC8_Wave1Setup
 167:Generated_Source\PSoC5/WaveDAC8.c **** 	WaveDAC8_Wave2Setup(wavePtr2, sampleSize2);
 425              		.loc 1 167 0
 426 001e 3B89     		ldrh	r3, [r7, #8]
 427 0020 1946     		mov	r1, r3
 428 0022 7868     		ldr	r0, [r7, #4]
 429 0024 FFF7FEFF 		bl	WaveDAC8_Wave2Setup
 168:Generated_Source\PSoC5/WaveDAC8.c **** 	WaveDAC8_Start();
 430              		.loc 1 168 0
 431 0028 FFF7FEFF 		bl	WaveDAC8_Start
 169:Generated_Source\PSoC5/WaveDAC8.c **** }
 432              		.loc 1 169 0
 433 002c 00BF     		nop
 434 002e 1037     		adds	r7, r7, #16
 435              		.cfi_def_cfa_offset 8
 436 0030 BD46     		mov	sp, r7
 437              		.cfi_def_cfa_register 13
 438              		@ sp needed
 439 0032 80BD     		pop	{r7, pc}
 440              		.cfi_endproc
 441              	.LFE3:
 442              		.size	WaveDAC8_StartEx, .-WaveDAC8_StartEx
 443              		.section	.text.WaveDAC8_Stop,"ax",%progbits
 444              		.align	2
 445              		.global	WaveDAC8_Stop
 446              		.thumb
 447              		.thumb_func
 448              		.type	WaveDAC8_Stop, %function
 449              	WaveDAC8_Stop:
 450              	.LFB4:
 170:Generated_Source\PSoC5/WaveDAC8.c **** 
 171:Generated_Source\PSoC5/WaveDAC8.c **** 
 172:Generated_Source\PSoC5/WaveDAC8.c **** /*******************************************************************************
 173:Generated_Source\PSoC5/WaveDAC8.c **** * Function Name: WaveDAC8_Stop
 174:Generated_Source\PSoC5/WaveDAC8.c **** ********************************************************************************
 175:Generated_Source\PSoC5/WaveDAC8.c **** *
 176:Generated_Source\PSoC5/WaveDAC8.c **** * Summary:
 177:Generated_Source\PSoC5/WaveDAC8.c **** *  Stops the clock (if internal), disables the DMA channels
ARM GAS  C:\Users\rcaravac\AppData\Local\Temp\ccW8uxId.s 			page 12


 178:Generated_Source\PSoC5/WaveDAC8.c **** *  and powers down the DAC.
 179:Generated_Source\PSoC5/WaveDAC8.c **** *
 180:Generated_Source\PSoC5/WaveDAC8.c **** * Parameters:  
 181:Generated_Source\PSoC5/WaveDAC8.c **** *  None  
 182:Generated_Source\PSoC5/WaveDAC8.c **** *
 183:Generated_Source\PSoC5/WaveDAC8.c **** * Return: 
 184:Generated_Source\PSoC5/WaveDAC8.c **** *  None
 185:Generated_Source\PSoC5/WaveDAC8.c **** *
 186:Generated_Source\PSoC5/WaveDAC8.c **** *******************************************************************************/
 187:Generated_Source\PSoC5/WaveDAC8.c **** void WaveDAC8_Stop(void) 
 188:Generated_Source\PSoC5/WaveDAC8.c **** {
 451              		.loc 1 188 0
 452              		.cfi_startproc
 453              		@ args = 0, pretend = 0, frame = 0
 454              		@ frame_needed = 1, uses_anonymous_args = 0
 455 0000 80B5     		push	{r7, lr}
 456              		.cfi_def_cfa_offset 8
 457              		.cfi_offset 7, -8
 458              		.cfi_offset 14, -4
 459 0002 00AF     		add	r7, sp, #0
 460              		.cfi_def_cfa_register 7
 189:Generated_Source\PSoC5/WaveDAC8.c **** 	/* Turn off internal clock, if one present */
 190:Generated_Source\PSoC5/WaveDAC8.c **** 	#if(WaveDAC8_CLOCK_SRC == WaveDAC8_CLOCK_INT)  	
 191:Generated_Source\PSoC5/WaveDAC8.c **** 	   WaveDAC8_DacClk_Stop();
 192:Generated_Source\PSoC5/WaveDAC8.c **** 	#endif /* WaveDAC8_CLOCK_SRC == WaveDAC8_CLOCK_INT */
 193:Generated_Source\PSoC5/WaveDAC8.c **** 	
 194:Generated_Source\PSoC5/WaveDAC8.c **** 	/* Disble DMA channels */
 195:Generated_Source\PSoC5/WaveDAC8.c **** 	(void)CyDmaChDisable(WaveDAC8_Wave1Chan);
 461              		.loc 1 195 0
 462 0004 064B     		ldr	r3, .L13
 463 0006 1B78     		ldrb	r3, [r3]	@ zero_extendqisi2
 464 0008 1846     		mov	r0, r3
 465 000a FFF7FEFF 		bl	CyDmaChDisable
 196:Generated_Source\PSoC5/WaveDAC8.c **** 	(void)CyDmaChDisable(WaveDAC8_Wave2Chan);
 466              		.loc 1 196 0
 467 000e 054B     		ldr	r3, .L13+4
 468 0010 1B78     		ldrb	r3, [r3]	@ zero_extendqisi2
 469 0012 1846     		mov	r0, r3
 470 0014 FFF7FEFF 		bl	CyDmaChDisable
 197:Generated_Source\PSoC5/WaveDAC8.c **** 
 198:Generated_Source\PSoC5/WaveDAC8.c **** 	/* Disable power to DAC */
 199:Generated_Source\PSoC5/WaveDAC8.c **** 	WaveDAC8_VDAC8_Stop();
 471              		.loc 1 199 0
 472 0018 FFF7FEFF 		bl	WaveDAC8_VDAC8_Stop
 200:Generated_Source\PSoC5/WaveDAC8.c **** }
 473              		.loc 1 200 0
 474 001c 00BF     		nop
 475 001e 80BD     		pop	{r7, pc}
 476              	.L14:
 477              		.align	2
 478              	.L13:
 479 0020 01000000 		.word	WaveDAC8_Wave1Chan
 480 0024 02000000 		.word	WaveDAC8_Wave2Chan
 481              		.cfi_endproc
 482              	.LFE4:
 483              		.size	WaveDAC8_Stop, .-WaveDAC8_Stop
 484              		.section	.text.WaveDAC8_Wave1Setup,"ax",%progbits
ARM GAS  C:\Users\rcaravac\AppData\Local\Temp\ccW8uxId.s 			page 13


 485              		.align	2
 486              		.global	WaveDAC8_Wave1Setup
 487              		.thumb
 488              		.thumb_func
 489              		.type	WaveDAC8_Wave1Setup, %function
 490              	WaveDAC8_Wave1Setup:
 491              	.LFB5:
 201:Generated_Source\PSoC5/WaveDAC8.c **** 
 202:Generated_Source\PSoC5/WaveDAC8.c **** 
 203:Generated_Source\PSoC5/WaveDAC8.c **** /*******************************************************************************
 204:Generated_Source\PSoC5/WaveDAC8.c **** * Function Name: WaveDAC8_Wave1Setup
 205:Generated_Source\PSoC5/WaveDAC8.c **** ********************************************************************************
 206:Generated_Source\PSoC5/WaveDAC8.c **** *
 207:Generated_Source\PSoC5/WaveDAC8.c **** * Summary:
 208:Generated_Source\PSoC5/WaveDAC8.c **** *  Sets pointer and size for waveform 1.                                    
 209:Generated_Source\PSoC5/WaveDAC8.c **** *
 210:Generated_Source\PSoC5/WaveDAC8.c **** * Parameters:  
 211:Generated_Source\PSoC5/WaveDAC8.c **** *  uint8 * WavePtr:     Pointer to the waveform array.
 212:Generated_Source\PSoC5/WaveDAC8.c **** *  uint16  SampleSize:  The amount of samples in the waveform.
 213:Generated_Source\PSoC5/WaveDAC8.c **** *
 214:Generated_Source\PSoC5/WaveDAC8.c **** * Return: 
 215:Generated_Source\PSoC5/WaveDAC8.c **** *  None 
 216:Generated_Source\PSoC5/WaveDAC8.c **** *
 217:Generated_Source\PSoC5/WaveDAC8.c **** *******************************************************************************/
 218:Generated_Source\PSoC5/WaveDAC8.c **** void WaveDAC8_Wave1Setup(const uint8 * wavePtr, uint16 sampleSize)
 219:Generated_Source\PSoC5/WaveDAC8.c **** 
 220:Generated_Source\PSoC5/WaveDAC8.c **** {
 492              		.loc 1 220 0
 493              		.cfi_startproc
 494              		@ args = 0, pretend = 0, frame = 8
 495              		@ frame_needed = 1, uses_anonymous_args = 0
 496 0000 80B5     		push	{r7, lr}
 497              		.cfi_def_cfa_offset 8
 498              		.cfi_offset 7, -8
 499              		.cfi_offset 14, -4
 500 0002 82B0     		sub	sp, sp, #8
 501              		.cfi_def_cfa_offset 16
 502 0004 00AF     		add	r7, sp, #0
 503              		.cfi_def_cfa_register 7
 504 0006 7860     		str	r0, [r7, #4]
 505 0008 0B46     		mov	r3, r1
 506 000a 7B80     		strh	r3, [r7, #2]	@ movhi
 221:Generated_Source\PSoC5/WaveDAC8.c **** 	#if (CY_PSOC3)
 222:Generated_Source\PSoC5/WaveDAC8.c **** 		uint16 memoryType; /* determining the source memory type */
 223:Generated_Source\PSoC5/WaveDAC8.c **** 		memoryType = (WaveDAC8_HI16FLASHPTR == HI16(wavePtr)) ? HI16(CYDEV_FLS_BASE) : HI16(CYDEV_SRAM_BA
 224:Generated_Source\PSoC5/WaveDAC8.c **** 		
 225:Generated_Source\PSoC5/WaveDAC8.c **** 		WaveDAC8_Wave1Chan = WaveDAC8_Wave1_DMA_DmaInitialize(
 226:Generated_Source\PSoC5/WaveDAC8.c **** 		WaveDAC8_Wave1_DMA_BYTES_PER_BURST, WaveDAC8_Wave1_DMA_REQUEST_PER_BURST,
 227:Generated_Source\PSoC5/WaveDAC8.c **** 		memoryType, HI16(CYDEV_PERIPH_BASE));
 228:Generated_Source\PSoC5/WaveDAC8.c **** 	#else /* PSoC 5 */
 229:Generated_Source\PSoC5/WaveDAC8.c **** 		WaveDAC8_Wave1Chan = WaveDAC8_Wave1_DMA_DmaInitialize(
 230:Generated_Source\PSoC5/WaveDAC8.c **** 		WaveDAC8_Wave1_DMA_BYTES_PER_BURST, WaveDAC8_Wave1_DMA_REQUEST_PER_BURST,
 231:Generated_Source\PSoC5/WaveDAC8.c **** 		HI16(wavePtr), HI16(WaveDAC8_DAC8__D));
 507              		.loc 1 231 0
 508 000c 7B68     		ldr	r3, [r7, #4]
 509 000e 1B0C     		lsrs	r3, r3, #16
 229:Generated_Source\PSoC5/WaveDAC8.c **** 		WaveDAC8_Wave1_DMA_BYTES_PER_BURST, WaveDAC8_Wave1_DMA_REQUEST_PER_BURST,
ARM GAS  C:\Users\rcaravac\AppData\Local\Temp\ccW8uxId.s 			page 14


 510              		.loc 1 229 0
 511 0010 9AB2     		uxth	r2, r3
 512 0012 4FF48043 		mov	r3, #16384
 513 0016 0121     		movs	r1, #1
 514 0018 0120     		movs	r0, #1
 515 001a FFF7FEFF 		bl	WaveDAC8_Wave1_DMA_DmaInitialize
 516 001e 0346     		mov	r3, r0
 517 0020 1A46     		mov	r2, r3
 518 0022 0F4B     		ldr	r3, .L16
 519 0024 1A70     		strb	r2, [r3]
 232:Generated_Source\PSoC5/WaveDAC8.c **** 	#endif /* CY_PSOC3 */
 233:Generated_Source\PSoC5/WaveDAC8.c **** 	
 234:Generated_Source\PSoC5/WaveDAC8.c **** 	/*
 235:Generated_Source\PSoC5/WaveDAC8.c **** 	* TD is looping on itself. 
 236:Generated_Source\PSoC5/WaveDAC8.c ****     * Increment the source address, but not the destination address. 
 237:Generated_Source\PSoC5/WaveDAC8.c **** 	*/
 238:Generated_Source\PSoC5/WaveDAC8.c **** 	(void)CyDmaTdSetConfiguration(WaveDAC8_Wave1TD, sampleSize, WaveDAC8_Wave1TD, 
 520              		.loc 1 238 0
 521 0026 0F4B     		ldr	r3, .L16+4
 522 0028 1878     		ldrb	r0, [r3]	@ zero_extendqisi2
 523 002a 0E4B     		ldr	r3, .L16+4
 524 002c 1A78     		ldrb	r2, [r3]	@ zero_extendqisi2
 525 002e 7988     		ldrh	r1, [r7, #2]
 526 0030 0123     		movs	r3, #1
 527 0032 FFF7FEFF 		bl	CyDmaTdSetConfiguration
 239:Generated_Source\PSoC5/WaveDAC8.c ****                                     (uint8)CY_DMA_TD_INC_SRC_ADR | (uint8)WaveDAC8_Wave1_DMA__TD_TE
 240:Generated_Source\PSoC5/WaveDAC8.c **** 	
 241:Generated_Source\PSoC5/WaveDAC8.c **** 	/* Set the TD source and destination address */
 242:Generated_Source\PSoC5/WaveDAC8.c **** 	(void)CyDmaTdSetAddress(WaveDAC8_Wave1TD, LO16((uint32)wavePtr), LO16(WaveDAC8_DAC8__D));
 528              		.loc 1 242 0
 529 0036 0B4B     		ldr	r3, .L16+4
 530 0038 1B78     		ldrb	r3, [r3]	@ zero_extendqisi2
 531 003a 7A68     		ldr	r2, [r7, #4]
 532 003c 91B2     		uxth	r1, r2
 533 003e 4FF4B742 		mov	r2, #23424
 534 0042 1846     		mov	r0, r3
 535 0044 FFF7FEFF 		bl	CyDmaTdSetAddress
 243:Generated_Source\PSoC5/WaveDAC8.c **** 	
 244:Generated_Source\PSoC5/WaveDAC8.c **** 	/* Associate the TD with the channel */
 245:Generated_Source\PSoC5/WaveDAC8.c **** 	(void)CyDmaChSetInitialTd(WaveDAC8_Wave1Chan, WaveDAC8_Wave1TD);
 536              		.loc 1 245 0
 537 0048 054B     		ldr	r3, .L16
 538 004a 1A78     		ldrb	r2, [r3]	@ zero_extendqisi2
 539 004c 054B     		ldr	r3, .L16+4
 540 004e 1B78     		ldrb	r3, [r3]	@ zero_extendqisi2
 541 0050 1946     		mov	r1, r3
 542 0052 1046     		mov	r0, r2
 543 0054 FFF7FEFF 		bl	CyDmaChSetInitialTd
 246:Generated_Source\PSoC5/WaveDAC8.c **** }
 544              		.loc 1 246 0
 545 0058 00BF     		nop
 546 005a 0837     		adds	r7, r7, #8
 547              		.cfi_def_cfa_offset 8
 548 005c BD46     		mov	sp, r7
 549              		.cfi_def_cfa_register 13
 550              		@ sp needed
 551 005e 80BD     		pop	{r7, pc}
ARM GAS  C:\Users\rcaravac\AppData\Local\Temp\ccW8uxId.s 			page 15


 552              	.L17:
 553              		.align	2
 554              	.L16:
 555 0060 01000000 		.word	WaveDAC8_Wave1Chan
 556 0064 03000000 		.word	WaveDAC8_Wave1TD
 557              		.cfi_endproc
 558              	.LFE5:
 559              		.size	WaveDAC8_Wave1Setup, .-WaveDAC8_Wave1Setup
 560              		.section	.text.WaveDAC8_Wave2Setup,"ax",%progbits
 561              		.align	2
 562              		.global	WaveDAC8_Wave2Setup
 563              		.thumb
 564              		.thumb_func
 565              		.type	WaveDAC8_Wave2Setup, %function
 566              	WaveDAC8_Wave2Setup:
 567              	.LFB6:
 247:Generated_Source\PSoC5/WaveDAC8.c **** 
 248:Generated_Source\PSoC5/WaveDAC8.c **** 
 249:Generated_Source\PSoC5/WaveDAC8.c **** /*******************************************************************************
 250:Generated_Source\PSoC5/WaveDAC8.c **** * Function Name: WaveDAC8_Wave2Setup
 251:Generated_Source\PSoC5/WaveDAC8.c **** ********************************************************************************
 252:Generated_Source\PSoC5/WaveDAC8.c **** *
 253:Generated_Source\PSoC5/WaveDAC8.c **** * Summary:
 254:Generated_Source\PSoC5/WaveDAC8.c **** *  Sets pointer and size for waveform 2.                                    
 255:Generated_Source\PSoC5/WaveDAC8.c **** *
 256:Generated_Source\PSoC5/WaveDAC8.c **** * Parameters:  
 257:Generated_Source\PSoC5/WaveDAC8.c **** *  uint8 * WavePtr:     Pointer to the waveform array.
 258:Generated_Source\PSoC5/WaveDAC8.c **** *  uint16  SampleSize:  The amount of samples in the waveform.
 259:Generated_Source\PSoC5/WaveDAC8.c **** *
 260:Generated_Source\PSoC5/WaveDAC8.c **** * Return: 
 261:Generated_Source\PSoC5/WaveDAC8.c **** *  None
 262:Generated_Source\PSoC5/WaveDAC8.c **** *
 263:Generated_Source\PSoC5/WaveDAC8.c **** *******************************************************************************/
 264:Generated_Source\PSoC5/WaveDAC8.c **** void WaveDAC8_Wave2Setup(const uint8 * wavePtr, uint16 sampleSize)
 265:Generated_Source\PSoC5/WaveDAC8.c ****  
 266:Generated_Source\PSoC5/WaveDAC8.c **** {
 568              		.loc 1 266 0
 569              		.cfi_startproc
 570              		@ args = 0, pretend = 0, frame = 8
 571              		@ frame_needed = 1, uses_anonymous_args = 0
 572 0000 80B5     		push	{r7, lr}
 573              		.cfi_def_cfa_offset 8
 574              		.cfi_offset 7, -8
 575              		.cfi_offset 14, -4
 576 0002 82B0     		sub	sp, sp, #8
 577              		.cfi_def_cfa_offset 16
 578 0004 00AF     		add	r7, sp, #0
 579              		.cfi_def_cfa_register 7
 580 0006 7860     		str	r0, [r7, #4]
 581 0008 0B46     		mov	r3, r1
 582 000a 7B80     		strh	r3, [r7, #2]	@ movhi
 267:Generated_Source\PSoC5/WaveDAC8.c **** 	#if (CY_PSOC3)
 268:Generated_Source\PSoC5/WaveDAC8.c **** 		uint16 memoryType; /* determining the source memory type */
 269:Generated_Source\PSoC5/WaveDAC8.c **** 		memoryType = (WaveDAC8_HI16FLASHPTR == HI16(wavePtr)) ? HI16(CYDEV_FLS_BASE) : HI16(CYDEV_SRAM_BA
 270:Generated_Source\PSoC5/WaveDAC8.c **** 			
 271:Generated_Source\PSoC5/WaveDAC8.c **** 		WaveDAC8_Wave2Chan = WaveDAC8_Wave2_DMA_DmaInitialize(
 272:Generated_Source\PSoC5/WaveDAC8.c **** 		WaveDAC8_Wave2_DMA_BYTES_PER_BURST, WaveDAC8_Wave2_DMA_REQUEST_PER_BURST,
ARM GAS  C:\Users\rcaravac\AppData\Local\Temp\ccW8uxId.s 			page 16


 273:Generated_Source\PSoC5/WaveDAC8.c **** 		memoryType, HI16(CYDEV_PERIPH_BASE));
 274:Generated_Source\PSoC5/WaveDAC8.c **** 	#else /* PSoC 5 */
 275:Generated_Source\PSoC5/WaveDAC8.c **** 		WaveDAC8_Wave2Chan = WaveDAC8_Wave2_DMA_DmaInitialize(
 276:Generated_Source\PSoC5/WaveDAC8.c **** 		WaveDAC8_Wave2_DMA_BYTES_PER_BURST, WaveDAC8_Wave2_DMA_REQUEST_PER_BURST,
 277:Generated_Source\PSoC5/WaveDAC8.c **** 		HI16(wavePtr), HI16(WaveDAC8_DAC8__D));
 583              		.loc 1 277 0
 584 000c 7B68     		ldr	r3, [r7, #4]
 585 000e 1B0C     		lsrs	r3, r3, #16
 275:Generated_Source\PSoC5/WaveDAC8.c **** 		WaveDAC8_Wave2_DMA_BYTES_PER_BURST, WaveDAC8_Wave2_DMA_REQUEST_PER_BURST,
 586              		.loc 1 275 0
 587 0010 9AB2     		uxth	r2, r3
 588 0012 4FF48043 		mov	r3, #16384
 589 0016 0121     		movs	r1, #1
 590 0018 0120     		movs	r0, #1
 591 001a FFF7FEFF 		bl	WaveDAC8_Wave2_DMA_DmaInitialize
 592 001e 0346     		mov	r3, r0
 593 0020 1A46     		mov	r2, r3
 594 0022 0F4B     		ldr	r3, .L19
 595 0024 1A70     		strb	r2, [r3]
 278:Generated_Source\PSoC5/WaveDAC8.c **** 	#endif /* CY_PSOC3 */
 279:Generated_Source\PSoC5/WaveDAC8.c **** 	
 280:Generated_Source\PSoC5/WaveDAC8.c **** 	/*
 281:Generated_Source\PSoC5/WaveDAC8.c **** 	* TD is looping on itself. 
 282:Generated_Source\PSoC5/WaveDAC8.c **** 	* Increment the source address, but not the destination address. 
 283:Generated_Source\PSoC5/WaveDAC8.c **** 	*/
 284:Generated_Source\PSoC5/WaveDAC8.c **** 	(void)CyDmaTdSetConfiguration(WaveDAC8_Wave2TD, sampleSize, WaveDAC8_Wave2TD, 
 596              		.loc 1 284 0
 597 0026 0F4B     		ldr	r3, .L19+4
 598 0028 1878     		ldrb	r0, [r3]	@ zero_extendqisi2
 599 002a 0E4B     		ldr	r3, .L19+4
 600 002c 1A78     		ldrb	r2, [r3]	@ zero_extendqisi2
 601 002e 7988     		ldrh	r1, [r7, #2]
 602 0030 0123     		movs	r3, #1
 603 0032 FFF7FEFF 		bl	CyDmaTdSetConfiguration
 285:Generated_Source\PSoC5/WaveDAC8.c ****                                     (uint8)CY_DMA_TD_INC_SRC_ADR | (uint8)WaveDAC8_Wave2_DMA__TD_TE
 286:Generated_Source\PSoC5/WaveDAC8.c **** 	
 287:Generated_Source\PSoC5/WaveDAC8.c **** 	/* Set the TD source and destination address */
 288:Generated_Source\PSoC5/WaveDAC8.c **** 	(void)CyDmaTdSetAddress(WaveDAC8_Wave2TD, LO16((uint32)wavePtr), LO16(WaveDAC8_DAC8__D));
 604              		.loc 1 288 0
 605 0036 0B4B     		ldr	r3, .L19+4
 606 0038 1B78     		ldrb	r3, [r3]	@ zero_extendqisi2
 607 003a 7A68     		ldr	r2, [r7, #4]
 608 003c 91B2     		uxth	r1, r2
 609 003e 4FF4B742 		mov	r2, #23424
 610 0042 1846     		mov	r0, r3
 611 0044 FFF7FEFF 		bl	CyDmaTdSetAddress
 289:Generated_Source\PSoC5/WaveDAC8.c **** 	
 290:Generated_Source\PSoC5/WaveDAC8.c **** 	/* Associate the TD with the channel */
 291:Generated_Source\PSoC5/WaveDAC8.c **** 	(void)CyDmaChSetInitialTd(WaveDAC8_Wave2Chan, WaveDAC8_Wave2TD);
 612              		.loc 1 291 0
 613 0048 054B     		ldr	r3, .L19
 614 004a 1A78     		ldrb	r2, [r3]	@ zero_extendqisi2
 615 004c 054B     		ldr	r3, .L19+4
 616 004e 1B78     		ldrb	r3, [r3]	@ zero_extendqisi2
 617 0050 1946     		mov	r1, r3
 618 0052 1046     		mov	r0, r2
 619 0054 FFF7FEFF 		bl	CyDmaChSetInitialTd
ARM GAS  C:\Users\rcaravac\AppData\Local\Temp\ccW8uxId.s 			page 17


 292:Generated_Source\PSoC5/WaveDAC8.c **** }
 620              		.loc 1 292 0
 621 0058 00BF     		nop
 622 005a 0837     		adds	r7, r7, #8
 623              		.cfi_def_cfa_offset 8
 624 005c BD46     		mov	sp, r7
 625              		.cfi_def_cfa_register 13
 626              		@ sp needed
 627 005e 80BD     		pop	{r7, pc}
 628              	.L20:
 629              		.align	2
 630              	.L19:
 631 0060 02000000 		.word	WaveDAC8_Wave2Chan
 632 0064 04000000 		.word	WaveDAC8_Wave2TD
 633              		.cfi_endproc
 634              	.LFE6:
 635              		.size	WaveDAC8_Wave2Setup, .-WaveDAC8_Wave2Setup
 636              		.text
 637              	.Letext0:
 638              		.file 2 "Generated_Source\\PSoC5\\cytypes.h"
 639              		.section	.debug_info,"",%progbits
 640              	.Ldebug_info0:
 641 0000 44020000 		.4byte	0x244
 642 0004 0400     		.2byte	0x4
 643 0006 00000000 		.4byte	.Ldebug_abbrev0
 644 000a 04       		.byte	0x4
 645 000b 01       		.uleb128 0x1
 646 000c 0E000000 		.4byte	.LASF37
 647 0010 0C       		.byte	0xc
 648 0011 EA000000 		.4byte	.LASF38
 649 0015 F9010000 		.4byte	.LASF39
 650 0019 00000000 		.4byte	.Ldebug_ranges0+0
 651 001d 00000000 		.4byte	0
 652 0021 00000000 		.4byte	.Ldebug_line0
 653 0025 02       		.uleb128 0x2
 654 0026 01       		.byte	0x1
 655 0027 06       		.byte	0x6
 656 0028 A6020000 		.4byte	.LASF0
 657 002c 02       		.uleb128 0x2
 658 002d 01       		.byte	0x1
 659 002e 08       		.byte	0x8
 660 002f 72010000 		.4byte	.LASF1
 661 0033 02       		.uleb128 0x2
 662 0034 02       		.byte	0x2
 663 0035 05       		.byte	0x5
 664 0036 9B010000 		.4byte	.LASF2
 665 003a 02       		.uleb128 0x2
 666 003b 02       		.byte	0x2
 667 003c 07       		.byte	0x7
 668 003d B0000000 		.4byte	.LASF3
 669 0041 02       		.uleb128 0x2
 670 0042 04       		.byte	0x4
 671 0043 05       		.byte	0x5
 672 0044 91020000 		.4byte	.LASF4
 673 0048 02       		.uleb128 0x2
 674 0049 04       		.byte	0x4
 675 004a 07       		.byte	0x7
ARM GAS  C:\Users\rcaravac\AppData\Local\Temp\ccW8uxId.s 			page 18


 676 004b 36010000 		.4byte	.LASF5
 677 004f 02       		.uleb128 0x2
 678 0050 08       		.byte	0x8
 679 0051 05       		.byte	0x5
 680 0052 4D020000 		.4byte	.LASF6
 681 0056 02       		.uleb128 0x2
 682 0057 08       		.byte	0x8
 683 0058 07       		.byte	0x7
 684 0059 D1010000 		.4byte	.LASF7
 685 005d 03       		.uleb128 0x3
 686 005e 04       		.byte	0x4
 687 005f 05       		.byte	0x5
 688 0060 696E7400 		.ascii	"int\000"
 689 0064 02       		.uleb128 0x2
 690 0065 04       		.byte	0x4
 691 0066 07       		.byte	0x7
 692 0067 C4010000 		.4byte	.LASF8
 693 006b 04       		.uleb128 0x4
 694 006c 50010000 		.4byte	.LASF9
 695 0070 02       		.byte	0x2
 696 0071 9201     		.2byte	0x192
 697 0073 2C000000 		.4byte	0x2c
 698 0077 04       		.uleb128 0x4
 699 0078 A5010000 		.4byte	.LASF10
 700 007c 02       		.byte	0x2
 701 007d 9301     		.2byte	0x193
 702 007f 3A000000 		.4byte	0x3a
 703 0083 04       		.uleb128 0x4
 704 0084 AC010000 		.4byte	.LASF11
 705 0088 02       		.byte	0x2
 706 0089 9401     		.2byte	0x194
 707 008b 48000000 		.4byte	0x48
 708 008f 02       		.uleb128 0x2
 709 0090 04       		.byte	0x4
 710 0091 04       		.byte	0x4
 711 0092 D5000000 		.4byte	.LASF12
 712 0096 02       		.uleb128 0x2
 713 0097 08       		.byte	0x8
 714 0098 04       		.byte	0x4
 715 0099 80010000 		.4byte	.LASF13
 716 009d 02       		.uleb128 0x2
 717 009e 01       		.byte	0x1
 718 009f 08       		.byte	0x8
 719 00a0 5B020000 		.4byte	.LASF14
 720 00a4 02       		.uleb128 0x2
 721 00a5 08       		.byte	0x8
 722 00a6 04       		.byte	0x4
 723 00a7 9A020000 		.4byte	.LASF15
 724 00ab 02       		.uleb128 0x2
 725 00ac 04       		.byte	0x4
 726 00ad 07       		.byte	0x7
 727 00ae 44020000 		.4byte	.LASF16
 728 00b2 05       		.uleb128 0x5
 729 00b3 00000000 		.4byte	.LASF17
 730 00b7 01       		.byte	0x1
 731 00b8 2B       		.byte	0x2b
 732 00b9 00000000 		.4byte	.LFB0
ARM GAS  C:\Users\rcaravac\AppData\Local\Temp\ccW8uxId.s 			page 19


 733 00bd 50000000 		.4byte	.LFE0-.LFB0
 734 00c1 01       		.uleb128 0x1
 735 00c2 9C       		.byte	0x9c
 736 00c3 05       		.uleb128 0x5
 737 00c4 56010000 		.4byte	.LASF18
 738 00c8 01       		.byte	0x1
 739 00c9 56       		.byte	0x56
 740 00ca 00000000 		.4byte	.LFB1
 741 00ce 34000000 		.4byte	.LFE1-.LFB1
 742 00d2 01       		.uleb128 0x1
 743 00d3 9C       		.byte	0x9c
 744 00d4 05       		.uleb128 0x5
 745 00d5 DB000000 		.4byte	.LASF19
 746 00d9 01       		.byte	0x1
 747 00da 81       		.byte	0x81
 748 00db 00000000 		.4byte	.LFB2
 749 00df 24000000 		.4byte	.LFE2-.LFB2
 750 00e3 01       		.uleb128 0x1
 751 00e4 9C       		.byte	0x9c
 752 00e5 06       		.uleb128 0x6
 753 00e6 B3010000 		.4byte	.LASF25
 754 00ea 01       		.byte	0x1
 755 00eb A3       		.byte	0xa3
 756 00ec 00000000 		.4byte	.LFB3
 757 00f0 34000000 		.4byte	.LFE3-.LFB3
 758 00f4 01       		.uleb128 0x1
 759 00f5 9C       		.byte	0x9c
 760 00f6 33010000 		.4byte	0x133
 761 00fa 07       		.uleb128 0x7
 762 00fb C3000000 		.4byte	.LASF20
 763 00ff 01       		.byte	0x1
 764 0100 A3       		.byte	0xa3
 765 0101 33010000 		.4byte	0x133
 766 0105 02       		.uleb128 0x2
 767 0106 91       		.byte	0x91
 768 0107 74       		.sleb128 -12
 769 0108 07       		.uleb128 0x7
 770 0109 B2020000 		.4byte	.LASF21
 771 010d 01       		.byte	0x1
 772 010e A3       		.byte	0xa3
 773 010f 77000000 		.4byte	0x77
 774 0113 02       		.uleb128 0x2
 775 0114 91       		.byte	0x91
 776 0115 72       		.sleb128 -14
 777 0116 07       		.uleb128 0x7
 778 0117 CC000000 		.4byte	.LASF22
 779 011b 01       		.byte	0x1
 780 011c A3       		.byte	0xa3
 781 011d 33010000 		.4byte	0x133
 782 0121 02       		.uleb128 0x2
 783 0122 91       		.byte	0x91
 784 0123 6C       		.sleb128 -20
 785 0124 07       		.uleb128 0x7
 786 0125 66010000 		.4byte	.LASF23
 787 0129 01       		.byte	0x1
 788 012a A3       		.byte	0xa3
 789 012b 77000000 		.4byte	0x77
ARM GAS  C:\Users\rcaravac\AppData\Local\Temp\ccW8uxId.s 			page 20


 790 012f 02       		.uleb128 0x2
 791 0130 91       		.byte	0x91
 792 0131 70       		.sleb128 -16
 793 0132 00       		.byte	0
 794 0133 08       		.uleb128 0x8
 795 0134 04       		.byte	0x4
 796 0135 39010000 		.4byte	0x139
 797 0139 09       		.uleb128 0x9
 798 013a 6B000000 		.4byte	0x6b
 799 013e 05       		.uleb128 0x5
 800 013f 17010000 		.4byte	.LASF24
 801 0143 01       		.byte	0x1
 802 0144 BB       		.byte	0xbb
 803 0145 00000000 		.4byte	.LFB4
 804 0149 28000000 		.4byte	.LFE4-.LFB4
 805 014d 01       		.uleb128 0x1
 806 014e 9C       		.byte	0x9c
 807 014f 06       		.uleb128 0x6
 808 0150 9C000000 		.4byte	.LASF26
 809 0154 01       		.byte	0x1
 810 0155 DA       		.byte	0xda
 811 0156 00000000 		.4byte	.LFB5
 812 015a 68000000 		.4byte	.LFE5-.LFB5
 813 015e 01       		.uleb128 0x1
 814 015f 9C       		.byte	0x9c
 815 0160 81010000 		.4byte	0x181
 816 0164 07       		.uleb128 0x7
 817 0165 48010000 		.4byte	.LASF27
 818 0169 01       		.byte	0x1
 819 016a DA       		.byte	0xda
 820 016b 33010000 		.4byte	0x133
 821 016f 02       		.uleb128 0x2
 822 0170 91       		.byte	0x91
 823 0171 74       		.sleb128 -12
 824 0172 07       		.uleb128 0x7
 825 0173 0C010000 		.4byte	.LASF28
 826 0177 01       		.byte	0x1
 827 0178 DA       		.byte	0xda
 828 0179 77000000 		.4byte	0x77
 829 017d 02       		.uleb128 0x2
 830 017e 91       		.byte	0x91
 831 017f 72       		.sleb128 -14
 832 0180 00       		.byte	0
 833 0181 0A       		.uleb128 0xa
 834 0182 87010000 		.4byte	.LASF29
 835 0186 01       		.byte	0x1
 836 0187 0801     		.2byte	0x108
 837 0189 00000000 		.4byte	.LFB6
 838 018d 68000000 		.4byte	.LFE6-.LFB6
 839 0191 01       		.uleb128 0x1
 840 0192 9C       		.byte	0x9c
 841 0193 B6010000 		.4byte	0x1b6
 842 0197 0B       		.uleb128 0xb
 843 0198 48010000 		.4byte	.LASF27
 844 019c 01       		.byte	0x1
 845 019d 0801     		.2byte	0x108
 846 019f 33010000 		.4byte	0x133
ARM GAS  C:\Users\rcaravac\AppData\Local\Temp\ccW8uxId.s 			page 21


 847 01a3 02       		.uleb128 0x2
 848 01a4 91       		.byte	0x91
 849 01a5 74       		.sleb128 -12
 850 01a6 0B       		.uleb128 0xb
 851 01a7 0C010000 		.4byte	.LASF28
 852 01ab 01       		.byte	0x1
 853 01ac 0801     		.2byte	0x108
 854 01ae 77000000 		.4byte	0x77
 855 01b2 02       		.uleb128 0x2
 856 01b3 91       		.byte	0x91
 857 01b4 72       		.sleb128 -14
 858 01b5 00       		.byte	0
 859 01b6 0C       		.uleb128 0xc
 860 01b7 60020000 		.4byte	.LASF30
 861 01bb 01       		.byte	0x1
 862 01bc 17       		.byte	0x17
 863 01bd 6B000000 		.4byte	0x6b
 864 01c1 05       		.uleb128 0x5
 865 01c2 03       		.byte	0x3
 866 01c3 01000000 		.4byte	WaveDAC8_Wave1Chan
 867 01c7 0C       		.uleb128 0xc
 868 01c8 CF020000 		.4byte	.LASF31
 869 01cc 01       		.byte	0x1
 870 01cd 18       		.byte	0x18
 871 01ce 6B000000 		.4byte	0x6b
 872 01d2 05       		.uleb128 0x5
 873 01d3 03       		.byte	0x3
 874 01d4 02000000 		.4byte	WaveDAC8_Wave2Chan
 875 01d8 0C       		.uleb128 0xc
 876 01d9 E8010000 		.4byte	.LASF32
 877 01dd 01       		.byte	0x1
 878 01de 19       		.byte	0x19
 879 01df 6B000000 		.4byte	0x6b
 880 01e3 05       		.uleb128 0x5
 881 01e4 03       		.byte	0x3
 882 01e5 03000000 		.4byte	WaveDAC8_Wave1TD
 883 01e9 0C       		.uleb128 0xc
 884 01ea BE020000 		.4byte	.LASF33
 885 01ee 01       		.byte	0x1
 886 01ef 1A       		.byte	0x1a
 887 01f0 6B000000 		.4byte	0x6b
 888 01f4 05       		.uleb128 0x5
 889 01f5 03       		.byte	0x3
 890 01f6 04000000 		.4byte	WaveDAC8_Wave2TD
 891 01fa 0D       		.uleb128 0xd
 892 01fb 25010000 		.4byte	.LASF34
 893 01ff 01       		.byte	0x1
 894 0200 12       		.byte	0x12
 895 0201 6B000000 		.4byte	0x6b
 896 0205 05       		.uleb128 0x5
 897 0206 03       		.byte	0x3
 898 0207 00000000 		.4byte	WaveDAC8_initVar
 899 020b 0E       		.uleb128 0xe
 900 020c 39010000 		.4byte	0x139
 901 0210 1B020000 		.4byte	0x21b
 902 0214 0F       		.uleb128 0xf
 903 0215 AB000000 		.4byte	0xab
ARM GAS  C:\Users\rcaravac\AppData\Local\Temp\ccW8uxId.s 			page 22


 904 0219 63       		.byte	0x63
 905 021a 00       		.byte	0
 906 021b 0D       		.uleb128 0xd
 907 021c 73020000 		.4byte	.LASF35
 908 0220 01       		.byte	0x1
 909 0221 14       		.byte	0x14
 910 0222 2C020000 		.4byte	0x22c
 911 0226 05       		.uleb128 0x5
 912 0227 03       		.byte	0x3
 913 0228 00000000 		.4byte	WaveDAC8_wave1
 914 022c 09       		.uleb128 0x9
 915 022d 0B020000 		.4byte	0x20b
 916 0231 0D       		.uleb128 0xd
 917 0232 82020000 		.4byte	.LASF36
 918 0236 01       		.byte	0x1
 919 0237 15       		.byte	0x15
 920 0238 42020000 		.4byte	0x242
 921 023c 05       		.uleb128 0x5
 922 023d 03       		.byte	0x3
 923 023e 00000000 		.4byte	WaveDAC8_wave2
 924 0242 09       		.uleb128 0x9
 925 0243 0B020000 		.4byte	0x20b
 926 0247 00       		.byte	0
 927              		.section	.debug_abbrev,"",%progbits
 928              	.Ldebug_abbrev0:
 929 0000 01       		.uleb128 0x1
 930 0001 11       		.uleb128 0x11
 931 0002 01       		.byte	0x1
 932 0003 25       		.uleb128 0x25
 933 0004 0E       		.uleb128 0xe
 934 0005 13       		.uleb128 0x13
 935 0006 0B       		.uleb128 0xb
 936 0007 03       		.uleb128 0x3
 937 0008 0E       		.uleb128 0xe
 938 0009 1B       		.uleb128 0x1b
 939 000a 0E       		.uleb128 0xe
 940 000b 55       		.uleb128 0x55
 941 000c 17       		.uleb128 0x17
 942 000d 11       		.uleb128 0x11
 943 000e 01       		.uleb128 0x1
 944 000f 10       		.uleb128 0x10
 945 0010 17       		.uleb128 0x17
 946 0011 00       		.byte	0
 947 0012 00       		.byte	0
 948 0013 02       		.uleb128 0x2
 949 0014 24       		.uleb128 0x24
 950 0015 00       		.byte	0
 951 0016 0B       		.uleb128 0xb
 952 0017 0B       		.uleb128 0xb
 953 0018 3E       		.uleb128 0x3e
 954 0019 0B       		.uleb128 0xb
 955 001a 03       		.uleb128 0x3
 956 001b 0E       		.uleb128 0xe
 957 001c 00       		.byte	0
 958 001d 00       		.byte	0
 959 001e 03       		.uleb128 0x3
 960 001f 24       		.uleb128 0x24
ARM GAS  C:\Users\rcaravac\AppData\Local\Temp\ccW8uxId.s 			page 23


 961 0020 00       		.byte	0
 962 0021 0B       		.uleb128 0xb
 963 0022 0B       		.uleb128 0xb
 964 0023 3E       		.uleb128 0x3e
 965 0024 0B       		.uleb128 0xb
 966 0025 03       		.uleb128 0x3
 967 0026 08       		.uleb128 0x8
 968 0027 00       		.byte	0
 969 0028 00       		.byte	0
 970 0029 04       		.uleb128 0x4
 971 002a 16       		.uleb128 0x16
 972 002b 00       		.byte	0
 973 002c 03       		.uleb128 0x3
 974 002d 0E       		.uleb128 0xe
 975 002e 3A       		.uleb128 0x3a
 976 002f 0B       		.uleb128 0xb
 977 0030 3B       		.uleb128 0x3b
 978 0031 05       		.uleb128 0x5
 979 0032 49       		.uleb128 0x49
 980 0033 13       		.uleb128 0x13
 981 0034 00       		.byte	0
 982 0035 00       		.byte	0
 983 0036 05       		.uleb128 0x5
 984 0037 2E       		.uleb128 0x2e
 985 0038 00       		.byte	0
 986 0039 3F       		.uleb128 0x3f
 987 003a 19       		.uleb128 0x19
 988 003b 03       		.uleb128 0x3
 989 003c 0E       		.uleb128 0xe
 990 003d 3A       		.uleb128 0x3a
 991 003e 0B       		.uleb128 0xb
 992 003f 3B       		.uleb128 0x3b
 993 0040 0B       		.uleb128 0xb
 994 0041 27       		.uleb128 0x27
 995 0042 19       		.uleb128 0x19
 996 0043 11       		.uleb128 0x11
 997 0044 01       		.uleb128 0x1
 998 0045 12       		.uleb128 0x12
 999 0046 06       		.uleb128 0x6
 1000 0047 40       		.uleb128 0x40
 1001 0048 18       		.uleb128 0x18
 1002 0049 9642     		.uleb128 0x2116
 1003 004b 19       		.uleb128 0x19
 1004 004c 00       		.byte	0
 1005 004d 00       		.byte	0
 1006 004e 06       		.uleb128 0x6
 1007 004f 2E       		.uleb128 0x2e
 1008 0050 01       		.byte	0x1
 1009 0051 3F       		.uleb128 0x3f
 1010 0052 19       		.uleb128 0x19
 1011 0053 03       		.uleb128 0x3
 1012 0054 0E       		.uleb128 0xe
 1013 0055 3A       		.uleb128 0x3a
 1014 0056 0B       		.uleb128 0xb
 1015 0057 3B       		.uleb128 0x3b
 1016 0058 0B       		.uleb128 0xb
 1017 0059 27       		.uleb128 0x27
ARM GAS  C:\Users\rcaravac\AppData\Local\Temp\ccW8uxId.s 			page 24


 1018 005a 19       		.uleb128 0x19
 1019 005b 11       		.uleb128 0x11
 1020 005c 01       		.uleb128 0x1
 1021 005d 12       		.uleb128 0x12
 1022 005e 06       		.uleb128 0x6
 1023 005f 40       		.uleb128 0x40
 1024 0060 18       		.uleb128 0x18
 1025 0061 9642     		.uleb128 0x2116
 1026 0063 19       		.uleb128 0x19
 1027 0064 01       		.uleb128 0x1
 1028 0065 13       		.uleb128 0x13
 1029 0066 00       		.byte	0
 1030 0067 00       		.byte	0
 1031 0068 07       		.uleb128 0x7
 1032 0069 05       		.uleb128 0x5
 1033 006a 00       		.byte	0
 1034 006b 03       		.uleb128 0x3
 1035 006c 0E       		.uleb128 0xe
 1036 006d 3A       		.uleb128 0x3a
 1037 006e 0B       		.uleb128 0xb
 1038 006f 3B       		.uleb128 0x3b
 1039 0070 0B       		.uleb128 0xb
 1040 0071 49       		.uleb128 0x49
 1041 0072 13       		.uleb128 0x13
 1042 0073 02       		.uleb128 0x2
 1043 0074 18       		.uleb128 0x18
 1044 0075 00       		.byte	0
 1045 0076 00       		.byte	0
 1046 0077 08       		.uleb128 0x8
 1047 0078 0F       		.uleb128 0xf
 1048 0079 00       		.byte	0
 1049 007a 0B       		.uleb128 0xb
 1050 007b 0B       		.uleb128 0xb
 1051 007c 49       		.uleb128 0x49
 1052 007d 13       		.uleb128 0x13
 1053 007e 00       		.byte	0
 1054 007f 00       		.byte	0
 1055 0080 09       		.uleb128 0x9
 1056 0081 26       		.uleb128 0x26
 1057 0082 00       		.byte	0
 1058 0083 49       		.uleb128 0x49
 1059 0084 13       		.uleb128 0x13
 1060 0085 00       		.byte	0
 1061 0086 00       		.byte	0
 1062 0087 0A       		.uleb128 0xa
 1063 0088 2E       		.uleb128 0x2e
 1064 0089 01       		.byte	0x1
 1065 008a 3F       		.uleb128 0x3f
 1066 008b 19       		.uleb128 0x19
 1067 008c 03       		.uleb128 0x3
 1068 008d 0E       		.uleb128 0xe
 1069 008e 3A       		.uleb128 0x3a
 1070 008f 0B       		.uleb128 0xb
 1071 0090 3B       		.uleb128 0x3b
 1072 0091 05       		.uleb128 0x5
 1073 0092 27       		.uleb128 0x27
 1074 0093 19       		.uleb128 0x19
ARM GAS  C:\Users\rcaravac\AppData\Local\Temp\ccW8uxId.s 			page 25


 1075 0094 11       		.uleb128 0x11
 1076 0095 01       		.uleb128 0x1
 1077 0096 12       		.uleb128 0x12
 1078 0097 06       		.uleb128 0x6
 1079 0098 40       		.uleb128 0x40
 1080 0099 18       		.uleb128 0x18
 1081 009a 9642     		.uleb128 0x2116
 1082 009c 19       		.uleb128 0x19
 1083 009d 01       		.uleb128 0x1
 1084 009e 13       		.uleb128 0x13
 1085 009f 00       		.byte	0
 1086 00a0 00       		.byte	0
 1087 00a1 0B       		.uleb128 0xb
 1088 00a2 05       		.uleb128 0x5
 1089 00a3 00       		.byte	0
 1090 00a4 03       		.uleb128 0x3
 1091 00a5 0E       		.uleb128 0xe
 1092 00a6 3A       		.uleb128 0x3a
 1093 00a7 0B       		.uleb128 0xb
 1094 00a8 3B       		.uleb128 0x3b
 1095 00a9 05       		.uleb128 0x5
 1096 00aa 49       		.uleb128 0x49
 1097 00ab 13       		.uleb128 0x13
 1098 00ac 02       		.uleb128 0x2
 1099 00ad 18       		.uleb128 0x18
 1100 00ae 00       		.byte	0
 1101 00af 00       		.byte	0
 1102 00b0 0C       		.uleb128 0xc
 1103 00b1 34       		.uleb128 0x34
 1104 00b2 00       		.byte	0
 1105 00b3 03       		.uleb128 0x3
 1106 00b4 0E       		.uleb128 0xe
 1107 00b5 3A       		.uleb128 0x3a
 1108 00b6 0B       		.uleb128 0xb
 1109 00b7 3B       		.uleb128 0x3b
 1110 00b8 0B       		.uleb128 0xb
 1111 00b9 49       		.uleb128 0x49
 1112 00ba 13       		.uleb128 0x13
 1113 00bb 02       		.uleb128 0x2
 1114 00bc 18       		.uleb128 0x18
 1115 00bd 00       		.byte	0
 1116 00be 00       		.byte	0
 1117 00bf 0D       		.uleb128 0xd
 1118 00c0 34       		.uleb128 0x34
 1119 00c1 00       		.byte	0
 1120 00c2 03       		.uleb128 0x3
 1121 00c3 0E       		.uleb128 0xe
 1122 00c4 3A       		.uleb128 0x3a
 1123 00c5 0B       		.uleb128 0xb
 1124 00c6 3B       		.uleb128 0x3b
 1125 00c7 0B       		.uleb128 0xb
 1126 00c8 49       		.uleb128 0x49
 1127 00c9 13       		.uleb128 0x13
 1128 00ca 3F       		.uleb128 0x3f
 1129 00cb 19       		.uleb128 0x19
 1130 00cc 02       		.uleb128 0x2
 1131 00cd 18       		.uleb128 0x18
ARM GAS  C:\Users\rcaravac\AppData\Local\Temp\ccW8uxId.s 			page 26


 1132 00ce 00       		.byte	0
 1133 00cf 00       		.byte	0
 1134 00d0 0E       		.uleb128 0xe
 1135 00d1 01       		.uleb128 0x1
 1136 00d2 01       		.byte	0x1
 1137 00d3 49       		.uleb128 0x49
 1138 00d4 13       		.uleb128 0x13
 1139 00d5 01       		.uleb128 0x1
 1140 00d6 13       		.uleb128 0x13
 1141 00d7 00       		.byte	0
 1142 00d8 00       		.byte	0
 1143 00d9 0F       		.uleb128 0xf
 1144 00da 21       		.uleb128 0x21
 1145 00db 00       		.byte	0
 1146 00dc 49       		.uleb128 0x49
 1147 00dd 13       		.uleb128 0x13
 1148 00de 2F       		.uleb128 0x2f
 1149 00df 0B       		.uleb128 0xb
 1150 00e0 00       		.byte	0
 1151 00e1 00       		.byte	0
 1152 00e2 00       		.byte	0
 1153              		.section	.debug_aranges,"",%progbits
 1154 0000 4C000000 		.4byte	0x4c
 1155 0004 0200     		.2byte	0x2
 1156 0006 00000000 		.4byte	.Ldebug_info0
 1157 000a 04       		.byte	0x4
 1158 000b 00       		.byte	0
 1159 000c 0000     		.2byte	0
 1160 000e 0000     		.2byte	0
 1161 0010 00000000 		.4byte	.LFB0
 1162 0014 50000000 		.4byte	.LFE0-.LFB0
 1163 0018 00000000 		.4byte	.LFB1
 1164 001c 34000000 		.4byte	.LFE1-.LFB1
 1165 0020 00000000 		.4byte	.LFB2
 1166 0024 24000000 		.4byte	.LFE2-.LFB2
 1167 0028 00000000 		.4byte	.LFB3
 1168 002c 34000000 		.4byte	.LFE3-.LFB3
 1169 0030 00000000 		.4byte	.LFB4
 1170 0034 28000000 		.4byte	.LFE4-.LFB4
 1171 0038 00000000 		.4byte	.LFB5
 1172 003c 68000000 		.4byte	.LFE5-.LFB5
 1173 0040 00000000 		.4byte	.LFB6
 1174 0044 68000000 		.4byte	.LFE6-.LFB6
 1175 0048 00000000 		.4byte	0
 1176 004c 00000000 		.4byte	0
 1177              		.section	.debug_ranges,"",%progbits
 1178              	.Ldebug_ranges0:
 1179 0000 00000000 		.4byte	.LFB0
 1180 0004 50000000 		.4byte	.LFE0
 1181 0008 00000000 		.4byte	.LFB1
 1182 000c 34000000 		.4byte	.LFE1
 1183 0010 00000000 		.4byte	.LFB2
 1184 0014 24000000 		.4byte	.LFE2
 1185 0018 00000000 		.4byte	.LFB3
 1186 001c 34000000 		.4byte	.LFE3
 1187 0020 00000000 		.4byte	.LFB4
 1188 0024 28000000 		.4byte	.LFE4
ARM GAS  C:\Users\rcaravac\AppData\Local\Temp\ccW8uxId.s 			page 27


 1189 0028 00000000 		.4byte	.LFB5
 1190 002c 68000000 		.4byte	.LFE5
 1191 0030 00000000 		.4byte	.LFB6
 1192 0034 68000000 		.4byte	.LFE6
 1193 0038 00000000 		.4byte	0
 1194 003c 00000000 		.4byte	0
 1195              		.section	.debug_line,"",%progbits
 1196              	.Ldebug_line0:
 1197 0000 EC000000 		.section	.debug_str,"MS",%progbits,1
 1197      02004500 
 1197      00000201 
 1197      FB0E0D00 
 1197      01010101 
 1198              	.LASF17:
 1199 0000 57617665 		.ascii	"WaveDAC8_Init\000"
 1199      44414338 
 1199      5F496E69 
 1199      7400
 1200              	.LASF37:
 1201 000e 474E5520 		.ascii	"GNU C11 5.4.1 20160609 (release) [ARM/embedded-5-br"
 1201      43313120 
 1201      352E342E 
 1201      31203230 
 1201      31363036 
 1202 0041 616E6368 		.ascii	"anch revision 237715] -mcpu=cortex-m3 -mthumb -g -O"
 1202      20726576 
 1202      6973696F 
 1202      6E203233 
 1202      37373135 
 1203 0074 30202D66 		.ascii	"0 -ffunction-sections -ffat-lto-objects\000"
 1203      66756E63 
 1203      74696F6E 
 1203      2D736563 
 1203      74696F6E 
 1204              	.LASF26:
 1205 009c 57617665 		.ascii	"WaveDAC8_Wave1Setup\000"
 1205      44414338 
 1205      5F576176 
 1205      65315365 
 1205      74757000 
 1206              	.LASF3:
 1207 00b0 73686F72 		.ascii	"short unsigned int\000"
 1207      7420756E 
 1207      7369676E 
 1207      65642069 
 1207      6E7400
 1208              	.LASF20:
 1209 00c3 77617665 		.ascii	"wavePtr1\000"
 1209      50747231 
 1209      00
 1210              	.LASF22:
 1211 00cc 77617665 		.ascii	"wavePtr2\000"
 1211      50747232 
 1211      00
 1212              	.LASF12:
 1213 00d5 666C6F61 		.ascii	"float\000"
 1213      7400
ARM GAS  C:\Users\rcaravac\AppData\Local\Temp\ccW8uxId.s 			page 28


 1214              	.LASF19:
 1215 00db 57617665 		.ascii	"WaveDAC8_Start\000"
 1215      44414338 
 1215      5F537461 
 1215      727400
 1216              	.LASF38:
 1217 00ea 47656E65 		.ascii	"Generated_Source\\PSoC5\\WaveDAC8.c\000"
 1217      72617465 
 1217      645F536F 
 1217      75726365 
 1217      5C50536F 
 1218              	.LASF28:
 1219 010c 73616D70 		.ascii	"sampleSize\000"
 1219      6C655369 
 1219      7A6500
 1220              	.LASF24:
 1221 0117 57617665 		.ascii	"WaveDAC8_Stop\000"
 1221      44414338 
 1221      5F53746F 
 1221      7000
 1222              	.LASF34:
 1223 0125 57617665 		.ascii	"WaveDAC8_initVar\000"
 1223      44414338 
 1223      5F696E69 
 1223      74566172 
 1223      00
 1224              	.LASF5:
 1225 0136 6C6F6E67 		.ascii	"long unsigned int\000"
 1225      20756E73 
 1225      69676E65 
 1225      6420696E 
 1225      7400
 1226              	.LASF27:
 1227 0148 77617665 		.ascii	"wavePtr\000"
 1227      50747200 
 1228              	.LASF9:
 1229 0150 75696E74 		.ascii	"uint8\000"
 1229      3800
 1230              	.LASF18:
 1231 0156 57617665 		.ascii	"WaveDAC8_Enable\000"
 1231      44414338 
 1231      5F456E61 
 1231      626C6500 
 1232              	.LASF23:
 1233 0166 73616D70 		.ascii	"sampleSize2\000"
 1233      6C655369 
 1233      7A653200 
 1234              	.LASF1:
 1235 0172 756E7369 		.ascii	"unsigned char\000"
 1235      676E6564 
 1235      20636861 
 1235      7200
 1236              	.LASF13:
 1237 0180 646F7562 		.ascii	"double\000"
 1237      6C6500
 1238              	.LASF29:
 1239 0187 57617665 		.ascii	"WaveDAC8_Wave2Setup\000"
ARM GAS  C:\Users\rcaravac\AppData\Local\Temp\ccW8uxId.s 			page 29


 1239      44414338 
 1239      5F576176 
 1239      65325365 
 1239      74757000 
 1240              	.LASF2:
 1241 019b 73686F72 		.ascii	"short int\000"
 1241      7420696E 
 1241      7400
 1242              	.LASF10:
 1243 01a5 75696E74 		.ascii	"uint16\000"
 1243      313600
 1244              	.LASF11:
 1245 01ac 75696E74 		.ascii	"uint32\000"
 1245      333200
 1246              	.LASF25:
 1247 01b3 57617665 		.ascii	"WaveDAC8_StartEx\000"
 1247      44414338 
 1247      5F537461 
 1247      72744578 
 1247      00
 1248              	.LASF8:
 1249 01c4 756E7369 		.ascii	"unsigned int\000"
 1249      676E6564 
 1249      20696E74 
 1249      00
 1250              	.LASF7:
 1251 01d1 6C6F6E67 		.ascii	"long long unsigned int\000"
 1251      206C6F6E 
 1251      6720756E 
 1251      7369676E 
 1251      65642069 
 1252              	.LASF32:
 1253 01e8 57617665 		.ascii	"WaveDAC8_Wave1TD\000"
 1253      44414338 
 1253      5F576176 
 1253      65315444 
 1253      00
 1254              	.LASF39:
 1255 01f9 433A5C55 		.ascii	"C:\\Users\\rcaravac\\Documents\\Personales\\Maestri"
 1255      73657273 
 1255      5C726361 
 1255      72617661 
 1255      635C446F 
 1256 0227 615C3635 		.ascii	"a\\65280069\\TareaClase4.cydsn\000"
 1256      32383030 
 1256      36395C54 
 1256      61726561 
 1256      436C6173 
 1257              	.LASF16:
 1258 0244 73697A65 		.ascii	"sizetype\000"
 1258      74797065 
 1258      00
 1259              	.LASF6:
 1260 024d 6C6F6E67 		.ascii	"long long int\000"
 1260      206C6F6E 
 1260      6720696E 
 1260      7400
ARM GAS  C:\Users\rcaravac\AppData\Local\Temp\ccW8uxId.s 			page 30


 1261              	.LASF14:
 1262 025b 63686172 		.ascii	"char\000"
 1262      00
 1263              	.LASF30:
 1264 0260 57617665 		.ascii	"WaveDAC8_Wave1Chan\000"
 1264      44414338 
 1264      5F576176 
 1264      65314368 
 1264      616E00
 1265              	.LASF35:
 1266 0273 57617665 		.ascii	"WaveDAC8_wave1\000"
 1266      44414338 
 1266      5F776176 
 1266      653100
 1267              	.LASF36:
 1268 0282 57617665 		.ascii	"WaveDAC8_wave2\000"
 1268      44414338 
 1268      5F776176 
 1268      653200
 1269              	.LASF4:
 1270 0291 6C6F6E67 		.ascii	"long int\000"
 1270      20696E74 
 1270      00
 1271              	.LASF15:
 1272 029a 6C6F6E67 		.ascii	"long double\000"
 1272      20646F75 
 1272      626C6500 
 1273              	.LASF0:
 1274 02a6 7369676E 		.ascii	"signed char\000"
 1274      65642063 
 1274      68617200 
 1275              	.LASF21:
 1276 02b2 73616D70 		.ascii	"sampleSize1\000"
 1276      6C655369 
 1276      7A653100 
 1277              	.LASF33:
 1278 02be 57617665 		.ascii	"WaveDAC8_Wave2TD\000"
 1278      44414338 
 1278      5F576176 
 1278      65325444 
 1278      00
 1279              	.LASF31:
 1280 02cf 57617665 		.ascii	"WaveDAC8_Wave2Chan\000"
 1280      44414338 
 1280      5F576176 
 1280      65324368 
 1280      616E00
 1281              		.ident	"GCC: (GNU Tools for ARM Embedded Processors) 5.4.1 20160609 (release) [ARM/embedded-5-bran
