ARM GAS  C:\Users\jespinoz\AppData\Local\Temp\ccwB9sJi.s 			page 1


   1              		.syntax unified
   2              		.cpu cortex-m3
   3              		.fpu softvfp
   4              		.eabi_attribute 20, 1
   5              		.eabi_attribute 21, 1
   6              		.eabi_attribute 23, 3
   7              		.eabi_attribute 24, 1
   8              		.eabi_attribute 25, 1
   9              		.eabi_attribute 26, 1
  10              		.eabi_attribute 30, 6
  11              		.eabi_attribute 34, 1
  12              		.eabi_attribute 18, 4
  13              		.thumb
  14              		.syntax unified
  15              		.file	"main.c"
  16              		.text
  17              	.Ltext0:
  18              		.cfi_sections	.debug_frame
  19              		.comm	Output,2,2
  20              		.comm	ContinuouslySendData,1,1
  21              		.comm	SendSingleByte,1,1
  22              		.comm	SendEmulatedData,1,1
  23              		.comm	TransmitBuffer,16,4
  24              		.comm	EmulatedData,1,1
  25              		.global	transmitionCounter
  26              		.bss
  27              		.align	2
  28              		.type	transmitionCounter, %object
  29              		.size	transmitionCounter, 4
  30              	transmitionCounter:
  31 0000 00000000 		.space	4
  32              		.section	.rodata
  33              		.align	2
  34              	.LC0:
  35 0000 25580D0A 		.ascii	"%X\015\012\000"
  35      00
  36 0005 000000   		.align	2
  37              	.LC1:
  38 0008 25780D0A 		.ascii	"%x\015\012\000"
  38      00
  39              		.section	.text.Transmit,"ax",%progbits
  40              		.align	2
  41              		.global	Transmit
  42              		.thumb
  43              		.thumb_func
  44              		.type	Transmit, %function
  45              	Transmit:
  46              	.LFB64:
  47              		.file 1 "main.c"
   1:main.c        **** /******************************************************************************
   2:main.c        **** * Project Name		: CE95277 ADC and UART
   3:main.c        **** * File Name			: main.c
   4:main.c        **** * Version 			: **
   5:main.c        **** * Device Used		: CY8C5888LTI-LP097
   6:main.c        **** * Software Used		: PSoC Creator 3.1 SP2
   7:main.c        **** * Compiler    		: ARM GCC 4.8.4, ARM RVDS Generic, ARM MDK Generic
   8:main.c        **** * Related Hardware	: CY8CKIT059 PSoC 5 LP Prototyping Kit
ARM GAS  C:\Users\jespinoz\AppData\Local\Temp\ccwB9sJi.s 			page 2


   9:main.c        **** * Owner				: KLMZ
  10:main.c        **** *
  11:main.c        **** ********************************************************************************
  12:main.c        **** * Copyright (2015), Cypress Semiconductor Corporation. All Rights Reserved.
  13:main.c        **** ********************************************************************************
  14:main.c        **** * This software is owned by Cypress Semiconductor Corporation (Cypress)
  15:main.c        **** * and is protected by and subject to worldwide patent protection (United
  16:main.c        **** * States and foreign), United States copyright laws and international treaty
  17:main.c        **** * provisions. Cypress hereby grants to licensee a personal, non-exclusive,
  18:main.c        **** * non-transferable license to copy, use, modify, create derivative works of,
  19:main.c        **** * and compile the Cypress Source Code and derivative works for the sole
  20:main.c        **** * purpose of creating custom software in support of licensee product to be
  21:main.c        **** * used only in conjunction with a Cypress integrated circuit as specified in
  22:main.c        **** * the applicable agreement. Any reproduction, modification, translation,
  23:main.c        **** * compilation, or representation of this software except as specified above
  24:main.c        **** * is prohibited without the express written permission of Cypress.
  25:main.c        **** *
  26:main.c        **** * Disclaimer: CYPRESS MAKES NO WARRANTY OF ANY KIND, EXPRESS OR IMPLIED, WITH
  27:main.c        **** * REGARD TO THIS MATERIAL, INCLUDING, BUT NOT LIMITED TO, THE IMPLIED
  28:main.c        **** * WARRANTIES OF MERCHANTABILITY AND FITNESS FOR A PARTICULAR PURPOSE.
  29:main.c        **** * Cypress reserves the right to make changes without further notice to the
  30:main.c        **** * materials described herein. Cypress does not assume any liability arising out
  31:main.c        **** * of the application or use of any product or circuit described herein. Cypress
  32:main.c        **** * does not authorize its products for use as critical components in life-support
  33:main.c        **** * systems where a malfunction or failure may reasonably be expected to result in
  34:main.c        **** * significant injury to the user. The inclusion of Cypress' product in a life-
  35:main.c        **** * support systems application implies that the manufacturer assumes all risk of
  36:main.c        **** * such use and in doing so indemnifies Cypress against all charges.
  37:main.c        **** *
  38:main.c        **** * Use of this Software may be limited by and subject to the applicable Cypress
  39:main.c        **** * software license agreement.
  40:main.c        **** *******************************************************************************/
  41:main.c        **** 
  42:main.c        **** #include <device.h>
  43:main.c        **** #include "stdio.h"
  44:main.c        **** 
  45:main.c        **** /* Project Defines */
  46:main.c        **** #define FALSE  0
  47:main.c        **** #define TRUE   1
  48:main.c        **** #define TRANSMIT_BUFFER_SIZE  16
  49:main.c        **** 
  50:main.c        ****     /* Variable to store ADC result */
  51:main.c        ****     uint16 Output;
  52:main.c        ****     /* Flags used to store transmit data commands */
  53:main.c        ****     uint8 ContinuouslySendData;
  54:main.c        ****     uint8 SendSingleByte;
  55:main.c        ****     uint8 SendEmulatedData;
  56:main.c        ****     /* Transmit Buffer */
  57:main.c        ****     char TransmitBuffer[TRANSMIT_BUFFER_SIZE];
  58:main.c        ****     /* Variable used to send emulated data */
  59:main.c        ****     uint8 EmulatedData;
  60:main.c        **** 
  61:main.c        ****     int transmitionCounter = 0;
  62:main.c        **** 
  63:main.c        **** 
  64:main.c        **** CY_ISR_PROTO(Transmit);
  65:main.c        **** 
ARM GAS  C:\Users\jespinoz\AppData\Local\Temp\ccwB9sJi.s 			page 3


  66:main.c        **** CY_ISR(Transmit)
  67:main.c        **** {
  48              		.loc 1 67 0
  49              		.cfi_startproc
  50              		@ args = 0, pretend = 0, frame = 0
  51              		@ frame_needed = 1, uses_anonymous_args = 0
  52 0000 80B5     		push	{r7, lr}
  53              		.cfi_def_cfa_offset 8
  54              		.cfi_offset 7, -8
  55              		.cfi_offset 14, -4
  56 0002 00AF     		add	r7, sp, #0
  57              		.cfi_def_cfa_register 7
  68:main.c        ****         /* Check to see if an ADC conversion has completed */
  69:main.c        ****         if(ADC_DelSig_1_IsEndConversion(ADC_DelSig_1_RETURN_STATUS))
  58              		.loc 1 69 0
  59 0004 0120     		movs	r0, #1
  60 0006 FFF7FEFF 		bl	ADC_DelSig_1_IsEndConversion
  61 000a 0346     		mov	r3, r0
  62 000c 002B     		cmp	r3, #0
  63 000e 41D0     		beq	.L5
  70:main.c        ****         {
  71:main.c        ****             /* Use the GetResult16 API to get an 8 bit unsigned result in
  72:main.c        ****              * single ended mode.  The API CountsTo_mVolts is then used
  73:main.c        ****              * to convert the ADC counts into mV before transmitting via
  74:main.c        ****              * the UART.  See the datasheet API description for more
  75:main.c        ****              * details */
  76:main.c        ****             //Output = ADC_DelSig_1_CountsTo_mVolts(ADC_DelSig_1_GetResult16());
  77:main.c        ****             Output = ADC_DelSig_1_GetResult16();
  64              		.loc 1 77 0
  65 0010 FFF7FEFF 		bl	ADC_DelSig_1_GetResult16
  66 0014 0346     		mov	r3, r0
  67 0016 9AB2     		uxth	r2, r3
  68 0018 1F4B     		ldr	r3, .L6
  69 001a 1A80     		strh	r2, [r3]	@ movhi
  78:main.c        **** 
  79:main.c        ****             /* Send data based on last UART command */
  80:main.c        ****             if(SendSingleByte)
  70              		.loc 1 80 0
  71 001c 1F4B     		ldr	r3, .L6+4
  72 001e 1B78     		ldrb	r3, [r3]	@ zero_extendqisi2
  73 0020 002B     		cmp	r3, #0
  74 0022 0CD0     		beq	.L3
  81:main.c        ****             {
  82:main.c        ****                 /* Format ADC result for transmition */
  83:main.c        ****                 //sprintf(TransmitBuffer, "Sample: %d mV\r\n", Output);
  84:main.c        ****                 sprintf(TransmitBuffer, "%X\r\n", Output);
  75              		.loc 1 84 0
  76 0024 1C4B     		ldr	r3, .L6
  77 0026 1B88     		ldrh	r3, [r3]
  78 0028 1A46     		mov	r2, r3
  79 002a 1D49     		ldr	r1, .L6+8
  80 002c 1D48     		ldr	r0, .L6+12
  81 002e FFF7FEFF 		bl	sprintf
  85:main.c        ****                 /* Send out the data */
  86:main.c        ****                 UART_1_PutString(TransmitBuffer);
  82              		.loc 1 86 0
  83 0032 1C48     		ldr	r0, .L6+12
ARM GAS  C:\Users\jespinoz\AppData\Local\Temp\ccwB9sJi.s 			page 4


  84 0034 FFF7FEFF 		bl	UART_1_PutString
  87:main.c        ****                 /* Reset the send once flag */
  88:main.c        ****                 SendSingleByte = FALSE;
  85              		.loc 1 88 0
  86 0038 184B     		ldr	r3, .L6+4
  87 003a 0022     		movs	r2, #0
  88 003c 1A70     		strb	r2, [r3]
  89              	.L3:
  89:main.c        ****             }
  90:main.c        ****             if(ContinuouslySendData)
  90              		.loc 1 90 0
  91 003e 1A4B     		ldr	r3, .L6+16
  92 0040 1B78     		ldrb	r3, [r3]	@ zero_extendqisi2
  93 0042 002B     		cmp	r3, #0
  94 0044 0FD0     		beq	.L4
  91:main.c        ****             {
  92:main.c        ****                 /* Format ADC result for transmition */
  93:main.c        ****                 //sprintf(TransmitBuffer, "Sample: %d mV\r\n", Output);
  94:main.c        ****                 sprintf(TransmitBuffer, "%X\r\n", Output);
  95              		.loc 1 94 0
  96 0046 144B     		ldr	r3, .L6
  97 0048 1B88     		ldrh	r3, [r3]
  98 004a 1A46     		mov	r2, r3
  99 004c 1449     		ldr	r1, .L6+8
 100 004e 1548     		ldr	r0, .L6+12
 101 0050 FFF7FEFF 		bl	sprintf
  95:main.c        ****                 /* Send out the data */
  96:main.c        ****                 UART_1_PutString(TransmitBuffer);
 102              		.loc 1 96 0
 103 0054 1348     		ldr	r0, .L6+12
 104 0056 FFF7FEFF 		bl	UART_1_PutString
  97:main.c        ****                 transmitionCounter++;
 105              		.loc 1 97 0
 106 005a 144B     		ldr	r3, .L6+20
 107 005c 1B68     		ldr	r3, [r3]
 108 005e 0133     		adds	r3, r3, #1
 109 0060 124A     		ldr	r2, .L6+20
 110 0062 1360     		str	r3, [r2]
  98:main.c        ****                 //if (transmitionCounter >= 2000)
  99:main.c        ****                 //{
 100:main.c        ****                     //transmitionCounter = 0;
 101:main.c        ****                     //ContinuouslySendData = FALSE;
 102:main.c        ****                 //}
 103:main.c        ****             }
 104:main.c        ****             else if(SendEmulatedData)
 105:main.c        ****             {
 106:main.c        ****                 /* Format ADC result for transmition */
 107:main.c        ****                 sprintf(TransmitBuffer, "%x\r\n", EmulatedData);
 108:main.c        ****                 /* Send out the data */
 109:main.c        ****                 UART_1_PutString(TransmitBuffer);
 110:main.c        ****                 EmulatedData++;
 111:main.c        ****                 /* Reset the send once flag */
 112:main.c        ****                 SendEmulatedData = FALSE;
 113:main.c        ****             }
 114:main.c        ****         }
 115:main.c        **** 
 116:main.c        **** }
ARM GAS  C:\Users\jespinoz\AppData\Local\Temp\ccwB9sJi.s 			page 5


 111              		.loc 1 116 0
 112 0064 16E0     		b	.L5
 113              	.L4:
 104:main.c        ****             {
 114              		.loc 1 104 0
 115 0066 124B     		ldr	r3, .L6+24
 116 0068 1B78     		ldrb	r3, [r3]	@ zero_extendqisi2
 117 006a 002B     		cmp	r3, #0
 118 006c 12D0     		beq	.L5
 107:main.c        ****                 /* Send out the data */
 119              		.loc 1 107 0
 120 006e 114B     		ldr	r3, .L6+28
 121 0070 1B78     		ldrb	r3, [r3]	@ zero_extendqisi2
 122 0072 1A46     		mov	r2, r3
 123 0074 1049     		ldr	r1, .L6+32
 124 0076 0B48     		ldr	r0, .L6+12
 125 0078 FFF7FEFF 		bl	sprintf
 109:main.c        ****                 EmulatedData++;
 126              		.loc 1 109 0
 127 007c 0948     		ldr	r0, .L6+12
 128 007e FFF7FEFF 		bl	UART_1_PutString
 110:main.c        ****                 /* Reset the send once flag */
 129              		.loc 1 110 0
 130 0082 0C4B     		ldr	r3, .L6+28
 131 0084 1B78     		ldrb	r3, [r3]	@ zero_extendqisi2
 132 0086 0133     		adds	r3, r3, #1
 133 0088 DAB2     		uxtb	r2, r3
 134 008a 0A4B     		ldr	r3, .L6+28
 135 008c 1A70     		strb	r2, [r3]
 112:main.c        ****             }
 136              		.loc 1 112 0
 137 008e 084B     		ldr	r3, .L6+24
 138 0090 0022     		movs	r2, #0
 139 0092 1A70     		strb	r2, [r3]
 140              	.L5:
 141              		.loc 1 116 0
 142 0094 00BF     		nop
 143 0096 80BD     		pop	{r7, pc}
 144              	.L7:
 145              		.align	2
 146              	.L6:
 147 0098 00000000 		.word	Output
 148 009c 00000000 		.word	SendSingleByte
 149 00a0 00000000 		.word	.LC0
 150 00a4 00000000 		.word	TransmitBuffer
 151 00a8 00000000 		.word	ContinuouslySendData
 152 00ac 00000000 		.word	transmitionCounter
 153 00b0 00000000 		.word	SendEmulatedData
 154 00b4 00000000 		.word	EmulatedData
 155 00b8 08000000 		.word	.LC1
 156              		.cfi_endproc
 157              	.LFE64:
 158              		.size	Transmit, .-Transmit
 159              		.section	.rodata
 160 000d 000000   		.align	2
 161              	.LC2:
 162 0010 434F4D20 		.ascii	"COM Port Open\000"
ARM GAS  C:\Users\jespinoz\AppData\Local\Temp\ccwB9sJi.s 			page 6


 162      506F7274 
 162      204F7065 
 162      6E00
 163              		.section	.text.main,"ax",%progbits
 164              		.align	2
 165              		.global	main
 166              		.thumb
 167              		.thumb_func
 168              		.type	main, %function
 169              	main:
 170              	.LFB65:
 117:main.c        **** 
 118:main.c        **** /*******************************************************************************
 119:main.c        **** * Function Name: main
 120:main.c        **** ********************************************************************************
 121:main.c        **** *
 122:main.c        **** * Summary:
 123:main.c        **** *  main() performs following functions:
 124:main.c        **** *  1: Starts the ADC and UART components.
 125:main.c        **** *  2: Checks for ADC end of conversion.  Stores latest result in output
 126:main.c        **** *     if conversion complete.
 127:main.c        **** *  3: Checks for UART input.
 128:main.c        **** *     On 'C' or 'c' received: transmits the last sample via the UART.
 129:main.c        **** *     On 'S' or 's' received: continuously transmits samples as they are completed.
 130:main.c        **** *     On 'X' or 'x' received: stops continuously transmitting samples.
 131:main.c        **** *     On 'E' or 'e' received: transmits a dummy byte of data.
 132:main.c        **** *
 133:main.c        **** * Parameters:
 134:main.c        **** *  None.
 135:main.c        **** *
 136:main.c        **** * Return:
 137:main.c        **** *  None.
 138:main.c        **** *
 139:main.c        **** *******************************************************************************/
 140:main.c        **** int main()
 141:main.c        **** {
 171              		.loc 1 141 0
 172              		.cfi_startproc
 173              		@ args = 0, pretend = 0, frame = 8
 174              		@ frame_needed = 1, uses_anonymous_args = 0
 175 0000 80B5     		push	{r7, lr}
 176              		.cfi_def_cfa_offset 8
 177              		.cfi_offset 7, -8
 178              		.cfi_offset 14, -4
 179 0002 82B0     		sub	sp, sp, #8
 180              		.cfi_def_cfa_offset 16
 181 0004 00AF     		add	r7, sp, #0
 182              		.cfi_def_cfa_register 7
 142:main.c        ****     /* Variable to store UART received character */
 143:main.c        ****     uint8 Ch;
 144:main.c        **** 
 145:main.c        ****     /* Start the components */
 146:main.c        ****     ADC_DelSig_1_Start();
 183              		.loc 1 146 0
 184 0006 FFF7FEFF 		bl	ADC_DelSig_1_Start
 147:main.c        ****     UART_1_Start();
 185              		.loc 1 147 0
ARM GAS  C:\Users\jespinoz\AppData\Local\Temp\ccwB9sJi.s 			page 7


 186 000a FFF7FEFF 		bl	UART_1_Start
 148:main.c        ****     //WaveDAC8_Start();
 149:main.c        **** 
 150:main.c        ****     /* Initialize Variables */
 151:main.c        ****     ContinuouslySendData = FALSE;
 187              		.loc 1 151 0
 188 000e 254B     		ldr	r3, .L21
 189 0010 0022     		movs	r2, #0
 190 0012 1A70     		strb	r2, [r3]
 152:main.c        ****     SendSingleByte = FALSE;
 191              		.loc 1 152 0
 192 0014 244B     		ldr	r3, .L21+4
 193 0016 0022     		movs	r2, #0
 194 0018 1A70     		strb	r2, [r3]
 153:main.c        ****     SendEmulatedData = FALSE;
 195              		.loc 1 153 0
 196 001a 244B     		ldr	r3, .L21+8
 197 001c 0022     		movs	r2, #0
 198 001e 1A70     		strb	r2, [r3]
 154:main.c        ****     EmulatedData = 0;
 199              		.loc 1 154 0
 200 0020 234B     		ldr	r3, .L21+12
 201 0022 0022     		movs	r2, #0
 202 0024 1A70     		strb	r2, [r3]
 155:main.c        **** 
 156:main.c        ****     /* Start the ADC conversion */
 157:main.c        ****     ADC_DelSig_1_StartConvert();
 203              		.loc 1 157 0
 204 0026 FFF7FEFF 		bl	ADC_DelSig_1_StartConvert
 158:main.c        **** 
 159:main.c        ****     /* Send message to verify COM port is connected properly */
 160:main.c        ****     UART_1_PutString("COM Port Open");
 205              		.loc 1 160 0
 206 002a 2248     		ldr	r0, .L21+16
 207 002c FFF7FEFF 		bl	UART_1_PutString
 161:main.c        **** 
 162:main.c        ****     Timer_Start();
 208              		.loc 1 162 0
 209 0030 FFF7FEFF 		bl	Timer_Start
 163:main.c        ****     isr_StartEx(Transmit);
 210              		.loc 1 163 0
 211 0034 2048     		ldr	r0, .L21+20
 212 0036 FFF7FEFF 		bl	isr_StartEx
 164:main.c        ****     CyGlobalIntEnable;
 213              		.loc 1 164 0
 214              		.syntax unified
 215              	@ 164 "main.c" 1
 216 003a 62B6     		CPSIE   i
 217              	@ 0 "" 2
 218              		.thumb
 219              		.syntax unified
 220              	.L19:
 165:main.c        **** 
 166:main.c        ****     for(;;)
 167:main.c        ****     {
 168:main.c        ****         /* Non-blocking call to get the latest data recieved  */
 169:main.c        ****         Ch = UART_1_GetChar();
ARM GAS  C:\Users\jespinoz\AppData\Local\Temp\ccwB9sJi.s 			page 8


 221              		.loc 1 169 0
 222 003c FFF7FEFF 		bl	UART_1_GetChar
 223 0040 0346     		mov	r3, r0
 224 0042 FB71     		strb	r3, [r7, #7]
 170:main.c        **** 
 171:main.c        ****         /* Set flags based on UART command */
 172:main.c        ****         switch(Ch)
 225              		.loc 1 172 0
 226 0044 FB79     		ldrb	r3, [r7, #7]	@ zero_extendqisi2
 227 0046 582B     		cmp	r3, #88
 228 0048 21D0     		beq	.L10
 229 004a 582B     		cmp	r3, #88
 230 004c 0BDC     		bgt	.L11
 231 004e 432B     		cmp	r3, #67
 232 0050 15D0     		beq	.L12
 233 0052 432B     		cmp	r3, #67
 234 0054 02DC     		bgt	.L13
 235 0056 002B     		cmp	r3, #0
 236 0058 21D0     		beq	.L20
 173:main.c        ****         {
 174:main.c        ****             case 0:
 175:main.c        ****                 /* No new data was recieved */
 176:main.c        ****                 break;
 177:main.c        ****             case 'C':
 178:main.c        ****             case 'c':
 179:main.c        ****                 SendSingleByte = TRUE;
 180:main.c        ****                 break;
 181:main.c        ****             case 'S':
 182:main.c        ****             case 's':
 183:main.c        ****                 ContinuouslySendData = TRUE;
 184:main.c        ****                 break;
 185:main.c        ****             case 'X':
 186:main.c        ****             case 'x':
 187:main.c        ****                 ContinuouslySendData = FALSE;
 188:main.c        ****                 break;
 189:main.c        ****             case 'E':
 190:main.c        ****             case 'e':
 191:main.c        ****                 SendEmulatedData = TRUE;
 192:main.c        ****                 break;
 193:main.c        ****             default:
 194:main.c        ****                 /* Place error handling code here */
 195:main.c        ****                 break;
 237              		.loc 1 195 0
 238 005a 21E0     		b	.L18
 239              	.L13:
 172:main.c        ****         {
 240              		.loc 1 172 0
 241 005c 452B     		cmp	r3, #69
 242 005e 1AD0     		beq	.L15
 243 0060 532B     		cmp	r3, #83
 244 0062 10D0     		beq	.L16
 245              		.loc 1 195 0
 246 0064 1CE0     		b	.L18
 247              	.L11:
 172:main.c        ****         {
 248              		.loc 1 172 0
 249 0066 652B     		cmp	r3, #101
ARM GAS  C:\Users\jespinoz\AppData\Local\Temp\ccwB9sJi.s 			page 9


 250 0068 15D0     		beq	.L15
 251 006a 652B     		cmp	r3, #101
 252 006c 02DC     		bgt	.L17
 253 006e 632B     		cmp	r3, #99
 254 0070 05D0     		beq	.L12
 255              		.loc 1 195 0
 256 0072 15E0     		b	.L18
 257              	.L17:
 172:main.c        ****         {
 258              		.loc 1 172 0
 259 0074 732B     		cmp	r3, #115
 260 0076 06D0     		beq	.L16
 261 0078 782B     		cmp	r3, #120
 262 007a 08D0     		beq	.L10
 263              		.loc 1 195 0
 264 007c 10E0     		b	.L18
 265              	.L12:
 179:main.c        ****                 break;
 266              		.loc 1 179 0
 267 007e 0A4B     		ldr	r3, .L21+4
 268 0080 0122     		movs	r2, #1
 269 0082 1A70     		strb	r2, [r3]
 180:main.c        ****             case 'S':
 270              		.loc 1 180 0
 271 0084 0CE0     		b	.L18
 272              	.L16:
 183:main.c        ****                 break;
 273              		.loc 1 183 0
 274 0086 074B     		ldr	r3, .L21
 275 0088 0122     		movs	r2, #1
 276 008a 1A70     		strb	r2, [r3]
 184:main.c        ****             case 'X':
 277              		.loc 1 184 0
 278 008c 08E0     		b	.L18
 279              	.L10:
 187:main.c        ****                 break;
 280              		.loc 1 187 0
 281 008e 054B     		ldr	r3, .L21
 282 0090 0022     		movs	r2, #0
 283 0092 1A70     		strb	r2, [r3]
 188:main.c        ****             case 'E':
 284              		.loc 1 188 0
 285 0094 04E0     		b	.L18
 286              	.L15:
 191:main.c        ****                 break;
 287              		.loc 1 191 0
 288 0096 054B     		ldr	r3, .L21+8
 289 0098 0122     		movs	r2, #1
 290 009a 1A70     		strb	r2, [r3]
 192:main.c        ****             default:
 291              		.loc 1 192 0
 292 009c 00E0     		b	.L18
 293              	.L20:
 176:main.c        ****             case 'C':
 294              		.loc 1 176 0
 295 009e 00BF     		nop
 296              	.L18:
ARM GAS  C:\Users\jespinoz\AppData\Local\Temp\ccwB9sJi.s 			page 10


 196:main.c        ****         }
 197:main.c        **** 
 198:main.c        ****     }
 297              		.loc 1 198 0 discriminator 1
 298 00a0 CCE7     		b	.L19
 299              	.L22:
 300 00a2 00BF     		.align	2
 301              	.L21:
 302 00a4 00000000 		.word	ContinuouslySendData
 303 00a8 00000000 		.word	SendSingleByte
 304 00ac 00000000 		.word	SendEmulatedData
 305 00b0 00000000 		.word	EmulatedData
 306 00b4 10000000 		.word	.LC2
 307 00b8 00000000 		.word	Transmit
 308              		.cfi_endproc
 309              	.LFE65:
 310              		.size	main, .-main
 311              		.text
 312              	.Letext0:
 313              		.file 2 "c:\\program files (x86)\\cypress\\psoc creator\\4.2\\psoc creator\\import\\gnu\\arm\\5.4.
 314              		.file 3 "c:\\program files (x86)\\cypress\\psoc creator\\4.2\\psoc creator\\import\\gnu\\arm\\5.4.
 315              		.file 4 "Generated_Source\\PSoC5/cytypes.h"
 316              		.file 5 "Generated_Source\\PSoC5/core_cm3.h"
 317              		.section	.debug_info,"",%progbits
 318              	.Ldebug_info0:
 319 0000 89010000 		.4byte	0x189
 320 0004 0400     		.2byte	0x4
 321 0006 00000000 		.4byte	.Ldebug_abbrev0
 322 000a 04       		.byte	0x4
 323 000b 01       		.uleb128 0x1
 324 000c 0D000000 		.4byte	.LASF26
 325 0010 0C       		.byte	0xc
 326 0011 8A010000 		.4byte	.LASF27
 327 0015 A0010000 		.4byte	.LASF28
 328 0019 00000000 		.4byte	.Ldebug_ranges0+0
 329 001d 00000000 		.4byte	0
 330 0021 00000000 		.4byte	.Ldebug_line0
 331 0025 02       		.uleb128 0x2
 332 0026 01       		.byte	0x1
 333 0027 06       		.byte	0x6
 334 0028 34020000 		.4byte	.LASF0
 335 002c 02       		.uleb128 0x2
 336 002d 01       		.byte	0x1
 337 002e 08       		.byte	0x8
 338 002f DA000000 		.4byte	.LASF1
 339 0033 02       		.uleb128 0x2
 340 0034 02       		.byte	0x2
 341 0035 05       		.byte	0x5
 342 0036 96010000 		.4byte	.LASF2
 343 003a 02       		.uleb128 0x2
 344 003b 02       		.byte	0x2
 345 003c 07       		.byte	0x7
 346 003d FA000000 		.4byte	.LASF3
 347 0041 03       		.uleb128 0x3
 348 0042 9B000000 		.4byte	.LASF9
 349 0046 02       		.byte	0x2
 350 0047 3F       		.byte	0x3f
ARM GAS  C:\Users\jespinoz\AppData\Local\Temp\ccwB9sJi.s 			page 11


 351 0048 4C000000 		.4byte	0x4c
 352 004c 02       		.uleb128 0x2
 353 004d 04       		.byte	0x4
 354 004e 05       		.byte	0x5
 355 004f 1F020000 		.4byte	.LASF4
 356 0053 02       		.uleb128 0x2
 357 0054 04       		.byte	0x4
 358 0055 07       		.byte	0x7
 359 0056 E8000000 		.4byte	.LASF5
 360 005a 02       		.uleb128 0x2
 361 005b 08       		.byte	0x8
 362 005c 05       		.byte	0x5
 363 005d 7C010000 		.4byte	.LASF6
 364 0061 02       		.uleb128 0x2
 365 0062 08       		.byte	0x8
 366 0063 07       		.byte	0x7
 367 0064 4B010000 		.4byte	.LASF7
 368 0068 04       		.uleb128 0x4
 369 0069 04       		.byte	0x4
 370 006a 05       		.byte	0x5
 371 006b 696E7400 		.ascii	"int\000"
 372 006f 02       		.uleb128 0x2
 373 0070 04       		.byte	0x4
 374 0071 07       		.byte	0x7
 375 0072 3E010000 		.4byte	.LASF8
 376 0076 03       		.uleb128 0x3
 377 0077 62010000 		.4byte	.LASF10
 378 007b 03       		.byte	0x3
 379 007c 2C       		.byte	0x2c
 380 007d 41000000 		.4byte	0x41
 381 0081 05       		.uleb128 0x5
 382 0082 19020000 		.4byte	.LASF11
 383 0086 04       		.byte	0x4
 384 0087 9201     		.2byte	0x192
 385 0089 2C000000 		.4byte	0x2c
 386 008d 05       		.uleb128 0x5
 387 008e 37010000 		.4byte	.LASF12
 388 0092 04       		.byte	0x4
 389 0093 9301     		.2byte	0x193
 390 0095 3A000000 		.4byte	0x3a
 391 0099 02       		.uleb128 0x2
 392 009a 04       		.byte	0x4
 393 009b 04       		.byte	0x4
 394 009c D4000000 		.4byte	.LASF13
 395 00a0 02       		.uleb128 0x2
 396 00a1 08       		.byte	0x8
 397 00a2 04       		.byte	0x4
 398 00a3 2B010000 		.4byte	.LASF14
 399 00a7 02       		.uleb128 0x2
 400 00a8 01       		.byte	0x1
 401 00a9 08       		.byte	0x8
 402 00aa 91010000 		.4byte	.LASF15
 403 00ae 02       		.uleb128 0x2
 404 00af 08       		.byte	0x8
 405 00b0 04       		.byte	0x4
 406 00b1 28020000 		.4byte	.LASF16
 407 00b5 02       		.uleb128 0x2
ARM GAS  C:\Users\jespinoz\AppData\Local\Temp\ccwB9sJi.s 			page 12


 408 00b6 04       		.byte	0x4
 409 00b7 07       		.byte	0x7
 410 00b8 73010000 		.4byte	.LASF17
 411 00bc 06       		.uleb128 0x6
 412 00bd 6A010000 		.4byte	.LASF29
 413 00c1 01       		.byte	0x1
 414 00c2 42       		.byte	0x42
 415 00c3 00000000 		.4byte	.LFB64
 416 00c7 BC000000 		.4byte	.LFE64-.LFB64
 417 00cb 01       		.uleb128 0x1
 418 00cc 9C       		.byte	0x9c
 419 00cd 07       		.uleb128 0x7
 420 00ce 32010000 		.4byte	.LASF30
 421 00d2 01       		.byte	0x1
 422 00d3 8C       		.byte	0x8c
 423 00d4 68000000 		.4byte	0x68
 424 00d8 00000000 		.4byte	.LFB65
 425 00dc BC000000 		.4byte	.LFE65-.LFB65
 426 00e0 01       		.uleb128 0x1
 427 00e1 9C       		.byte	0x9c
 428 00e2 F4000000 		.4byte	0xf4
 429 00e6 08       		.uleb128 0x8
 430 00e7 436800   		.ascii	"Ch\000"
 431 00ea 01       		.byte	0x1
 432 00eb 8F       		.byte	0x8f
 433 00ec 81000000 		.4byte	0x81
 434 00f0 02       		.uleb128 0x2
 435 00f1 91       		.byte	0x91
 436 00f2 77       		.sleb128 -9
 437 00f3 00       		.byte	0
 438 00f4 09       		.uleb128 0x9
 439 00f5 0D010000 		.4byte	.LASF18
 440 00f9 05       		.byte	0x5
 441 00fa 1207     		.2byte	0x712
 442 00fc 00010000 		.4byte	0x100
 443 0100 0A       		.uleb128 0xa
 444 0101 76000000 		.4byte	0x76
 445 0105 0B       		.uleb128 0xb
 446 0106 A5000000 		.4byte	.LASF19
 447 010a 01       		.byte	0x1
 448 010b 33       		.byte	0x33
 449 010c 8D000000 		.4byte	0x8d
 450 0110 05       		.uleb128 0x5
 451 0111 03       		.byte	0x3
 452 0112 00000000 		.4byte	Output
 453 0116 0B       		.uleb128 0xb
 454 0117 AC000000 		.4byte	.LASF20
 455 011b 01       		.byte	0x1
 456 011c 35       		.byte	0x35
 457 011d 81000000 		.4byte	0x81
 458 0121 05       		.uleb128 0x5
 459 0122 03       		.byte	0x3
 460 0123 00000000 		.4byte	ContinuouslySendData
 461 0127 0B       		.uleb128 0xb
 462 0128 4F020000 		.4byte	.LASF21
 463 012c 01       		.byte	0x1
 464 012d 36       		.byte	0x36
ARM GAS  C:\Users\jespinoz\AppData\Local\Temp\ccwB9sJi.s 			page 13


 465 012e 81000000 		.4byte	0x81
 466 0132 05       		.uleb128 0x5
 467 0133 03       		.byte	0x3
 468 0134 00000000 		.4byte	SendSingleByte
 469 0138 0B       		.uleb128 0xb
 470 0139 1A010000 		.4byte	.LASF22
 471 013d 01       		.byte	0x1
 472 013e 37       		.byte	0x37
 473 013f 81000000 		.4byte	0x81
 474 0143 05       		.uleb128 0x5
 475 0144 03       		.byte	0x3
 476 0145 00000000 		.4byte	SendEmulatedData
 477 0149 0C       		.uleb128 0xc
 478 014a A7000000 		.4byte	0xa7
 479 014e 59010000 		.4byte	0x159
 480 0152 0D       		.uleb128 0xd
 481 0153 B5000000 		.4byte	0xb5
 482 0157 0F       		.byte	0xf
 483 0158 00       		.byte	0
 484 0159 0B       		.uleb128 0xb
 485 015a 40020000 		.4byte	.LASF23
 486 015e 01       		.byte	0x1
 487 015f 39       		.byte	0x39
 488 0160 49010000 		.4byte	0x149
 489 0164 05       		.uleb128 0x5
 490 0165 03       		.byte	0x3
 491 0166 00000000 		.4byte	TransmitBuffer
 492 016a 0B       		.uleb128 0xb
 493 016b 00000000 		.4byte	.LASF24
 494 016f 01       		.byte	0x1
 495 0170 3B       		.byte	0x3b
 496 0171 81000000 		.4byte	0x81
 497 0175 05       		.uleb128 0x5
 498 0176 03       		.byte	0x3
 499 0177 00000000 		.4byte	EmulatedData
 500 017b 0B       		.uleb128 0xb
 501 017c C1000000 		.4byte	.LASF25
 502 0180 01       		.byte	0x1
 503 0181 3D       		.byte	0x3d
 504 0182 68000000 		.4byte	0x68
 505 0186 05       		.uleb128 0x5
 506 0187 03       		.byte	0x3
 507 0188 00000000 		.4byte	transmitionCounter
 508 018c 00       		.byte	0
 509              		.section	.debug_abbrev,"",%progbits
 510              	.Ldebug_abbrev0:
 511 0000 01       		.uleb128 0x1
 512 0001 11       		.uleb128 0x11
 513 0002 01       		.byte	0x1
 514 0003 25       		.uleb128 0x25
 515 0004 0E       		.uleb128 0xe
 516 0005 13       		.uleb128 0x13
 517 0006 0B       		.uleb128 0xb
 518 0007 03       		.uleb128 0x3
 519 0008 0E       		.uleb128 0xe
 520 0009 1B       		.uleb128 0x1b
 521 000a 0E       		.uleb128 0xe
ARM GAS  C:\Users\jespinoz\AppData\Local\Temp\ccwB9sJi.s 			page 14


 522 000b 55       		.uleb128 0x55
 523 000c 17       		.uleb128 0x17
 524 000d 11       		.uleb128 0x11
 525 000e 01       		.uleb128 0x1
 526 000f 10       		.uleb128 0x10
 527 0010 17       		.uleb128 0x17
 528 0011 00       		.byte	0
 529 0012 00       		.byte	0
 530 0013 02       		.uleb128 0x2
 531 0014 24       		.uleb128 0x24
 532 0015 00       		.byte	0
 533 0016 0B       		.uleb128 0xb
 534 0017 0B       		.uleb128 0xb
 535 0018 3E       		.uleb128 0x3e
 536 0019 0B       		.uleb128 0xb
 537 001a 03       		.uleb128 0x3
 538 001b 0E       		.uleb128 0xe
 539 001c 00       		.byte	0
 540 001d 00       		.byte	0
 541 001e 03       		.uleb128 0x3
 542 001f 16       		.uleb128 0x16
 543 0020 00       		.byte	0
 544 0021 03       		.uleb128 0x3
 545 0022 0E       		.uleb128 0xe
 546 0023 3A       		.uleb128 0x3a
 547 0024 0B       		.uleb128 0xb
 548 0025 3B       		.uleb128 0x3b
 549 0026 0B       		.uleb128 0xb
 550 0027 49       		.uleb128 0x49
 551 0028 13       		.uleb128 0x13
 552 0029 00       		.byte	0
 553 002a 00       		.byte	0
 554 002b 04       		.uleb128 0x4
 555 002c 24       		.uleb128 0x24
 556 002d 00       		.byte	0
 557 002e 0B       		.uleb128 0xb
 558 002f 0B       		.uleb128 0xb
 559 0030 3E       		.uleb128 0x3e
 560 0031 0B       		.uleb128 0xb
 561 0032 03       		.uleb128 0x3
 562 0033 08       		.uleb128 0x8
 563 0034 00       		.byte	0
 564 0035 00       		.byte	0
 565 0036 05       		.uleb128 0x5
 566 0037 16       		.uleb128 0x16
 567 0038 00       		.byte	0
 568 0039 03       		.uleb128 0x3
 569 003a 0E       		.uleb128 0xe
 570 003b 3A       		.uleb128 0x3a
 571 003c 0B       		.uleb128 0xb
 572 003d 3B       		.uleb128 0x3b
 573 003e 05       		.uleb128 0x5
 574 003f 49       		.uleb128 0x49
 575 0040 13       		.uleb128 0x13
 576 0041 00       		.byte	0
 577 0042 00       		.byte	0
 578 0043 06       		.uleb128 0x6
ARM GAS  C:\Users\jespinoz\AppData\Local\Temp\ccwB9sJi.s 			page 15


 579 0044 2E       		.uleb128 0x2e
 580 0045 00       		.byte	0
 581 0046 3F       		.uleb128 0x3f
 582 0047 19       		.uleb128 0x19
 583 0048 03       		.uleb128 0x3
 584 0049 0E       		.uleb128 0xe
 585 004a 3A       		.uleb128 0x3a
 586 004b 0B       		.uleb128 0xb
 587 004c 3B       		.uleb128 0x3b
 588 004d 0B       		.uleb128 0xb
 589 004e 27       		.uleb128 0x27
 590 004f 19       		.uleb128 0x19
 591 0050 11       		.uleb128 0x11
 592 0051 01       		.uleb128 0x1
 593 0052 12       		.uleb128 0x12
 594 0053 06       		.uleb128 0x6
 595 0054 40       		.uleb128 0x40
 596 0055 18       		.uleb128 0x18
 597 0056 9642     		.uleb128 0x2116
 598 0058 19       		.uleb128 0x19
 599 0059 00       		.byte	0
 600 005a 00       		.byte	0
 601 005b 07       		.uleb128 0x7
 602 005c 2E       		.uleb128 0x2e
 603 005d 01       		.byte	0x1
 604 005e 3F       		.uleb128 0x3f
 605 005f 19       		.uleb128 0x19
 606 0060 03       		.uleb128 0x3
 607 0061 0E       		.uleb128 0xe
 608 0062 3A       		.uleb128 0x3a
 609 0063 0B       		.uleb128 0xb
 610 0064 3B       		.uleb128 0x3b
 611 0065 0B       		.uleb128 0xb
 612 0066 49       		.uleb128 0x49
 613 0067 13       		.uleb128 0x13
 614 0068 11       		.uleb128 0x11
 615 0069 01       		.uleb128 0x1
 616 006a 12       		.uleb128 0x12
 617 006b 06       		.uleb128 0x6
 618 006c 40       		.uleb128 0x40
 619 006d 18       		.uleb128 0x18
 620 006e 9642     		.uleb128 0x2116
 621 0070 19       		.uleb128 0x19
 622 0071 01       		.uleb128 0x1
 623 0072 13       		.uleb128 0x13
 624 0073 00       		.byte	0
 625 0074 00       		.byte	0
 626 0075 08       		.uleb128 0x8
 627 0076 34       		.uleb128 0x34
 628 0077 00       		.byte	0
 629 0078 03       		.uleb128 0x3
 630 0079 08       		.uleb128 0x8
 631 007a 3A       		.uleb128 0x3a
 632 007b 0B       		.uleb128 0xb
 633 007c 3B       		.uleb128 0x3b
 634 007d 0B       		.uleb128 0xb
 635 007e 49       		.uleb128 0x49
ARM GAS  C:\Users\jespinoz\AppData\Local\Temp\ccwB9sJi.s 			page 16


 636 007f 13       		.uleb128 0x13
 637 0080 02       		.uleb128 0x2
 638 0081 18       		.uleb128 0x18
 639 0082 00       		.byte	0
 640 0083 00       		.byte	0
 641 0084 09       		.uleb128 0x9
 642 0085 34       		.uleb128 0x34
 643 0086 00       		.byte	0
 644 0087 03       		.uleb128 0x3
 645 0088 0E       		.uleb128 0xe
 646 0089 3A       		.uleb128 0x3a
 647 008a 0B       		.uleb128 0xb
 648 008b 3B       		.uleb128 0x3b
 649 008c 05       		.uleb128 0x5
 650 008d 49       		.uleb128 0x49
 651 008e 13       		.uleb128 0x13
 652 008f 3F       		.uleb128 0x3f
 653 0090 19       		.uleb128 0x19
 654 0091 3C       		.uleb128 0x3c
 655 0092 19       		.uleb128 0x19
 656 0093 00       		.byte	0
 657 0094 00       		.byte	0
 658 0095 0A       		.uleb128 0xa
 659 0096 35       		.uleb128 0x35
 660 0097 00       		.byte	0
 661 0098 49       		.uleb128 0x49
 662 0099 13       		.uleb128 0x13
 663 009a 00       		.byte	0
 664 009b 00       		.byte	0
 665 009c 0B       		.uleb128 0xb
 666 009d 34       		.uleb128 0x34
 667 009e 00       		.byte	0
 668 009f 03       		.uleb128 0x3
 669 00a0 0E       		.uleb128 0xe
 670 00a1 3A       		.uleb128 0x3a
 671 00a2 0B       		.uleb128 0xb
 672 00a3 3B       		.uleb128 0x3b
 673 00a4 0B       		.uleb128 0xb
 674 00a5 49       		.uleb128 0x49
 675 00a6 13       		.uleb128 0x13
 676 00a7 3F       		.uleb128 0x3f
 677 00a8 19       		.uleb128 0x19
 678 00a9 02       		.uleb128 0x2
 679 00aa 18       		.uleb128 0x18
 680 00ab 00       		.byte	0
 681 00ac 00       		.byte	0
 682 00ad 0C       		.uleb128 0xc
 683 00ae 01       		.uleb128 0x1
 684 00af 01       		.byte	0x1
 685 00b0 49       		.uleb128 0x49
 686 00b1 13       		.uleb128 0x13
 687 00b2 01       		.uleb128 0x1
 688 00b3 13       		.uleb128 0x13
 689 00b4 00       		.byte	0
 690 00b5 00       		.byte	0
 691 00b6 0D       		.uleb128 0xd
 692 00b7 21       		.uleb128 0x21
ARM GAS  C:\Users\jespinoz\AppData\Local\Temp\ccwB9sJi.s 			page 17


 693 00b8 00       		.byte	0
 694 00b9 49       		.uleb128 0x49
 695 00ba 13       		.uleb128 0x13
 696 00bb 2F       		.uleb128 0x2f
 697 00bc 0B       		.uleb128 0xb
 698 00bd 00       		.byte	0
 699 00be 00       		.byte	0
 700 00bf 00       		.byte	0
 701              		.section	.debug_aranges,"",%progbits
 702 0000 24000000 		.4byte	0x24
 703 0004 0200     		.2byte	0x2
 704 0006 00000000 		.4byte	.Ldebug_info0
 705 000a 04       		.byte	0x4
 706 000b 00       		.byte	0
 707 000c 0000     		.2byte	0
 708 000e 0000     		.2byte	0
 709 0010 00000000 		.4byte	.LFB64
 710 0014 BC000000 		.4byte	.LFE64-.LFB64
 711 0018 00000000 		.4byte	.LFB65
 712 001c BC000000 		.4byte	.LFE65-.LFB65
 713 0020 00000000 		.4byte	0
 714 0024 00000000 		.4byte	0
 715              		.section	.debug_ranges,"",%progbits
 716              	.Ldebug_ranges0:
 717 0000 00000000 		.4byte	.LFB64
 718 0004 BC000000 		.4byte	.LFE64
 719 0008 00000000 		.4byte	.LFB65
 720 000c BC000000 		.4byte	.LFE65
 721 0010 00000000 		.4byte	0
 722 0014 00000000 		.4byte	0
 723              		.section	.debug_line,"",%progbits
 724              	.Ldebug_line0:
 725 0000 BD010000 		.section	.debug_str,"MS",%progbits,1
 725      02004C01 
 725      00000201 
 725      FB0E0D00 
 725      01010101 
 726              	.LASF24:
 727 0000 456D756C 		.ascii	"EmulatedData\000"
 727      61746564 
 727      44617461 
 727      00
 728              	.LASF26:
 729 000d 474E5520 		.ascii	"GNU C11 5.4.1 20160609 (release) [ARM/embedded-5-br"
 729      43313120 
 729      352E342E 
 729      31203230 
 729      31363036 
 730 0040 616E6368 		.ascii	"anch revision 237715] -mcpu=cortex-m3 -mthumb -g -O"
 730      20726576 
 730      6973696F 
 730      6E203233 
 730      37373135 
 731 0073 30202D66 		.ascii	"0 -ffunction-sections -ffat-lto-objects\000"
 731      66756E63 
 731      74696F6E 
 731      2D736563 
ARM GAS  C:\Users\jespinoz\AppData\Local\Temp\ccwB9sJi.s 			page 18


 731      74696F6E 
 732              	.LASF9:
 733 009b 5F5F696E 		.ascii	"__int32_t\000"
 733      7433325F 
 733      7400
 734              	.LASF19:
 735 00a5 4F757470 		.ascii	"Output\000"
 735      757400
 736              	.LASF20:
 737 00ac 436F6E74 		.ascii	"ContinuouslySendData\000"
 737      696E756F 
 737      75736C79 
 737      53656E64 
 737      44617461 
 738              	.LASF25:
 739 00c1 7472616E 		.ascii	"transmitionCounter\000"
 739      736D6974 
 739      696F6E43 
 739      6F756E74 
 739      657200
 740              	.LASF13:
 741 00d4 666C6F61 		.ascii	"float\000"
 741      7400
 742              	.LASF1:
 743 00da 756E7369 		.ascii	"unsigned char\000"
 743      676E6564 
 743      20636861 
 743      7200
 744              	.LASF5:
 745 00e8 6C6F6E67 		.ascii	"long unsigned int\000"
 745      20756E73 
 745      69676E65 
 745      6420696E 
 745      7400
 746              	.LASF3:
 747 00fa 73686F72 		.ascii	"short unsigned int\000"
 747      7420756E 
 747      7369676E 
 747      65642069 
 747      6E7400
 748              	.LASF18:
 749 010d 49544D5F 		.ascii	"ITM_RxBuffer\000"
 749      52784275 
 749      66666572 
 749      00
 750              	.LASF22:
 751 011a 53656E64 		.ascii	"SendEmulatedData\000"
 751      456D756C 
 751      61746564 
 751      44617461 
 751      00
 752              	.LASF14:
 753 012b 646F7562 		.ascii	"double\000"
 753      6C6500
 754              	.LASF30:
 755 0132 6D61696E 		.ascii	"main\000"
 755      00
ARM GAS  C:\Users\jespinoz\AppData\Local\Temp\ccwB9sJi.s 			page 19


 756              	.LASF12:
 757 0137 75696E74 		.ascii	"uint16\000"
 757      313600
 758              	.LASF8:
 759 013e 756E7369 		.ascii	"unsigned int\000"
 759      676E6564 
 759      20696E74 
 759      00
 760              	.LASF7:
 761 014b 6C6F6E67 		.ascii	"long long unsigned int\000"
 761      206C6F6E 
 761      6720756E 
 761      7369676E 
 761      65642069 
 762              	.LASF10:
 763 0162 696E7433 		.ascii	"int32_t\000"
 763      325F7400 
 764              	.LASF29:
 765 016a 5472616E 		.ascii	"Transmit\000"
 765      736D6974 
 765      00
 766              	.LASF17:
 767 0173 73697A65 		.ascii	"sizetype\000"
 767      74797065 
 767      00
 768              	.LASF6:
 769 017c 6C6F6E67 		.ascii	"long long int\000"
 769      206C6F6E 
 769      6720696E 
 769      7400
 770              	.LASF27:
 771 018a 6D61696E 		.ascii	"main.c\000"
 771      2E6300
 772              	.LASF15:
 773 0191 63686172 		.ascii	"char\000"
 773      00
 774              	.LASF2:
 775 0196 73686F72 		.ascii	"short int\000"
 775      7420696E 
 775      7400
 776              	.LASF28:
 777 01a0 433A5C55 		.ascii	"C:\\Users\\jespinoz\\Documents\\personales\\maestri"
 777      73657273 
 777      5C6A6573 
 777      70696E6F 
 777      7A5C446F 
 778 01ce 615C5441 		.ascii	"a\\TAPD\\proyecto1\\proyecto1\\CE95277 ADC and UART"
 778      50445C70 
 778      726F7965 
 778      63746F31 
 778      5C70726F 
 779 01fd 5C434539 		.ascii	"\\CE95277 ADC and UART.cydsn\000"
 779      35323737 
 779      20414443 
 779      20616E64 
 779      20554152 
 780              	.LASF11:
ARM GAS  C:\Users\jespinoz\AppData\Local\Temp\ccwB9sJi.s 			page 20


 781 0219 75696E74 		.ascii	"uint8\000"
 781      3800
 782              	.LASF4:
 783 021f 6C6F6E67 		.ascii	"long int\000"
 783      20696E74 
 783      00
 784              	.LASF16:
 785 0228 6C6F6E67 		.ascii	"long double\000"
 785      20646F75 
 785      626C6500 
 786              	.LASF0:
 787 0234 7369676E 		.ascii	"signed char\000"
 787      65642063 
 787      68617200 
 788              	.LASF23:
 789 0240 5472616E 		.ascii	"TransmitBuffer\000"
 789      736D6974 
 789      42756666 
 789      657200
 790              	.LASF21:
 791 024f 53656E64 		.ascii	"SendSingleByte\000"
 791      53696E67 
 791      6C654279 
 791      746500
 792              		.ident	"GCC: (GNU Tools for ARM Embedded Processors) 5.4.1 20160609 (release) [ARM/embedded-5-bran
